================================================
active_time: 2015-07-09 18:00:00
SCRIPT_NAME: /api/router.php
REQUEST_URI: /api/router.php?user_id=11444833&handle=getLines&class=User
REMOTE_ADDR: 127.0.0.1
HTTP_USER_AGENT: 
type: GET
url: http://10.251.11.169:80/api/user/11444833
status: 200
exectime: {"total_time":0.038679,"namelookup_time":3.8e-5,"connect_time":0.007441,"pretransfer_time":0.007493}
DEBUG trace: file:/home/disney/company/new-nsk/common/acc_api/ACC.php(238) Call:GetDebug
file:/home/disney/company/new-nsk/common/acc_api/ACC/User.php(419) Call:__callStatic
file:/home/disney/company/new-nsk/common/acc_api/ACC/User.php(419) Call:user__11444833
file:/home/disney/company/new-nsk/common/acc_api/ACC/User.php(444) Call:BufferSinglSeting
file:/home/disney/company/new-nsk/business_classes/User/UserManager.php(211) Call:GetSinglSeting
file:/home/disney/company/new-nsk/business_classes/User/UserManager.php(31) Call:getParentsIdById
file:/home/disney/company/new-nsk/api_controller/User.php(12) Call:instance
file:/home/disney/company/new-nsk/ClassLibrary/lib_php/model/Router/Router.php(91) Call:getLines
file:/home/disney/company/new-nsk/www/api/router.php(42) Call:execute
headers: ["Sensitive-Data: entrance=1&client_ip=127.0.0.1&run_php=%2Fhome%2Fdisney%2Fcompany%2Fnew-nsk%2Fwww%2Fapi%2Frouter.php+line+%3A42&vendor=rde","Host: sk.dev.d2"]
param: {"fields":{"id":"id","username":"username","alias":"alias","sub":"sub","enable":"enable","block":"block","size":"size","err_num":"err_num","created_at":"created_at","modified_at":"modified_at","password_expire_at":"password_expire_at","last_login":"last_login","currency":"currency","parent":"parent","all_parents":"all_parents"}}
POST data: ["\u900f\u904eAPI\u6240\u4ee5$_POST\u88ab\u79fb\u9664\u4e86,\u539f\u59cbPOST\u8cc7\u6599\u70baArray\n(\n)\n"]
out: {"ret":[{"id":11444833,"parent":11444832,"all_parents":[11444832,11444831,11444830,11444829,10000001,10000000],"alias":"\u8a79\u59c6\u58eb","created_at":"2014-11-04T14:59:48+0800","modified_at":"2015-07-03T12:04:44+0800","last_login":"2015-07-09T17:39:52+0800","currency":"CNY","password_expire_at":"2015-08-02T12:04:44+0800","username":"qq6699","enable":true,"block":false,"sub":false,"size":0,"err_num":0}],"result":"ok","profile":{"execution_time":14,"server_number":"92"}}
================================================
active_time: 2015-07-09 18:00:09
SCRIPT_NAME: /api/router.php
REQUEST_URI: /api/router.php?user_id=11444833&handle=getLines&class=User
REMOTE_ADDR: 127.0.0.1
HTTP_USER_AGENT: 
type: GET
url: http://10.251.11.169:80/api/user/11444829
status: 200
exectime: {"total_time":0.049666,"namelookup_time":2.3e-5,"connect_time":0.007244,"pretransfer_time":0.007288}
DEBUG trace: file:/home/disney/company/new-nsk/common/acc_api/ACC.php(238) Call:GetDebug
file:/home/disney/company/new-nsk/common/acc_api/ACC/User.php(419) Call:__callStatic
file:/home/disney/company/new-nsk/common/acc_api/ACC/User.php(419) Call:user__11444829
file:/home/disney/company/new-nsk/common/acc_api/ACC/User.php(444) Call:BufferSinglSeting
file:/home/disney/company/new-nsk/business_classes/User/UserManager.php(211) Call:GetSinglSeting
file:/home/disney/company/new-nsk/business_classes/User/UserManager.php(31) Call:getParentsIdById
file:/home/disney/company/new-nsk/business_classes/User/abstractUser.php(412) Call:instance
file:/home/disney/company/new-nsk/business_classes/User/UserMEM.php(44) Call:getLine
file:/home/disney/company/new-nsk/business_classes/User/UserPitaya.php(122) Call:getLine
file:/home/disney/company/new-nsk/api_controller/User.php(17) Call:getLine
file:/home/disney/company/new-nsk/ClassLibrary/lib_php/model/Router/Router.php(91) Call:getLines
file:/home/disney/company/new-nsk/www/api/router.php(42) Call:execute
headers: ["Sensitive-Data: entrance=1&client_ip=127.0.0.1&run_php=%2Fhome%2Fdisney%2Fcompany%2Fnew-nsk%2Fwww%2Fapi%2Frouter.php+line+%3A42&vendor=rde","Host: sk.dev.d2"]
param: {"fields":{"id":"id","username":"username","alias":"alias","sub":"sub","enable":"enable","block":"block","size":"size","err_num":"err_num","created_at":"created_at","modified_at":"modified_at","password_expire_at":"password_expire_at","last_login":"last_login","currency":"currency","parent":"parent","all_parents":"all_parents"}}
POST data: ["\u900f\u904eAPI\u6240\u4ee5$_POST\u88ab\u79fb\u9664\u4e86,\u539f\u59cbPOST\u8cc7\u6599\u70baArray\n(\n)\n"]
out: {"ret":[{"id":11444829,"parent":10000001,"all_parents":[10000001,10000000],"alias":"\u8a79\u59c6\u58eb","created_at":"2014-11-04T14:28:08+0800","modified_at":"2015-07-03T17:26:41+0800","last_login":"2015-07-06T09:18:08+0800","currency":"CNY","password_expire_at":"2015-08-02T15:31:25+0800","username":"ff6699","enable":true,"block":false,"sub":false,"size":4,"err_num":0}],"result":"ok","profile":{"execution_time":22,"server_number":"91"}}
================================================
active_time: 2015-07-09 18:00:09
SCRIPT_NAME: /api/router.php
REQUEST_URI: /api/router.php?user_id=11444833&handle=getLines&class=User
REMOTE_ADDR: 127.0.0.1
HTTP_USER_AGENT: 
type: GET
url: http://10.251.11.169:80/api/user/10000001
status: 200
exectime: {"total_time":0.037388,"namelookup_time":2.7e-5,"connect_time":0.00735,"pretransfer_time":0.007388}
DEBUG trace: file:/home/disney/company/new-nsk/common/acc_api/ACC.php(238) Call:GetDebug
file:/home/disney/company/new-nsk/common/acc_api/ACC/User.php(419) Call:__callStatic
file:/home/disney/company/new-nsk/common/acc_api/ACC/User.php(419) Call:user__10000001
file:/home/disney/company/new-nsk/common/acc_api/ACC/User.php(444) Call:BufferSinglSeting
file:/home/disney/company/new-nsk/business_classes/User/UserManager.php(211) Call:GetSinglSeting
file:/home/disney/company/new-nsk/business_classes/User/UserManager.php(31) Call:getParentsIdById
file:/home/disney/company/new-nsk/business_classes/User/abstractUser.php(270) Call:instance
file:/home/disney/company/new-nsk/business_classes/User/UserMEM.php(56) Call:isEnableGame
file:/home/disney/company/new-nsk/business_classes/User/UserPitaya.php(122) Call:getLine
file:/home/disney/company/new-nsk/api_controller/User.php(17) Call:getLine
file:/home/disney/company/new-nsk/ClassLibrary/lib_php/model/Router/Router.php(91) Call:getLines
file:/home/disney/company/new-nsk/www/api/router.php(42) Call:execute
headers: ["Sensitive-Data: entrance=1&client_ip=127.0.0.1&run_php=%2Fhome%2Fdisney%2Fcompany%2Fnew-nsk%2Fwww%2Fapi%2Frouter.php+line+%3A42&vendor=rde","Host: sk.dev.d2"]
param: {"fields":{"id":"id","username":"username","alias":"alias","sub":"sub","enable":"enable","block":"block","size":"size","err_num":"err_num","created_at":"created_at","modified_at":"modified_at","password_expire_at":"password_expire_at","last_login":"last_login","currency":"currency","parent":"parent","all_parents":"all_parents"}}
POST data: ["\u900f\u904eAPI\u6240\u4ee5$_POST\u88ab\u79fb\u9664\u4e86,\u539f\u59cbPOST\u8cc7\u6599\u70baArray\n(\n)\n"]
out: {"ret":[{"id":10000001,"parent":10000000,"all_parents":[10000000],"alias":"SK2\u5ef3\u4e3b","created_at":"2009-04-07T18:28:35+0800","modified_at":"2015-07-03T15:51:08+0800","last_login":"2015-07-03T15:50:36+0800","currency":"CNY","password_expire_at":"2015-08-02T15:51:08+0800","username":"esk2","enable":true,"block":false,"sub":false,"size":128,"err_num":0}],"result":"ok","profile":{"execution_time":15,"server_number":"92"}}
================================================
active_time: 2015-07-09 18:00:30
SCRIPT_NAME: /api/router.php
REQUEST_URI: /api/router.php?user_id=11444833&handle=getLines&class=User
REMOTE_ADDR: 127.0.0.1
HTTP_USER_AGENT: 
type: GET
url: http://10.251.11.169:80/api/user/11444833
status: 200
exectime: {"total_time":0.039852,"namelookup_time":4.9e-5,"connect_time":0.007855,"pretransfer_time":0.007954}
DEBUG trace: file:/home/disney/company/new-nsk/common/acc_api/ACC.php(238) Call:GetDebug
file:/home/disney/company/new-nsk/common/acc_api/ACC/User.php(419) Call:__callStatic
file:/home/disney/company/new-nsk/common/acc_api/ACC/User.php(419) Call:user__11444833
file:/home/disney/company/new-nsk/common/acc_api/ACC/User.php(444) Call:BufferSinglSeting
file:/home/disney/company/new-nsk/business_classes/User/UserManager.php(211) Call:GetSinglSeting
file:/home/disney/company/new-nsk/business_classes/User/UserManager.php(31) Call:getParentsIdById
file:/home/disney/company/new-nsk/api_controller/User.php(12) Call:instance
file:/home/disney/company/new-nsk/ClassLibrary/lib_php/model/Router/Router.php(91) Call:getLines
file:/home/disney/company/new-nsk/www/api/router.php(42) Call:execute
headers: ["Sensitive-Data: entrance=1&client_ip=127.0.0.1&run_php=%2Fhome%2Fdisney%2Fcompany%2Fnew-nsk%2Fwww%2Fapi%2Frouter.php+line+%3A42&vendor=rde","Host: sk.dev.d2"]
param: {"fields":{"id":"id","username":"username","alias":"alias","sub":"sub","enable":"enable","block":"block","size":"size","err_num":"err_num","created_at":"created_at","modified_at":"modified_at","password_expire_at":"password_expire_at","last_login":"last_login","currency":"currency","parent":"parent","all_parents":"all_parents"}}
POST data: ["\u900f\u904eAPI\u6240\u4ee5$_POST\u88ab\u79fb\u9664\u4e86,\u539f\u59cbPOST\u8cc7\u6599\u70baArray\n(\n)\n"]
out: {"ret":[{"id":11444833,"parent":11444832,"all_parents":[11444832,11444831,11444830,11444829,10000001,10000000],"alias":"\u8a79\u59c6\u58eb","created_at":"2014-11-04T14:59:48+0800","modified_at":"2015-07-03T12:04:44+0800","last_login":"2015-07-09T17:39:52+0800","currency":"CNY","password_expire_at":"2015-08-02T12:04:44+0800","username":"qq6699","enable":true,"block":false,"sub":false,"size":0,"err_num":0}],"result":"ok","profile":{"execution_time":16,"server_number":"92"}}
================================================
active_time: 2015-07-09 18:00:30
SCRIPT_NAME: /api/router.php
REQUEST_URI: /api/router.php?user_id=11444833&handle=getLines&class=User
REMOTE_ADDR: 127.0.0.1
HTTP_USER_AGENT: 
type: GET
url: http://10.251.11.169:80/api/user/11444829
status: 200
exectime: {"total_time":0.034917,"namelookup_time":6.2e-5,"connect_time":0.007601,"pretransfer_time":0.007672}
DEBUG trace: file:/home/disney/company/new-nsk/common/acc_api/ACC.php(238) Call:GetDebug
file:/home/disney/company/new-nsk/common/acc_api/ACC/User.php(419) Call:__callStatic
file:/home/disney/company/new-nsk/common/acc_api/ACC/User.php(419) Call:user__11444829
file:/home/disney/company/new-nsk/common/acc_api/ACC/User.php(444) Call:BufferSinglSeting
file:/home/disney/company/new-nsk/business_classes/User/UserManager.php(211) Call:GetSinglSeting
file:/home/disney/company/new-nsk/business_classes/User/UserManager.php(31) Call:getParentsIdById
file:/home/disney/company/new-nsk/business_classes/User/abstractUser.php(412) Call:instance
file:/home/disney/company/new-nsk/business_classes/User/UserMEM.php(44) Call:getLine
file:/home/disney/company/new-nsk/business_classes/User/UserPitaya.php(122) Call:getLine
file:/home/disney/company/new-nsk/api_controller/User.php(17) Call:getLine
file:/home/disney/company/new-nsk/ClassLibrary/lib_php/model/Router/Router.php(91) Call:getLines
file:/home/disney/company/new-nsk/www/api/router.php(42) Call:execute
headers: ["Sensitive-Data: entrance=1&client_ip=127.0.0.1&run_php=%2Fhome%2Fdisney%2Fcompany%2Fnew-nsk%2Fwww%2Fapi%2Frouter.php+line+%3A42&vendor=rde","Host: sk.dev.d2"]
param: {"fields":{"id":"id","username":"username","alias":"alias","sub":"sub","enable":"enable","block":"block","size":"size","err_num":"err_num","created_at":"created_at","modified_at":"modified_at","password_expire_at":"password_expire_at","last_login":"last_login","currency":"currency","parent":"parent","all_parents":"all_parents"}}
POST data: ["\u900f\u904eAPI\u6240\u4ee5$_POST\u88ab\u79fb\u9664\u4e86,\u539f\u59cbPOST\u8cc7\u6599\u70baArray\n(\n)\n"]
out: {"ret":[{"id":11444829,"parent":10000001,"all_parents":[10000001,10000000],"alias":"\u8a79\u59c6\u58eb","created_at":"2014-11-04T14:28:08+0800","modified_at":"2015-07-03T17:26:41+0800","last_login":"2015-07-06T09:18:08+0800","currency":"CNY","password_expire_at":"2015-08-02T15:31:25+0800","username":"ff6699","enable":true,"block":false,"sub":false,"size":4,"err_num":0}],"result":"ok","profile":{"execution_time":10,"server_number":"91"}}
================================================
active_time: 2015-07-09 18:11:00
SCRIPT_NAME: /api/router.php
REQUEST_URI: /api/router.php?user_id=11444833&handle=getLines&class=User
REMOTE_ADDR: 127.0.0.1
HTTP_USER_AGENT: 
type: GET
url: http://10.251.11.169:80/api/user/10000001
status: 200
exectime: {"total_time":0.032152,"namelookup_time":2.4e-5,"connect_time":0.007396,"pretransfer_time":0.007487}
DEBUG trace: file:/home/disney/company/new-nsk/common/acc_api/ACC.php(238) Call:GetDebug
file:/home/disney/company/new-nsk/common/acc_api/ACC/User.php(419) Call:__callStatic
file:/home/disney/company/new-nsk/common/acc_api/ACC/User.php(419) Call:user__10000001
file:/home/disney/company/new-nsk/common/acc_api/ACC/User.php(444) Call:BufferSinglSeting
file:/home/disney/company/new-nsk/business_classes/User/UserManager.php(211) Call:GetSinglSeting
file:/home/disney/company/new-nsk/business_classes/User/UserManager.php(31) Call:getParentsIdById
file:/home/disney/company/new-nsk/business_classes/User/abstractUser.php(270) Call:instance
file:/home/disney/company/new-nsk/business_classes/User/UserMEM.php(56) Call:isEnableGame
file:/home/disney/company/new-nsk/business_classes/User/UserPitaya.php(122) Call:getLine
file:/home/disney/company/new-nsk/api_controller/User.php(17) Call:getLine
file:/home/disney/company/new-nsk/ClassLibrary/lib_php/model/Router/Router.php(91) Call:getLines
file:/home/disney/company/new-nsk/www/api/router.php(42) Call:execute
headers: ["Sensitive-Data: entrance=1&client_ip=127.0.0.1&run_php=%2Fhome%2Fdisney%2Fcompany%2Fnew-nsk%2Fwww%2Fapi%2Frouter.php+line+%3A42&vendor=rde","Host: sk.dev.d2"]
param: {"fields":{"id":"id","username":"username","alias":"alias","sub":"sub","enable":"enable","block":"block","size":"size","err_num":"err_num","created_at":"created_at","modified_at":"modified_at","password_expire_at":"password_expire_at","last_login":"last_login","currency":"currency","parent":"parent","all_parents":"all_parents"}}
POST data: ["\u900f\u904eAPI\u6240\u4ee5$_POST\u88ab\u79fb\u9664\u4e86,\u539f\u59cbPOST\u8cc7\u6599\u70baArray\n(\n)\n"]
out: {"ret":[{"id":10000001,"parent":10000000,"all_parents":[10000000],"alias":"SK2\u5ef3\u4e3b","created_at":"2009-04-07T18:28:35+0800","modified_at":"2015-07-03T15:51:08+0800","last_login":"2015-07-03T15:50:36+0800","currency":"CNY","password_expire_at":"2015-08-02T15:51:08+0800","username":"esk2","enable":true,"block":false,"sub":false,"size":128,"err_num":0}],"result":"ok","profile":{"execution_time":10,"server_number":"92"}}
================================================
active_time: 2015-07-09 18:11:01
SCRIPT_NAME: /api/router.php
REQUEST_URI: /api/router.php?user_id=11444833&handle=getLines&class=User
REMOTE_ADDR: 127.0.0.1
HTTP_USER_AGENT: 
type: GET
url: http://10.251.11.169:80/api/user/10000001
status: 200
exectime: {"total_time":0.032152,"namelookup_time":2.4e-5,"connect_time":0.007396,"pretransfer_time":0.007487}
DEBUG trace: file:/home/disney/company/new-nsk/common/acc_api/ACC.php(238) Call:GetDebug
file:/home/disney/company/new-nsk/common/acc_api/ACC/User.php(419) Call:__callStatic
file:/home/disney/company/new-nsk/common/acc_api/ACC/User.php(419) Call:user__10000001
file:/home/disney/company/new-nsk/common/acc_api/ACC/User.php(444) Call:BufferSinglSeting
file:/home/disney/company/new-nsk/business_classes/User/UserManager.php(211) Call:GetSinglSeting
file:/home/disney/company/new-nsk/business_classes/User/UserManager.php(31) Call:getParentsIdById
file:/home/disney/company/new-nsk/business_classes/User/abstractUser.php(270) Call:instance
file:/home/disney/company/new-nsk/business_classes/User/UserMEM.php(56) Call:isEnableGame
file:/home/disney/company/new-nsk/business_classes/User/UserPitaya.php(122) Call:getLine
file:/home/disney/company/new-nsk/api_controller/User.php(17) Call:getLine
file:/home/disney/company/new-nsk/ClassLibrary/lib_php/model/Router/Router.php(91) Call:getLines
file:/home/disney/company/new-nsk/www/api/router.php(42) Call:execute
headers: ["Sensitive-Data: entrance=1&client_ip=127.0.0.1&run_php=%2Fhome%2Fdisney%2Fcompany%2Fnew-nsk%2Fwww%2Fapi%2Frouter.php+line+%3A42&vendor=rde","Host: sk.dev.d2"]
param: {"fields":{"id":"id","username":"username","alias":"alias","sub":"sub","enable":"enable","block":"block","size":"size","err_num":"err_num","created_at":"created_at","modified_at":"modified_at","password_expire_at":"password_expire_at","last_login":"last_login","currency":"currency","parent":"parent","all_parents":"all_parents"}}
POST data: ["\u900f\u904eAPI\u6240\u4ee5$_POST\u88ab\u79fb\u9664\u4e86,\u539f\u59cbPOST\u8cc7\u6599\u70baArray\n(\n)\n"]
out: {"ret":[{"id":10000001,"parent":10000000,"all_parents":[10000000],"alias":"SK2\u5ef3\u4e3b","created_at":"2009-04-07T18:28:35+0800","modified_at":"2015-07-03T15:51:08+0800","last_login":"2015-07-03T15:50:36+0800","currency":"CNY","password_expire_at":"2015-08-02T15:51:08+0800","username":"esk2","enable":true,"block":false,"sub":false,"size":128,"err_num":0}],"result":"ok","profile":{"execution_time":10,"server_number":"92"}}
================================================
active_time: 2015-07-09 18:13:00
SCRIPT_NAME: /api/router.php
REQUEST_URI: /api/router.php?user_id=11444833&handle=getLines&class=User
REMOTE_ADDR: 127.0.0.1
HTTP_USER_AGENT: 
type: GET
url: http://10.251.11.169:80/api/user/10000001
status: 200
exectime: {"total_time":0.032152,"namelookup_time":2.4e-5,"connect_time":0.007396,"pretransfer_time":0.007487}
DEBUG trace: file:/home/disney/company/new-nsk/common/acc_api/ACC.php(238) Call:GetDebug
file:/home/disney/company/new-nsk/common/acc_api/ACC/User.php(419) Call:__callStatic
file:/home/disney/company/new-nsk/common/acc_api/ACC/User.php(419) Call:user__10000001
file:/home/disney/company/new-nsk/common/acc_api/ACC/User.php(444) Call:BufferSinglSeting
file:/home/disney/company/new-nsk/business_classes/User/UserManager.php(211) Call:GetSinglSeting
file:/home/disney/company/new-nsk/business_classes/User/UserManager.php(31) Call:getParentsIdById
file:/home/disney/company/new-nsk/business_classes/User/abstractUser.php(270) Call:instance
file:/home/disney/company/new-nsk/business_classes/User/UserMEM.php(56) Call:isEnableGame
file:/home/disney/company/new-nsk/business_classes/User/UserPitaya.php(122) Call:getLine
file:/home/disney/company/new-nsk/api_controller/User.php(17) Call:getLine
file:/home/disney/company/new-nsk/ClassLibrary/lib_php/model/Router/Router.php(91) Call:getLines
file:/home/disney/company/new-nsk/www/api/router.php(42) Call:execute
headers: ["Sensitive-Data: entrance=1&client_ip=127.0.0.1&run_php=%2Fhome%2Fdisney%2Fcompany%2Fnew-nsk%2Fwww%2Fapi%2Frouter.php+line+%3A42&vendor=rde","Host: sk.dev.d2"]
param: {"fields":{"id":"id","username":"username","alias":"alias","sub":"sub","enable":"enable","block":"block","size":"size","err_num":"err_num","created_at":"created_at","modified_at":"modified_at","password_expire_at":"password_expire_at","last_login":"last_login","currency":"currency","parent":"parent","all_parents":"all_parents"}}
POST data: ["\u900f\u904eAPI\u6240\u4ee5$_POST\u88ab\u79fb\u9664\u4e86,\u539f\u59cbPOST\u8cc7\u6599\u70baArray\n(\n)\n"]
out: {"ret":[{"id":10000001,"parent":10000000,"all_parents":[10000000],"alias":"SK2\u5ef3\u4e3b","created_at":"2009-04-07T18:28:35+0800","modified_at":"2015-07-03T15:51:08+0800","last_login":"2015-07-03T15:50:36+0800","currency":"CNY","password_expire_at":"2015-08-02T15:51:08+0800","username":"esk2","enable":true,"block":false,"sub":false,"size":128,"err_num":0}],"result":"ok","profile":{"execution_time":10,"server_number":"92"}}
================================================
active_time: 2015-10-01 15:13:01
SCRIPT_NAME: /api/router.php
REQUEST_URI: /api/router.php?user_id=11444833&handle=getLines&class=User
REMOTE_ADDR: 127.0.0.1
HTTP_USER_AGENT: 
type: GET
url: http://10.251.11.169:80/api/user/10000001
status: 200
exectime: {"total_time":0.032152,"namelookup_time":2.4e-5,"connect_time":0.007396,"pretransfer_time":0.007487}
DEBUG trace: file:/home/disney/company/new-nsk/common/acc_api/ACC.php(238) Call:GetDebug
file:/home/disney/company/new-nsk/common/acc_api/ACC/User.php(419) Call:__callStatic
file:/home/disney/company/new-nsk/common/acc_api/ACC/User.php(419) Call:user__10000001
file:/home/disney/company/new-nsk/common/acc_api/ACC/User.php(444) Call:BufferSinglSeting
file:/home/disney/company/new-nsk/business_classes/User/UserManager.php(211) Call:GetSinglSeting
file:/home/disney/company/new-nsk/business_classes/User/UserManager.php(31) Call:getParentsIdById
file:/home/disney/company/new-nsk/business_classes/User/abstractUser.php(270) Call:instance
file:/home/disney/company/new-nsk/business_classes/User/UserMEM.php(56) Call:isEnableGame
file:/home/disney/company/new-nsk/business_classes/User/UserPitaya.php(122) Call:getLine
file:/home/disney/company/new-nsk/api_controller/User.php(17) Call:getLine
file:/home/disney/company/new-nsk/ClassLibrary/lib_php/model/Router/Router.php(91) Call:getLines
file:/home/disney/company/new-nsk/www/api/router.php(42) Call:execute
headers: ["Sensitive-Data: entrance=1&client_ip=127.0.0.1&run_php=%2Fhome%2Fdisney%2Fcompany%2Fnew-nsk%2Fwww%2Fapi%2Frouter.php+line+%3A42&vendor=rde","Host: sk.dev.d2"]
param: {"fields":{"id":"id","username":"username","alias":"alias","sub":"sub","enable":"enable","block":"block","size":"size","err_num":"err_num","created_at":"created_at","modified_at":"modified_at","password_expire_at":"password_expire_at","last_login":"last_login","currency":"currency","parent":"parent","all_parents":"all_parents"}}
POST data: ["\u900f\u904eAPI\u6240\u4ee5$_POST\u88ab\u79fb\u9664\u4e86,\u539f\u59cbPOST\u8cc7\u6599\u70baArray\n(\n)\n"]
out: {"ret":[{"id":10000001,"parent":10000000,"all_parents":[10000000],"alias":"SK2\u5ef3\u4e3b","created_at":"2009-04-07T18:28:35+0800","modified_at":"2015-07-03T15:51:08+0800","last_login":"2015-07-03T15:50:36+0800","currency":"CNY","password_expire_at":"2015-08-02T15:51:08+0800","username":"esk2","enable":true,"block":false,"sub":false,"size":128,"err_num":0}],"result":"ok","profile":{"execution_time":10,"server_number":"92"}}
================================================
active_time: 2015-10-01 15:14:01
SCRIPT_NAME: /api/router.php
REQUEST_URI: /api/router.php?user_id=11444833&handle=getLines&class=User
REMOTE_ADDR: 127.0.0.1
HTTP_USER_AGENT: 
type: GET
url: http://10.251.11.169:80/api/user/10000001
status: 200
exectime: {"total_time":0.032152,"namelookup_time":2.4e-5,"connect_time":0.007396,"pretransfer_time":0.007487}
DEBUG trace: file:/home/disney/company/new-nsk/common/acc_api/ACC.php(238) Call:GetDebug
file:/home/disney/company/new-nsk/common/acc_api/ACC/User.php(419) Call:__callStatic
file:/home/disney/company/new-nsk/common/acc_api/ACC/User.php(419) Call:user__10000001
file:/home/disney/company/new-nsk/common/acc_api/ACC/User.php(444) Call:BufferSinglSeting
file:/home/disney/company/new-nsk/business_classes/User/UserManager.php(211) Call:GetSinglSeting
file:/home/disney/company/new-nsk/business_classes/User/UserManager.php(31) Call:getParentsIdById
file:/home/disney/company/new-nsk/business_classes/User/abstractUser.php(270) Call:instance
file:/home/disney/company/new-nsk/business_classes/User/UserMEM.php(56) Call:isEnableGame
file:/home/disney/company/new-nsk/business_classes/User/UserPitaya.php(122) Call:getLine
file:/home/disney/company/new-nsk/api_controller/User.php(17) Call:getLine
file:/home/disney/company/new-nsk/ClassLibrary/lib_php/model/Router/Router.php(91) Call:getLines
file:/home/disney/company/new-nsk/www/api/router.php(42) Call:execute
headers: ["Sensitive-Data: entrance=1&client_ip=127.0.0.1&run_php=%2Fhome%2Fdisney%2Fcompany%2Fnew-nsk%2Fwww%2Fapi%2Frouter.php+line+%3A42&vendor=rde","Host: sk.dev.d2"]
param: {"fields":{"id":"id","username":"username","alias":"alias","sub":"sub","enable":"enable","block":"block","size":"size","err_num":"err_num","created_at":"created_at","modified_at":"modified_at","password_expire_at":"password_expire_at","last_login":"last_login","currency":"currency","parent":"parent","all_parents":"all_parents"}}
POST data: ["\u900f\u904eAPI\u6240\u4ee5$_POST\u88ab\u79fb\u9664\u4e86,\u539f\u59cbPOST\u8cc7\u6599\u70baArray\n(\n)\n"]
out: {"ret":[{"id":10000001,"parent":10000000,"all_parents":[10000000],"alias":"SK2\u5ef3\u4e3b","created_at":"2009-04-07T18:28:35+0800","modified_at":"2015-07-03T15:51:08+0800","last_login":"2015-07-03T15:50:36+0800","currency":"CNY","password_expire_at":"2015-08-02T15:51:08+0800","username":"esk2","enable":true,"block":false,"sub":false,"size":128,"err_num":0}],"result":"ok","profile":{"execution_time":10,"server_number":"92"}}
