================================================
active_time: 2015-07-22 17:00:03
SCRIPT_NAME: /member/longdragon_ajax.php
REQUEST_URI: /member/longdragon_ajax.php?lang=gb&game=JXSC&tab=opposite&type=win&getmore=false
REMOTE_ADDR: 127.0.0.1
HTTP_USER_AGENT: Mozilla/5.0 (X11; Linux x86_64) AppleWebKit/537.36 (KHTML, like Gecko) Chrome/44.0.2403.89 Safari/537.36
type: GET
url: http://10.251.11.169:80/api/session/593430211a60615591adadafc4835cb923b2c6cf
status: 200
exectime: {"total_time":0.018398,"namelookup_time":2.7e-5,"connect_time":0.00747,"pretransfer_time":0.007612}
DEBUG trace: file:/home/disney/company/new-nsk/common/acc_api/ACC.php(238) Call:GetDebug
file:/home/disney/company/new-nsk/common/acc_api/ACC/Session.php(78) Call:__callStatic
file:/home/disney/company/new-nsk/common/acc_api/ACC/Session.php(78) Call:session__593430211a60615591adadafc4835cb923b2c6cf
file:/home/disney/company/new-nsk/business_classes/Auth.php(60) Call:get
file:/home/disney/company/new-nsk/business_classes/Auth.php(88) Call:get_session
file:/home/disney/company/new-nsk/www/lib/login_mem.php(482) Call:check
file:/home/disney/company/new-nsk/www/member/longdragon_ajax.php(2) Call:include
headers: ["Sensitive-Data: entrance=3&operator=qq6699&client_ip=127.0.0.1&run_php=%2Fhome%2Fdisney%2Fcompany%2Fnew-nsk%2Fwww%2Fmember%2Flongdragon_ajax.php+line+%3A2&operator_id=11444833&vendor=rde","Host: sk.dev.d2"]
param: []
POST data: []
out: {"result":"ok","ret":{"session":{"id":"593430211a60615591adadafc4835cb923b2c6cf","created_at":"2015-07-22T15:20:41+0800","modified_at":""},"user":{"id":"11444833","username":"qq6699","domain":"10000001","alias":"詹姆士","sub":"","enable":"1","block":"","bankrupt":"","test":"","hidden_test":"","size":"0","currency":"CNY","created_at":"2014-11-04T14:59:48+0800","modified_at":"2015-07-03T12:04:44+0800","last_login":"2015-07-22T15:20:41+0800","last_bank":"","role":"1","all_parents":["11444832","11444831","11444830","11444829","10000001","10000000"]}}}
================================================
active_time: 2015-07-22 17:00:11
SCRIPT_NAME: /api/router.php
REQUEST_URI: /api/router.php?user_id=11444833&handle=getLines&class=User
REMOTE_ADDR: 127.0.0.1
HTTP_USER_AGENT: 
type: GET
url: http://10.251.11.169:80/api/user/11444833
status: 200
exectime: {"total_time":0.304011,"namelookup_time":8.3e-5,"connect_time":0.008269,"pretransfer_time":0.008406}
DEBUG trace: file:/home/disney/company/new-nsk/common/acc_api/ACC.php(238) Call:GetDebug
file:/home/disney/company/new-nsk/common/acc_api/ACC/User.php(419) Call:__callStatic
file:/home/disney/company/new-nsk/common/acc_api/ACC/User.php(419) Call:user__11444833
file:/home/disney/company/new-nsk/common/acc_api/ACC/User.php(444) Call:BufferSinglSeting
file:/home/disney/company/new-nsk/business_classes/User/UserManager.php(211) Call:GetSinglSeting
file:/home/disney/company/new-nsk/business_classes/User/UserManager.php(31) Call:getParentsIdById
file:/home/disney/company/new-nsk/api_controller/User.php(12) Call:instance
file:/home/disney/company/new-nsk/ClassLibrary/lib_php/model/Router/Router.php(91) Call:getLines
file:/home/disney/company/new-nsk/www/api/router.php(42) Call:execute
headers: ["Sensitive-Data: entrance=1&client_ip=127.0.0.1&run_php=%2Fhome%2Fdisney%2Fcompany%2Fnew-nsk%2Fwww%2Fapi%2Frouter.php+line+%3A42&vendor=rde","Host: sk.dev.d2"]
param: {"fields":{"id":"id","username":"username","alias":"alias","sub":"sub","enable":"enable","block":"block","size":"size","err_num":"err_num","created_at":"created_at","modified_at":"modified_at","password_expire_at":"password_expire_at","last_login":"last_login","currency":"currency","parent":"parent","all_parents":"all_parents"}}
POST data: ["\u900f\u904eAPI\u6240\u4ee5$_POST\u88ab\u79fb\u9664\u4e86,\u539f\u59cbPOST\u8cc7\u6599\u70baArray\n(\n)\n"]
out: {"ret":[{"id":11444833,"parent":11444832,"all_parents":[11444832,11444831,11444830,11444829,10000001,10000000],"alias":"\u8a79\u59c6\u58eb","created_at":"2014-11-04T14:59:48+0800","modified_at":"2015-07-03T12:04:44+0800","last_login":"2015-07-22T15:20:41+0800","currency":"CNY","password_expire_at":"2015-08-02T12:04:44+0800","username":"qq6699","enable":true,"block":false,"sub":false,"size":0,"err_num":0}],"result":"ok","profile":{"execution_time":266,"server_number":"135"}}
================================================
active_time: 2015-07-22 17:00:13
SCRIPT_NAME: /api/router.php
REQUEST_URI: /api/router.php?user_id=11444833&handle=getLines&class=User
REMOTE_ADDR: 127.0.0.1
HTTP_USER_AGENT: 
type: GET
url: http://10.251.11.169:80/api/user/11444829
status: 200
exectime: {"total_time":0.04197,"namelookup_time":8.6e-5,"connect_time":0.007823,"pretransfer_time":0.007903}
DEBUG trace: file:/home/disney/company/new-nsk/common/acc_api/ACC.php(238) Call:GetDebug
file:/home/disney/company/new-nsk/common/acc_api/ACC/User.php(419) Call:__callStatic
file:/home/disney/company/new-nsk/common/acc_api/ACC/User.php(419) Call:user__11444829
file:/home/disney/company/new-nsk/common/acc_api/ACC/User.php(444) Call:BufferSinglSeting
file:/home/disney/company/new-nsk/business_classes/User/UserManager.php(211) Call:GetSinglSeting
file:/home/disney/company/new-nsk/business_classes/User/UserManager.php(31) Call:getParentsIdById
file:/home/disney/company/new-nsk/business_classes/User/abstractUser.php(412) Call:instance
file:/home/disney/company/new-nsk/business_classes/User/UserMEM.php(44) Call:getLine
file:/home/disney/company/new-nsk/business_classes/User/UserPitaya.php(122) Call:getLine
file:/home/disney/company/new-nsk/api_controller/User.php(17) Call:getLine
file:/home/disney/company/new-nsk/ClassLibrary/lib_php/model/Router/Router.php(91) Call:getLines
file:/home/disney/company/new-nsk/www/api/router.php(42) Call:execute
headers: ["Sensitive-Data: entrance=1&client_ip=127.0.0.1&run_php=%2Fhome%2Fdisney%2Fcompany%2Fnew-nsk%2Fwww%2Fapi%2Frouter.php+line+%3A42&vendor=rde","Host: sk.dev.d2"]
param: {"fields":{"id":"id","username":"username","alias":"alias","sub":"sub","enable":"enable","block":"block","size":"size","err_num":"err_num","created_at":"created_at","modified_at":"modified_at","password_expire_at":"password_expire_at","last_login":"last_login","currency":"currency","parent":"parent","all_parents":"all_parents"}}
POST data: ["\u900f\u904eAPI\u6240\u4ee5$_POST\u88ab\u79fb\u9664\u4e86,\u539f\u59cbPOST\u8cc7\u6599\u70baArray\n(\n)\n"]
out: {"ret":[{"id":11444829,"parent":10000001,"all_parents":[10000001,10000000],"alias":"\u8a79\u59c6\u58eb","created_at":"2014-11-04T14:28:08+0800","modified_at":"2015-07-22T14:30:14+0800","last_login":"2015-07-22T14:31:11+0800","currency":"CNY","password_expire_at":"2015-08-21T14:30:14+0800","username":"ff6699","enable":true,"block":false,"sub":false,"size":4,"err_num":0}],"result":"ok","profile":{"execution_time":15,"server_number":"135"}}
================================================
active_time: 2015-07-22 17:00:13
SCRIPT_NAME: /api/router.php
REQUEST_URI: /api/router.php?user_id=11444833&handle=getLines&class=User
REMOTE_ADDR: 127.0.0.1
HTTP_USER_AGENT: 
type: GET
url: http://10.251.11.169:80/api/user/10000001
status: 200
exectime: {"total_time":0.047948,"namelookup_time":9.5e-5,"connect_time":0.008262,"pretransfer_time":0.008399}
DEBUG trace: file:/home/disney/company/new-nsk/common/acc_api/ACC.php(238) Call:GetDebug
file:/home/disney/company/new-nsk/common/acc_api/ACC/User.php(419) Call:__callStatic
file:/home/disney/company/new-nsk/common/acc_api/ACC/User.php(419) Call:user__10000001
file:/home/disney/company/new-nsk/common/acc_api/ACC/User.php(444) Call:BufferSinglSeting
file:/home/disney/company/new-nsk/business_classes/User/UserManager.php(211) Call:GetSinglSeting
file:/home/disney/company/new-nsk/business_classes/User/UserManager.php(31) Call:getParentsIdById
file:/home/disney/company/new-nsk/business_classes/User/abstractUser.php(270) Call:instance
file:/home/disney/company/new-nsk/business_classes/User/UserMEM.php(56) Call:isEnableGame
file:/home/disney/company/new-nsk/business_classes/User/UserPitaya.php(122) Call:getLine
file:/home/disney/company/new-nsk/api_controller/User.php(17) Call:getLine
file:/home/disney/company/new-nsk/ClassLibrary/lib_php/model/Router/Router.php(91) Call:getLines
file:/home/disney/company/new-nsk/www/api/router.php(42) Call:execute
headers: ["Sensitive-Data: entrance=1&client_ip=127.0.0.1&run_php=%2Fhome%2Fdisney%2Fcompany%2Fnew-nsk%2Fwww%2Fapi%2Frouter.php+line+%3A42&vendor=rde","Host: sk.dev.d2"]
param: {"fields":{"id":"id","username":"username","alias":"alias","sub":"sub","enable":"enable","block":"block","size":"size","err_num":"err_num","created_at":"created_at","modified_at":"modified_at","password_expire_at":"password_expire_at","last_login":"last_login","currency":"currency","parent":"parent","all_parents":"all_parents"}}
POST data: ["\u900f\u904eAPI\u6240\u4ee5$_POST\u88ab\u79fb\u9664\u4e86,\u539f\u59cbPOST\u8cc7\u6599\u70baArray\n(\n)\n"]
out: {"ret":[{"id":10000001,"parent":10000000,"all_parents":[10000000],"alias":"SK2\u5ef3\u4e3b","created_at":"2009-04-07T18:28:35+0800","modified_at":"2015-07-03T15:51:08+0800","last_login":"2015-07-03T15:50:36+0800","currency":"CNY","password_expire_at":"2015-08-02T15:51:08+0800","username":"esk2","enable":true,"block":false,"sub":false,"size":128,"err_num":1}],"result":"ok","profile":{"execution_time":25,"server_number":"135"}}
================================================
active_time: 2015-07-22 17:00:29
SCRIPT_NAME: /api/router.php
REQUEST_URI: /api/router.php?user_id=11444833&handle=getLines&class=User
REMOTE_ADDR: 127.0.0.1
HTTP_USER_AGENT: 
type: GET
url: http://10.251.11.169:80/api/user/11444833
status: 200
exectime: {"total_time":0.034358,"namelookup_time":2.4e-5,"connect_time":0.007382,"pretransfer_time":0.007444}
DEBUG trace: file:/home/disney/company/new-nsk/common/acc_api/ACC.php(238) Call:GetDebug
file:/home/disney/company/new-nsk/common/acc_api/ACC/User.php(419) Call:__callStatic
file:/home/disney/company/new-nsk/common/acc_api/ACC/User.php(419) Call:user__11444833
file:/home/disney/company/new-nsk/common/acc_api/ACC/User.php(444) Call:BufferSinglSeting
file:/home/disney/company/new-nsk/business_classes/User/UserManager.php(211) Call:GetSinglSeting
file:/home/disney/company/new-nsk/business_classes/User/UserManager.php(31) Call:getParentsIdById
file:/home/disney/company/new-nsk/api_controller/User.php(12) Call:instance
file:/home/disney/company/new-nsk/ClassLibrary/lib_php/model/Router/Router.php(91) Call:getLines
file:/home/disney/company/new-nsk/www/api/router.php(42) Call:execute
headers: ["Sensitive-Data: entrance=1&client_ip=127.0.0.1&run_php=%2Fhome%2Fdisney%2Fcompany%2Fnew-nsk%2Fwww%2Fapi%2Frouter.php+line+%3A42&vendor=rde","Host: sk.dev.d2"]
param: {"fields":{"id":"id","username":"username","alias":"alias","sub":"sub","enable":"enable","block":"block","size":"size","err_num":"err_num","created_at":"created_at","modified_at":"modified_at","password_expire_at":"password_expire_at","last_login":"last_login","currency":"currency","parent":"parent","all_parents":"all_parents"}}
POST data: ["\u900f\u904eAPI\u6240\u4ee5$_POST\u88ab\u79fb\u9664\u4e86,\u539f\u59cbPOST\u8cc7\u6599\u70baArray\n(\n)\n"]
out: {"ret":[{"id":11444833,"parent":11444832,"all_parents":[11444832,11444831,11444830,11444829,10000001,10000000],"alias":"\u8a79\u59c6\u58eb","created_at":"2014-11-04T14:59:48+0800","modified_at":"2015-07-03T12:04:44+0800","last_login":"2015-07-22T15:20:41+0800","currency":"CNY","password_expire_at":"2015-08-02T12:04:44+0800","username":"qq6699","enable":true,"block":false,"sub":false,"size":0,"err_num":0}],"result":"ok","profile":{"execution_time":12,"server_number":"135"}}
================================================
active_time: 2015-07-22 17:00:29
SCRIPT_NAME: /api/router.php
REQUEST_URI: /api/router.php?user_id=11444833&handle=getLines&class=User
REMOTE_ADDR: 127.0.0.1
HTTP_USER_AGENT: 
type: GET
url: http://10.251.11.169:80/api/user/11444829
status: 200
exectime: {"total_time":0.032819,"namelookup_time":2.7e-5,"connect_time":0.007153,"pretransfer_time":0.007197}
DEBUG trace: file:/home/disney/company/new-nsk/common/acc_api/ACC.php(238) Call:GetDebug
file:/home/disney/company/new-nsk/common/acc_api/ACC/User.php(419) Call:__callStatic
file:/home/disney/company/new-nsk/common/acc_api/ACC/User.php(419) Call:user__11444829
file:/home/disney/company/new-nsk/common/acc_api/ACC/User.php(444) Call:BufferSinglSeting
file:/home/disney/company/new-nsk/business_classes/User/UserManager.php(211) Call:GetSinglSeting
file:/home/disney/company/new-nsk/business_classes/User/UserManager.php(31) Call:getParentsIdById
file:/home/disney/company/new-nsk/business_classes/User/abstractUser.php(412) Call:instance
file:/home/disney/company/new-nsk/business_classes/User/UserMEM.php(44) Call:getLine
file:/home/disney/company/new-nsk/business_classes/User/UserPitaya.php(122) Call:getLine
file:/home/disney/company/new-nsk/api_controller/User.php(17) Call:getLine
file:/home/disney/company/new-nsk/ClassLibrary/lib_php/model/Router/Router.php(91) Call:getLines
file:/home/disney/company/new-nsk/www/api/router.php(42) Call:execute
headers: ["Sensitive-Data: entrance=1&client_ip=127.0.0.1&run_php=%2Fhome%2Fdisney%2Fcompany%2Fnew-nsk%2Fwww%2Fapi%2Frouter.php+line+%3A42&vendor=rde","Host: sk.dev.d2"]
param: {"fields":{"id":"id","username":"username","alias":"alias","sub":"sub","enable":"enable","block":"block","size":"size","err_num":"err_num","created_at":"created_at","modified_at":"modified_at","password_expire_at":"password_expire_at","last_login":"last_login","currency":"currency","parent":"parent","all_parents":"all_parents"}}
POST data: ["\u900f\u904eAPI\u6240\u4ee5$_POST\u88ab\u79fb\u9664\u4e86,\u539f\u59cbPOST\u8cc7\u6599\u70baArray\n(\n)\n"]
out: {"ret":[{"id":11444829,"parent":10000001,"all_parents":[10000001,10000000],"alias":"\u8a79\u59c6\u58eb","created_at":"2014-11-04T14:28:08+0800","modified_at":"2015-07-22T14:30:14+0800","last_login":"2015-07-22T14:31:11+0800","currency":"CNY","password_expire_at":"2015-08-21T14:30:14+0800","username":"ff6699","enable":true,"block":false,"sub":false,"size":4,"err_num":0}],"result":"ok","profile":{"execution_time":11,"server_number":"135"}}
================================================
active_time: 2015-07-22 17:00:29
SCRIPT_NAME: /api/router.php
REQUEST_URI: /api/router.php?user_id=11444833&handle=getLines&class=User
REMOTE_ADDR: 127.0.0.1
HTTP_USER_AGENT: 
type: GET
url: http://10.251.11.169:80/api/user/10000001
status: 200
exectime: {"total_time":0.031386,"namelookup_time":2.0e-5,"connect_time":0.007151,"pretransfer_time":0.007212}
DEBUG trace: file:/home/disney/company/new-nsk/common/acc_api/ACC.php(238) Call:GetDebug
file:/home/disney/company/new-nsk/common/acc_api/ACC/User.php(419) Call:__callStatic
file:/home/disney/company/new-nsk/common/acc_api/ACC/User.php(419) Call:user__10000001
file:/home/disney/company/new-nsk/common/acc_api/ACC/User.php(444) Call:BufferSinglSeting
file:/home/disney/company/new-nsk/business_classes/User/UserManager.php(211) Call:GetSinglSeting
file:/home/disney/company/new-nsk/business_classes/User/UserManager.php(31) Call:getParentsIdById
file:/home/disney/company/new-nsk/business_classes/User/abstractUser.php(270) Call:instance
file:/home/disney/company/new-nsk/business_classes/User/UserMEM.php(56) Call:isEnableGame
file:/home/disney/company/new-nsk/business_classes/User/UserPitaya.php(122) Call:getLine
file:/home/disney/company/new-nsk/api_controller/User.php(17) Call:getLine
file:/home/disney/company/new-nsk/ClassLibrary/lib_php/model/Router/Router.php(91) Call:getLines
file:/home/disney/company/new-nsk/www/api/router.php(42) Call:execute
headers: ["Sensitive-Data: entrance=1&client_ip=127.0.0.1&run_php=%2Fhome%2Fdisney%2Fcompany%2Fnew-nsk%2Fwww%2Fapi%2Frouter.php+line+%3A42&vendor=rde","Host: sk.dev.d2"]
param: {"fields":{"id":"id","username":"username","alias":"alias","sub":"sub","enable":"enable","block":"block","size":"size","err_num":"err_num","created_at":"created_at","modified_at":"modified_at","password_expire_at":"password_expire_at","last_login":"last_login","currency":"currency","parent":"parent","all_parents":"all_parents"}}
POST data: ["\u900f\u904eAPI\u6240\u4ee5$_POST\u88ab\u79fb\u9664\u4e86,\u539f\u59cbPOST\u8cc7\u6599\u70baArray\n(\n)\n"]
out: {"ret":[{"id":10000001,"parent":10000000,"all_parents":[10000000],"alias":"SK2\u5ef3\u4e3b","created_at":"2009-04-07T18:28:35+0800","modified_at":"2015-07-03T15:51:08+0800","last_login":"2015-07-03T15:50:36+0800","currency":"CNY","password_expire_at":"2015-08-02T15:51:08+0800","username":"esk2","enable":true,"block":false,"sub":false,"size":128,"err_num":1}],"result":"ok","profile":{"execution_time":10,"server_number":"135"}}
================================================
active_time: 2015-07-22 17:00:45
SCRIPT_NAME: /api/router.php
REQUEST_URI: /api/router.php?user_id=11444833&handle=getLines&class=User
REMOTE_ADDR: 127.0.0.1
HTTP_USER_AGENT: 
type: GET
url: http://10.251.11.169:80/api/user/11444833
status: 200
exectime: {"total_time":0.041485,"namelookup_time":1.9e-5,"connect_time":0.007298,"pretransfer_time":0.007326}
DEBUG trace: file:/home/disney/company/new-nsk/common/acc_api/ACC.php(238) Call:GetDebug
file:/home/disney/company/new-nsk/common/acc_api/ACC/User.php(419) Call:__callStatic
file:/home/disney/company/new-nsk/common/acc_api/ACC/User.php(419) Call:user__11444833
file:/home/disney/company/new-nsk/common/acc_api/ACC/User.php(444) Call:BufferSinglSeting
file:/home/disney/company/new-nsk/business_classes/User/UserManager.php(211) Call:GetSinglSeting
file:/home/disney/company/new-nsk/business_classes/User/UserManager.php(31) Call:getParentsIdById
file:/home/disney/company/new-nsk/api_controller/User.php(12) Call:instance
file:/home/disney/company/new-nsk/ClassLibrary/lib_php/model/Router/Router.php(91) Call:getLines
file:/home/disney/company/new-nsk/www/api/router.php(42) Call:execute
headers: ["Sensitive-Data: entrance=1&client_ip=127.0.0.1&run_php=%2Fhome%2Fdisney%2Fcompany%2Fnew-nsk%2Fwww%2Fapi%2Frouter.php+line+%3A42&vendor=rde","Host: sk.dev.d2"]
param: {"fields":{"id":"id","username":"username","alias":"alias","sub":"sub","enable":"enable","block":"block","size":"size","err_num":"err_num","created_at":"created_at","modified_at":"modified_at","password_expire_at":"password_expire_at","last_login":"last_login","currency":"currency","parent":"parent","all_parents":"all_parents"}}
POST data: ["\u900f\u904eAPI\u6240\u4ee5$_POST\u88ab\u79fb\u9664\u4e86,\u539f\u59cbPOST\u8cc7\u6599\u70baArray\n(\n)\n"]
out: {"ret":[{"id":11444833,"parent":11444832,"all_parents":[11444832,11444831,11444830,11444829,10000001,10000000],"alias":"\u8a79\u59c6\u58eb","created_at":"2014-11-04T14:59:48+0800","modified_at":"2015-07-03T12:04:44+0800","last_login":"2015-07-22T15:20:41+0800","currency":"CNY","password_expire_at":"2015-08-02T12:04:44+0800","username":"qq6699","enable":true,"block":false,"sub":false,"size":0,"err_num":0}],"result":"ok","profile":{"execution_time":17,"server_number":"135"}}
================================================
active_time: 2015-07-22 17:00:45
SCRIPT_NAME: /api/router.php
REQUEST_URI: /api/router.php?user_id=11444833&handle=getLines&class=User
REMOTE_ADDR: 127.0.0.1
HTTP_USER_AGENT: 
type: GET
url: http://10.251.11.169:80/api/user/11444829
status: 200
exectime: {"total_time":0.03155,"namelookup_time":1.8e-5,"connect_time":0.007241,"pretransfer_time":0.007283}
DEBUG trace: file:/home/disney/company/new-nsk/common/acc_api/ACC.php(238) Call:GetDebug
file:/home/disney/company/new-nsk/common/acc_api/ACC/User.php(419) Call:__callStatic
file:/home/disney/company/new-nsk/common/acc_api/ACC/User.php(419) Call:user__11444829
file:/home/disney/company/new-nsk/common/acc_api/ACC/User.php(444) Call:BufferSinglSeting
file:/home/disney/company/new-nsk/business_classes/User/UserManager.php(211) Call:GetSinglSeting
file:/home/disney/company/new-nsk/business_classes/User/UserManager.php(31) Call:getParentsIdById
file:/home/disney/company/new-nsk/business_classes/User/abstractUser.php(412) Call:instance
file:/home/disney/company/new-nsk/business_classes/User/UserMEM.php(44) Call:getLine
file:/home/disney/company/new-nsk/business_classes/User/UserPitaya.php(122) Call:getLine
file:/home/disney/company/new-nsk/api_controller/User.php(17) Call:getLine
file:/home/disney/company/new-nsk/ClassLibrary/lib_php/model/Router/Router.php(91) Call:getLines
file:/home/disney/company/new-nsk/www/api/router.php(42) Call:execute
headers: ["Sensitive-Data: entrance=1&client_ip=127.0.0.1&run_php=%2Fhome%2Fdisney%2Fcompany%2Fnew-nsk%2Fwww%2Fapi%2Frouter.php+line+%3A42&vendor=rde","Host: sk.dev.d2"]
param: {"fields":{"id":"id","username":"username","alias":"alias","sub":"sub","enable":"enable","block":"block","size":"size","err_num":"err_num","created_at":"created_at","modified_at":"modified_at","password_expire_at":"password_expire_at","last_login":"last_login","currency":"currency","parent":"parent","all_parents":"all_parents"}}
POST data: ["\u900f\u904eAPI\u6240\u4ee5$_POST\u88ab\u79fb\u9664\u4e86,\u539f\u59cbPOST\u8cc7\u6599\u70baArray\n(\n)\n"]
out: {"ret":[{"id":11444829,"parent":10000001,"all_parents":[10000001,10000000],"alias":"\u8a79\u59c6\u58eb","created_at":"2014-11-04T14:28:08+0800","modified_at":"2015-07-22T14:30:14+0800","last_login":"2015-07-22T14:31:11+0800","currency":"CNY","password_expire_at":"2015-08-21T14:30:14+0800","username":"ff6699","enable":true,"block":false,"sub":false,"size":4,"err_num":0}],"result":"ok","profile":{"execution_time":10,"server_number":"135"}}
================================================
active_time: 2015-07-22 17:00:45
SCRIPT_NAME: /api/router.php
REQUEST_URI: /api/router.php?user_id=11444833&handle=getLines&class=User
REMOTE_ADDR: 127.0.0.1
HTTP_USER_AGENT: 
type: GET
url: http://10.251.11.169:80/api/user/10000001
status: 200
exectime: {"total_time":0.032936,"namelookup_time":1.4e-5,"connect_time":0.007051,"pretransfer_time":0.007095}
DEBUG trace: file:/home/disney/company/new-nsk/common/acc_api/ACC.php(238) Call:GetDebug
file:/home/disney/company/new-nsk/common/acc_api/ACC/User.php(419) Call:__callStatic
file:/home/disney/company/new-nsk/common/acc_api/ACC/User.php(419) Call:user__10000001
file:/home/disney/company/new-nsk/common/acc_api/ACC/User.php(444) Call:BufferSinglSeting
file:/home/disney/company/new-nsk/business_classes/User/UserManager.php(211) Call:GetSinglSeting
file:/home/disney/company/new-nsk/business_classes/User/UserManager.php(31) Call:getParentsIdById
file:/home/disney/company/new-nsk/business_classes/User/abstractUser.php(270) Call:instance
file:/home/disney/company/new-nsk/business_classes/User/UserMEM.php(56) Call:isEnableGame
file:/home/disney/company/new-nsk/business_classes/User/UserPitaya.php(122) Call:getLine
file:/home/disney/company/new-nsk/api_controller/User.php(17) Call:getLine
file:/home/disney/company/new-nsk/ClassLibrary/lib_php/model/Router/Router.php(91) Call:getLines
file:/home/disney/company/new-nsk/www/api/router.php(42) Call:execute
headers: ["Sensitive-Data: entrance=1&client_ip=127.0.0.1&run_php=%2Fhome%2Fdisney%2Fcompany%2Fnew-nsk%2Fwww%2Fapi%2Frouter.php+line+%3A42&vendor=rde","Host: sk.dev.d2"]
param: {"fields":{"id":"id","username":"username","alias":"alias","sub":"sub","enable":"enable","block":"block","size":"size","err_num":"err_num","created_at":"created_at","modified_at":"modified_at","password_expire_at":"password_expire_at","last_login":"last_login","currency":"currency","parent":"parent","all_parents":"all_parents"}}
POST data: ["\u900f\u904eAPI\u6240\u4ee5$_POST\u88ab\u79fb\u9664\u4e86,\u539f\u59cbPOST\u8cc7\u6599\u70baArray\n(\n)\n"]
out: {"ret":[{"id":10000001,"parent":10000000,"all_parents":[10000000],"alias":"SK2\u5ef3\u4e3b","created_at":"2009-04-07T18:28:35+0800","modified_at":"2015-07-03T15:51:08+0800","last_login":"2015-07-03T15:50:36+0800","currency":"CNY","password_expire_at":"2015-08-02T15:51:08+0800","username":"esk2","enable":true,"block":false,"sub":false,"size":128,"err_num":1}],"result":"ok","profile":{"execution_time":11,"server_number":"135"}}
================================================
active_time: 2015-07-22 17:02:01
SCRIPT_NAME: /api/router.php
REQUEST_URI: /api/router.php?user_id=11444833&handle=getLines&class=User
REMOTE_ADDR: 127.0.0.1
HTTP_USER_AGENT: 
type: GET
url: http://10.251.11.169:80/api/user/11444833
status: 200
exectime: {"total_time":15.120589,"namelookup_time":2.5e-5,"connect_time":15.035166,"pretransfer_time":15.0352}
DEBUG trace: file:/home/disney/company/new-nsk/common/acc_api/ACC.php(238) Call:GetDebug
file:/home/disney/company/new-nsk/common/acc_api/ACC/User.php(419) Call:__callStatic
file:/home/disney/company/new-nsk/common/acc_api/ACC/User.php(419) Call:user__11444833
file:/home/disney/company/new-nsk/common/acc_api/ACC/User.php(444) Call:BufferSinglSeting
file:/home/disney/company/new-nsk/business_classes/User/UserManager.php(211) Call:GetSinglSeting
file:/home/disney/company/new-nsk/business_classes/User/UserManager.php(31) Call:getParentsIdById
file:/home/disney/company/new-nsk/api_controller/User.php(12) Call:instance
file:/home/disney/company/new-nsk/ClassLibrary/lib_php/model/Router/Router.php(91) Call:getLines
file:/home/disney/company/new-nsk/www/api/router.php(42) Call:execute
headers: ["Sensitive-Data: entrance=1&client_ip=127.0.0.1&run_php=%2Fhome%2Fdisney%2Fcompany%2Fnew-nsk%2Fwww%2Fapi%2Frouter.php+line+%3A42&vendor=rde","Host: sk.dev.d2"]
param: {"fields":{"id":"id","username":"username","alias":"alias","sub":"sub","enable":"enable","block":"block","size":"size","err_num":"err_num","created_at":"created_at","modified_at":"modified_at","password_expire_at":"password_expire_at","last_login":"last_login","currency":"currency","parent":"parent","all_parents":"all_parents"}}
POST data: ["\u900f\u904eAPI\u6240\u4ee5$_POST\u88ab\u79fb\u9664\u4e86,\u539f\u59cbPOST\u8cc7\u6599\u70baArray\n(\n)\n"]
out: {"ret":[{"id":11444833,"parent":11444832,"all_parents":[11444832,11444831,11444830,11444829,10000001,10000000],"alias":"\u8a79\u59c6\u58eb","created_at":"2014-11-04T14:59:48+0800","modified_at":"2015-07-03T12:04:44+0800","last_login":"2015-07-22T15:20:41+0800","currency":"CNY","password_expire_at":"2015-08-02T12:04:44+0800","username":"qq6699","enable":true,"block":false,"sub":false,"size":0,"err_num":0}],"result":"ok","profile":{"execution_time":49,"server_number":"135"}}
================================================
active_time: 2015-07-22 17:02:01
SCRIPT_NAME: /api/router.php
REQUEST_URI: /api/router.php?user_id=11444833&handle=getLines&class=User
REMOTE_ADDR: 127.0.0.1
HTTP_USER_AGENT: 
type: GET
url: http://10.251.11.169:80/api/user/11444829
status: 200
exectime: {"total_time":0.112374,"namelookup_time":2.4e-5,"connect_time":0.007253,"pretransfer_time":0.007301}
DEBUG trace: file:/home/disney/company/new-nsk/common/acc_api/ACC.php(238) Call:GetDebug
file:/home/disney/company/new-nsk/common/acc_api/ACC/User.php(419) Call:__callStatic
file:/home/disney/company/new-nsk/common/acc_api/ACC/User.php(419) Call:user__11444829
file:/home/disney/company/new-nsk/common/acc_api/ACC/User.php(444) Call:BufferSinglSeting
file:/home/disney/company/new-nsk/business_classes/User/UserManager.php(211) Call:GetSinglSeting
file:/home/disney/company/new-nsk/business_classes/User/UserManager.php(31) Call:getParentsIdById
file:/home/disney/company/new-nsk/business_classes/User/abstractUser.php(412) Call:instance
file:/home/disney/company/new-nsk/business_classes/User/UserMEM.php(44) Call:getLine
file:/home/disney/company/new-nsk/business_classes/User/UserPitaya.php(122) Call:getLine
file:/home/disney/company/new-nsk/api_controller/User.php(17) Call:getLine
file:/home/disney/company/new-nsk/ClassLibrary/lib_php/model/Router/Router.php(91) Call:getLines
file:/home/disney/company/new-nsk/www/api/router.php(42) Call:execute
headers: ["Sensitive-Data: entrance=1&client_ip=127.0.0.1&run_php=%2Fhome%2Fdisney%2Fcompany%2Fnew-nsk%2Fwww%2Fapi%2Frouter.php+line+%3A42&vendor=rde","Host: sk.dev.d2"]
param: {"fields":{"id":"id","username":"username","alias":"alias","sub":"sub","enable":"enable","block":"block","size":"size","err_num":"err_num","created_at":"created_at","modified_at":"modified_at","password_expire_at":"password_expire_at","last_login":"last_login","currency":"currency","parent":"parent","all_parents":"all_parents"}}
POST data: ["\u900f\u904eAPI\u6240\u4ee5$_POST\u88ab\u79fb\u9664\u4e86,\u539f\u59cbPOST\u8cc7\u6599\u70baArray\n(\n)\n"]
out: {"ret":[{"id":11444829,"parent":10000001,"all_parents":[10000001,10000000],"alias":"\u8a79\u59c6\u58eb","created_at":"2014-11-04T14:28:08+0800","modified_at":"2015-07-22T14:30:14+0800","last_login":"2015-07-22T14:31:11+0800","currency":"CNY","password_expire_at":"2015-08-21T14:30:14+0800","username":"ff6699","enable":true,"block":false,"sub":false,"size":4,"err_num":0}],"result":"ok","profile":{"execution_time":57,"server_number":"135"}}
================================================
active_time: 2015-07-22 17:02:02
SCRIPT_NAME: /api/router.php
REQUEST_URI: /api/router.php?user_id=11444833&handle=getLines&class=User
REMOTE_ADDR: 127.0.0.1
HTTP_USER_AGENT: 
type: GET
url: http://10.251.11.169:80/api/user/10000001
status: 200
exectime: {"total_time":0.543464,"namelookup_time":1.9e-5,"connect_time":0.00699,"pretransfer_time":0.007042}
DEBUG trace: file:/home/disney/company/new-nsk/common/acc_api/ACC.php(238) Call:GetDebug
file:/home/disney/company/new-nsk/common/acc_api/ACC/User.php(419) Call:__callStatic
file:/home/disney/company/new-nsk/common/acc_api/ACC/User.php(419) Call:user__10000001
file:/home/disney/company/new-nsk/common/acc_api/ACC/User.php(444) Call:BufferSinglSeting
file:/home/disney/company/new-nsk/business_classes/User/UserManager.php(211) Call:GetSinglSeting
file:/home/disney/company/new-nsk/business_classes/User/UserManager.php(31) Call:getParentsIdById
file:/home/disney/company/new-nsk/business_classes/User/abstractUser.php(270) Call:instance
file:/home/disney/company/new-nsk/business_classes/User/UserMEM.php(56) Call:isEnableGame
file:/home/disney/company/new-nsk/business_classes/User/UserPitaya.php(122) Call:getLine
file:/home/disney/company/new-nsk/api_controller/User.php(17) Call:getLine
file:/home/disney/company/new-nsk/ClassLibrary/lib_php/model/Router/Router.php(91) Call:getLines
file:/home/disney/company/new-nsk/www/api/router.php(42) Call:execute
headers: ["Sensitive-Data: entrance=1&client_ip=127.0.0.1&run_php=%2Fhome%2Fdisney%2Fcompany%2Fnew-nsk%2Fwww%2Fapi%2Frouter.php+line+%3A42&vendor=rde","Host: sk.dev.d2"]
param: {"fields":{"id":"id","username":"username","alias":"alias","sub":"sub","enable":"enable","block":"block","size":"size","err_num":"err_num","created_at":"created_at","modified_at":"modified_at","password_expire_at":"password_expire_at","last_login":"last_login","currency":"currency","parent":"parent","all_parents":"all_parents"}}
POST data: ["\u900f\u904eAPI\u6240\u4ee5$_POST\u88ab\u79fb\u9664\u4e86,\u539f\u59cbPOST\u8cc7\u6599\u70baArray\n(\n)\n"]
out: {"ret":[{"id":10000001,"parent":10000000,"all_parents":[10000000],"alias":"SK2\u5ef3\u4e3b","created_at":"2009-04-07T18:28:35+0800","modified_at":"2015-07-03T15:51:08+0800","last_login":"2015-07-03T15:50:36+0800","currency":"CNY","password_expire_at":"2015-08-02T15:51:08+0800","username":"esk2","enable":true,"block":false,"sub":false,"size":128,"err_num":1}],"result":"ok","profile":{"execution_time":493,"server_number":"135"}}
================================================
active_time: 2015-07-22 17:02:04
SCRIPT_NAME: /api/router.php
REQUEST_URI: /api/router.php?user_id=11444833&handle=getLines&class=User
REMOTE_ADDR: 127.0.0.1
HTTP_USER_AGENT: 
type: GET
url: http://10.251.11.169:80/api/user/11444833
status: 200
exectime: {"total_time":63.172606,"namelookup_time":4.3e-5,"connect_time":63.131606,"pretransfer_time":63.131693}
DEBUG trace: file:/home/disney/company/new-nsk/common/acc_api/ACC.php(238) Call:GetDebug
file:/home/disney/company/new-nsk/common/acc_api/ACC/User.php(419) Call:__callStatic
file:/home/disney/company/new-nsk/common/acc_api/ACC/User.php(419) Call:user__11444833
file:/home/disney/company/new-nsk/common/acc_api/ACC/User.php(444) Call:BufferSinglSeting
file:/home/disney/company/new-nsk/business_classes/User/UserManager.php(211) Call:GetSinglSeting
file:/home/disney/company/new-nsk/business_classes/User/UserManager.php(31) Call:getParentsIdById
file:/home/disney/company/new-nsk/api_controller/User.php(12) Call:instance
file:/home/disney/company/new-nsk/ClassLibrary/lib_php/model/Router/Router.php(91) Call:getLines
file:/home/disney/company/new-nsk/www/api/router.php(42) Call:execute
headers: ["Sensitive-Data: entrance=1&client_ip=127.0.0.1&run_php=%2Fhome%2Fdisney%2Fcompany%2Fnew-nsk%2Fwww%2Fapi%2Frouter.php+line+%3A42&vendor=rde","Host: sk.dev.d2"]
param: {"fields":{"id":"id","username":"username","alias":"alias","sub":"sub","enable":"enable","block":"block","size":"size","err_num":"err_num","created_at":"created_at","modified_at":"modified_at","password_expire_at":"password_expire_at","last_login":"last_login","currency":"currency","parent":"parent","all_parents":"all_parents"}}
POST data: ["\u900f\u904eAPI\u6240\u4ee5$_POST\u88ab\u79fb\u9664\u4e86,\u539f\u59cbPOST\u8cc7\u6599\u70baArray\n(\n)\n"]
out: {"ret":[{"id":11444833,"parent":11444832,"all_parents":[11444832,11444831,11444830,11444829,10000001,10000000],"alias":"\u8a79\u59c6\u58eb","created_at":"2014-11-04T14:59:48+0800","modified_at":"2015-07-03T12:04:44+0800","last_login":"2015-07-22T15:20:41+0800","currency":"CNY","password_expire_at":"2015-08-02T12:04:44+0800","username":"qq6699","enable":true,"block":false,"sub":false,"size":0,"err_num":0}],"result":"ok","profile":{"execution_time":18,"server_number":"135"}}
================================================
active_time: 2015-07-22 17:02:04
SCRIPT_NAME: /api/router.php
REQUEST_URI: /api/router.php?user_id=11444833&handle=getLines&class=User
REMOTE_ADDR: 127.0.0.1
HTTP_USER_AGENT: 
type: GET
url: http://10.251.11.169:80/api/user/11444829
status: 200
exectime: {"total_time":0.050194,"namelookup_time":2.2e-5,"connect_time":0.007371,"pretransfer_time":0.007398}
DEBUG trace: file:/home/disney/company/new-nsk/common/acc_api/ACC.php(238) Call:GetDebug
file:/home/disney/company/new-nsk/common/acc_api/ACC/User.php(419) Call:__callStatic
file:/home/disney/company/new-nsk/common/acc_api/ACC/User.php(419) Call:user__11444829
file:/home/disney/company/new-nsk/common/acc_api/ACC/User.php(444) Call:BufferSinglSeting
file:/home/disney/company/new-nsk/business_classes/User/UserManager.php(211) Call:GetSinglSeting
file:/home/disney/company/new-nsk/business_classes/User/UserManager.php(31) Call:getParentsIdById
file:/home/disney/company/new-nsk/business_classes/User/abstractUser.php(412) Call:instance
file:/home/disney/company/new-nsk/business_classes/User/UserMEM.php(44) Call:getLine
file:/home/disney/company/new-nsk/business_classes/User/UserPitaya.php(122) Call:getLine
file:/home/disney/company/new-nsk/api_controller/User.php(17) Call:getLine
file:/home/disney/company/new-nsk/ClassLibrary/lib_php/model/Router/Router.php(91) Call:getLines
file:/home/disney/company/new-nsk/www/api/router.php(42) Call:execute
headers: ["Sensitive-Data: entrance=1&client_ip=127.0.0.1&run_php=%2Fhome%2Fdisney%2Fcompany%2Fnew-nsk%2Fwww%2Fapi%2Frouter.php+line+%3A42&vendor=rde","Host: sk.dev.d2"]
param: {"fields":{"id":"id","username":"username","alias":"alias","sub":"sub","enable":"enable","block":"block","size":"size","err_num":"err_num","created_at":"created_at","modified_at":"modified_at","password_expire_at":"password_expire_at","last_login":"last_login","currency":"currency","parent":"parent","all_parents":"all_parents"}}
POST data: ["\u900f\u904eAPI\u6240\u4ee5$_POST\u88ab\u79fb\u9664\u4e86,\u539f\u59cbPOST\u8cc7\u6599\u70baArray\n(\n)\n"]
out: {"ret":[{"id":11444829,"parent":10000001,"all_parents":[10000001,10000000],"alias":"\u8a79\u59c6\u58eb","created_at":"2014-11-04T14:28:08+0800","modified_at":"2015-07-22T14:30:14+0800","last_login":"2015-07-22T14:31:11+0800","currency":"CNY","password_expire_at":"2015-08-21T14:30:14+0800","username":"ff6699","enable":true,"block":false,"sub":false,"size":4,"err_num":0}],"result":"ok","profile":{"execution_time":28,"server_number":"135"}}
================================================
active_time: 2015-07-22 17:02:04
SCRIPT_NAME: /api/router.php
REQUEST_URI: /api/router.php?user_id=11444833&handle=getLines&class=User
REMOTE_ADDR: 127.0.0.1
HTTP_USER_AGENT: 
type: GET
url: http://10.251.11.169:80/api/user/10000001
status: 200
exectime: {"total_time":0.03496,"namelookup_time":1.3e-5,"connect_time":0.007155,"pretransfer_time":0.007202}
DEBUG trace: file:/home/disney/company/new-nsk/common/acc_api/ACC.php(238) Call:GetDebug
file:/home/disney/company/new-nsk/common/acc_api/ACC/User.php(419) Call:__callStatic
file:/home/disney/company/new-nsk/common/acc_api/ACC/User.php(419) Call:user__10000001
file:/home/disney/company/new-nsk/common/acc_api/ACC/User.php(444) Call:BufferSinglSeting
file:/home/disney/company/new-nsk/business_classes/User/UserManager.php(211) Call:GetSinglSeting
file:/home/disney/company/new-nsk/business_classes/User/UserManager.php(31) Call:getParentsIdById
file:/home/disney/company/new-nsk/business_classes/User/abstractUser.php(270) Call:instance
file:/home/disney/company/new-nsk/business_classes/User/UserMEM.php(56) Call:isEnableGame
file:/home/disney/company/new-nsk/business_classes/User/UserPitaya.php(122) Call:getLine
file:/home/disney/company/new-nsk/api_controller/User.php(17) Call:getLine
file:/home/disney/company/new-nsk/ClassLibrary/lib_php/model/Router/Router.php(91) Call:getLines
file:/home/disney/company/new-nsk/www/api/router.php(42) Call:execute
headers: ["Sensitive-Data: entrance=1&client_ip=127.0.0.1&run_php=%2Fhome%2Fdisney%2Fcompany%2Fnew-nsk%2Fwww%2Fapi%2Frouter.php+line+%3A42&vendor=rde","Host: sk.dev.d2"]
param: {"fields":{"id":"id","username":"username","alias":"alias","sub":"sub","enable":"enable","block":"block","size":"size","err_num":"err_num","created_at":"created_at","modified_at":"modified_at","password_expire_at":"password_expire_at","last_login":"last_login","currency":"currency","parent":"parent","all_parents":"all_parents"}}
POST data: ["\u900f\u904eAPI\u6240\u4ee5$_POST\u88ab\u79fb\u9664\u4e86,\u539f\u59cbPOST\u8cc7\u6599\u70baArray\n(\n)\n"]
out: {"ret":[{"id":10000001,"parent":10000000,"all_parents":[10000000],"alias":"SK2\u5ef3\u4e3b","created_at":"2009-04-07T18:28:35+0800","modified_at":"2015-07-03T15:51:08+0800","last_login":"2015-07-03T15:50:36+0800","currency":"CNY","password_expire_at":"2015-08-02T15:51:08+0800","username":"esk2","enable":true,"block":false,"sub":false,"size":128,"err_num":1}],"result":"ok","profile":{"execution_time":12,"server_number":"135"}}
================================================
active_time: 2015-07-22 17:02:04
SCRIPT_NAME: /api/router.php
REQUEST_URI: /api/router.php?user_id=11444833&handle=getLines&class=User
REMOTE_ADDR: 127.0.0.1
HTTP_USER_AGENT: 
type: GET
url: http://10.251.11.169:80/api/user/11444833
status: 200
exectime: {"total_time":0.040149,"namelookup_time":3.0e-5,"connect_time":0.007263,"pretransfer_time":0.007328}
DEBUG trace: file:/home/disney/company/new-nsk/common/acc_api/ACC.php(238) Call:GetDebug
file:/home/disney/company/new-nsk/common/acc_api/ACC/User.php(419) Call:__callStatic
file:/home/disney/company/new-nsk/common/acc_api/ACC/User.php(419) Call:user__11444833
file:/home/disney/company/new-nsk/common/acc_api/ACC/User.php(444) Call:BufferSinglSeting
file:/home/disney/company/new-nsk/business_classes/User/UserManager.php(211) Call:GetSinglSeting
file:/home/disney/company/new-nsk/business_classes/User/UserManager.php(31) Call:getParentsIdById
file:/home/disney/company/new-nsk/api_controller/User.php(12) Call:instance
file:/home/disney/company/new-nsk/ClassLibrary/lib_php/model/Router/Router.php(91) Call:getLines
file:/home/disney/company/new-nsk/www/api/router.php(42) Call:execute
headers: ["Sensitive-Data: entrance=1&client_ip=127.0.0.1&run_php=%2Fhome%2Fdisney%2Fcompany%2Fnew-nsk%2Fwww%2Fapi%2Frouter.php+line+%3A42&vendor=rde","Host: sk.dev.d2"]
param: {"fields":{"id":"id","username":"username","alias":"alias","sub":"sub","enable":"enable","block":"block","size":"size","err_num":"err_num","created_at":"created_at","modified_at":"modified_at","password_expire_at":"password_expire_at","last_login":"last_login","currency":"currency","parent":"parent","all_parents":"all_parents"}}
POST data: ["\u900f\u904eAPI\u6240\u4ee5$_POST\u88ab\u79fb\u9664\u4e86,\u539f\u59cbPOST\u8cc7\u6599\u70baArray\n(\n)\n"]
out: {"ret":[{"id":11444833,"parent":11444832,"all_parents":[11444832,11444831,11444830,11444829,10000001,10000000],"alias":"\u8a79\u59c6\u58eb","created_at":"2014-11-04T14:59:48+0800","modified_at":"2015-07-03T12:04:44+0800","last_login":"2015-07-22T15:20:41+0800","currency":"CNY","password_expire_at":"2015-08-02T12:04:44+0800","username":"qq6699","enable":true,"block":false,"sub":false,"size":0,"err_num":0}],"result":"ok","profile":{"execution_time":18,"server_number":"135"}}
================================================
active_time: 2015-07-22 17:02:05
SCRIPT_NAME: /api/router.php
REQUEST_URI: /api/router.php?user_id=11444833&handle=getLines&class=User
REMOTE_ADDR: 127.0.0.1
HTTP_USER_AGENT: 
type: GET
url: http://10.251.11.169:80/api/user/11444829
status: 200
exectime: {"total_time":0.065999,"namelookup_time":2.0e-5,"connect_time":0.007168,"pretransfer_time":0.007242}
DEBUG trace: file:/home/disney/company/new-nsk/common/acc_api/ACC.php(238) Call:GetDebug
file:/home/disney/company/new-nsk/common/acc_api/ACC/User.php(419) Call:__callStatic
file:/home/disney/company/new-nsk/common/acc_api/ACC/User.php(419) Call:user__11444829
file:/home/disney/company/new-nsk/common/acc_api/ACC/User.php(444) Call:BufferSinglSeting
file:/home/disney/company/new-nsk/business_classes/User/UserManager.php(211) Call:GetSinglSeting
file:/home/disney/company/new-nsk/business_classes/User/UserManager.php(31) Call:getParentsIdById
file:/home/disney/company/new-nsk/business_classes/User/abstractUser.php(412) Call:instance
file:/home/disney/company/new-nsk/business_classes/User/UserMEM.php(44) Call:getLine
file:/home/disney/company/new-nsk/business_classes/User/UserPitaya.php(122) Call:getLine
file:/home/disney/company/new-nsk/api_controller/User.php(17) Call:getLine
file:/home/disney/company/new-nsk/ClassLibrary/lib_php/model/Router/Router.php(91) Call:getLines
file:/home/disney/company/new-nsk/www/api/router.php(42) Call:execute
headers: ["Sensitive-Data: entrance=1&client_ip=127.0.0.1&run_php=%2Fhome%2Fdisney%2Fcompany%2Fnew-nsk%2Fwww%2Fapi%2Frouter.php+line+%3A42&vendor=rde","Host: sk.dev.d2"]
param: {"fields":{"id":"id","username":"username","alias":"alias","sub":"sub","enable":"enable","block":"block","size":"size","err_num":"err_num","created_at":"created_at","modified_at":"modified_at","password_expire_at":"password_expire_at","last_login":"last_login","currency":"currency","parent":"parent","all_parents":"all_parents"}}
POST data: ["\u900f\u904eAPI\u6240\u4ee5$_POST\u88ab\u79fb\u9664\u4e86,\u539f\u59cbPOST\u8cc7\u6599\u70baArray\n(\n)\n"]
out: {"ret":[{"id":11444829,"parent":10000001,"all_parents":[10000001,10000000],"alias":"\u8a79\u59c6\u58eb","created_at":"2014-11-04T14:28:08+0800","modified_at":"2015-07-22T14:30:14+0800","last_login":"2015-07-22T14:31:11+0800","currency":"CNY","password_expire_at":"2015-08-21T14:30:14+0800","username":"ff6699","enable":true,"block":false,"sub":false,"size":4,"err_num":0}],"result":"ok","profile":{"execution_time":40,"server_number":"135"}}
================================================
active_time: 2015-07-22 17:02:05
SCRIPT_NAME: /api/router.php
REQUEST_URI: /api/router.php?user_id=11444833&handle=getLines&class=User
REMOTE_ADDR: 127.0.0.1
HTTP_USER_AGENT: 
type: GET
url: http://10.251.11.169:80/api/user/10000001
status: 200
exectime: {"total_time":0.040154,"namelookup_time":2.1e-5,"connect_time":0.007105,"pretransfer_time":0.007257}
DEBUG trace: file:/home/disney/company/new-nsk/common/acc_api/ACC.php(238) Call:GetDebug
file:/home/disney/company/new-nsk/common/acc_api/ACC/User.php(419) Call:__callStatic
file:/home/disney/company/new-nsk/common/acc_api/ACC/User.php(419) Call:user__10000001
file:/home/disney/company/new-nsk/common/acc_api/ACC/User.php(444) Call:BufferSinglSeting
file:/home/disney/company/new-nsk/business_classes/User/UserManager.php(211) Call:GetSinglSeting
file:/home/disney/company/new-nsk/business_classes/User/UserManager.php(31) Call:getParentsIdById
file:/home/disney/company/new-nsk/business_classes/User/abstractUser.php(270) Call:instance
file:/home/disney/company/new-nsk/business_classes/User/UserMEM.php(56) Call:isEnableGame
file:/home/disney/company/new-nsk/business_classes/User/UserPitaya.php(122) Call:getLine
file:/home/disney/company/new-nsk/api_controller/User.php(17) Call:getLine
file:/home/disney/company/new-nsk/ClassLibrary/lib_php/model/Router/Router.php(91) Call:getLines
file:/home/disney/company/new-nsk/www/api/router.php(42) Call:execute
headers: ["Sensitive-Data: entrance=1&client_ip=127.0.0.1&run_php=%2Fhome%2Fdisney%2Fcompany%2Fnew-nsk%2Fwww%2Fapi%2Frouter.php+line+%3A42&vendor=rde","Host: sk.dev.d2"]
param: {"fields":{"id":"id","username":"username","alias":"alias","sub":"sub","enable":"enable","block":"block","size":"size","err_num":"err_num","created_at":"created_at","modified_at":"modified_at","password_expire_at":"password_expire_at","last_login":"last_login","currency":"currency","parent":"parent","all_parents":"all_parents"}}
POST data: ["\u900f\u904eAPI\u6240\u4ee5$_POST\u88ab\u79fb\u9664\u4e86,\u539f\u59cbPOST\u8cc7\u6599\u70baArray\n(\n)\n"]
out: {"ret":[{"id":10000001,"parent":10000000,"all_parents":[10000000],"alias":"SK2\u5ef3\u4e3b","created_at":"2009-04-07T18:28:35+0800","modified_at":"2015-07-03T15:51:08+0800","last_login":"2015-07-03T15:50:36+0800","currency":"CNY","password_expire_at":"2015-08-02T15:51:08+0800","username":"esk2","enable":true,"block":false,"sub":false,"size":128,"err_num":1}],"result":"ok","profile":{"execution_time":18,"server_number":"135"}}
================================================
active_time: 2015-07-22 17:02:05
SCRIPT_NAME: /api/router.php
REQUEST_URI: /api/router.php?user_id=11444833&handle=getLines&class=User
REMOTE_ADDR: 127.0.0.1
HTTP_USER_AGENT: 
type: GET
url: http://10.251.11.169:80/api/user/11444833
status: 200
exectime: {"total_time":0.038978,"namelookup_time":2.3e-5,"connect_time":0.007227,"pretransfer_time":0.007303}
DEBUG trace: file:/home/disney/company/new-nsk/common/acc_api/ACC.php(238) Call:GetDebug
file:/home/disney/company/new-nsk/common/acc_api/ACC/User.php(419) Call:__callStatic
file:/home/disney/company/new-nsk/common/acc_api/ACC/User.php(419) Call:user__11444833
file:/home/disney/company/new-nsk/common/acc_api/ACC/User.php(444) Call:BufferSinglSeting
file:/home/disney/company/new-nsk/business_classes/User/UserManager.php(211) Call:GetSinglSeting
file:/home/disney/company/new-nsk/business_classes/User/UserManager.php(31) Call:getParentsIdById
file:/home/disney/company/new-nsk/api_controller/User.php(12) Call:instance
file:/home/disney/company/new-nsk/ClassLibrary/lib_php/model/Router/Router.php(91) Call:getLines
file:/home/disney/company/new-nsk/www/api/router.php(42) Call:execute
headers: ["Sensitive-Data: entrance=1&client_ip=127.0.0.1&run_php=%2Fhome%2Fdisney%2Fcompany%2Fnew-nsk%2Fwww%2Fapi%2Frouter.php+line+%3A42&vendor=rde","Host: sk.dev.d2"]
param: {"fields":{"id":"id","username":"username","alias":"alias","sub":"sub","enable":"enable","block":"block","size":"size","err_num":"err_num","created_at":"created_at","modified_at":"modified_at","password_expire_at":"password_expire_at","last_login":"last_login","currency":"currency","parent":"parent","all_parents":"all_parents"}}
POST data: ["\u900f\u904eAPI\u6240\u4ee5$_POST\u88ab\u79fb\u9664\u4e86,\u539f\u59cbPOST\u8cc7\u6599\u70baArray\n(\n)\n"]
out: {"ret":[{"id":11444833,"parent":11444832,"all_parents":[11444832,11444831,11444830,11444829,10000001,10000000],"alias":"\u8a79\u59c6\u58eb","created_at":"2014-11-04T14:59:48+0800","modified_at":"2015-07-03T12:04:44+0800","last_login":"2015-07-22T15:20:41+0800","currency":"CNY","password_expire_at":"2015-08-02T12:04:44+0800","username":"qq6699","enable":true,"block":false,"sub":false,"size":0,"err_num":0}],"result":"ok","profile":{"execution_time":16,"server_number":"135"}}
================================================
active_time: 2015-07-22 17:02:05
SCRIPT_NAME: /api/router.php
REQUEST_URI: /api/router.php?user_id=11444833&handle=getLines&class=User
REMOTE_ADDR: 127.0.0.1
HTTP_USER_AGENT: 
type: GET
url: http://10.251.11.169:80/api/user/11444829
status: 200
exectime: {"total_time":0.038193,"namelookup_time":2.4e-5,"connect_time":0.007823,"pretransfer_time":0.007885}
DEBUG trace: file:/home/disney/company/new-nsk/common/acc_api/ACC.php(238) Call:GetDebug
file:/home/disney/company/new-nsk/common/acc_api/ACC/User.php(419) Call:__callStatic
file:/home/disney/company/new-nsk/common/acc_api/ACC/User.php(419) Call:user__11444829
file:/home/disney/company/new-nsk/common/acc_api/ACC/User.php(444) Call:BufferSinglSeting
file:/home/disney/company/new-nsk/business_classes/User/UserManager.php(211) Call:GetSinglSeting
file:/home/disney/company/new-nsk/business_classes/User/UserManager.php(31) Call:getParentsIdById
file:/home/disney/company/new-nsk/business_classes/User/abstractUser.php(412) Call:instance
file:/home/disney/company/new-nsk/business_classes/User/UserMEM.php(44) Call:getLine
file:/home/disney/company/new-nsk/business_classes/User/UserPitaya.php(122) Call:getLine
file:/home/disney/company/new-nsk/api_controller/User.php(17) Call:getLine
file:/home/disney/company/new-nsk/ClassLibrary/lib_php/model/Router/Router.php(91) Call:getLines
file:/home/disney/company/new-nsk/www/api/router.php(42) Call:execute
headers: ["Sensitive-Data: entrance=1&client_ip=127.0.0.1&run_php=%2Fhome%2Fdisney%2Fcompany%2Fnew-nsk%2Fwww%2Fapi%2Frouter.php+line+%3A42&vendor=rde","Host: sk.dev.d2"]
param: {"fields":{"id":"id","username":"username","alias":"alias","sub":"sub","enable":"enable","block":"block","size":"size","err_num":"err_num","created_at":"created_at","modified_at":"modified_at","password_expire_at":"password_expire_at","last_login":"last_login","currency":"currency","parent":"parent","all_parents":"all_parents"}}
POST data: ["\u900f\u904eAPI\u6240\u4ee5$_POST\u88ab\u79fb\u9664\u4e86,\u539f\u59cbPOST\u8cc7\u6599\u70baArray\n(\n)\n"]
out: {"ret":[{"id":11444829,"parent":10000001,"all_parents":[10000001,10000000],"alias":"\u8a79\u59c6\u58eb","created_at":"2014-11-04T14:28:08+0800","modified_at":"2015-07-22T14:30:14+0800","last_login":"2015-07-22T14:31:11+0800","currency":"CNY","password_expire_at":"2015-08-21T14:30:14+0800","username":"ff6699","enable":true,"block":false,"sub":false,"size":4,"err_num":0}],"result":"ok","profile":{"execution_time":16,"server_number":"135"}}
================================================
active_time: 2015-07-22 17:02:05
SCRIPT_NAME: /api/router.php
REQUEST_URI: /api/router.php?user_id=11444833&handle=getLines&class=User
REMOTE_ADDR: 127.0.0.1
HTTP_USER_AGENT: 
type: GET
url: http://10.251.11.169:80/api/user/10000001
status: 200
exectime: {"total_time":0.036651,"namelookup_time":1.3e-5,"connect_time":0.007215,"pretransfer_time":0.007257}
DEBUG trace: file:/home/disney/company/new-nsk/common/acc_api/ACC.php(238) Call:GetDebug
file:/home/disney/company/new-nsk/common/acc_api/ACC/User.php(419) Call:__callStatic
file:/home/disney/company/new-nsk/common/acc_api/ACC/User.php(419) Call:user__10000001
file:/home/disney/company/new-nsk/common/acc_api/ACC/User.php(444) Call:BufferSinglSeting
file:/home/disney/company/new-nsk/business_classes/User/UserManager.php(211) Call:GetSinglSeting
file:/home/disney/company/new-nsk/business_classes/User/UserManager.php(31) Call:getParentsIdById
file:/home/disney/company/new-nsk/business_classes/User/abstractUser.php(270) Call:instance
file:/home/disney/company/new-nsk/business_classes/User/UserMEM.php(56) Call:isEnableGame
file:/home/disney/company/new-nsk/business_classes/User/UserPitaya.php(122) Call:getLine
file:/home/disney/company/new-nsk/api_controller/User.php(17) Call:getLine
file:/home/disney/company/new-nsk/ClassLibrary/lib_php/model/Router/Router.php(91) Call:getLines
file:/home/disney/company/new-nsk/www/api/router.php(42) Call:execute
headers: ["Sensitive-Data: entrance=1&client_ip=127.0.0.1&run_php=%2Fhome%2Fdisney%2Fcompany%2Fnew-nsk%2Fwww%2Fapi%2Frouter.php+line+%3A42&vendor=rde","Host: sk.dev.d2"]
param: {"fields":{"id":"id","username":"username","alias":"alias","sub":"sub","enable":"enable","block":"block","size":"size","err_num":"err_num","created_at":"created_at","modified_at":"modified_at","password_expire_at":"password_expire_at","last_login":"last_login","currency":"currency","parent":"parent","all_parents":"all_parents"}}
POST data: ["\u900f\u904eAPI\u6240\u4ee5$_POST\u88ab\u79fb\u9664\u4e86,\u539f\u59cbPOST\u8cc7\u6599\u70baArray\n(\n)\n"]
out: {"ret":[{"id":10000001,"parent":10000000,"all_parents":[10000000],"alias":"SK2\u5ef3\u4e3b","created_at":"2009-04-07T18:28:35+0800","modified_at":"2015-07-03T15:51:08+0800","last_login":"2015-07-03T15:50:36+0800","currency":"CNY","password_expire_at":"2015-08-02T15:51:08+0800","username":"esk2","enable":true,"block":false,"sub":false,"size":128,"err_num":1}],"result":"ok","profile":{"execution_time":15,"server_number":"135"}}
================================================
active_time: 2015-07-22 17:02:06
SCRIPT_NAME: /member/longdragon_ajax.php
REQUEST_URI: /member/longdragon_ajax.php?lang=gb&game=JXSC&tab=opposite&type=win&getmore=false
REMOTE_ADDR: 127.0.0.1
HTTP_USER_AGENT: Mozilla/5.0 (X11; Linux x86_64) AppleWebKit/537.36 (KHTML, like Gecko) Chrome/44.0.2403.89 Safari/537.36
type: GET
url: http://10.251.11.169:80/api/session/593430211a60615591adadafc4835cb923b2c6cf
status: 200
exectime: {"total_time":63.17651,"namelookup_time":2.4e-5,"connect_time":63.165891,"pretransfer_time":63.165979}
DEBUG trace: file:/home/disney/company/new-nsk/common/acc_api/ACC.php(238) Call:GetDebug
file:/home/disney/company/new-nsk/common/acc_api/ACC/Session.php(78) Call:__callStatic
file:/home/disney/company/new-nsk/common/acc_api/ACC/Session.php(78) Call:session__593430211a60615591adadafc4835cb923b2c6cf
file:/home/disney/company/new-nsk/business_classes/Auth.php(60) Call:get
file:/home/disney/company/new-nsk/business_classes/Auth.php(88) Call:get_session
file:/home/disney/company/new-nsk/www/lib/login_mem.php(482) Call:check
file:/home/disney/company/new-nsk/www/member/longdragon_ajax.php(2) Call:include
headers: ["Sensitive-Data: entrance=3&operator=qq6699&client_ip=127.0.0.1&run_php=%2Fhome%2Fdisney%2Fcompany%2Fnew-nsk%2Fwww%2Fmember%2Flongdragon_ajax.php+line+%3A2&operator_id=11444833&vendor=rde","Host: sk.dev.d2"]
param: []
POST data: []
out: {"result":"ok","ret":{"session":{"id":"593430211a60615591adadafc4835cb923b2c6cf","created_at":"2015-07-22T15:20:41+0800","modified_at":""},"user":{"id":"11444833","username":"qq6699","domain":"10000001","alias":"詹姆士","sub":"","enable":"1","block":"","bankrupt":"","test":"","hidden_test":"","size":"0","currency":"CNY","created_at":"2014-11-04T14:59:48+0800","modified_at":"2015-07-03T12:04:44+0800","last_login":"2015-07-22T15:20:41+0800","last_bank":"","role":"1","all_parents":["11444832","11444831","11444830","11444829","10000001","10000000"]}}}
================================================
active_time: 2015-07-22 17:02:16
SCRIPT_NAME: /api/router.php
REQUEST_URI: /api/router.php?user_id=11444833&handle=getLines&class=User
REMOTE_ADDR: 127.0.0.1
HTTP_USER_AGENT: 
type: GET
url: http://10.251.11.169:80/api/user/11444833
status: 200
exectime: {"total_time":0.058686,"namelookup_time":1.8e-5,"connect_time":0.007275,"pretransfer_time":0.007318}
DEBUG trace: file:/home/disney/company/new-nsk/common/acc_api/ACC.php(238) Call:GetDebug
file:/home/disney/company/new-nsk/common/acc_api/ACC/User.php(419) Call:__callStatic
file:/home/disney/company/new-nsk/common/acc_api/ACC/User.php(419) Call:user__11444833
file:/home/disney/company/new-nsk/common/acc_api/ACC/User.php(444) Call:BufferSinglSeting
file:/home/disney/company/new-nsk/business_classes/User/UserManager.php(211) Call:GetSinglSeting
file:/home/disney/company/new-nsk/business_classes/User/UserManager.php(31) Call:getParentsIdById
file:/home/disney/company/new-nsk/api_controller/User.php(12) Call:instance
file:/home/disney/company/new-nsk/ClassLibrary/lib_php/model/Router/Router.php(91) Call:getLines
file:/home/disney/company/new-nsk/www/api/router.php(42) Call:execute
headers: ["Sensitive-Data: entrance=1&client_ip=127.0.0.1&run_php=%2Fhome%2Fdisney%2Fcompany%2Fnew-nsk%2Fwww%2Fapi%2Frouter.php+line+%3A42&vendor=rde","Host: sk.dev.d2"]
param: {"fields":{"id":"id","username":"username","alias":"alias","sub":"sub","enable":"enable","block":"block","size":"size","err_num":"err_num","created_at":"created_at","modified_at":"modified_at","password_expire_at":"password_expire_at","last_login":"last_login","currency":"currency","parent":"parent","all_parents":"all_parents"}}
POST data: ["\u900f\u904eAPI\u6240\u4ee5$_POST\u88ab\u79fb\u9664\u4e86,\u539f\u59cbPOST\u8cc7\u6599\u70baArray\n(\n)\n"]
out: {"ret":[{"id":11444833,"parent":11444832,"all_parents":[11444832,11444831,11444830,11444829,10000001,10000000],"alias":"\u8a79\u59c6\u58eb","created_at":"2014-11-04T14:59:48+0800","modified_at":"2015-07-03T12:04:44+0800","last_login":"2015-07-22T15:20:41+0800","currency":"CNY","password_expire_at":"2015-08-02T12:04:44+0800","username":"qq6699","enable":true,"block":false,"sub":false,"size":0,"err_num":0}],"result":"ok","profile":{"execution_time":34,"server_number":"135"}}
================================================
active_time: 2015-07-22 17:02:16
SCRIPT_NAME: /api/router.php
REQUEST_URI: /api/router.php?user_id=11444833&handle=getLines&class=User
REMOTE_ADDR: 127.0.0.1
HTTP_USER_AGENT: 
type: GET
url: http://10.251.11.169:80/api/user/11444829
status: 200
exectime: {"total_time":0.045435,"namelookup_time":1.8e-5,"connect_time":0.007309,"pretransfer_time":0.007473}
DEBUG trace: file:/home/disney/company/new-nsk/common/acc_api/ACC.php(238) Call:GetDebug
file:/home/disney/company/new-nsk/common/acc_api/ACC/User.php(419) Call:__callStatic
file:/home/disney/company/new-nsk/common/acc_api/ACC/User.php(419) Call:user__11444829
file:/home/disney/company/new-nsk/common/acc_api/ACC/User.php(444) Call:BufferSinglSeting
file:/home/disney/company/new-nsk/business_classes/User/UserManager.php(211) Call:GetSinglSeting
file:/home/disney/company/new-nsk/business_classes/User/UserManager.php(31) Call:getParentsIdById
file:/home/disney/company/new-nsk/business_classes/User/abstractUser.php(412) Call:instance
file:/home/disney/company/new-nsk/business_classes/User/UserMEM.php(44) Call:getLine
file:/home/disney/company/new-nsk/business_classes/User/UserPitaya.php(122) Call:getLine
file:/home/disney/company/new-nsk/api_controller/User.php(17) Call:getLine
file:/home/disney/company/new-nsk/ClassLibrary/lib_php/model/Router/Router.php(91) Call:getLines
file:/home/disney/company/new-nsk/www/api/router.php(42) Call:execute
headers: ["Sensitive-Data: entrance=1&client_ip=127.0.0.1&run_php=%2Fhome%2Fdisney%2Fcompany%2Fnew-nsk%2Fwww%2Fapi%2Frouter.php+line+%3A42&vendor=rde","Host: sk.dev.d2"]
param: {"fields":{"id":"id","username":"username","alias":"alias","sub":"sub","enable":"enable","block":"block","size":"size","err_num":"err_num","created_at":"created_at","modified_at":"modified_at","password_expire_at":"password_expire_at","last_login":"last_login","currency":"currency","parent":"parent","all_parents":"all_parents"}}
POST data: ["\u900f\u904eAPI\u6240\u4ee5$_POST\u88ab\u79fb\u9664\u4e86,\u539f\u59cbPOST\u8cc7\u6599\u70baArray\n(\n)\n"]
out: {"ret":[{"id":11444829,"parent":10000001,"all_parents":[10000001,10000000],"alias":"\u8a79\u59c6\u58eb","created_at":"2014-11-04T14:28:08+0800","modified_at":"2015-07-22T14:30:14+0800","last_login":"2015-07-22T14:31:11+0800","currency":"CNY","password_expire_at":"2015-08-21T14:30:14+0800","username":"ff6699","enable":true,"block":false,"sub":false,"size":4,"err_num":0}],"result":"ok","profile":{"execution_time":19,"server_number":"135"}}
================================================
active_time: 2015-07-22 17:02:16
SCRIPT_NAME: /api/router.php
REQUEST_URI: /api/router.php?user_id=11444833&handle=getLines&class=User
REMOTE_ADDR: 127.0.0.1
HTTP_USER_AGENT: 
type: GET
url: http://10.251.11.169:80/api/user/10000001
status: 200
exectime: {"total_time":0.065287,"namelookup_time":1.8e-5,"connect_time":0.007405,"pretransfer_time":0.007467}
DEBUG trace: file:/home/disney/company/new-nsk/common/acc_api/ACC.php(238) Call:GetDebug
file:/home/disney/company/new-nsk/common/acc_api/ACC/User.php(419) Call:__callStatic
file:/home/disney/company/new-nsk/common/acc_api/ACC/User.php(419) Call:user__10000001
file:/home/disney/company/new-nsk/common/acc_api/ACC/User.php(444) Call:BufferSinglSeting
file:/home/disney/company/new-nsk/business_classes/User/UserManager.php(211) Call:GetSinglSeting
file:/home/disney/company/new-nsk/business_classes/User/UserManager.php(31) Call:getParentsIdById
file:/home/disney/company/new-nsk/business_classes/User/abstractUser.php(270) Call:instance
file:/home/disney/company/new-nsk/business_classes/User/UserMEM.php(56) Call:isEnableGame
file:/home/disney/company/new-nsk/business_classes/User/UserPitaya.php(122) Call:getLine
file:/home/disney/company/new-nsk/api_controller/User.php(17) Call:getLine
file:/home/disney/company/new-nsk/ClassLibrary/lib_php/model/Router/Router.php(91) Call:getLines
file:/home/disney/company/new-nsk/www/api/router.php(42) Call:execute
headers: ["Sensitive-Data: entrance=1&client_ip=127.0.0.1&run_php=%2Fhome%2Fdisney%2Fcompany%2Fnew-nsk%2Fwww%2Fapi%2Frouter.php+line+%3A42&vendor=rde","Host: sk.dev.d2"]
param: {"fields":{"id":"id","username":"username","alias":"alias","sub":"sub","enable":"enable","block":"block","size":"size","err_num":"err_num","created_at":"created_at","modified_at":"modified_at","password_expire_at":"password_expire_at","last_login":"last_login","currency":"currency","parent":"parent","all_parents":"all_parents"}}
POST data: ["\u900f\u904eAPI\u6240\u4ee5$_POST\u88ab\u79fb\u9664\u4e86,\u539f\u59cbPOST\u8cc7\u6599\u70baArray\n(\n)\n"]
out: {"ret":[{"id":10000001,"parent":10000000,"all_parents":[10000000],"alias":"SK2\u5ef3\u4e3b","created_at":"2009-04-07T18:28:35+0800","modified_at":"2015-07-03T15:51:08+0800","last_login":"2015-07-03T15:50:36+0800","currency":"CNY","password_expire_at":"2015-08-02T15:51:08+0800","username":"esk2","enable":true,"block":false,"sub":false,"size":128,"err_num":1}],"result":"ok","profile":{"execution_time":37,"server_number":"135"}}
================================================
active_time: 2015-07-22 17:02:20
SCRIPT_NAME: /api/router.php
REQUEST_URI: /api/router.php?user_id=11444833&handle=getLines&class=User
REMOTE_ADDR: 127.0.0.1
HTTP_USER_AGENT: 
type: GET
url: http://10.251.11.169:80/api/user/11444833
status: 200
exectime: {"total_time":63.192214,"namelookup_time":3.0e-5,"connect_time":63.160138,"pretransfer_time":63.160207}
DEBUG trace: file:/home/disney/company/new-nsk/common/acc_api/ACC.php(238) Call:GetDebug
file:/home/disney/company/new-nsk/common/acc_api/ACC/User.php(419) Call:__callStatic
file:/home/disney/company/new-nsk/common/acc_api/ACC/User.php(419) Call:user__11444833
file:/home/disney/company/new-nsk/common/acc_api/ACC/User.php(444) Call:BufferSinglSeting
file:/home/disney/company/new-nsk/business_classes/User/UserManager.php(211) Call:GetSinglSeting
file:/home/disney/company/new-nsk/business_classes/User/UserManager.php(31) Call:getParentsIdById
file:/home/disney/company/new-nsk/api_controller/User.php(12) Call:instance
file:/home/disney/company/new-nsk/ClassLibrary/lib_php/model/Router/Router.php(91) Call:getLines
file:/home/disney/company/new-nsk/www/api/router.php(42) Call:execute
headers: ["Sensitive-Data: entrance=1&client_ip=127.0.0.1&run_php=%2Fhome%2Fdisney%2Fcompany%2Fnew-nsk%2Fwww%2Fapi%2Frouter.php+line+%3A42&vendor=rde","Host: sk.dev.d2"]
param: {"fields":{"id":"id","username":"username","alias":"alias","sub":"sub","enable":"enable","block":"block","size":"size","err_num":"err_num","created_at":"created_at","modified_at":"modified_at","password_expire_at":"password_expire_at","last_login":"last_login","currency":"currency","parent":"parent","all_parents":"all_parents"}}
POST data: ["\u900f\u904eAPI\u6240\u4ee5$_POST\u88ab\u79fb\u9664\u4e86,\u539f\u59cbPOST\u8cc7\u6599\u70baArray\n(\n)\n"]
out: {"ret":[{"id":11444833,"parent":11444832,"all_parents":[11444832,11444831,11444830,11444829,10000001,10000000],"alias":"\u8a79\u59c6\u58eb","created_at":"2014-11-04T14:59:48+0800","modified_at":"2015-07-03T12:04:44+0800","last_login":"2015-07-22T15:20:41+0800","currency":"CNY","password_expire_at":"2015-08-02T12:04:44+0800","username":"qq6699","enable":true,"block":false,"sub":false,"size":0,"err_num":0}],"result":"ok","profile":{"execution_time":15,"server_number":"135"}}
================================================
active_time: 2015-07-22 17:02:20
SCRIPT_NAME: /api/router.php
REQUEST_URI: /api/router.php?user_id=11444833&handle=getLines&class=User
REMOTE_ADDR: 127.0.0.1
HTTP_USER_AGENT: 
type: GET
url: http://10.251.11.169:80/api/user/11444829
status: 200
exectime: {"total_time":0.033244,"namelookup_time":2.2e-5,"connect_time":0.007231,"pretransfer_time":0.00729}
DEBUG trace: file:/home/disney/company/new-nsk/common/acc_api/ACC.php(238) Call:GetDebug
file:/home/disney/company/new-nsk/common/acc_api/ACC/User.php(419) Call:__callStatic
file:/home/disney/company/new-nsk/common/acc_api/ACC/User.php(419) Call:user__11444829
file:/home/disney/company/new-nsk/common/acc_api/ACC/User.php(444) Call:BufferSinglSeting
file:/home/disney/company/new-nsk/business_classes/User/UserManager.php(211) Call:GetSinglSeting
file:/home/disney/company/new-nsk/business_classes/User/UserManager.php(31) Call:getParentsIdById
file:/home/disney/company/new-nsk/business_classes/User/abstractUser.php(412) Call:instance
file:/home/disney/company/new-nsk/business_classes/User/UserMEM.php(44) Call:getLine
file:/home/disney/company/new-nsk/business_classes/User/UserPitaya.php(122) Call:getLine
file:/home/disney/company/new-nsk/api_controller/User.php(17) Call:getLine
file:/home/disney/company/new-nsk/ClassLibrary/lib_php/model/Router/Router.php(91) Call:getLines
file:/home/disney/company/new-nsk/www/api/router.php(42) Call:execute
headers: ["Sensitive-Data: entrance=1&client_ip=127.0.0.1&run_php=%2Fhome%2Fdisney%2Fcompany%2Fnew-nsk%2Fwww%2Fapi%2Frouter.php+line+%3A42&vendor=rde","Host: sk.dev.d2"]
param: {"fields":{"id":"id","username":"username","alias":"alias","sub":"sub","enable":"enable","block":"block","size":"size","err_num":"err_num","created_at":"created_at","modified_at":"modified_at","password_expire_at":"password_expire_at","last_login":"last_login","currency":"currency","parent":"parent","all_parents":"all_parents"}}
POST data: ["\u900f\u904eAPI\u6240\u4ee5$_POST\u88ab\u79fb\u9664\u4e86,\u539f\u59cbPOST\u8cc7\u6599\u70baArray\n(\n)\n"]
out: {"ret":[{"id":11444829,"parent":10000001,"all_parents":[10000001,10000000],"alias":"\u8a79\u59c6\u58eb","created_at":"2014-11-04T14:28:08+0800","modified_at":"2015-07-22T14:30:14+0800","last_login":"2015-07-22T14:31:11+0800","currency":"CNY","password_expire_at":"2015-08-21T14:30:14+0800","username":"ff6699","enable":true,"block":false,"sub":false,"size":4,"err_num":0}],"result":"ok","profile":{"execution_time":10,"server_number":"135"}}
================================================
active_time: 2015-07-22 17:02:20
SCRIPT_NAME: /api/router.php
REQUEST_URI: /api/router.php?user_id=11444833&handle=getLines&class=User
REMOTE_ADDR: 127.0.0.1
HTTP_USER_AGENT: 
type: GET
url: http://10.251.11.169:80/api/user/10000001
status: 200
exectime: {"total_time":0.032772,"namelookup_time":1.6e-5,"connect_time":0.007141,"pretransfer_time":0.007188}
DEBUG trace: file:/home/disney/company/new-nsk/common/acc_api/ACC.php(238) Call:GetDebug
file:/home/disney/company/new-nsk/common/acc_api/ACC/User.php(419) Call:__callStatic
file:/home/disney/company/new-nsk/common/acc_api/ACC/User.php(419) Call:user__10000001
file:/home/disney/company/new-nsk/common/acc_api/ACC/User.php(444) Call:BufferSinglSeting
file:/home/disney/company/new-nsk/business_classes/User/UserManager.php(211) Call:GetSinglSeting
file:/home/disney/company/new-nsk/business_classes/User/UserManager.php(31) Call:getParentsIdById
file:/home/disney/company/new-nsk/business_classes/User/abstractUser.php(270) Call:instance
file:/home/disney/company/new-nsk/business_classes/User/UserMEM.php(56) Call:isEnableGame
file:/home/disney/company/new-nsk/business_classes/User/UserPitaya.php(122) Call:getLine
file:/home/disney/company/new-nsk/api_controller/User.php(17) Call:getLine
file:/home/disney/company/new-nsk/ClassLibrary/lib_php/model/Router/Router.php(91) Call:getLines
file:/home/disney/company/new-nsk/www/api/router.php(42) Call:execute
headers: ["Sensitive-Data: entrance=1&client_ip=127.0.0.1&run_php=%2Fhome%2Fdisney%2Fcompany%2Fnew-nsk%2Fwww%2Fapi%2Frouter.php+line+%3A42&vendor=rde","Host: sk.dev.d2"]
param: {"fields":{"id":"id","username":"username","alias":"alias","sub":"sub","enable":"enable","block":"block","size":"size","err_num":"err_num","created_at":"created_at","modified_at":"modified_at","password_expire_at":"password_expire_at","last_login":"last_login","currency":"currency","parent":"parent","all_parents":"all_parents"}}
POST data: ["\u900f\u904eAPI\u6240\u4ee5$_POST\u88ab\u79fb\u9664\u4e86,\u539f\u59cbPOST\u8cc7\u6599\u70baArray\n(\n)\n"]
out: {"ret":[{"id":10000001,"parent":10000000,"all_parents":[10000000],"alias":"SK2\u5ef3\u4e3b","created_at":"2009-04-07T18:28:35+0800","modified_at":"2015-07-03T15:51:08+0800","last_login":"2015-07-03T15:50:36+0800","currency":"CNY","password_expire_at":"2015-08-02T15:51:08+0800","username":"esk2","enable":true,"block":false,"sub":false,"size":128,"err_num":1}],"result":"ok","profile":{"execution_time":11,"server_number":"135"}}
================================================
active_time: 2015-07-22 17:02:20
SCRIPT_NAME: /api/router.php
REQUEST_URI: /api/router.php?user_id=11444833&handle=getLines&class=User
REMOTE_ADDR: 127.0.0.1
HTTP_USER_AGENT: 
type: GET
url: http://10.251.11.169:80/api/user/11444833
status: 200
exectime: {"total_time":0.034658,"namelookup_time":2.3e-5,"connect_time":0.007028,"pretransfer_time":0.007084}
DEBUG trace: file:/home/disney/company/new-nsk/common/acc_api/ACC.php(238) Call:GetDebug
file:/home/disney/company/new-nsk/common/acc_api/ACC/User.php(419) Call:__callStatic
file:/home/disney/company/new-nsk/common/acc_api/ACC/User.php(419) Call:user__11444833
file:/home/disney/company/new-nsk/common/acc_api/ACC/User.php(444) Call:BufferSinglSeting
file:/home/disney/company/new-nsk/business_classes/User/UserManager.php(211) Call:GetSinglSeting
file:/home/disney/company/new-nsk/business_classes/User/UserManager.php(31) Call:getParentsIdById
file:/home/disney/company/new-nsk/api_controller/User.php(12) Call:instance
file:/home/disney/company/new-nsk/ClassLibrary/lib_php/model/Router/Router.php(91) Call:getLines
file:/home/disney/company/new-nsk/www/api/router.php(42) Call:execute
headers: ["Sensitive-Data: entrance=1&client_ip=127.0.0.1&run_php=%2Fhome%2Fdisney%2Fcompany%2Fnew-nsk%2Fwww%2Fapi%2Frouter.php+line+%3A42&vendor=rde","Host: sk.dev.d2"]
param: {"fields":{"id":"id","username":"username","alias":"alias","sub":"sub","enable":"enable","block":"block","size":"size","err_num":"err_num","created_at":"created_at","modified_at":"modified_at","password_expire_at":"password_expire_at","last_login":"last_login","currency":"currency","parent":"parent","all_parents":"all_parents"}}
POST data: ["\u900f\u904eAPI\u6240\u4ee5$_POST\u88ab\u79fb\u9664\u4e86,\u539f\u59cbPOST\u8cc7\u6599\u70baArray\n(\n)\n"]
out: {"ret":[{"id":11444833,"parent":11444832,"all_parents":[11444832,11444831,11444830,11444829,10000001,10000000],"alias":"\u8a79\u59c6\u58eb","created_at":"2014-11-04T14:59:48+0800","modified_at":"2015-07-03T12:04:44+0800","last_login":"2015-07-22T15:20:41+0800","currency":"CNY","password_expire_at":"2015-08-02T12:04:44+0800","username":"qq6699","enable":true,"block":false,"sub":false,"size":0,"err_num":0}],"result":"ok","profile":{"execution_time":13,"server_number":"135"}}
================================================
active_time: 2015-07-22 17:02:20
SCRIPT_NAME: /api/router.php
REQUEST_URI: /api/router.php?user_id=11444833&handle=getLines&class=User
REMOTE_ADDR: 127.0.0.1
HTTP_USER_AGENT: 
type: GET
url: http://10.251.11.169:80/api/user/11444829
status: 200
exectime: {"total_time":0.03272,"namelookup_time":1.7e-5,"connect_time":0.007452,"pretransfer_time":0.007514}
DEBUG trace: file:/home/disney/company/new-nsk/common/acc_api/ACC.php(238) Call:GetDebug
file:/home/disney/company/new-nsk/common/acc_api/ACC/User.php(419) Call:__callStatic
file:/home/disney/company/new-nsk/common/acc_api/ACC/User.php(419) Call:user__11444829
file:/home/disney/company/new-nsk/common/acc_api/ACC/User.php(444) Call:BufferSinglSeting
file:/home/disney/company/new-nsk/business_classes/User/UserManager.php(211) Call:GetSinglSeting
file:/home/disney/company/new-nsk/business_classes/User/UserManager.php(31) Call:getParentsIdById
file:/home/disney/company/new-nsk/business_classes/User/abstractUser.php(412) Call:instance
file:/home/disney/company/new-nsk/business_classes/User/UserMEM.php(44) Call:getLine
file:/home/disney/company/new-nsk/business_classes/User/UserPitaya.php(122) Call:getLine
file:/home/disney/company/new-nsk/api_controller/User.php(17) Call:getLine
file:/home/disney/company/new-nsk/ClassLibrary/lib_php/model/Router/Router.php(91) Call:getLines
file:/home/disney/company/new-nsk/www/api/router.php(42) Call:execute
headers: ["Sensitive-Data: entrance=1&client_ip=127.0.0.1&run_php=%2Fhome%2Fdisney%2Fcompany%2Fnew-nsk%2Fwww%2Fapi%2Frouter.php+line+%3A42&vendor=rde","Host: sk.dev.d2"]
param: {"fields":{"id":"id","username":"username","alias":"alias","sub":"sub","enable":"enable","block":"block","size":"size","err_num":"err_num","created_at":"created_at","modified_at":"modified_at","password_expire_at":"password_expire_at","last_login":"last_login","currency":"currency","parent":"parent","all_parents":"all_parents"}}
POST data: ["\u900f\u904eAPI\u6240\u4ee5$_POST\u88ab\u79fb\u9664\u4e86,\u539f\u59cbPOST\u8cc7\u6599\u70baArray\n(\n)\n"]
out: {"ret":[{"id":11444829,"parent":10000001,"all_parents":[10000001,10000000],"alias":"\u8a79\u59c6\u58eb","created_at":"2014-11-04T14:28:08+0800","modified_at":"2015-07-22T14:30:14+0800","last_login":"2015-07-22T14:31:11+0800","currency":"CNY","password_expire_at":"2015-08-21T14:30:14+0800","username":"ff6699","enable":true,"block":false,"sub":false,"size":4,"err_num":0}],"result":"ok","profile":{"execution_time":10,"server_number":"135"}}
================================================
active_time: 2015-07-22 17:02:20
SCRIPT_NAME: /api/router.php
REQUEST_URI: /api/router.php?user_id=11444833&handle=getLines&class=User
REMOTE_ADDR: 127.0.0.1
HTTP_USER_AGENT: 
type: GET
url: http://10.251.11.169:80/api/user/10000001
status: 200
exectime: {"total_time":0.031372,"namelookup_time":1.6e-5,"connect_time":0.007074,"pretransfer_time":0.007114}
DEBUG trace: file:/home/disney/company/new-nsk/common/acc_api/ACC.php(238) Call:GetDebug
file:/home/disney/company/new-nsk/common/acc_api/ACC/User.php(419) Call:__callStatic
file:/home/disney/company/new-nsk/common/acc_api/ACC/User.php(419) Call:user__10000001
file:/home/disney/company/new-nsk/common/acc_api/ACC/User.php(444) Call:BufferSinglSeting
file:/home/disney/company/new-nsk/business_classes/User/UserManager.php(211) Call:GetSinglSeting
file:/home/disney/company/new-nsk/business_classes/User/UserManager.php(31) Call:getParentsIdById
file:/home/disney/company/new-nsk/business_classes/User/abstractUser.php(270) Call:instance
file:/home/disney/company/new-nsk/business_classes/User/UserMEM.php(56) Call:isEnableGame
file:/home/disney/company/new-nsk/business_classes/User/UserPitaya.php(122) Call:getLine
file:/home/disney/company/new-nsk/api_controller/User.php(17) Call:getLine
file:/home/disney/company/new-nsk/ClassLibrary/lib_php/model/Router/Router.php(91) Call:getLines
file:/home/disney/company/new-nsk/www/api/router.php(42) Call:execute
headers: ["Sensitive-Data: entrance=1&client_ip=127.0.0.1&run_php=%2Fhome%2Fdisney%2Fcompany%2Fnew-nsk%2Fwww%2Fapi%2Frouter.php+line+%3A42&vendor=rde","Host: sk.dev.d2"]
param: {"fields":{"id":"id","username":"username","alias":"alias","sub":"sub","enable":"enable","block":"block","size":"size","err_num":"err_num","created_at":"created_at","modified_at":"modified_at","password_expire_at":"password_expire_at","last_login":"last_login","currency":"currency","parent":"parent","all_parents":"all_parents"}}
POST data: ["\u900f\u904eAPI\u6240\u4ee5$_POST\u88ab\u79fb\u9664\u4e86,\u539f\u59cbPOST\u8cc7\u6599\u70baArray\n(\n)\n"]
out: {"ret":[{"id":10000001,"parent":10000000,"all_parents":[10000000],"alias":"SK2\u5ef3\u4e3b","created_at":"2009-04-07T18:28:35+0800","modified_at":"2015-07-03T15:51:08+0800","last_login":"2015-07-03T15:50:36+0800","currency":"CNY","password_expire_at":"2015-08-02T15:51:08+0800","username":"esk2","enable":true,"block":false,"sub":false,"size":128,"err_num":1}],"result":"ok","profile":{"execution_time":10,"server_number":"135"}}
================================================
active_time: 2015-07-22 17:02:34
SCRIPT_NAME: /api/router.php
REQUEST_URI: /api/router.php?user_id=11444833&handle=getLines&class=User
REMOTE_ADDR: 127.0.0.1
HTTP_USER_AGENT: 
type: GET
url: http://10.251.11.169:80/api/user/11444833
status: 200
exectime: {"total_time":0.039817,"namelookup_time":2.5e-5,"connect_time":0.007206,"pretransfer_time":0.007251}
DEBUG trace: file:/home/disney/company/new-nsk/common/acc_api/ACC.php(238) Call:GetDebug
file:/home/disney/company/new-nsk/common/acc_api/ACC/User.php(419) Call:__callStatic
file:/home/disney/company/new-nsk/common/acc_api/ACC/User.php(419) Call:user__11444833
file:/home/disney/company/new-nsk/common/acc_api/ACC/User.php(444) Call:BufferSinglSeting
file:/home/disney/company/new-nsk/business_classes/User/UserManager.php(211) Call:GetSinglSeting
file:/home/disney/company/new-nsk/business_classes/User/UserManager.php(31) Call:getParentsIdById
file:/home/disney/company/new-nsk/api_controller/User.php(12) Call:instance
file:/home/disney/company/new-nsk/ClassLibrary/lib_php/model/Router/Router.php(91) Call:getLines
file:/home/disney/company/new-nsk/www/api/router.php(42) Call:execute
headers: ["Sensitive-Data: entrance=1&client_ip=127.0.0.1&run_php=%2Fhome%2Fdisney%2Fcompany%2Fnew-nsk%2Fwww%2Fapi%2Frouter.php+line+%3A42&vendor=rde","Host: sk.dev.d2"]
param: {"fields":{"id":"id","username":"username","alias":"alias","sub":"sub","enable":"enable","block":"block","size":"size","err_num":"err_num","created_at":"created_at","modified_at":"modified_at","password_expire_at":"password_expire_at","last_login":"last_login","currency":"currency","parent":"parent","all_parents":"all_parents"}}
POST data: ["\u900f\u904eAPI\u6240\u4ee5$_POST\u88ab\u79fb\u9664\u4e86,\u539f\u59cbPOST\u8cc7\u6599\u70baArray\n(\n)\n"]
out: {"ret":[{"id":11444833,"parent":11444832,"all_parents":[11444832,11444831,11444830,11444829,10000001,10000000],"alias":"\u8a79\u59c6\u58eb","created_at":"2014-11-04T14:59:48+0800","modified_at":"2015-07-03T12:04:44+0800","last_login":"2015-07-22T15:20:41+0800","currency":"CNY","password_expire_at":"2015-08-02T12:04:44+0800","username":"qq6699","enable":true,"block":false,"sub":false,"size":0,"err_num":0}],"result":"ok","profile":{"execution_time":16,"server_number":"135"}}
================================================
active_time: 2015-07-22 17:02:34
SCRIPT_NAME: /api/router.php
REQUEST_URI: /api/router.php?user_id=11444833&handle=getLines&class=User
REMOTE_ADDR: 127.0.0.1
HTTP_USER_AGENT: 
type: GET
url: http://10.251.11.169:80/api/user/11444829
status: 200
exectime: {"total_time":0.031862,"namelookup_time":2.1e-5,"connect_time":0.007134,"pretransfer_time":0.007167}
DEBUG trace: file:/home/disney/company/new-nsk/common/acc_api/ACC.php(238) Call:GetDebug
file:/home/disney/company/new-nsk/common/acc_api/ACC/User.php(419) Call:__callStatic
file:/home/disney/company/new-nsk/common/acc_api/ACC/User.php(419) Call:user__11444829
file:/home/disney/company/new-nsk/common/acc_api/ACC/User.php(444) Call:BufferSinglSeting
file:/home/disney/company/new-nsk/business_classes/User/UserManager.php(211) Call:GetSinglSeting
file:/home/disney/company/new-nsk/business_classes/User/UserManager.php(31) Call:getParentsIdById
file:/home/disney/company/new-nsk/business_classes/User/abstractUser.php(412) Call:instance
file:/home/disney/company/new-nsk/business_classes/User/UserMEM.php(44) Call:getLine
file:/home/disney/company/new-nsk/business_classes/User/UserPitaya.php(122) Call:getLine
file:/home/disney/company/new-nsk/api_controller/User.php(17) Call:getLine
file:/home/disney/company/new-nsk/ClassLibrary/lib_php/model/Router/Router.php(91) Call:getLines
file:/home/disney/company/new-nsk/www/api/router.php(42) Call:execute
headers: ["Sensitive-Data: entrance=1&client_ip=127.0.0.1&run_php=%2Fhome%2Fdisney%2Fcompany%2Fnew-nsk%2Fwww%2Fapi%2Frouter.php+line+%3A42&vendor=rde","Host: sk.dev.d2"]
param: {"fields":{"id":"id","username":"username","alias":"alias","sub":"sub","enable":"enable","block":"block","size":"size","err_num":"err_num","created_at":"created_at","modified_at":"modified_at","password_expire_at":"password_expire_at","last_login":"last_login","currency":"currency","parent":"parent","all_parents":"all_parents"}}
POST data: ["\u900f\u904eAPI\u6240\u4ee5$_POST\u88ab\u79fb\u9664\u4e86,\u539f\u59cbPOST\u8cc7\u6599\u70baArray\n(\n)\n"]
out: {"ret":[{"id":11444829,"parent":10000001,"all_parents":[10000001,10000000],"alias":"\u8a79\u59c6\u58eb","created_at":"2014-11-04T14:28:08+0800","modified_at":"2015-07-22T14:30:14+0800","last_login":"2015-07-22T14:31:11+0800","currency":"CNY","password_expire_at":"2015-08-21T14:30:14+0800","username":"ff6699","enable":true,"block":false,"sub":false,"size":4,"err_num":0}],"result":"ok","profile":{"execution_time":10,"server_number":"135"}}
================================================
active_time: 2015-07-22 17:02:34
SCRIPT_NAME: /api/router.php
REQUEST_URI: /api/router.php?user_id=11444833&handle=getLines&class=User
REMOTE_ADDR: 127.0.0.1
HTTP_USER_AGENT: 
type: GET
url: http://10.251.11.169:80/api/user/10000001
status: 200
exectime: {"total_time":0.031012,"namelookup_time":1.4e-5,"connect_time":0.007297,"pretransfer_time":0.00733}
DEBUG trace: file:/home/disney/company/new-nsk/common/acc_api/ACC.php(238) Call:GetDebug
file:/home/disney/company/new-nsk/common/acc_api/ACC/User.php(419) Call:__callStatic
file:/home/disney/company/new-nsk/common/acc_api/ACC/User.php(419) Call:user__10000001
file:/home/disney/company/new-nsk/common/acc_api/ACC/User.php(444) Call:BufferSinglSeting
file:/home/disney/company/new-nsk/business_classes/User/UserManager.php(211) Call:GetSinglSeting
file:/home/disney/company/new-nsk/business_classes/User/UserManager.php(31) Call:getParentsIdById
file:/home/disney/company/new-nsk/business_classes/User/abstractUser.php(270) Call:instance
file:/home/disney/company/new-nsk/business_classes/User/UserMEM.php(56) Call:isEnableGame
file:/home/disney/company/new-nsk/business_classes/User/UserPitaya.php(122) Call:getLine
file:/home/disney/company/new-nsk/api_controller/User.php(17) Call:getLine
file:/home/disney/company/new-nsk/ClassLibrary/lib_php/model/Router/Router.php(91) Call:getLines
file:/home/disney/company/new-nsk/www/api/router.php(42) Call:execute
headers: ["Sensitive-Data: entrance=1&client_ip=127.0.0.1&run_php=%2Fhome%2Fdisney%2Fcompany%2Fnew-nsk%2Fwww%2Fapi%2Frouter.php+line+%3A42&vendor=rde","Host: sk.dev.d2"]
param: {"fields":{"id":"id","username":"username","alias":"alias","sub":"sub","enable":"enable","block":"block","size":"size","err_num":"err_num","created_at":"created_at","modified_at":"modified_at","password_expire_at":"password_expire_at","last_login":"last_login","currency":"currency","parent":"parent","all_parents":"all_parents"}}
POST data: ["\u900f\u904eAPI\u6240\u4ee5$_POST\u88ab\u79fb\u9664\u4e86,\u539f\u59cbPOST\u8cc7\u6599\u70baArray\n(\n)\n"]
out: {"ret":[{"id":10000001,"parent":10000000,"all_parents":[10000000],"alias":"SK2\u5ef3\u4e3b","created_at":"2009-04-07T18:28:35+0800","modified_at":"2015-07-03T15:51:08+0800","last_login":"2015-07-03T15:50:36+0800","currency":"CNY","password_expire_at":"2015-08-02T15:51:08+0800","username":"esk2","enable":true,"block":false,"sub":false,"size":128,"err_num":1}],"result":"ok","profile":{"execution_time":9,"server_number":"135"}}
================================================
active_time: 2015-07-22 17:02:36
SCRIPT_NAME: /api/router.php
REQUEST_URI: /api/router.php?user_id=11444833&handle=getLines&class=User
REMOTE_ADDR: 127.0.0.1
HTTP_USER_AGENT: 
type: GET
url: http://10.251.11.169:80/api/user/11444833
status: 200
exectime: {"total_time":0.034453,"namelookup_time":2.6e-5,"connect_time":0.007326,"pretransfer_time":0.007512}
DEBUG trace: file:/home/disney/company/new-nsk/common/acc_api/ACC.php(238) Call:GetDebug
file:/home/disney/company/new-nsk/common/acc_api/ACC/User.php(419) Call:__callStatic
file:/home/disney/company/new-nsk/common/acc_api/ACC/User.php(419) Call:user__11444833
file:/home/disney/company/new-nsk/common/acc_api/ACC/User.php(444) Call:BufferSinglSeting
file:/home/disney/company/new-nsk/business_classes/User/UserManager.php(211) Call:GetSinglSeting
file:/home/disney/company/new-nsk/business_classes/User/UserManager.php(31) Call:getParentsIdById
file:/home/disney/company/new-nsk/api_controller/User.php(12) Call:instance
file:/home/disney/company/new-nsk/ClassLibrary/lib_php/model/Router/Router.php(91) Call:getLines
file:/home/disney/company/new-nsk/www/api/router.php(42) Call:execute
headers: ["Sensitive-Data: entrance=1&client_ip=127.0.0.1&run_php=%2Fhome%2Fdisney%2Fcompany%2Fnew-nsk%2Fwww%2Fapi%2Frouter.php+line+%3A42&vendor=rde","Host: sk.dev.d2"]
param: {"fields":{"id":"id","username":"username","alias":"alias","sub":"sub","enable":"enable","block":"block","size":"size","err_num":"err_num","created_at":"created_at","modified_at":"modified_at","password_expire_at":"password_expire_at","last_login":"last_login","currency":"currency","parent":"parent","all_parents":"all_parents"}}
POST data: ["\u900f\u904eAPI\u6240\u4ee5$_POST\u88ab\u79fb\u9664\u4e86,\u539f\u59cbPOST\u8cc7\u6599\u70baArray\n(\n)\n"]
out: {"ret":[{"id":11444833,"parent":11444832,"all_parents":[11444832,11444831,11444830,11444829,10000001,10000000],"alias":"\u8a79\u59c6\u58eb","created_at":"2014-11-04T14:59:48+0800","modified_at":"2015-07-03T12:04:44+0800","last_login":"2015-07-22T15:20:41+0800","currency":"CNY","password_expire_at":"2015-08-02T12:04:44+0800","username":"qq6699","enable":true,"block":false,"sub":false,"size":0,"err_num":0}],"result":"ok","profile":{"execution_time":12,"server_number":"135"}}
================================================
active_time: 2015-07-22 17:02:36
SCRIPT_NAME: /api/router.php
REQUEST_URI: /api/router.php?user_id=11444833&handle=getLines&class=User
REMOTE_ADDR: 127.0.0.1
HTTP_USER_AGENT: 
type: GET
url: http://10.251.11.169:80/api/user/11444829
status: 200
exectime: {"total_time":0.03586,"namelookup_time":0.000236,"connect_time":0.008934,"pretransfer_time":0.009169}
DEBUG trace: file:/home/disney/company/new-nsk/common/acc_api/ACC.php(238) Call:GetDebug
file:/home/disney/company/new-nsk/common/acc_api/ACC/User.php(419) Call:__callStatic
file:/home/disney/company/new-nsk/common/acc_api/ACC/User.php(419) Call:user__11444829
file:/home/disney/company/new-nsk/common/acc_api/ACC/User.php(444) Call:BufferSinglSeting
file:/home/disney/company/new-nsk/business_classes/User/UserManager.php(211) Call:GetSinglSeting
file:/home/disney/company/new-nsk/business_classes/User/UserManager.php(31) Call:getParentsIdById
file:/home/disney/company/new-nsk/business_classes/User/abstractUser.php(412) Call:instance
file:/home/disney/company/new-nsk/business_classes/User/UserMEM.php(44) Call:getLine
file:/home/disney/company/new-nsk/business_classes/User/UserPitaya.php(122) Call:getLine
file:/home/disney/company/new-nsk/api_controller/User.php(17) Call:getLine
file:/home/disney/company/new-nsk/ClassLibrary/lib_php/model/Router/Router.php(91) Call:getLines
file:/home/disney/company/new-nsk/www/api/router.php(42) Call:execute
headers: ["Sensitive-Data: entrance=1&client_ip=127.0.0.1&run_php=%2Fhome%2Fdisney%2Fcompany%2Fnew-nsk%2Fwww%2Fapi%2Frouter.php+line+%3A42&vendor=rde","Host: sk.dev.d2"]
param: {"fields":{"id":"id","username":"username","alias":"alias","sub":"sub","enable":"enable","block":"block","size":"size","err_num":"err_num","created_at":"created_at","modified_at":"modified_at","password_expire_at":"password_expire_at","last_login":"last_login","currency":"currency","parent":"parent","all_parents":"all_parents"}}
POST data: ["\u900f\u904eAPI\u6240\u4ee5$_POST\u88ab\u79fb\u9664\u4e86,\u539f\u59cbPOST\u8cc7\u6599\u70baArray\n(\n)\n"]
out: {"ret":[{"id":11444829,"parent":10000001,"all_parents":[10000001,10000000],"alias":"\u8a79\u59c6\u58eb","created_at":"2014-11-04T14:28:08+0800","modified_at":"2015-07-22T14:30:14+0800","last_login":"2015-07-22T14:31:11+0800","currency":"CNY","password_expire_at":"2015-08-21T14:30:14+0800","username":"ff6699","enable":true,"block":false,"sub":false,"size":4,"err_num":0}],"result":"ok","profile":{"execution_time":11,"server_number":"135"}}
================================================
active_time: 2015-07-22 17:02:36
SCRIPT_NAME: /api/router.php
REQUEST_URI: /api/router.php?user_id=11444833&handle=getLines&class=User
REMOTE_ADDR: 127.0.0.1
HTTP_USER_AGENT: 
type: GET
url: http://10.251.11.169:80/api/user/10000001
status: 200
exectime: {"total_time":0.03156,"namelookup_time":5.7e-5,"connect_time":0.007474,"pretransfer_time":0.007742}
DEBUG trace: file:/home/disney/company/new-nsk/common/acc_api/ACC.php(238) Call:GetDebug
file:/home/disney/company/new-nsk/common/acc_api/ACC/User.php(419) Call:__callStatic
file:/home/disney/company/new-nsk/common/acc_api/ACC/User.php(419) Call:user__10000001
file:/home/disney/company/new-nsk/common/acc_api/ACC/User.php(444) Call:BufferSinglSeting
file:/home/disney/company/new-nsk/business_classes/User/UserManager.php(211) Call:GetSinglSeting
file:/home/disney/company/new-nsk/business_classes/User/UserManager.php(31) Call:getParentsIdById
file:/home/disney/company/new-nsk/business_classes/User/abstractUser.php(270) Call:instance
file:/home/disney/company/new-nsk/business_classes/User/UserMEM.php(56) Call:isEnableGame
file:/home/disney/company/new-nsk/business_classes/User/UserPitaya.php(122) Call:getLine
file:/home/disney/company/new-nsk/api_controller/User.php(17) Call:getLine
file:/home/disney/company/new-nsk/ClassLibrary/lib_php/model/Router/Router.php(91) Call:getLines
file:/home/disney/company/new-nsk/www/api/router.php(42) Call:execute
headers: ["Sensitive-Data: entrance=1&client_ip=127.0.0.1&run_php=%2Fhome%2Fdisney%2Fcompany%2Fnew-nsk%2Fwww%2Fapi%2Frouter.php+line+%3A42&vendor=rde","Host: sk.dev.d2"]
param: {"fields":{"id":"id","username":"username","alias":"alias","sub":"sub","enable":"enable","block":"block","size":"size","err_num":"err_num","created_at":"created_at","modified_at":"modified_at","password_expire_at":"password_expire_at","last_login":"last_login","currency":"currency","parent":"parent","all_parents":"all_parents"}}
POST data: ["\u900f\u904eAPI\u6240\u4ee5$_POST\u88ab\u79fb\u9664\u4e86,\u539f\u59cbPOST\u8cc7\u6599\u70baArray\n(\n)\n"]
out: {"ret":[{"id":10000001,"parent":10000000,"all_parents":[10000000],"alias":"SK2\u5ef3\u4e3b","created_at":"2009-04-07T18:28:35+0800","modified_at":"2015-07-03T15:51:08+0800","last_login":"2015-07-03T15:50:36+0800","currency":"CNY","password_expire_at":"2015-08-02T15:51:08+0800","username":"esk2","enable":true,"block":false,"sub":false,"size":128,"err_num":1}],"result":"ok","profile":{"execution_time":9,"server_number":"135"}}
