================================================
active_time: 2015-07-21 11:05:19
SCRIPT_NAME: /member/longdragon_ajax.php
REQUEST_URI: /member/longdragon_ajax.php?lang=gb&game=CQSF&tab=opposite&type=win&getmore=false
REMOTE_ADDR: 127.0.0.1
HTTP_USER_AGENT: Mozilla/5.0 (X11; Linux x86_64) AppleWebKit/537.36 (KHTML, like Gecko) Chrome/43.0.2357.134 Safari/537.36
type: GET
url: http://127.0.0.1:80/pt/api/longdragon/data
status: 200
exectime: {"total_time":0.158626,"namelookup_time":2.5e-5,"connect_time":0.000114,"pretransfer_time":0.00014}
headers: ["Host:mem.sk2.lottery"]

    >   /home/disney/company/new-nsk/business_classes/Log/CurlLog.php:63
    >   /home/disney/company/new-nsk/common/pitaya_api/PITAYA.php:100
    >   /home/disney/company/new-nsk/common/pitaya_api/PITAYA.php:66
    >   /home/disney/company/new-nsk/www/member/longdragon_ajax.php:139
    >   /home/disney/company/new-nsk/www/member/longdragon_ajax.php:53

param: {"lang":"gb","game":"CQSF","tab":"opposite","type":"win"}
POST data: {"lang":"gb","game":"CQSF","tab":"opposite","type":"win"}
out: {"ret":{"game_id":{"CQSF":"1"},"data":[{"gtype":"\u91cd\u5e86\u5e78\u8fd0\u519c\u573a","count":1,"choose":"1:SUM:ODD","name":"\u7b2c\u4e00\u7403 \u548c\u5355","wagers_type":"\/pt\/mem\/order\/CQSF#\/GENERAL\/1:SUM:ODD"},{"gtype":"\u91cd\u5e86\u5e78\u8fd0\u519c\u573a","count":1,"choose":"1:ODD","name":"\u7b2c\u4e00\u7403 \u5355","wagers_type":"\/pt\/mem\/order\/CQSF#\/GENERAL\/1:ODD"},{"gtype":"\u91cd\u5e86\u5e78\u8fd0\u519c\u573a","count":1,"choose":"2:EVEN","name":"\u7b2c\u4e8c\u7403 \u53cc","wagers_type":"\/pt\/mem\/order\/CQSF#\/GENERAL\/2:EVEN"},{"gtype":"\u91cd\u5e86\u5e78\u8fd0\u519c\u573a","count":1,"choose":"7:LAST:OVER","name":"\u7b2c\u4e03\u7403 \u5c3e\u5927","wagers_type":"\/pt\/mem\/order\/CQSF#\/GENERAL\/7:LAST:OVER"},{"gtype":"\u91cd\u5e86\u5e78\u8fd0\u519c\u573a","count":1,"choose":"7:UNDER","name":"\u7b2c\u4e03\u7403 \u5c0f","wagers_type":"\/pt\/mem\/order\/CQSF#\/GENERAL\/7:UNDER"},{"gtype":"\u91cd\u5e86\u5e78\u8fd0\u519c\u573a","count":1,"choose":"6:UNDER","name":"\u7b2c\u516d\u7403 \u5c0f","wagers_type":"\/pt\/mem\/order\/CQSF#\/GENERAL\/6:UNDER"},{"gtype":"\u91cd\u5e86\u5e78\u8fd0\u519c\u573a","count":1,"choose":"4:UNDER","name":"\u7b2c\u56db\u7403 \u5c0f","wagers_type":"\/pt\/mem\/order\/CQSF#\/GENERAL\/4:UNDER"},{"gtype":"\u91cd\u5e86\u5e78\u8fd0\u519c\u573a","count":1,"choose":"3:LAST:UNDER","name":"\u7b2c\u4e09\u7403 \u5c3e\u5c0f","wagers_type":"\/pt\/mem\/order\/CQSF#\/GENERAL\/3:LAST:UNDER"},{"gtype":"\u91cd\u5e86\u5e78\u8fd0\u519c\u573a","count":1,"choose":"5:UNDER","name":"\u7b2c\u4e94\u7403 \u5c0f","wagers_type":"\/pt\/mem\/order\/CQSF#\/GENERAL\/5:UNDER"},{"gtype":"\u91cd\u5e86\u5e78\u8fd0\u519c\u573a","count":1,"choose":"3:ODD","name":"\u7b2c\u4e09\u7403 \u5355","wagers_type":"\/pt\/mem\/order\/CQSF#\/GENERAL\/3:ODD"},{"gtype":"\u91cd\u5e86\u5e78\u8fd0\u519c\u573a","count":1,"choose":"6:LAST:OVER","name":"\u7b2c\u516d\u7403 \u5c3e\u5927","wagers_type":"\/pt\/mem\/order\/CQSF#\/GENERAL\/6:LAST:OVER"},{"gtype":"\u91cd\u5e86\u5e78\u8fd0\u519c\u573a","count":1,"choose":"1:LAST:UNDER","name":"\u7b2c\u4e00\u7403 \u5c3e\u5c0f","wagers_type":"\/pt\/mem\/order\/CQSF#\/GENERAL\/1:LAST:UNDER"},{"gtype":"\u91cd\u5e86\u5e78\u8fd0\u519c\u573a","count":1,"choose":"4:LAST:UNDER","name":"\u7b2c\u56db\u7403 \u5c3e\u5c0f","wagers_type":"\/pt\/mem\/order\/CQSF#\/GENERAL\/4:LAST:UNDER"},{"gtype":"\u91cd\u5e86\u5e78\u8fd0\u519c\u573a","count":1,"choose":"2:LAST:UNDER","name":"\u7b2c\u4e8c\u7403 \u5c3e\u5c0f","wagers_type":"\/pt\/mem\/order\/CQSF#\/GENERAL\/2:LAST:UNDER"},{"gtype":"\u91cd\u5e86\u5e78\u8fd0\u519c\u573a","count":1,"choose":"7:ODD","name":"\u7b2c\u4e03\u7403 \u5355","wagers_type":"\/pt\/mem\/order\/CQSF#\/GENERAL\/7:ODD"},{"gtype":"\u91cd\u5e86\u5e78\u8fd0\u519c\u573a","count":1,"choose":"5:LAST:OVER","name":"\u7b2c\u4e94\u7403 \u5c3e\u5927","wagers_type":"\/pt\/mem\/order\/CQSF#\/GENERAL\/5:LAST:OVER"},{"gtype":"\u91cd\u5e86\u5e78\u8fd0\u519c\u573a","count":1,"choose":"4:EVEN","name":"\u7b2c\u56db\u7403 \u53cc","wagers_type":"\/pt\/mem\/order\/CQSF#\/GENERAL\/4:EVEN"},{"gtype":"\u91cd\u5e86\u5e78\u8fd0\u519c\u573a","count":1,"choose":"5:ODD","name":"\u7b2c\u4e94\u7403 \u5355","wagers_type":"\/pt\/mem\/order\/CQSF#\/GENERAL\/5:ODD"},{"gtype":"\u91cd\u5e86\u5e78\u8fd0\u519c\u573a","count":1,"choose":"6:EVEN","name":"\u7b2c\u516d\u7403 \u53cc","wagers_type":"\/pt\/mem\/order\/CQSF#\/GENERAL\/6:EVEN"},{"gtype":"\u91cd\u5e86\u5e78\u8fd0\u519c\u573a","count":1,"choose":"3:UNDER","name":"\u7b2c\u4e09\u7403 \u5c0f","wagers_type":"\/pt\/mem\/order\/CQSF#\/GENERAL\/3:UNDER"},{"gtype":"\u91cd\u5e86\u5e78\u8fd0\u519c\u573a","count":1,"choose":"2:SUM:EVEN","name":"\u7b2c\u4e8c\u7403 \u548c\u53cc","wagers_type":"\/pt\/mem\/order\/CQSF#\/GENERAL\/2:SUM:EVEN"},{"gtype":"\u91cd\u5e86\u5e78\u8fd0\u519c\u573a","count":1,"choose":"6:SUM:EVEN","name":"\u7b2c\u516d\u7403 \u548c\u53cc","wagers_type":"\/pt\/mem\/order\/CQSF#\/GENERAL\/6:SUM:EVEN"},{"gtype":"\u91cd\u5e86\u5e78\u8fd0\u519c\u573a","count":1,"choose":"ALL:SUM:UNDER","name":"\u603b\u548c\u5c0f","wagers_type":"\/pt\/mem\/order\/CQSF#\/GENERAL\/ALL:SUM:UNDER"},{"gtype":"\u91cd\u5e86\u5e78\u8fd0\u519c\u573a","count":1,"choose":"5:SUM:ODD","name":"\u7b2c\u4e94\u7403 \u548c\u5355","wagers_type":"\/pt\/mem\/order\/CQSF#\/GENERAL\/5:SUM:ODD"},{"gtype":"\u91cd\u5e86\u5e78\u8fd0\u519c\u573a","count":1,"choose":"S:SUM:EVEN","name":"\u7279\u522b\u53f7 \u548c\u53cc","wagers_type":"\/pt\/mem\/order\/CQSF#\/GENERAL\/S:SUM:EVEN"},{"gtype":"\u91cd\u5e86\u5e78\u8fd0\u519c\u573a","count":1,"choose":"S:LAST:OVER","name":"\u7279\u522b\u53f7 \u5c3e\u5927","wagers_type":"\/pt\/mem\/order\/CQSF#\/GENERAL\/S:LAST:OVER"},{"gtype":"\u91cd\u5e86\u5e78\u8fd0\u519c\u573a","count":1,"choose":"S:UNDER","name":"\u7279\u522b\u53f7 \u5c0f","wagers_type":"\/pt\/mem\/order\/CQSF#\/GENERAL\/S:UNDER"},{"gtype":"\u91cd\u5e86\u5e78\u8fd0\u519c\u573a","count":1,"choose":"S:EVEN","name":"\u7279\u522b\u53f7 \u53cc","wagers_type":"\/pt\/mem\/order\/CQSF#\/GENERAL\/S:EVEN"},{"gtype":"\u91cd\u5e86\u5e78\u8fd0\u519c\u573a","count":1,"choose":"7:SUM:ODD","name":"\u7b2c\u4e03\u7403 \u548c\u5355","wagers_type":"\/pt\/mem\/order\/CQSF#\/GENERAL\/7:SUM:ODD"},{"gtype":"\u91cd\u5e86\u5e78\u8fd0\u519c\u573a","count":1,"choose":"ALL:SUM:LAST:OVER","name":"\u603b\u548c\u5c3e\u5927","wagers_type":"\/pt\/mem\/order\/CQSF#\/GENERAL\/ALL:SUM:LAST:OVER"},{"gtype":"\u91cd\u5e86\u5e78\u8fd0\u519c\u573a","count":1,"choose":"ALL:SUM:EVEN","name":"\u603b\u548c\u53cc","wagers_type":"\/pt\/mem\/order\/CQSF#\/GENERAL\/ALL:SUM:EVEN"},{"gtype":"\u91cd\u5e86\u5e78\u8fd0\u519c\u573a","count":1,"choose":"1:UNDER","name":"\u7b2c\u4e00\u7403 \u5c0f","wagers_type":"\/pt\/mem\/order\/CQSF#\/GENERAL\/1:UNDER"},{"gtype":"\u91cd\u5e86\u5e78\u8fd0\u519c\u573a","count":1,"choose":"4:SUM:EVEN","name":"\u7b2c\u56db\u7403 \u548c\u53cc","wagers_type":"\/pt\/mem\/order\/CQSF#\/GENERAL\/4:SUM:EVEN"},{"gtype":"\u91cd\u5e86\u5e78\u8fd0\u519c\u573a","count":1,"choose":"3:SUM:ODD","name":"\u7b2c\u4e09\u7403 \u548c\u5355","wagers_type":"\/pt\/mem\/order\/CQSF#\/GENERAL\/3:SUM:ODD"},{"gtype":"\u91cd\u5e86\u5e78\u8fd0\u519c\u573a","count":1,"choose":"1:S:TIGER","name":"\u864e","wagers_type":"\/pt\/mem\/order\/CQSF#\/GENERAL\/1:S:TIGER"},{"gtype":"\u91cd\u5e86\u5e78\u8fd0\u519c\u573a","count":1,"choose":"2:UNDER","name":"\u7b2c\u4e8c\u7403 \u5c0f","wagers_type":"\/pt\/mem\/order\/CQSF#\/GENERAL\/2:UNDER"}]},"error":null,"code":null,"result":true,"profile":{"execute_time":0.059124946594238}}
================================================
active_time: 2015-07-21 11:29:08
SCRIPT_NAME: /member/longdragon_ajax.php
REQUEST_URI: /member/longdragon_ajax.php?lang=gb&game=BBPK&tab=opposite&type=win&getmore=false
REMOTE_ADDR: 127.0.0.1
HTTP_USER_AGENT: Mozilla/5.0 (X11; Linux x86_64) AppleWebKit/537.36 (KHTML, like Gecko) Chrome/43.0.2357.134 Safari/537.36
type: GET
url: http://127.0.0.1:80/pt/api/longdragon/data
status: 200
exectime: {"total_time":1.654365,"namelookup_time":2.2e-5,"connect_time":0.000115,"pretransfer_time":0.000141}
headers: ["Host:mem.sk2.lottery"]

    >   /home/disney/company/new-nsk/business_classes/Log/CurlLog.php:63
    >   /home/disney/company/new-nsk/common/pitaya_api/PITAYA.php:100
    >   /home/disney/company/new-nsk/common/pitaya_api/PITAYA.php:66
    >   /home/disney/company/new-nsk/www/member/longdragon_ajax.php:139
    >   /home/disney/company/new-nsk/www/member/longdragon_ajax.php:53

param: {"lang":"gb","game":"BBPK","tab":"opposite","type":"win"}
POST data: {"lang":"gb","game":"BBPK","tab":"opposite","type":"win"}
out: {"ret":[],"error":null,"code":null,"result":true,"profile":{"execute_time":0.31542110443115}}
================================================
active_time: 2015-07-21 11:29:28
SCRIPT_NAME: /member/longdragon_ajax.php
REQUEST_URI: /member/longdragon_ajax.php?lang=gb&game=BBPK&tab=opposite&type=loss&getmore=false
REMOTE_ADDR: 127.0.0.1
HTTP_USER_AGENT: Mozilla/5.0 (X11; Linux x86_64) AppleWebKit/537.36 (KHTML, like Gecko) Chrome/43.0.2357.134 Safari/537.36
type: GET
url: http://127.0.0.1:80/pt/api/longdragon/data
status: 200
exectime: {"total_time":0.041297,"namelookup_time":2.5e-5,"connect_time":0.000105,"pretransfer_time":0.000132}
headers: ["Host:mem.sk2.lottery"]

    >   /home/disney/company/new-nsk/business_classes/Log/CurlLog.php:63
    >   /home/disney/company/new-nsk/common/pitaya_api/PITAYA.php:100
    >   /home/disney/company/new-nsk/common/pitaya_api/PITAYA.php:66
    >   /home/disney/company/new-nsk/www/member/longdragon_ajax.php:139
    >   /home/disney/company/new-nsk/www/member/longdragon_ajax.php:53

param: {"lang":"gb","game":"BBPK","tab":"opposite","type":"loss"}
POST data: {"lang":"gb","game":"BBPK","tab":"opposite","type":"loss"}
out: {"ret":[],"error":null,"code":null,"result":true,"profile":{"execute_time":0.025252103805542}}
================================================
active_time: 2015-07-21 11:29:29
SCRIPT_NAME: /member/longdragon_ajax.php
REQUEST_URI: /member/longdragon_ajax.php?lang=gb&game=BBPK&tab=opposite&type=win&getmore=false
REMOTE_ADDR: 127.0.0.1
HTTP_USER_AGENT: Mozilla/5.0 (X11; Linux x86_64) AppleWebKit/537.36 (KHTML, like Gecko) Chrome/43.0.2357.134 Safari/537.36
type: GET
url: http://127.0.0.1:80/pt/api/longdragon/data
status: 200
exectime: {"total_time":0.041431,"namelookup_time":6.7e-5,"connect_time":0.000361,"pretransfer_time":0.000469}
headers: ["Host:mem.sk2.lottery"]

    >   /home/disney/company/new-nsk/business_classes/Log/CurlLog.php:63
    >   /home/disney/company/new-nsk/common/pitaya_api/PITAYA.php:100
    >   /home/disney/company/new-nsk/common/pitaya_api/PITAYA.php:66
    >   /home/disney/company/new-nsk/www/member/longdragon_ajax.php:139
    >   /home/disney/company/new-nsk/www/member/longdragon_ajax.php:53

param: {"lang":"gb","game":"BBPK","tab":"opposite","type":"win"}
POST data: {"lang":"gb","game":"BBPK","tab":"opposite","type":"win"}
out: {"ret":[],"error":null,"code":null,"result":true,"profile":{"execute_time":0.024352073669434}}
================================================
active_time: 2015-07-21 11:29:31
SCRIPT_NAME: /member/longdragon_ajax.php
REQUEST_URI: /member/longdragon_ajax.php?lang=gb&game=BBPK&tab=opposite&type=hit&getmore=true&ldTab=opposite&ldType=win
REMOTE_ADDR: 127.0.0.1
HTTP_USER_AGENT: Mozilla/5.0 (X11; Linux x86_64) AppleWebKit/537.36 (KHTML, like Gecko) Chrome/43.0.2357.134 Safari/537.36
type: GET
url: http://127.0.0.1:80/pt/api/longdragon/data
status: 200
exectime: {"total_time":0.041188,"namelookup_time":6.9e-5,"connect_time":0.000403,"pretransfer_time":0.000461}
headers: ["Host:mem.sk2.lottery"]

    >   /home/disney/company/new-nsk/business_classes/Log/CurlLog.php:63
    >   /home/disney/company/new-nsk/common/pitaya_api/PITAYA.php:100
    >   /home/disney/company/new-nsk/common/pitaya_api/PITAYA.php:66
    >   /home/disney/company/new-nsk/www/member/longdragon_ajax.php:139
    >   /home/disney/company/new-nsk/www/member/longdragon_ajax.php:53

param: {"lang":"gb","game":"BBPK","tab":"opposite","type":"win"}
POST data: {"lang":"gb","game":"BBPK","tab":"opposite","type":"win"}
out: {"ret":[],"error":null,"code":null,"result":true,"profile":{"execute_time":0.021854877471924}}
================================================
active_time: 2015-07-21 11:36:26
SCRIPT_NAME: /member/longdragon_ajax.php
REQUEST_URI: /member/longdragon_ajax.php?lang=gb&game=PL3D&tab=opposite&type=win&getmore=false
REMOTE_ADDR: 127.0.0.1
HTTP_USER_AGENT: Mozilla/5.0 (X11; Linux x86_64) AppleWebKit/537.36 (KHTML, like Gecko) Chrome/43.0.2357.134 Safari/537.36
type: GET
url: http://127.0.0.1:80/pt/api/longdragon/data
status: 200
exectime: {"total_time":0.187427,"namelookup_time":1.2e-5,"connect_time":6.4e-5,"pretransfer_time":8.5e-5}
headers: ["Host:mem.sk2.lottery"]

    >   /home/disney/company/new-nsk/business_classes/Log/CurlLog.php:63
    >   /home/disney/company/new-nsk/common/pitaya_api/PITAYA.php:100
    >   /home/disney/company/new-nsk/common/pitaya_api/PITAYA.php:66
    >   /home/disney/company/new-nsk/www/member/longdragon_ajax.php:139
    >   /home/disney/company/new-nsk/www/member/longdragon_ajax.php:53

param: {"lang":"gb","game":"PL3D","tab":"opposite","type":"win"}
POST data: {"lang":"gb","game":"PL3D","tab":"opposite","type":"win"}
out: {"ret":[],"error":null,"code":null,"result":true,"profile":{"execute_time":0.027013063430786}}
================================================
active_time: 2015-07-21 11:36:49
SCRIPT_NAME: /member/longdragon_ajax.php
REQUEST_URI: /member/longdragon_ajax.php?lang=gb&game=BBPK&tab=opposite&type=win&getmore=false
REMOTE_ADDR: 127.0.0.1
HTTP_USER_AGENT: Mozilla/5.0 (X11; Linux x86_64) AppleWebKit/537.36 (KHTML, like Gecko) Chrome/43.0.2357.134 Safari/537.36
type: GET
url: http://127.0.0.1:80/pt/api/longdragon/data
status: 200
exectime: {"total_time":0.056773,"namelookup_time":2.3e-5,"connect_time":0.000103,"pretransfer_time":0.00013}
headers: ["Host:mem.sk2.lottery"]

    >   /home/disney/company/new-nsk/business_classes/Log/CurlLog.php:63
    >   /home/disney/company/new-nsk/common/pitaya_api/PITAYA.php:100
    >   /home/disney/company/new-nsk/common/pitaya_api/PITAYA.php:66
    >   /home/disney/company/new-nsk/www/member/longdragon_ajax.php:139
    >   /home/disney/company/new-nsk/www/member/longdragon_ajax.php:53

param: {"lang":"gb","game":"BBPK","tab":"opposite","type":"win"}
POST data: {"lang":"gb","game":"BBPK","tab":"opposite","type":"win"}
out: {"ret":[],"error":null,"code":null,"result":true,"profile":{"execute_time":0.032284021377563}}
================================================
active_time: 2015-07-21 11:37:32
SCRIPT_NAME: /member/longdragon_ajax.php
REQUEST_URI: /member/longdragon_ajax.php?lang=gb&game=BB3D&tab=opposite&type=win&getmore=false
REMOTE_ADDR: 127.0.0.1
HTTP_USER_AGENT: Mozilla/5.0 (X11; Linux x86_64) AppleWebKit/537.36 (KHTML, like Gecko) Chrome/43.0.2357.134 Safari/537.36
type: GET
url: http://127.0.0.1:80/pt/api/longdragon/data
status: 200
exectime: {"total_time":0.162121,"namelookup_time":8.6e-5,"connect_time":0.00041,"pretransfer_time":0.000503}
headers: ["Host:mem.sk2.lottery"]

    >   /home/disney/company/new-nsk/business_classes/Log/CurlLog.php:63
    >   /home/disney/company/new-nsk/common/pitaya_api/PITAYA.php:100
    >   /home/disney/company/new-nsk/common/pitaya_api/PITAYA.php:66
    >   /home/disney/company/new-nsk/www/member/longdragon_ajax.php:139
    >   /home/disney/company/new-nsk/www/member/longdragon_ajax.php:53

param: {"lang":"gb","game":"BB3D","tab":"opposite","type":"win"}
POST data: {"lang":"gb","game":"BB3D","tab":"opposite","type":"win"}
out: {"ret":[],"error":null,"code":null,"result":true,"profile":{"execute_time":0.031322002410889}}
================================================
active_time: 2015-07-21 11:38:32
SCRIPT_NAME: /member/longdragon_ajax.php
REQUEST_URI: /member/longdragon_ajax.php?lang=gb&game=BB3D&tab=opposite&type=win&getmore=false
REMOTE_ADDR: 127.0.0.1
HTTP_USER_AGENT: Mozilla/5.0 (X11; Linux x86_64) AppleWebKit/537.36 (KHTML, like Gecko) Chrome/43.0.2357.134 Safari/537.36
type: GET
url: http://127.0.0.1:80/pt/api/longdragon/data
status: 200
exectime: {"total_time":0.032768,"namelookup_time":1.1e-5,"connect_time":7.4e-5,"pretransfer_time":9.5e-5}
headers: ["Host:mem.sk2.lottery"]

    >   /home/disney/company/new-nsk/business_classes/Log/CurlLog.php:63
    >   /home/disney/company/new-nsk/common/pitaya_api/PITAYA.php:100
    >   /home/disney/company/new-nsk/common/pitaya_api/PITAYA.php:66
    >   /home/disney/company/new-nsk/www/member/longdragon_ajax.php:139
    >   /home/disney/company/new-nsk/www/member/longdragon_ajax.php:53

param: {"lang":"gb","game":"BB3D","tab":"opposite","type":"win"}
POST data: {"lang":"gb","game":"BB3D","tab":"opposite","type":"win"}
out: {"ret":[],"error":null,"code":null,"result":true,"profile":{"execute_time":0.019465923309326}}
================================================
active_time: 2015-07-21 11:39:34
SCRIPT_NAME: /member/longdragon_ajax.php
REQUEST_URI: /member/longdragon_ajax.php?lang=gb&game=BB3D&tab=opposite&type=win&getmore=false
REMOTE_ADDR: 127.0.0.1
HTTP_USER_AGENT: Mozilla/5.0 (X11; Linux x86_64) AppleWebKit/537.36 (KHTML, like Gecko) Chrome/43.0.2357.134 Safari/537.36
type: GET
url: http://127.0.0.1:80/pt/api/longdragon/data
status: 200
exectime: {"total_time":0.038356,"namelookup_time":1.7e-5,"connect_time":7.3e-5,"pretransfer_time":9.5e-5}
headers: ["Host:mem.sk2.lottery"]

    >   /home/disney/company/new-nsk/business_classes/Log/CurlLog.php:63
    >   /home/disney/company/new-nsk/common/pitaya_api/PITAYA.php:100
    >   /home/disney/company/new-nsk/common/pitaya_api/PITAYA.php:66
    >   /home/disney/company/new-nsk/www/member/longdragon_ajax.php:139
    >   /home/disney/company/new-nsk/www/member/longdragon_ajax.php:53

param: {"lang":"gb","game":"BB3D","tab":"opposite","type":"win"}
POST data: {"lang":"gb","game":"BB3D","tab":"opposite","type":"win"}
out: {"ret":[],"error":null,"code":null,"result":true,"profile":{"execute_time":0.021054983139038}}
================================================
active_time: 2015-07-21 11:40:32
SCRIPT_NAME: /member/longdragon_ajax.php
REQUEST_URI: /member/longdragon_ajax.php?lang=gb&game=BB3D&tab=opposite&type=win&getmore=false
REMOTE_ADDR: 127.0.0.1
HTTP_USER_AGENT: Mozilla/5.0 (X11; Linux x86_64) AppleWebKit/537.36 (KHTML, like Gecko) Chrome/43.0.2357.134 Safari/537.36
type: GET
url: http://127.0.0.1:80/pt/api/longdragon/data
status: 200
exectime: {"total_time":0.044445,"namelookup_time":7.2e-5,"connect_time":0.000334,"pretransfer_time":0.000385}
headers: ["Host:mem.sk2.lottery"]

    >   /home/disney/company/new-nsk/business_classes/Log/CurlLog.php:63
    >   /home/disney/company/new-nsk/common/pitaya_api/PITAYA.php:100
    >   /home/disney/company/new-nsk/common/pitaya_api/PITAYA.php:66
    >   /home/disney/company/new-nsk/www/member/longdragon_ajax.php:139
    >   /home/disney/company/new-nsk/www/member/longdragon_ajax.php:53

param: {"lang":"gb","game":"BB3D","tab":"opposite","type":"win"}
POST data: {"lang":"gb","game":"BB3D","tab":"opposite","type":"win"}
out: {"ret":[],"error":null,"code":null,"result":true,"profile":{"execute_time":0.022220134735107}}
================================================
active_time: 2015-07-21 11:41:32
SCRIPT_NAME: /member/longdragon_ajax.php
REQUEST_URI: /member/longdragon_ajax.php?lang=gb&game=BB3D&tab=opposite&type=win&getmore=false
REMOTE_ADDR: 127.0.0.1
HTTP_USER_AGENT: Mozilla/5.0 (X11; Linux x86_64) AppleWebKit/537.36 (KHTML, like Gecko) Chrome/43.0.2357.134 Safari/537.36
type: GET
url: http://127.0.0.1:80/pt/api/longdragon/data
status: 200
exectime: {"total_time":0.041137,"namelookup_time":6.9e-5,"connect_time":0.000251,"pretransfer_time":0.000295}
headers: ["Host:mem.sk2.lottery"]

    >   /home/disney/company/new-nsk/business_classes/Log/CurlLog.php:63
    >   /home/disney/company/new-nsk/common/pitaya_api/PITAYA.php:100
    >   /home/disney/company/new-nsk/common/pitaya_api/PITAYA.php:66
    >   /home/disney/company/new-nsk/www/member/longdragon_ajax.php:139
    >   /home/disney/company/new-nsk/www/member/longdragon_ajax.php:53

param: {"lang":"gb","game":"BB3D","tab":"opposite","type":"win"}
POST data: {"lang":"gb","game":"BB3D","tab":"opposite","type":"win"}
out: {"ret":[],"error":null,"code":null,"result":true,"profile":{"execute_time":0.022477865219116}}
================================================
active_time: 2015-07-21 11:42:32
SCRIPT_NAME: /member/longdragon_ajax.php
REQUEST_URI: /member/longdragon_ajax.php?lang=gb&game=BB3D&tab=opposite&type=win&getmore=false
REMOTE_ADDR: 127.0.0.1
HTTP_USER_AGENT: Mozilla/5.0 (X11; Linux x86_64) AppleWebKit/537.36 (KHTML, like Gecko) Chrome/43.0.2357.134 Safari/537.36
type: GET
url: http://127.0.0.1:80/pt/api/longdragon/data
status: 200
exectime: {"total_time":0.04547,"namelookup_time":2.4e-5,"connect_time":0.000141,"pretransfer_time":0.000167}
headers: ["Host:mem.sk2.lottery"]

    >   /home/disney/company/new-nsk/business_classes/Log/CurlLog.php:63
    >   /home/disney/company/new-nsk/common/pitaya_api/PITAYA.php:100
    >   /home/disney/company/new-nsk/common/pitaya_api/PITAYA.php:66
    >   /home/disney/company/new-nsk/www/member/longdragon_ajax.php:139
    >   /home/disney/company/new-nsk/www/member/longdragon_ajax.php:53

param: {"lang":"gb","game":"BB3D","tab":"opposite","type":"win"}
POST data: {"lang":"gb","game":"BB3D","tab":"opposite","type":"win"}
out: {"ret":[],"error":null,"code":null,"result":true,"profile":{"execute_time":0.023968935012817}}
================================================
active_time: 2015-07-21 11:43:32
SCRIPT_NAME: /member/longdragon_ajax.php
REQUEST_URI: /member/longdragon_ajax.php?lang=gb&game=BB3D&tab=opposite&type=win&getmore=false
REMOTE_ADDR: 127.0.0.1
HTTP_USER_AGENT: Mozilla/5.0 (X11; Linux x86_64) AppleWebKit/537.36 (KHTML, like Gecko) Chrome/43.0.2357.134 Safari/537.36
type: GET
url: http://127.0.0.1:80/pt/api/longdragon/data
status: 200
exectime: {"total_time":0.038717,"namelookup_time":2.6e-5,"connect_time":0.000105,"pretransfer_time":0.000132}
headers: ["Host:mem.sk2.lottery"]

    >   /home/disney/company/new-nsk/business_classes/Log/CurlLog.php:63
    >   /home/disney/company/new-nsk/common/pitaya_api/PITAYA.php:100
    >   /home/disney/company/new-nsk/common/pitaya_api/PITAYA.php:66
    >   /home/disney/company/new-nsk/www/member/longdragon_ajax.php:139
    >   /home/disney/company/new-nsk/www/member/longdragon_ajax.php:53

param: {"lang":"gb","game":"BB3D","tab":"opposite","type":"win"}
POST data: {"lang":"gb","game":"BB3D","tab":"opposite","type":"win"}
out: {"ret":[],"error":null,"code":null,"result":true,"profile":{"execute_time":0.024224042892456}}
================================================
active_time: 2015-07-21 11:44:32
SCRIPT_NAME: /member/longdragon_ajax.php
REQUEST_URI: /member/longdragon_ajax.php?lang=gb&game=BB3D&tab=opposite&type=win&getmore=false
REMOTE_ADDR: 127.0.0.1
HTTP_USER_AGENT: Mozilla/5.0 (X11; Linux x86_64) AppleWebKit/537.36 (KHTML, like Gecko) Chrome/43.0.2357.134 Safari/537.36
type: GET
url: http://127.0.0.1:80/pt/api/longdragon/data
status: 200
exectime: {"total_time":0.043178,"namelookup_time":6.9e-5,"connect_time":0.00027,"pretransfer_time":0.000336}
headers: ["Host:mem.sk2.lottery"]

    >   /home/disney/company/new-nsk/business_classes/Log/CurlLog.php:63
    >   /home/disney/company/new-nsk/common/pitaya_api/PITAYA.php:100
    >   /home/disney/company/new-nsk/common/pitaya_api/PITAYA.php:66
    >   /home/disney/company/new-nsk/www/member/longdragon_ajax.php:139
    >   /home/disney/company/new-nsk/www/member/longdragon_ajax.php:53

param: {"lang":"gb","game":"BB3D","tab":"opposite","type":"win"}
POST data: {"lang":"gb","game":"BB3D","tab":"opposite","type":"win"}
out: {"ret":[],"error":null,"code":null,"result":true,"profile":{"execute_time":0.023871898651123}}
================================================
active_time: 2015-07-21 11:45:32
SCRIPT_NAME: /member/longdragon_ajax.php
REQUEST_URI: /member/longdragon_ajax.php?lang=gb&game=BB3D&tab=opposite&type=win&getmore=false
REMOTE_ADDR: 127.0.0.1
HTTP_USER_AGENT: Mozilla/5.0 (X11; Linux x86_64) AppleWebKit/537.36 (KHTML, like Gecko) Chrome/43.0.2357.134 Safari/537.36
type: GET
url: http://127.0.0.1:80/pt/api/longdragon/data
status: 200
exectime: {"total_time":0.03993,"namelookup_time":2.3e-5,"connect_time":0.0001,"pretransfer_time":0.000127}
headers: ["Host:mem.sk2.lottery"]

    >   /home/disney/company/new-nsk/business_classes/Log/CurlLog.php:63
    >   /home/disney/company/new-nsk/common/pitaya_api/PITAYA.php:100
    >   /home/disney/company/new-nsk/common/pitaya_api/PITAYA.php:66
    >   /home/disney/company/new-nsk/www/member/longdragon_ajax.php:139
    >   /home/disney/company/new-nsk/www/member/longdragon_ajax.php:53

param: {"lang":"gb","game":"BB3D","tab":"opposite","type":"win"}
POST data: {"lang":"gb","game":"BB3D","tab":"opposite","type":"win"}
out: {"ret":[],"error":null,"code":null,"result":true,"profile":{"execute_time":0.023211002349854}}
================================================
active_time: 2015-07-21 11:46:28
SCRIPT_NAME: /member/longdragon_ajax.php
REQUEST_URI: /member/longdragon_ajax.php?lang=gb&game=BBPK&tab=opposite&type=win&getmore=false
REMOTE_ADDR: 127.0.0.1
HTTP_USER_AGENT: Mozilla/5.0 (X11; Linux x86_64) AppleWebKit/537.36 (KHTML, like Gecko) Chrome/43.0.2357.134 Safari/537.36
type: GET
url: http://127.0.0.1:80/pt/api/longdragon/data
status: 200
exectime: {"total_time":0.170951,"namelookup_time":2.5e-5,"connect_time":0.000104,"pretransfer_time":0.000134}
headers: ["Host:mem.sk2.lottery"]

    >   /home/disney/company/new-nsk/business_classes/Log/CurlLog.php:63
    >   /home/disney/company/new-nsk/common/pitaya_api/PITAYA.php:100
    >   /home/disney/company/new-nsk/common/pitaya_api/PITAYA.php:66
    >   /home/disney/company/new-nsk/www/member/longdragon_ajax.php:139
    >   /home/disney/company/new-nsk/www/member/longdragon_ajax.php:53

param: {"lang":"gb","game":"BBPK","tab":"opposite","type":"win"}
POST data: {"lang":"gb","game":"BBPK","tab":"opposite","type":"win"}
out: {"ret":[],"error":null,"code":null,"result":true,"profile":{"execute_time":0.024065971374512}}
================================================
active_time: 2015-07-21 11:47:11
SCRIPT_NAME: /member/longdragon_ajax.php
REQUEST_URI: /member/longdragon_ajax.php?lang=gb&game=BBPK&tab=opposite&type=win&getmore=false
REMOTE_ADDR: 127.0.0.1
HTTP_USER_AGENT: Mozilla/5.0 (X11; Linux x86_64) AppleWebKit/537.36 (KHTML, like Gecko) Chrome/43.0.2357.134 Safari/537.36
type: GET
url: http://127.0.0.1:80/pt/api/longdragon/data
status: 200
exectime: {"total_time":0.043148,"namelookup_time":0.000132,"connect_time":0.000265,"pretransfer_time":0.000309}
headers: ["Host:mem.sk2.lottery"]

    >   /home/disney/company/new-nsk/business_classes/Log/CurlLog.php:63
    >   /home/disney/company/new-nsk/common/pitaya_api/PITAYA.php:100
    >   /home/disney/company/new-nsk/common/pitaya_api/PITAYA.php:66
    >   /home/disney/company/new-nsk/www/member/longdragon_ajax.php:139
    >   /home/disney/company/new-nsk/www/member/longdragon_ajax.php:53

param: {"lang":"gb","game":"BBPK","tab":"opposite","type":"win"}
POST data: {"lang":"gb","game":"BBPK","tab":"opposite","type":"win"}
out: {"ret":[],"error":null,"code":null,"result":true,"profile":{"execute_time":0.022377014160156}}
================================================
active_time: 2015-07-21 11:48:12
SCRIPT_NAME: /member/longdragon_ajax.php
REQUEST_URI: /member/longdragon_ajax.php?lang=gb&game=BBPK&tab=opposite&type=win&getmore=false
REMOTE_ADDR: 127.0.0.1
HTTP_USER_AGENT: Mozilla/5.0 (X11; Linux x86_64) AppleWebKit/537.36 (KHTML, like Gecko) Chrome/43.0.2357.134 Safari/537.36
type: GET
url: http://127.0.0.1:80/pt/api/longdragon/data
status: 200
exectime: {"total_time":0.03861,"namelookup_time":3.9e-5,"connect_time":0.000137,"pretransfer_time":0.00017}
headers: ["Host:mem.sk2.lottery"]

    >   /home/disney/company/new-nsk/business_classes/Log/CurlLog.php:63
    >   /home/disney/company/new-nsk/common/pitaya_api/PITAYA.php:100
    >   /home/disney/company/new-nsk/common/pitaya_api/PITAYA.php:66
    >   /home/disney/company/new-nsk/www/member/longdragon_ajax.php:139
    >   /home/disney/company/new-nsk/www/member/longdragon_ajax.php:53

param: {"lang":"gb","game":"BBPK","tab":"opposite","type":"win"}
POST data: {"lang":"gb","game":"BBPK","tab":"opposite","type":"win"}
out: {"ret":[],"error":null,"code":null,"result":true,"profile":{"execute_time":0.019708871841431}}
================================================
active_time: 2015-07-21 11:49:11
SCRIPT_NAME: /member/longdragon_ajax.php
REQUEST_URI: /member/longdragon_ajax.php?lang=gb&game=BBPK&tab=opposite&type=win&getmore=false
REMOTE_ADDR: 127.0.0.1
HTTP_USER_AGENT: Mozilla/5.0 (X11; Linux x86_64) AppleWebKit/537.36 (KHTML, like Gecko) Chrome/43.0.2357.134 Safari/537.36
type: GET
url: http://127.0.0.1:80/pt/api/longdragon/data
status: 200
exectime: {"total_time":0.031694,"namelookup_time":1.4e-5,"connect_time":8.1e-5,"pretransfer_time":0.000103}
headers: ["Host:mem.sk2.lottery"]

    >   /home/disney/company/new-nsk/business_classes/Log/CurlLog.php:63
    >   /home/disney/company/new-nsk/common/pitaya_api/PITAYA.php:100
    >   /home/disney/company/new-nsk/common/pitaya_api/PITAYA.php:66
    >   /home/disney/company/new-nsk/www/member/longdragon_ajax.php:139
    >   /home/disney/company/new-nsk/www/member/longdragon_ajax.php:53

param: {"lang":"gb","game":"BBPK","tab":"opposite","type":"win"}
POST data: {"lang":"gb","game":"BBPK","tab":"opposite","type":"win"}
out: {"ret":[],"error":null,"code":null,"result":true,"profile":{"execute_time":0.018760204315186}}
================================================
active_time: 2015-07-21 11:50:11
SCRIPT_NAME: /member/longdragon_ajax.php
REQUEST_URI: /member/longdragon_ajax.php?lang=gb&game=BBPK&tab=opposite&type=win&getmore=false
REMOTE_ADDR: 127.0.0.1
HTTP_USER_AGENT: Mozilla/5.0 (X11; Linux x86_64) AppleWebKit/537.36 (KHTML, like Gecko) Chrome/43.0.2357.134 Safari/537.36
type: GET
url: http://127.0.0.1:80/pt/api/longdragon/data
status: 200
exectime: {"total_time":0.035018,"namelookup_time":2.2e-5,"connect_time":0.000105,"pretransfer_time":0.000132}
headers: ["Host:mem.sk2.lottery"]

    >   /home/disney/company/new-nsk/business_classes/Log/CurlLog.php:63
    >   /home/disney/company/new-nsk/common/pitaya_api/PITAYA.php:100
    >   /home/disney/company/new-nsk/common/pitaya_api/PITAYA.php:66
    >   /home/disney/company/new-nsk/www/member/longdragon_ajax.php:139
    >   /home/disney/company/new-nsk/www/member/longdragon_ajax.php:53

param: {"lang":"gb","game":"BBPK","tab":"opposite","type":"win"}
POST data: {"lang":"gb","game":"BBPK","tab":"opposite","type":"win"}
out: {"ret":[],"error":null,"code":null,"result":true,"profile":{"execute_time":0.020636081695557}}
================================================
active_time: 2015-07-21 11:51:11
SCRIPT_NAME: /member/longdragon_ajax.php
REQUEST_URI: /member/longdragon_ajax.php?lang=gb&game=BBPK&tab=opposite&type=win&getmore=false
REMOTE_ADDR: 127.0.0.1
HTTP_USER_AGENT: Mozilla/5.0 (X11; Linux x86_64) AppleWebKit/537.36 (KHTML, like Gecko) Chrome/43.0.2357.134 Safari/537.36
type: GET
url: http://127.0.0.1:80/pt/api/longdragon/data
status: 200
exectime: {"total_time":0.066782,"namelookup_time":4.6e-5,"connect_time":0.00028,"pretransfer_time":0.00034}
headers: ["Host:mem.sk2.lottery"]

    >   /home/disney/company/new-nsk/business_classes/Log/CurlLog.php:63
    >   /home/disney/company/new-nsk/common/pitaya_api/PITAYA.php:100
    >   /home/disney/company/new-nsk/common/pitaya_api/PITAYA.php:66
    >   /home/disney/company/new-nsk/www/member/longdragon_ajax.php:139
    >   /home/disney/company/new-nsk/www/member/longdragon_ajax.php:53

param: {"lang":"gb","game":"BBPK","tab":"opposite","type":"win"}
POST data: {"lang":"gb","game":"BBPK","tab":"opposite","type":"win"}
out: {"ret":[],"error":null,"code":null,"result":true,"profile":{"execute_time":0.036854982376099}}
================================================
active_time: 2015-07-21 11:52:11
SCRIPT_NAME: /member/longdragon_ajax.php
REQUEST_URI: /member/longdragon_ajax.php?lang=gb&game=BBPK&tab=opposite&type=win&getmore=false
REMOTE_ADDR: 127.0.0.1
HTTP_USER_AGENT: Mozilla/5.0 (X11; Linux x86_64) AppleWebKit/537.36 (KHTML, like Gecko) Chrome/43.0.2357.134 Safari/537.36
type: GET
url: http://127.0.0.1:80/pt/api/longdragon/data
status: 200
exectime: {"total_time":0.035871,"namelookup_time":2.5e-5,"connect_time":0.000104,"pretransfer_time":0.000133}
headers: ["Host:mem.sk2.lottery"]

    >   /home/disney/company/new-nsk/business_classes/Log/CurlLog.php:63
    >   /home/disney/company/new-nsk/common/pitaya_api/PITAYA.php:100
    >   /home/disney/company/new-nsk/common/pitaya_api/PITAYA.php:66
    >   /home/disney/company/new-nsk/www/member/longdragon_ajax.php:139
    >   /home/disney/company/new-nsk/www/member/longdragon_ajax.php:53

param: {"lang":"gb","game":"BBPK","tab":"opposite","type":"win"}
POST data: {"lang":"gb","game":"BBPK","tab":"opposite","type":"win"}
out: {"ret":[],"error":null,"code":null,"result":true,"profile":{"execute_time":0.021190166473389}}
================================================
active_time: 2015-07-21 11:53:11
SCRIPT_NAME: /member/longdragon_ajax.php
REQUEST_URI: /member/longdragon_ajax.php?lang=gb&game=BBPK&tab=opposite&type=win&getmore=false
REMOTE_ADDR: 127.0.0.1
HTTP_USER_AGENT: Mozilla/5.0 (X11; Linux x86_64) AppleWebKit/537.36 (KHTML, like Gecko) Chrome/43.0.2357.134 Safari/537.36
type: GET
url: http://127.0.0.1:80/pt/api/longdragon/data
status: 200
exectime: {"total_time":0.033819,"namelookup_time":4.0e-5,"connect_time":0.000188,"pretransfer_time":0.000231}
headers: ["Host:mem.sk2.lottery"]

    >   /home/disney/company/new-nsk/business_classes/Log/CurlLog.php:63
    >   /home/disney/company/new-nsk/common/pitaya_api/PITAYA.php:100
    >   /home/disney/company/new-nsk/common/pitaya_api/PITAYA.php:66
    >   /home/disney/company/new-nsk/www/member/longdragon_ajax.php:139
    >   /home/disney/company/new-nsk/www/member/longdragon_ajax.php:53

param: {"lang":"gb","game":"BBPK","tab":"opposite","type":"win"}
POST data: {"lang":"gb","game":"BBPK","tab":"opposite","type":"win"}
out: {"ret":[],"error":null,"code":null,"result":true,"profile":{"execute_time":0.018892049789429}}
================================================
active_time: 2015-07-21 11:54:11
SCRIPT_NAME: /member/longdragon_ajax.php
REQUEST_URI: /member/longdragon_ajax.php?lang=gb&game=BBPK&tab=opposite&type=win&getmore=false
REMOTE_ADDR: 127.0.0.1
HTTP_USER_AGENT: Mozilla/5.0 (X11; Linux x86_64) AppleWebKit/537.36 (KHTML, like Gecko) Chrome/43.0.2357.134 Safari/537.36
type: GET
url: http://127.0.0.1:80/pt/api/longdragon/data
status: 200
exectime: {"total_time":0.035463,"namelookup_time":1.7e-5,"connect_time":7.8e-5,"pretransfer_time":0.0001}
headers: ["Host:mem.sk2.lottery"]

    >   /home/disney/company/new-nsk/business_classes/Log/CurlLog.php:63
    >   /home/disney/company/new-nsk/common/pitaya_api/PITAYA.php:100
    >   /home/disney/company/new-nsk/common/pitaya_api/PITAYA.php:66
    >   /home/disney/company/new-nsk/www/member/longdragon_ajax.php:139
    >   /home/disney/company/new-nsk/www/member/longdragon_ajax.php:53

param: {"lang":"gb","game":"BBPK","tab":"opposite","type":"win"}
POST data: {"lang":"gb","game":"BBPK","tab":"opposite","type":"win"}
out: {"ret":[],"error":null,"code":null,"result":true,"profile":{"execute_time":0.020779132843018}}
================================================
active_time: 2015-07-21 11:55:11
SCRIPT_NAME: /member/longdragon_ajax.php
REQUEST_URI: /member/longdragon_ajax.php?lang=gb&game=BBPK&tab=opposite&type=win&getmore=false
REMOTE_ADDR: 127.0.0.1
HTTP_USER_AGENT: Mozilla/5.0 (X11; Linux x86_64) AppleWebKit/537.36 (KHTML, like Gecko) Chrome/43.0.2357.134 Safari/537.36
type: GET
url: http://127.0.0.1:80/pt/api/longdragon/data
status: 200
exectime: {"total_time":0.038865,"namelookup_time":7.6e-5,"connect_time":0.000274,"pretransfer_time":0.000339}
headers: ["Host:mem.sk2.lottery"]

    >   /home/disney/company/new-nsk/business_classes/Log/CurlLog.php:63
    >   /home/disney/company/new-nsk/common/pitaya_api/PITAYA.php:100
    >   /home/disney/company/new-nsk/common/pitaya_api/PITAYA.php:66
    >   /home/disney/company/new-nsk/www/member/longdragon_ajax.php:139
    >   /home/disney/company/new-nsk/www/member/longdragon_ajax.php:53

param: {"lang":"gb","game":"BBPK","tab":"opposite","type":"win"}
POST data: {"lang":"gb","game":"BBPK","tab":"opposite","type":"win"}
out: {"ret":[],"error":null,"code":null,"result":true,"profile":{"execute_time":0.021166086196899}}
================================================
active_time: 2015-07-21 11:56:11
SCRIPT_NAME: /member/longdragon_ajax.php
REQUEST_URI: /member/longdragon_ajax.php?lang=gb&game=BBPK&tab=opposite&type=win&getmore=false
REMOTE_ADDR: 127.0.0.1
HTTP_USER_AGENT: Mozilla/5.0 (X11; Linux x86_64) AppleWebKit/537.36 (KHTML, like Gecko) Chrome/43.0.2357.134 Safari/537.36
type: GET
url: http://127.0.0.1:80/pt/api/longdragon/data
status: 200
exectime: {"total_time":0.031336,"namelookup_time":2.3e-5,"connect_time":8.7e-5,"pretransfer_time":0.00011}
headers: ["Host:mem.sk2.lottery"]

    >   /home/disney/company/new-nsk/business_classes/Log/CurlLog.php:63
    >   /home/disney/company/new-nsk/common/pitaya_api/PITAYA.php:100
    >   /home/disney/company/new-nsk/common/pitaya_api/PITAYA.php:66
    >   /home/disney/company/new-nsk/www/member/longdragon_ajax.php:139
    >   /home/disney/company/new-nsk/www/member/longdragon_ajax.php:53

param: {"lang":"gb","game":"BBPK","tab":"opposite","type":"win"}
POST data: {"lang":"gb","game":"BBPK","tab":"opposite","type":"win"}
out: {"ret":[],"error":null,"code":null,"result":true,"profile":{"execute_time":0.018732070922852}}
================================================
active_time: 2015-07-21 11:57:11
SCRIPT_NAME: /member/longdragon_ajax.php
REQUEST_URI: /member/longdragon_ajax.php?lang=gb&game=BBPK&tab=opposite&type=win&getmore=false
REMOTE_ADDR: 127.0.0.1
HTTP_USER_AGENT: Mozilla/5.0 (X11; Linux x86_64) AppleWebKit/537.36 (KHTML, like Gecko) Chrome/43.0.2357.134 Safari/537.36
type: GET
url: http://127.0.0.1:80/pt/api/longdragon/data
status: 200
exectime: {"total_time":0.040879,"namelookup_time":2.4e-5,"connect_time":0.000118,"pretransfer_time":0.000147}
headers: ["Host:mem.sk2.lottery"]

    >   /home/disney/company/new-nsk/business_classes/Log/CurlLog.php:63
    >   /home/disney/company/new-nsk/common/pitaya_api/PITAYA.php:100
    >   /home/disney/company/new-nsk/common/pitaya_api/PITAYA.php:66
    >   /home/disney/company/new-nsk/www/member/longdragon_ajax.php:139
    >   /home/disney/company/new-nsk/www/member/longdragon_ajax.php:53

param: {"lang":"gb","game":"BBPK","tab":"opposite","type":"win"}
POST data: {"lang":"gb","game":"BBPK","tab":"opposite","type":"win"}
out: {"ret":[],"error":null,"code":null,"result":true,"profile":{"execute_time":0.027241945266724}}
================================================
active_time: 2015-07-21 11:58:12
SCRIPT_NAME: /member/longdragon_ajax.php
REQUEST_URI: /member/longdragon_ajax.php?lang=gb&game=BBPK&tab=opposite&type=win&getmore=false
REMOTE_ADDR: 127.0.0.1
HTTP_USER_AGENT: Mozilla/5.0 (X11; Linux x86_64) AppleWebKit/537.36 (KHTML, like Gecko) Chrome/43.0.2357.134 Safari/537.36
type: GET
url: http://127.0.0.1:80/pt/api/longdragon/data
status: 200
exectime: {"total_time":0.037364,"namelookup_time":1.7e-5,"connect_time":7.7e-5,"pretransfer_time":9.9e-5}
headers: ["Host:mem.sk2.lottery"]

    >   /home/disney/company/new-nsk/business_classes/Log/CurlLog.php:63
    >   /home/disney/company/new-nsk/common/pitaya_api/PITAYA.php:100
    >   /home/disney/company/new-nsk/common/pitaya_api/PITAYA.php:66
    >   /home/disney/company/new-nsk/www/member/longdragon_ajax.php:139
    >   /home/disney/company/new-nsk/www/member/longdragon_ajax.php:53

param: {"lang":"gb","game":"BBPK","tab":"opposite","type":"win"}
POST data: {"lang":"gb","game":"BBPK","tab":"opposite","type":"win"}
out: {"ret":[],"error":null,"code":null,"result":true,"profile":{"execute_time":0.020181894302368}}
================================================
active_time: 2015-07-21 11:59:11
SCRIPT_NAME: /member/longdragon_ajax.php
REQUEST_URI: /member/longdragon_ajax.php?lang=gb&game=BBPK&tab=opposite&type=win&getmore=false
REMOTE_ADDR: 127.0.0.1
HTTP_USER_AGENT: Mozilla/5.0 (X11; Linux x86_64) AppleWebKit/537.36 (KHTML, like Gecko) Chrome/43.0.2357.134 Safari/537.36
type: GET
url: http://127.0.0.1:80/pt/api/longdragon/data
status: 200
exectime: {"total_time":0.033043,"namelookup_time":1.2e-5,"connect_time":8.5e-5,"pretransfer_time":0.000116}
headers: ["Host:mem.sk2.lottery"]

    >   /home/disney/company/new-nsk/business_classes/Log/CurlLog.php:63
    >   /home/disney/company/new-nsk/common/pitaya_api/PITAYA.php:100
    >   /home/disney/company/new-nsk/common/pitaya_api/PITAYA.php:66
    >   /home/disney/company/new-nsk/www/member/longdragon_ajax.php:139
    >   /home/disney/company/new-nsk/www/member/longdragon_ajax.php:53

param: {"lang":"gb","game":"BBPK","tab":"opposite","type":"win"}
POST data: {"lang":"gb","game":"BBPK","tab":"opposite","type":"win"}
out: {"ret":[],"error":null,"code":null,"result":true,"profile":{"execute_time":0.019572973251343}}
