================================================
active_time: 2015-07-21 15:00:40
SCRIPT_NAME: /member/longdragon_ajax.php
REQUEST_URI: /member/longdragon_ajax.php?lang=gb&game=BBPK&tab=opposite&type=win&getmore=false
REMOTE_ADDR: 127.0.0.1
HTTP_USER_AGENT: Mozilla/5.0 (X11; Linux x86_64) AppleWebKit/537.36 (KHTML, like Gecko) Chrome/43.0.2357.134 Safari/537.36
type: GET
url: http://127.0.0.1:80/pt/api/longdragon/data
status: 200
exectime: {"total_time":0.122703,"namelookup_time":3.7e-5,"connect_time":0.000162,"pretransfer_time":0.000189}
headers: ["Host:mem.sk2.lottery"]

    >   /home/disney/company/new-nsk/business_classes/Log/CurlLog.php:63
    >   /home/disney/company/new-nsk/common/pitaya_api/PITAYA.php:100
    >   /home/disney/company/new-nsk/common/pitaya_api/PITAYA.php:66
    >   /home/disney/company/new-nsk/www/member/longdragon_ajax.php:139
    >   /home/disney/company/new-nsk/www/member/longdragon_ajax.php:53

param: {"lang":"gb","game":"BBPK","tab":"opposite","type":"win"}
POST data: {"lang":"gb","game":"BBPK","tab":"opposite","type":"win"}
out: {"ret":[],"error":null,"code":null,"result":true,"profile":{"execute_time":0.024176120758057}}
================================================
active_time: 2015-07-21 15:01:40
SCRIPT_NAME: /member/longdragon_ajax.php
REQUEST_URI: /member/longdragon_ajax.php?lang=gb&game=BBPK&tab=opposite&type=win&getmore=false
REMOTE_ADDR: 127.0.0.1
HTTP_USER_AGENT: Mozilla/5.0 (X11; Linux x86_64) AppleWebKit/537.36 (KHTML, like Gecko) Chrome/43.0.2357.134 Safari/537.36
type: GET
url: http://127.0.0.1:80/pt/api/longdragon/data
status: 200
exectime: {"total_time":0.033441,"namelookup_time":2.4e-5,"connect_time":9.4e-5,"pretransfer_time":0.000118}
headers: ["Host:mem.sk2.lottery"]

    >   /home/disney/company/new-nsk/business_classes/Log/CurlLog.php:63
    >   /home/disney/company/new-nsk/common/pitaya_api/PITAYA.php:100
    >   /home/disney/company/new-nsk/common/pitaya_api/PITAYA.php:66
    >   /home/disney/company/new-nsk/www/member/longdragon_ajax.php:139
    >   /home/disney/company/new-nsk/www/member/longdragon_ajax.php:53

param: {"lang":"gb","game":"BBPK","tab":"opposite","type":"win"}
POST data: {"lang":"gb","game":"BBPK","tab":"opposite","type":"win"}
out: {"ret":[],"error":null,"code":null,"result":true,"profile":{"execute_time":0.020563840866089}}
================================================
active_time: 2015-07-21 15:02:41
SCRIPT_NAME: /member/longdragon_ajax.php
REQUEST_URI: /member/longdragon_ajax.php?lang=gb&game=BBPK&tab=opposite&type=win&getmore=false
REMOTE_ADDR: 127.0.0.1
HTTP_USER_AGENT: Mozilla/5.0 (X11; Linux x86_64) AppleWebKit/537.36 (KHTML, like Gecko) Chrome/43.0.2357.134 Safari/537.36
type: GET
url: http://127.0.0.1:80/pt/api/longdragon/data
status: 200
exectime: {"total_time":0.090896,"namelookup_time":1.9e-5,"connect_time":8.6e-5,"pretransfer_time":0.000109}
headers: ["Host:mem.sk2.lottery"]

    >   /home/disney/company/new-nsk/business_classes/Log/CurlLog.php:63
    >   /home/disney/company/new-nsk/common/pitaya_api/PITAYA.php:100
    >   /home/disney/company/new-nsk/common/pitaya_api/PITAYA.php:66
    >   /home/disney/company/new-nsk/www/member/longdragon_ajax.php:139
    >   /home/disney/company/new-nsk/www/member/longdragon_ajax.php:53

param: {"lang":"gb","game":"BBPK","tab":"opposite","type":"win"}
POST data: {"lang":"gb","game":"BBPK","tab":"opposite","type":"win"}
out: {"ret":[],"error":null,"code":null,"result":true,"profile":{"execute_time":0.020309925079346}}
================================================
active_time: 2015-07-21 15:03:40
SCRIPT_NAME: /member/longdragon_ajax.php
REQUEST_URI: /member/longdragon_ajax.php?lang=gb&game=BBPK&tab=opposite&type=win&getmore=false
REMOTE_ADDR: 127.0.0.1
HTTP_USER_AGENT: Mozilla/5.0 (X11; Linux x86_64) AppleWebKit/537.36 (KHTML, like Gecko) Chrome/43.0.2357.134 Safari/537.36
type: GET
url: http://127.0.0.1:80/pt/api/longdragon/data
status: 200
exectime: {"total_time":0.047115,"namelookup_time":2.4e-5,"connect_time":0.000106,"pretransfer_time":0.000133}
headers: ["Host:mem.sk2.lottery"]

    >   /home/disney/company/new-nsk/business_classes/Log/CurlLog.php:63
    >   /home/disney/company/new-nsk/common/pitaya_api/PITAYA.php:100
    >   /home/disney/company/new-nsk/common/pitaya_api/PITAYA.php:66
    >   /home/disney/company/new-nsk/www/member/longdragon_ajax.php:139
    >   /home/disney/company/new-nsk/www/member/longdragon_ajax.php:53

param: {"lang":"gb","game":"BBPK","tab":"opposite","type":"win"}
POST data: {"lang":"gb","game":"BBPK","tab":"opposite","type":"win"}
out: {"ret":[],"error":null,"code":null,"result":true,"profile":{"execute_time":0.021157026290894}}
================================================
active_time: 2015-07-21 15:04:41
SCRIPT_NAME: /member/longdragon_ajax.php
REQUEST_URI: /member/longdragon_ajax.php?lang=gb&game=BBPK&tab=opposite&type=win&getmore=false
REMOTE_ADDR: 127.0.0.1
HTTP_USER_AGENT: Mozilla/5.0 (X11; Linux x86_64) AppleWebKit/537.36 (KHTML, like Gecko) Chrome/43.0.2357.134 Safari/537.36
type: GET
url: http://127.0.0.1:80/pt/api/longdragon/data
status: 200
exectime: {"total_time":0.354204,"namelookup_time":1.3e-5,"connect_time":6.8e-5,"pretransfer_time":8.9e-5}
headers: ["Host:mem.sk2.lottery"]

    >   /home/disney/company/new-nsk/business_classes/Log/CurlLog.php:63
    >   /home/disney/company/new-nsk/common/pitaya_api/PITAYA.php:100
    >   /home/disney/company/new-nsk/common/pitaya_api/PITAYA.php:66
    >   /home/disney/company/new-nsk/www/member/longdragon_ajax.php:139
    >   /home/disney/company/new-nsk/www/member/longdragon_ajax.php:53

param: {"lang":"gb","game":"BBPK","tab":"opposite","type":"win"}
POST data: {"lang":"gb","game":"BBPK","tab":"opposite","type":"win"}
out: {"ret":[],"error":null,"code":null,"result":true,"profile":{"execute_time":0.077827930450439}}
================================================
active_time: 2015-07-21 15:05:40
SCRIPT_NAME: /member/longdragon_ajax.php
REQUEST_URI: /member/longdragon_ajax.php?lang=gb&game=BBPK&tab=opposite&type=win&getmore=false
REMOTE_ADDR: 127.0.0.1
HTTP_USER_AGENT: Mozilla/5.0 (X11; Linux x86_64) AppleWebKit/537.36 (KHTML, like Gecko) Chrome/43.0.2357.134 Safari/537.36
type: GET
url: http://127.0.0.1:80/pt/api/longdragon/data
status: 200
exectime: {"total_time":0.046009,"namelookup_time":0.000102,"connect_time":0.000197,"pretransfer_time":0.000226}
headers: ["Host:mem.sk2.lottery"]

    >   /home/disney/company/new-nsk/business_classes/Log/CurlLog.php:63
    >   /home/disney/company/new-nsk/common/pitaya_api/PITAYA.php:100
    >   /home/disney/company/new-nsk/common/pitaya_api/PITAYA.php:66
    >   /home/disney/company/new-nsk/www/member/longdragon_ajax.php:139
    >   /home/disney/company/new-nsk/www/member/longdragon_ajax.php:53

param: {"lang":"gb","game":"BBPK","tab":"opposite","type":"win"}
POST data: {"lang":"gb","game":"BBPK","tab":"opposite","type":"win"}
out: {"ret":[],"error":null,"code":null,"result":true,"profile":{"execute_time":0.027366876602173}}
================================================
active_time: 2015-07-21 15:06:41
SCRIPT_NAME: /member/longdragon_ajax.php
REQUEST_URI: /member/longdragon_ajax.php?lang=gb&game=BBPK&tab=opposite&type=win&getmore=false
REMOTE_ADDR: 127.0.0.1
HTTP_USER_AGENT: Mozilla/5.0 (X11; Linux x86_64) AppleWebKit/537.36 (KHTML, like Gecko) Chrome/43.0.2357.134 Safari/537.36
type: GET
url: http://127.0.0.1:80/pt/api/longdragon/data
status: 200
exectime: {"total_time":0.06975,"namelookup_time":7.2e-5,"connect_time":0.000287,"pretransfer_time":0.000378}
headers: ["Host:mem.sk2.lottery"]

    >   /home/disney/company/new-nsk/business_classes/Log/CurlLog.php:63
    >   /home/disney/company/new-nsk/common/pitaya_api/PITAYA.php:100
    >   /home/disney/company/new-nsk/common/pitaya_api/PITAYA.php:66
    >   /home/disney/company/new-nsk/www/member/longdragon_ajax.php:139
    >   /home/disney/company/new-nsk/www/member/longdragon_ajax.php:53

param: {"lang":"gb","game":"BBPK","tab":"opposite","type":"win"}
POST data: {"lang":"gb","game":"BBPK","tab":"opposite","type":"win"}
out: {"ret":[],"error":null,"code":null,"result":true,"profile":{"execute_time":0.036349058151245}}
================================================
active_time: 2015-07-21 15:07:40
SCRIPT_NAME: /member/longdragon_ajax.php
REQUEST_URI: /member/longdragon_ajax.php?lang=gb&game=BBPK&tab=opposite&type=win&getmore=false
REMOTE_ADDR: 127.0.0.1
HTTP_USER_AGENT: Mozilla/5.0 (X11; Linux x86_64) AppleWebKit/537.36 (KHTML, like Gecko) Chrome/43.0.2357.134 Safari/537.36
type: GET
url: http://127.0.0.1:80/pt/api/longdragon/data
status: 200
exectime: {"total_time":0.035454,"namelookup_time":2.3e-5,"connect_time":0.000101,"pretransfer_time":0.000129}
headers: ["Host:mem.sk2.lottery"]

    >   /home/disney/company/new-nsk/business_classes/Log/CurlLog.php:63
    >   /home/disney/company/new-nsk/common/pitaya_api/PITAYA.php:100
    >   /home/disney/company/new-nsk/common/pitaya_api/PITAYA.php:66
    >   /home/disney/company/new-nsk/www/member/longdragon_ajax.php:139
    >   /home/disney/company/new-nsk/www/member/longdragon_ajax.php:53

param: {"lang":"gb","game":"BBPK","tab":"opposite","type":"win"}
POST data: {"lang":"gb","game":"BBPK","tab":"opposite","type":"win"}
out: {"ret":[],"error":null,"code":null,"result":true,"profile":{"execute_time":0.020603179931641}}
================================================
active_time: 2015-07-21 15:08:41
SCRIPT_NAME: /member/longdragon_ajax.php
REQUEST_URI: /member/longdragon_ajax.php?lang=gb&game=BBPK&tab=opposite&type=win&getmore=false
REMOTE_ADDR: 127.0.0.1
HTTP_USER_AGENT: Mozilla/5.0 (X11; Linux x86_64) AppleWebKit/537.36 (KHTML, like Gecko) Chrome/43.0.2357.134 Safari/537.36
type: GET
url: http://127.0.0.1:80/pt/api/longdragon/data
status: 200
exectime: {"total_time":0.032002,"namelookup_time":1.5e-5,"connect_time":7.0e-5,"pretransfer_time":9.2e-5}
headers: ["Host:mem.sk2.lottery"]

    >   /home/disney/company/new-nsk/business_classes/Log/CurlLog.php:63
    >   /home/disney/company/new-nsk/common/pitaya_api/PITAYA.php:100
    >   /home/disney/company/new-nsk/common/pitaya_api/PITAYA.php:66
    >   /home/disney/company/new-nsk/www/member/longdragon_ajax.php:139
    >   /home/disney/company/new-nsk/www/member/longdragon_ajax.php:53

param: {"lang":"gb","game":"BBPK","tab":"opposite","type":"win"}
POST data: {"lang":"gb","game":"BBPK","tab":"opposite","type":"win"}
out: {"ret":[],"error":null,"code":null,"result":true,"profile":{"execute_time":0.018717050552368}}
================================================
active_time: 2015-07-21 15:09:40
SCRIPT_NAME: /member/longdragon_ajax.php
REQUEST_URI: /member/longdragon_ajax.php?lang=gb&game=BBPK&tab=opposite&type=win&getmore=false
REMOTE_ADDR: 127.0.0.1
HTTP_USER_AGENT: Mozilla/5.0 (X11; Linux x86_64) AppleWebKit/537.36 (KHTML, like Gecko) Chrome/43.0.2357.134 Safari/537.36
type: GET
url: http://127.0.0.1:80/pt/api/longdragon/data
status: 200
exectime: {"total_time":0.032425,"namelookup_time":1.7e-5,"connect_time":8.0e-5,"pretransfer_time":0.000103}
headers: ["Host:mem.sk2.lottery"]

    >   /home/disney/company/new-nsk/business_classes/Log/CurlLog.php:63
    >   /home/disney/company/new-nsk/common/pitaya_api/PITAYA.php:100
    >   /home/disney/company/new-nsk/common/pitaya_api/PITAYA.php:66
    >   /home/disney/company/new-nsk/www/member/longdragon_ajax.php:139
    >   /home/disney/company/new-nsk/www/member/longdragon_ajax.php:53

param: {"lang":"gb","game":"BBPK","tab":"opposite","type":"win"}
POST data: {"lang":"gb","game":"BBPK","tab":"opposite","type":"win"}
out: {"ret":[],"error":null,"code":null,"result":true,"profile":{"execute_time":0.019606828689575}}
================================================
active_time: 2015-07-21 15:10:41
SCRIPT_NAME: /member/longdragon_ajax.php
REQUEST_URI: /member/longdragon_ajax.php?lang=gb&game=BBPK&tab=opposite&type=win&getmore=false
REMOTE_ADDR: 127.0.0.1
HTTP_USER_AGENT: Mozilla/5.0 (X11; Linux x86_64) AppleWebKit/537.36 (KHTML, like Gecko) Chrome/43.0.2357.134 Safari/537.36
type: GET
url: http://127.0.0.1:80/pt/api/longdragon/data
status: 200
exectime: {"total_time":0.032226,"namelookup_time":1.6e-5,"connect_time":8.4e-5,"pretransfer_time":0.000106}
headers: ["Host:mem.sk2.lottery"]

    >   /home/disney/company/new-nsk/business_classes/Log/CurlLog.php:63
    >   /home/disney/company/new-nsk/common/pitaya_api/PITAYA.php:100
    >   /home/disney/company/new-nsk/common/pitaya_api/PITAYA.php:66
    >   /home/disney/company/new-nsk/www/member/longdragon_ajax.php:139
    >   /home/disney/company/new-nsk/www/member/longdragon_ajax.php:53

param: {"lang":"gb","game":"BBPK","tab":"opposite","type":"win"}
POST data: {"lang":"gb","game":"BBPK","tab":"opposite","type":"win"}
out: {"ret":[],"error":null,"code":null,"result":true,"profile":{"execute_time":0.018846035003662}}
================================================
active_time: 2015-07-21 15:11:40
SCRIPT_NAME: /member/longdragon_ajax.php
REQUEST_URI: /member/longdragon_ajax.php?lang=gb&game=BBPK&tab=opposite&type=win&getmore=false
REMOTE_ADDR: 127.0.0.1
HTTP_USER_AGENT: Mozilla/5.0 (X11; Linux x86_64) AppleWebKit/537.36 (KHTML, like Gecko) Chrome/43.0.2357.134 Safari/537.36
type: GET
url: http://127.0.0.1:80/pt/api/longdragon/data
status: 200
exectime: {"total_time":0.031928,"namelookup_time":1.3e-5,"connect_time":6.3e-5,"pretransfer_time":8.4e-5}
headers: ["Host:mem.sk2.lottery"]

    >   /home/disney/company/new-nsk/business_classes/Log/CurlLog.php:63
    >   /home/disney/company/new-nsk/common/pitaya_api/PITAYA.php:100
    >   /home/disney/company/new-nsk/common/pitaya_api/PITAYA.php:66
    >   /home/disney/company/new-nsk/www/member/longdragon_ajax.php:139
    >   /home/disney/company/new-nsk/www/member/longdragon_ajax.php:53

param: {"lang":"gb","game":"BBPK","tab":"opposite","type":"win"}
POST data: {"lang":"gb","game":"BBPK","tab":"opposite","type":"win"}
out: {"ret":[],"error":null,"code":null,"result":true,"profile":{"execute_time":0.018832921981812}}
================================================
active_time: 2015-07-21 15:12:40
SCRIPT_NAME: /member/longdragon_ajax.php
REQUEST_URI: /member/longdragon_ajax.php?lang=gb&game=BBPK&tab=opposite&type=win&getmore=false
REMOTE_ADDR: 127.0.0.1
HTTP_USER_AGENT: Mozilla/5.0 (X11; Linux x86_64) AppleWebKit/537.36 (KHTML, like Gecko) Chrome/43.0.2357.134 Safari/537.36
type: GET
url: http://127.0.0.1:80/pt/api/longdragon/data
status: 200
exectime: {"total_time":0.405275,"namelookup_time":1.3e-5,"connect_time":8.7e-5,"pretransfer_time":0.00011}
headers: ["Host:mem.sk2.lottery"]

    >   /home/disney/company/new-nsk/business_classes/Log/CurlLog.php:63
    >   /home/disney/company/new-nsk/common/pitaya_api/PITAYA.php:100
    >   /home/disney/company/new-nsk/common/pitaya_api/PITAYA.php:66
    >   /home/disney/company/new-nsk/www/member/longdragon_ajax.php:139
    >   /home/disney/company/new-nsk/www/member/longdragon_ajax.php:53

param: {"lang":"gb","game":"BBPK","tab":"opposite","type":"win"}
POST data: {"lang":"gb","game":"BBPK","tab":"opposite","type":"win"}
out: {"ret":[],"error":null,"code":null,"result":true,"profile":{"execute_time":0.019009828567505}}
================================================
active_time: 2015-07-21 15:13:40
SCRIPT_NAME: /member/longdragon_ajax.php
REQUEST_URI: /member/longdragon_ajax.php?lang=gb&game=BBPK&tab=opposite&type=win&getmore=false
REMOTE_ADDR: 127.0.0.1
HTTP_USER_AGENT: Mozilla/5.0 (X11; Linux x86_64) AppleWebKit/537.36 (KHTML, like Gecko) Chrome/43.0.2357.134 Safari/537.36
type: GET
url: http://127.0.0.1:80/pt/api/longdragon/data
status: 200
exectime: {"total_time":0.032011,"namelookup_time":1.5e-5,"connect_time":6.8e-5,"pretransfer_time":9.0e-5}
headers: ["Host:mem.sk2.lottery"]

    >   /home/disney/company/new-nsk/business_classes/Log/CurlLog.php:63
    >   /home/disney/company/new-nsk/common/pitaya_api/PITAYA.php:100
    >   /home/disney/company/new-nsk/common/pitaya_api/PITAYA.php:66
    >   /home/disney/company/new-nsk/www/member/longdragon_ajax.php:139
    >   /home/disney/company/new-nsk/www/member/longdragon_ajax.php:53

param: {"lang":"gb","game":"BBPK","tab":"opposite","type":"win"}
POST data: {"lang":"gb","game":"BBPK","tab":"opposite","type":"win"}
out: {"ret":[],"error":null,"code":null,"result":true,"profile":{"execute_time":0.019136190414429}}
================================================
active_time: 2015-07-21 15:14:40
SCRIPT_NAME: /member/longdragon_ajax.php
REQUEST_URI: /member/longdragon_ajax.php?lang=gb&game=BBPK&tab=opposite&type=win&getmore=false
REMOTE_ADDR: 127.0.0.1
HTTP_USER_AGENT: Mozilla/5.0 (X11; Linux x86_64) AppleWebKit/537.36 (KHTML, like Gecko) Chrome/43.0.2357.134 Safari/537.36
type: GET
url: http://127.0.0.1:80/pt/api/longdragon/data
status: 200
exectime: {"total_time":0.03424,"namelookup_time":2.1e-5,"connect_time":0.000115,"pretransfer_time":0.000159}
headers: ["Host:mem.sk2.lottery"]

    >   /home/disney/company/new-nsk/business_classes/Log/CurlLog.php:63
    >   /home/disney/company/new-nsk/common/pitaya_api/PITAYA.php:100
    >   /home/disney/company/new-nsk/common/pitaya_api/PITAYA.php:66
    >   /home/disney/company/new-nsk/www/member/longdragon_ajax.php:139
    >   /home/disney/company/new-nsk/www/member/longdragon_ajax.php:53

param: {"lang":"gb","game":"BBPK","tab":"opposite","type":"win"}
POST data: {"lang":"gb","game":"BBPK","tab":"opposite","type":"win"}
out: {"ret":[],"error":null,"code":null,"result":true,"profile":{"execute_time":0.020403861999512}}
================================================
active_time: 2015-07-21 15:15:41
SCRIPT_NAME: /member/longdragon_ajax.php
REQUEST_URI: /member/longdragon_ajax.php?lang=gb&game=BBPK&tab=opposite&type=win&getmore=false
REMOTE_ADDR: 127.0.0.1
HTTP_USER_AGENT: Mozilla/5.0 (X11; Linux x86_64) AppleWebKit/537.36 (KHTML, like Gecko) Chrome/43.0.2357.134 Safari/537.36
type: GET
url: http://127.0.0.1:80/pt/api/longdragon/data
status: 200
exectime: {"total_time":0.032388,"namelookup_time":2.5e-5,"connect_time":8.2e-5,"pretransfer_time":0.000105}
headers: ["Host:mem.sk2.lottery"]

    >   /home/disney/company/new-nsk/business_classes/Log/CurlLog.php:63
    >   /home/disney/company/new-nsk/common/pitaya_api/PITAYA.php:100
    >   /home/disney/company/new-nsk/common/pitaya_api/PITAYA.php:66
    >   /home/disney/company/new-nsk/www/member/longdragon_ajax.php:139
    >   /home/disney/company/new-nsk/www/member/longdragon_ajax.php:53

param: {"lang":"gb","game":"BBPK","tab":"opposite","type":"win"}
POST data: {"lang":"gb","game":"BBPK","tab":"opposite","type":"win"}
out: {"ret":[],"error":null,"code":null,"result":true,"profile":{"execute_time":0.018952131271362}}
================================================
active_time: 2015-07-21 15:55:27
SCRIPT_NAME: /member/longdragon_ajax.php
REQUEST_URI: /member/longdragon_ajax.php?lang=gb&game=GXSF&tab=opposite&type=win&getmore=false
REMOTE_ADDR: 127.0.0.1
HTTP_USER_AGENT: Mozilla/5.0 (X11; Linux x86_64) AppleWebKit/537.36 (KHTML, like Gecko) Chrome/43.0.2357.134 Safari/537.36
type: GET
url: http://127.0.0.1:80/pt/api/longdragon/data
status: 200
exectime: {"total_time":0.271904,"namelookup_time":8.7e-5,"connect_time":0.000354,"pretransfer_time":0.000421}
headers: ["Host:mem.sk2.lottery"]

    >   /home/disney/company/new-nsk/business_classes/Log/CurlLog.php:63
    >   /home/disney/company/new-nsk/common/pitaya_api/PITAYA.php:100
    >   /home/disney/company/new-nsk/common/pitaya_api/PITAYA.php:66
    >   /home/disney/company/new-nsk/www/member/longdragon_ajax.php:139
    >   /home/disney/company/new-nsk/www/member/longdragon_ajax.php:53

param: {"lang":"gb","game":"GXSF","tab":"opposite","type":"win"}
POST data: {"lang":"gb","game":"GXSF","tab":"opposite","type":"win"}
out: {"ret":[],"error":null,"code":null,"result":true,"profile":{"execute_time":0.028135061264038}}
================================================
active_time: 2015-07-21 15:56:21
SCRIPT_NAME: /member/longdragon_ajax.php
REQUEST_URI: /member/longdragon_ajax.php?lang=gb&game=GXSF&tab=opposite&type=hit&getmore=true&ldTab=opposite&ldType=win
REMOTE_ADDR: 127.0.0.1
HTTP_USER_AGENT: Mozilla/5.0 (X11; Linux x86_64) AppleWebKit/537.36 (KHTML, like Gecko) Chrome/43.0.2357.134 Safari/537.36
type: GET
url: http://127.0.0.1:80/pt/api/longdragon/data
status: 200
exectime: {"total_time":0.051999,"namelookup_time":2.7e-5,"connect_time":0.000148,"pretransfer_time":0.000179}
headers: ["Host:mem.sk2.lottery"]

    >   /home/disney/company/new-nsk/business_classes/Log/CurlLog.php:63
    >   /home/disney/company/new-nsk/common/pitaya_api/PITAYA.php:100
    >   /home/disney/company/new-nsk/common/pitaya_api/PITAYA.php:66
    >   /home/disney/company/new-nsk/www/member/longdragon_ajax.php:139
    >   /home/disney/company/new-nsk/www/member/longdragon_ajax.php:53

param: {"lang":"gb","game":"GXSF","tab":"opposite","type":"win"}
POST data: {"lang":"gb","game":"GXSF","tab":"opposite","type":"win"}
out: {"ret":[],"error":null,"code":null,"result":true,"profile":{"execute_time":0.029973030090332}}
================================================
active_time: 2015-07-21 15:56:27
SCRIPT_NAME: /member/longdragon_ajax.php
REQUEST_URI: /member/longdragon_ajax.php?lang=gb&game=GXSF&tab=opposite&type=win&getmore=false
REMOTE_ADDR: 127.0.0.1
HTTP_USER_AGENT: Mozilla/5.0 (X11; Linux x86_64) AppleWebKit/537.36 (KHTML, like Gecko) Chrome/43.0.2357.134 Safari/537.36
type: GET
url: http://127.0.0.1:80/pt/api/longdragon/data
status: 200
exectime: {"total_time":0.046245,"namelookup_time":2.4e-5,"connect_time":0.000116,"pretransfer_time":0.000166}
headers: ["Host:mem.sk2.lottery"]

    >   /home/disney/company/new-nsk/business_classes/Log/CurlLog.php:63
    >   /home/disney/company/new-nsk/common/pitaya_api/PITAYA.php:100
    >   /home/disney/company/new-nsk/common/pitaya_api/PITAYA.php:66
    >   /home/disney/company/new-nsk/www/member/longdragon_ajax.php:139
    >   /home/disney/company/new-nsk/www/member/longdragon_ajax.php:53

param: {"lang":"gb","game":"GXSF","tab":"opposite","type":"win"}
POST data: {"lang":"gb","game":"GXSF","tab":"opposite","type":"win"}
out: {"ret":[],"error":null,"code":null,"result":true,"profile":{"execute_time":0.029846906661987}}
================================================
active_time: 2015-07-21 15:56:57
SCRIPT_NAME: /member/longdragon_ajax.php
REQUEST_URI: /member/longdragon_ajax.php?lang=gb&game=GXSF&tab=all&type=win&getmore=false
REMOTE_ADDR: 127.0.0.1
HTTP_USER_AGENT: Mozilla/5.0 (X11; Linux x86_64) AppleWebKit/537.36 (KHTML, like Gecko) Chrome/43.0.2357.134 Safari/537.36
type: GET
url: http://127.0.0.1:80/pt/api/longdragon/data
status: 200
exectime: {"total_time":0.044994,"namelookup_time":3.8e-5,"connect_time":0.000197,"pretransfer_time":0.000241}
headers: ["Host:mem.sk2.lottery"]

    >   /home/disney/company/new-nsk/business_classes/Log/CurlLog.php:63
    >   /home/disney/company/new-nsk/common/pitaya_api/PITAYA.php:100
    >   /home/disney/company/new-nsk/common/pitaya_api/PITAYA.php:66
    >   /home/disney/company/new-nsk/www/member/longdragon_ajax.php:139
    >   /home/disney/company/new-nsk/www/member/longdragon_ajax.php:53

param: {"lang":"gb","game":"GXSF","tab":"all","type":"win"}
POST data: {"lang":"gb","game":"GXSF","tab":"all","type":"win"}
out: {"ret":[],"error":null,"code":null,"result":true,"profile":{"execute_time":0.025724172592163}}
================================================
active_time: 2015-07-21 15:56:58
SCRIPT_NAME: /member/longdragon_ajax.php
REQUEST_URI: /member/longdragon_ajax.php?lang=gb&game=GXSF&tab=opposite&type=win&getmore=false
REMOTE_ADDR: 127.0.0.1
HTTP_USER_AGENT: Mozilla/5.0 (X11; Linux x86_64) AppleWebKit/537.36 (KHTML, like Gecko) Chrome/43.0.2357.134 Safari/537.36
type: GET
url: http://127.0.0.1:80/pt/api/longdragon/data
status: 200
exectime: {"total_time":0.048958,"namelookup_time":3.7e-5,"connect_time":0.000194,"pretransfer_time":0.000229}
headers: ["Host:mem.sk2.lottery"]

    >   /home/disney/company/new-nsk/business_classes/Log/CurlLog.php:63
    >   /home/disney/company/new-nsk/common/pitaya_api/PITAYA.php:100
    >   /home/disney/company/new-nsk/common/pitaya_api/PITAYA.php:66
    >   /home/disney/company/new-nsk/www/member/longdragon_ajax.php:139
    >   /home/disney/company/new-nsk/www/member/longdragon_ajax.php:53

param: {"lang":"gb","game":"GXSF","tab":"opposite","type":"win"}
POST data: {"lang":"gb","game":"GXSF","tab":"opposite","type":"win"}
out: {"ret":[],"error":null,"code":null,"result":true,"profile":{"execute_time":0.031260013580322}}
================================================
active_time: 2015-07-21 15:56:58
SCRIPT_NAME: /member/longdragon_ajax.php
REQUEST_URI: /member/longdragon_ajax.php?lang=gb&game=GXSF&tab=all&type=win&getmore=false
REMOTE_ADDR: 127.0.0.1
HTTP_USER_AGENT: Mozilla/5.0 (X11; Linux x86_64) AppleWebKit/537.36 (KHTML, like Gecko) Chrome/43.0.2357.134 Safari/537.36
type: GET
url: http://127.0.0.1:80/pt/api/longdragon/data
status: 200
exectime: {"total_time":0.044084,"namelookup_time":3.3e-5,"connect_time":0.00014,"pretransfer_time":0.000174}
headers: ["Host:mem.sk2.lottery"]

    >   /home/disney/company/new-nsk/business_classes/Log/CurlLog.php:63
    >   /home/disney/company/new-nsk/common/pitaya_api/PITAYA.php:100
    >   /home/disney/company/new-nsk/common/pitaya_api/PITAYA.php:66
    >   /home/disney/company/new-nsk/www/member/longdragon_ajax.php:139
    >   /home/disney/company/new-nsk/www/member/longdragon_ajax.php:53

param: {"lang":"gb","game":"GXSF","tab":"all","type":"win"}
POST data: {"lang":"gb","game":"GXSF","tab":"all","type":"win"}
out: {"ret":[],"error":null,"code":null,"result":true,"profile":{"execute_time":0.027839183807373}}
================================================
active_time: 2015-07-21 15:56:59
SCRIPT_NAME: /member/longdragon_ajax.php
REQUEST_URI: /member/longdragon_ajax.php?lang=gb&game=GXSF&tab=opposite&type=win&getmore=false
REMOTE_ADDR: 127.0.0.1
HTTP_USER_AGENT: Mozilla/5.0 (X11; Linux x86_64) AppleWebKit/537.36 (KHTML, like Gecko) Chrome/43.0.2357.134 Safari/537.36
type: GET
url: http://127.0.0.1:80/pt/api/longdragon/data
status: 200
exectime: {"total_time":0.048063,"namelookup_time":5.4e-5,"connect_time":0.000202,"pretransfer_time":0.000251}
headers: ["Host:mem.sk2.lottery"]

    >   /home/disney/company/new-nsk/business_classes/Log/CurlLog.php:63
    >   /home/disney/company/new-nsk/common/pitaya_api/PITAYA.php:100
    >   /home/disney/company/new-nsk/common/pitaya_api/PITAYA.php:66
    >   /home/disney/company/new-nsk/www/member/longdragon_ajax.php:139
    >   /home/disney/company/new-nsk/www/member/longdragon_ajax.php:53

param: {"lang":"gb","game":"GXSF","tab":"opposite","type":"win"}
POST data: {"lang":"gb","game":"GXSF","tab":"opposite","type":"win"}
out: {"ret":[],"error":null,"code":null,"result":true,"profile":{"execute_time":0.024287939071655}}
================================================
active_time: 2015-07-21 15:57:21
SCRIPT_NAME: /member/longdragon_ajax.php
REQUEST_URI: /member/longdragon_ajax.php?lang=gb&game=GXSF&tab=opposite&type=win&getmore=false
REMOTE_ADDR: 127.0.0.1
HTTP_USER_AGENT: Mozilla/5.0 (X11; Linux x86_64) AppleWebKit/537.36 (KHTML, like Gecko) Chrome/43.0.2357.134 Safari/537.36
type: GET
url: http://127.0.0.1:80/pt/api/longdragon/data
status: 200
exectime: {"total_time":0.413239,"namelookup_time":2.8e-5,"connect_time":0.000156,"pretransfer_time":0.000182}
headers: ["Host:mem.sk2.lottery"]

    >   /home/disney/company/new-nsk/business_classes/Log/CurlLog.php:63
    >   /home/disney/company/new-nsk/common/pitaya_api/PITAYA.php:100
    >   /home/disney/company/new-nsk/common/pitaya_api/PITAYA.php:66
    >   /home/disney/company/new-nsk/www/member/longdragon_ajax.php:139
    >   /home/disney/company/new-nsk/www/member/longdragon_ajax.php:53

param: {"lang":"gb","game":"GXSF","tab":"opposite","type":"win"}
POST data: {"lang":"gb","game":"GXSF","tab":"opposite","type":"win"}
out: {"ret":[],"error":null,"code":null,"result":true,"profile":{"execute_time":0.028237819671631}}
================================================
active_time: 2015-07-21 15:57:53
SCRIPT_NAME: /member/today/today_count.php
REQUEST_URI: /member/today/today_count.php
REMOTE_ADDR: 127.0.0.1
HTTP_USER_AGENT: Mozilla/5.0 (X11; Linux x86_64) AppleWebKit/537.36 (KHTML, like Gecko) Chrome/43.0.2357.134 Safari/537.36
type: GET
url: http://127.0.0.1:80/pt/api/order/todaycount
status: 200
exectime: {"total_time":0.3318,"namelookup_time":4.4e-5,"connect_time":0.000181,"pretransfer_time":0.000222}
headers: ["Host:mem.sk2.lottery"]

    >   /home/disney/company/new-nsk/business_classes/Log/CurlLog.php:63
    >   /home/disney/company/new-nsk/common/pitaya_api/PITAYA.php:100
    >   /home/disney/company/new-nsk/common/pitaya_api/PITAYA.php:66
    >   /home/disney/company/new-nsk/www/inte/Lib/Game/TodayWagers.php:501
    >   /home/disney/company/new-nsk/www/member/today/today_count.php:32

param: {"userid":11444833}
POST data: {"userid":11444833}
out: {"ret":{"statis":{"rows":32,"sumgold":98,"sumwingolds":0,"summemwingold":0,"validgold":0},"data":[{"gtype":"BJ3D","gname":"3D\u5f69","rows":0,"sumgold":0,"sumwingold":0,"summemwingold":0,"validgold":0},{"gtype":"PL3D","gname":"\u6392\u5217\u4e09","rows":0,"sumgold":0,"sumwingold":0,"summemwingold":0,"validgold":0},{"gtype":"BBPK","gname":"BB PK3","rows":0,"sumgold":0,"sumwingold":0,"summemwingold":0,"validgold":0},{"gtype":"BB3D","gname":"BB3D","rows":0,"sumgold":0,"sumwingold":0,"summemwingold":0,"validgold":0},{"gtype":"BBKN","gname":"BB\u5feb\u4e50\u5f69","rows":0,"sumgold":0,"sumwingold":0,"summemwingold":0,"validgold":0},{"gtype":"BBRB","gname":"BB\u6eda\u7403\u738b","rows":0,"sumgold":0,"sumwingold":0,"summemwingold":0,"validgold":0},{"gtype":"SH3D","gname":"\u4e0a\u6d77\u65f6\u65f6\u4e50","rows":0,"sumgold":0,"sumwingold":0,"summemwingold":0,"validgold":0},{"gtype":"CQSC","gname":"\u91cd\u5e86\u65f6\u65f6\u5f69","rows":0,"sumgold":0,"sumwingold":0,"summemwingold":0,"validgold":0},{"gtype":"TJSC","gname":"\u5929\u6d25\u65f6\u65f6\u5f69","rows":0,"sumgold":0,"sumwingold":0,"summemwingold":0,"validgold":0},{"gtype":"JXSC","gname":"\u6c5f\u897f\u65f6\u65f6\u5f69","rows":0,"sumgold":0,"sumwingold":0,"summemwingold":0,"validgold":0},{"gtype":"XJSC","gname":"\u65b0\u7586\u65f6\u65f6\u5f69","rows":0,"sumgold":0,"sumwingold":0,"summemwingold":0,"validgold":0},{"gtype":"CQSF","gname":"\u91cd\u5e86\u5e78\u8fd0\u519c\u573a","rows":0,"sumgold":0,"sumwingold":0,"summemwingold":0,"validgold":0},{"gtype":"GXSF","gname":"\u5e7f\u897f\u5341\u5206\u5f69","rows":"32","sumgold":"98.0000","sumwingold":"0.0000","summemwingold":"0.0000","validgold":"0.0000"},{"gtype":"GDSF","gname":"\u5e7f\u4e1c\u5341\u5206\u5f69","rows":0,"sumgold":0,"sumwingold":0,"summemwingold":0,"validgold":0},{"gtype":"TJSF","gname":"\u5929\u6d25\u5341\u5206\u5f69","rows":0,"sumgold":0,"sumwingold":0,"summemwingold":0,"validgold":0},{"gtype":"BJPK","gname":"\u5317\u4eacPK\u62fe","rows":0,"sumgold":0,"sumwingold":0,"summemwingold":0,"validgold":0},{"gtype":"BJKN","gname":"\u5317\u4eac\u5feb\u4e508","rows":0,"sumgold":0,"sumwingold":0,"summemwingold":0,"validgold":0},{"gtype":"CAKN","gname":"\u52a0\u62ff\u5927\u5351\u65af","rows":0,"sumgold":0,"sumwingold":0,"summemwingold":0,"validgold":0},{"gtype":"AUKN","gname":"\u6fb3\u6d32\u9996\u90fd\u5546\u4e1a\u533a","rows":0,"sumgold":0,"sumwingold":0,"summemwingold":0,"validgold":0},{"gtype":"GDE5","gname":"\u5e7f\u4e1c11\u90095","rows":0,"sumgold":0,"sumwingold":0,"summemwingold":0,"validgold":0},{"gtype":"JXE5","gname":"\u6c5f\u897f11\u90095","rows":0,"sumgold":0,"sumwingold":0,"summemwingold":0,"validgold":0},{"gtype":"SDE5","gname":"\u5c71\u4e1c\u5341\u4e00\u8fd0\u593a\u91d1","rows":0,"sumgold":0,"sumwingold":0,"summemwingold":0,"validgold":0},{"gtype":"JLQ3","gname":"\u5409\u6797\u5feb3","rows":0,"sumgold":0,"sumwingold":0,"summemwingold":0,"validgold":0},{"gtype":"JSQ3","gname":"\u6c5f\u82cf\u5feb3","rows":0,"sumgold":0,"sumwingold":0,"summemwingold":0,"validgold":0},{"gtype":"AHQ3","gname":"\u5b89\u5fbd\u5feb3","rows":0,"sumgold":0,"sumwingold":0,"summemwingold":0,"validgold":0}]},"error":null,"code":null,"result":true,"profile":{"execute_time":0.30836606025696}}
================================================
active_time: 2015-07-21 15:57:56
SCRIPT_NAME: /member/today/today_wagers.php
REQUEST_URI: /member/today/today_wagers.php?gtype=GXSF&getWList=1
REMOTE_ADDR: 127.0.0.1
HTTP_USER_AGENT: Mozilla/5.0 (X11; Linux x86_64) AppleWebKit/537.36 (KHTML, like Gecko) Chrome/43.0.2357.134 Safari/537.36
type: GET
url: http://127.0.0.1:80/pt/api/report/reporttype
status: 200
exectime: {"total_time":0.077826,"namelookup_time":4.2e-5,"connect_time":0.000192,"pretransfer_time":0.000231}
headers: ["Host:mem.sk2.lottery"]

    >   /home/disney/company/new-nsk/business_classes/Log/CurlLog.php:63
    >   /home/disney/company/new-nsk/common/pitaya_api/PITAYA.php:100
    >   /home/disney/company/new-nsk/common/pitaya_api/PITAYA.php:66
    >   /home/disney/company/new-nsk/business_classes/Pitaya.php:206
    >   /home/disney/company/new-nsk/www/inte/Lib/Game/TodayWagers.php:74
    >   /home/disney/company/new-nsk/www/member/today/today_wagers.php:43

param: {"gametype":"GXSF","lang":"gb"}
POST data: {"gametype":"GXSF","lang":"gb"}
out: {"ret":{"L001":"\u7279\u7801","L002":"\u7279\u7801 \u5927\u5c0f","L003":"\u7279\u7801 \u5355\u53cc","L004":"\u7279\u7801 \u548c\u5355\u53cc","L005":"\u7279\u7801 \u5c3e\u5927\u5c0f","L006":"\u7279\u7801 \u534a\u7279","L007":"\u7279\u7801 \u8272\u6ce2","L008":"\u7279\u7801 \u56db\u5b63","L009":"\u7279\u7801 \u4e94\u884c","L010":"\u6b63\u7801\u7279","L011":"\u6b63\u7801 \u5927\u5c0f","L012":"\u6b63\u7801 \u5355\u53cc","L013":"\u6b63\u7801 \u548c\u5355\u53cc","L014":"\u6b63\u7801 \u5c3e\u5927\u5c0f","L015":"\u6b63\u7801 \u534a\u7279","L016":"\u6b63\u7801 \u8272\u6ce2","L017":"\u6b63\u7801 \u56db\u5b63","L018":"\u6b63\u7801 \u4e94\u884c","L019":"\u4e00\u4e2d\u4e00"},"error":null,"code":null,"result":true,"profile":{"execute_time":0.026754856109619}}
================================================
active_time: 2015-07-21 15:57:56
SCRIPT_NAME: /member/today/today_wagers.php
REQUEST_URI: /member/today/today_wagers.php?gtype=GXSF&getWList=1
REMOTE_ADDR: 127.0.0.1
HTTP_USER_AGENT: Mozilla/5.0 (X11; Linux x86_64) AppleWebKit/537.36 (KHTML, like Gecko) Chrome/43.0.2357.134 Safari/537.36
type: GET
url: http://127.0.0.1:80/pt/api/report/reporttype
status: 200
exectime: {"total_time":0.040399,"namelookup_time":1.6e-5,"connect_time":7.5e-5,"pretransfer_time":9.8e-5}
headers: ["Host:mem.sk2.lottery"]

    >   /home/disney/company/new-nsk/business_classes/Log/CurlLog.php:63
    >   /home/disney/company/new-nsk/common/pitaya_api/PITAYA.php:100
    >   /home/disney/company/new-nsk/common/pitaya_api/PITAYA.php:66
    >   /home/disney/company/new-nsk/business_classes/Pitaya.php:206
    >   /home/disney/company/new-nsk/www/member/today/today_wagers.php:83

param: {"gametype":"GXSF","lang":"gb"}
POST data: {"gametype":"GXSF","lang":"gb"}
out: {"ret":{"L001":"\u7279\u7801","L002":"\u7279\u7801 \u5927\u5c0f","L003":"\u7279\u7801 \u5355\u53cc","L004":"\u7279\u7801 \u548c\u5355\u53cc","L005":"\u7279\u7801 \u5c3e\u5927\u5c0f","L006":"\u7279\u7801 \u534a\u7279","L007":"\u7279\u7801 \u8272\u6ce2","L008":"\u7279\u7801 \u56db\u5b63","L009":"\u7279\u7801 \u4e94\u884c","L010":"\u6b63\u7801\u7279","L011":"\u6b63\u7801 \u5927\u5c0f","L012":"\u6b63\u7801 \u5355\u53cc","L013":"\u6b63\u7801 \u548c\u5355\u53cc","L014":"\u6b63\u7801 \u5c3e\u5927\u5c0f","L015":"\u6b63\u7801 \u534a\u7279","L016":"\u6b63\u7801 \u8272\u6ce2","L017":"\u6b63\u7801 \u56db\u5b63","L018":"\u6b63\u7801 \u4e94\u884c","L019":"\u4e00\u4e2d\u4e00"},"error":null,"code":null,"result":true,"profile":{"execute_time":0.025056838989258}}
================================================
active_time: 2015-07-21 15:57:56
SCRIPT_NAME: /member/today/today_wagers.php
REQUEST_URI: /member/today/today_wagers.php?gtype=GXSF&getWList=1
REMOTE_ADDR: 127.0.0.1
HTTP_USER_AGENT: Mozilla/5.0 (X11; Linux x86_64) AppleWebKit/537.36 (KHTML, like Gecko) Chrome/43.0.2357.134 Safari/537.36
type: GET
url: http://127.0.0.1:80/pt/api/order/todayview
status: 200
exectime: {"total_time":0.204159,"namelookup_time":1.6e-5,"connect_time":7.2e-5,"pretransfer_time":9.8e-5}
headers: ["Host:mem.sk2.lottery"]

    >   /home/disney/company/new-nsk/business_classes/Log/CurlLog.php:63
    >   /home/disney/company/new-nsk/common/pitaya_api/PITAYA.php:100
    >   /home/disney/company/new-nsk/common/pitaya_api/PITAYA.php:66
    >   /home/disney/company/new-nsk/www/member/today/today_wagers.php:84

param: {"userid":11444833,"gtype":"GXSF","page":null,"lang":"gb"}
POST data: {"userid":11444833,"gtype":"GXSF","page":null,"lang":"gb"}
out: {"ret":{"statis":{"rows":"32","sumgold":"98.0000","sumwingold":"0.0000","summemwingold":"0.0000","summeminradio":"1.9600","sumbeforememwingold":"92.1200"},"pages":{"total":1,"current":1},"order":[{"order_id":"9","user_id":"11444833","order_ip":"127.0.0.1","game_id":"622","gametype":"GXSF","wtype":"W10001","params_group":"L002","concede":"S:OVER","odds":"1.94","gold":"1.0000","wingold":"0.0000","status":"0","validation_code":"E20AF778CCBF5A6","is_paid":"0","order_timestamp":"1437465345","secure_order_id":"9","ag_id":"11444832","mem_inradio":2,"ag_inradio":2,"sa_inradio":2,"co_inradio":2,"sc_inradio":2,"ag_winloss":"0.0000","sa_winloss":"0.0000","co_winloss":"0.0000","sc_winloss":"0.5000","hall_winloss":"0.5000","currency_name":"CNY","currency_rate":"1.00000000","line":"A","sa_id":"11444831","co_id":"11444830","sc_id":"11444829","hall_id":"10000001","beforememwingold":"0.9400","memwingold":"0.0000","sc_oddsdiff":"0.00","entrance":"0","orderdatetime":"2015-07-21 15:55:45","gamenum":"1","concede_name":"\u7279\u522b\u53f7 \u5927","content":"\u003Cfont color=\u0022red\u0022\u003E\u003C\/font\u003E \u003Cfont class=\u0022show_result\u0022 data-title=\u0022\u0022 data-bingo=\u0022\u0022\u003E\u7b2c1\u671f\u003C\/font\u003E \u003Cfont color=\u0022red\u0022\u003E\u003C\/font\u003E\u003Cfont color=\u0022red\u0022\u003E\u7279\u522b\u53f7 \u5927\u003C\/font\u003E@\u003Cstrong\u003E\u003Cfont color=\u0022red\u0022\u003E1.94\u003C\/font\u003E\u003C\/strong\u003E\u003Cbr\/\u003E:E20AF778CCBF5A6","params_group_name":"\u7279\u7801 \u5927\u5c0f"},{"order_id":"10","user_id":"11444833","order_ip":"127.0.0.1","game_id":"622","gametype":"GXSF","wtype":"W10002","params_group":"L003","concede":"S:ODD","odds":"1.94","gold":"1.0000","wingold":"0.0000","status":"0","validation_code":"C7DB5F1E3C6CD8B","is_paid":"0","order_timestamp":"1437465345","secure_order_id":"10","ag_id":"11444832","mem_inradio":2,"ag_inradio":2,"sa_inradio":2,"co_inradio":2,"sc_inradio":2,"ag_winloss":"0.0000","sa_winloss":"0.0000","co_winloss":"0.0000","sc_winloss":"0.5000","hall_winloss":"0.5000","currency_name":"CNY","currency_rate":"1.00000000","line":"A","sa_id":"11444831","co_id":"11444830","sc_id":"11444829","hall_id":"10000001","beforememwingold":"0.9400","memwingold":"0.0000","sc_oddsdiff":"0.00","entrance":"0","orderdatetime":"2015-07-21 15:55:45","gamenum":"1","concede_name":"\u7279\u522b\u53f7 \u5355","content":"\u003Cfont color=\u0022red\u0022\u003E\u003C\/font\u003E \u003Cfont class=\u0022show_result\u0022 data-title=\u0022\u0022 data-bingo=\u0022\u0022\u003E\u7b2c1\u671f\u003C\/font\u003E \u003Cfont color=\u0022red\u0022\u003E\u003C\/font\u003E\u003Cfont color=\u0022red\u0022\u003E\u7279\u522b\u53f7 \u5355\u003C\/font\u003E@\u003Cstrong\u003E\u003Cfont color=\u0022red\u0022\u003E1.94\u003C\/font\u003E\u003C\/strong\u003E\u003Cbr\/\u003E:C7DB5F1E3C6CD8B","params_group_name":"\u7279\u7801 \u5355\u53cc"},{"order_id":"11","user_id":"11444833","order_ip":"127.0.0.1","game_id":"622","gametype":"GXSF","wtype":"W10004","params_group":"L004","concede":"S:SUM:ODD","odds":"1.94","gold":"1.0000","wingold":"0.0000","status":"0","validation_code":"29526723E4CEB15","is_paid":"0","order_timestamp":"1437465345","secure_order_id":"11","ag_id":"11444832","mem_inradio":2,"ag_inradio":2,"sa_inradio":2,"co_inradio":2,"sc_inradio":2,"ag_winloss":"0.0000","sa_winloss":"0.0000","co_winloss":"0.0000","sc_winloss":"0.5000","hall_winloss":"0.5000","currency_name":"CNY","currency_rate":"1.00000000","line":"A","sa_id":"11444831","co_id":"11444830","sc_id":"11444829","hall_id":"10000001","beforememwingold":"0.9400","memwingold":"0.0000","sc_oddsdiff":"0.00","entrance":"0","orderdatetime":"2015-07-21 15:55:45","gamenum":"1","concede_name":"\u7279\u522b\u53f7 \u548c\u5355","content":"\u003Cfont color=\u0022red\u0022\u003E\u003C\/font\u003E \u003Cfont class=\u0022show_result\u0022 data-title=\u0022\u0022 data-bingo=\u0022\u0022\u003E\u7b2c1\u671f\u003C\/font\u003E \u003Cfont color=\u0022red\u0022\u003E\u003C\/font\u003E\u003Cfont color=\u0022red\u0022\u003E\u7279\u522b\u53f7 \u548c\u5355\u003C\/font\u003E@\u003Cstrong\u003E\u003Cfont color=\u0022red\u0022\u003E1.94\u003C\/font\u003E\u003C\/strong\u003E\u003Cbr\/\u003E:29526723E4CEB15","params_group_name":"\u7279\u7801 \u548c\u5355\u53cc"},{"order_id":"12","user_id":"11444833","order_ip":"127.0.0.1","game_id":"622","gametype":"GXSF","wtype":"W10011","params_group":"L005","concede":"S:LAST:OVER","odds":"1.94","gold":"1.0000","wingold":"0.0000","status":"0","validation_code":"948CC592A913801","is_paid":"0","order_timestamp":"1437465345","secure_order_id":"12","ag_id":"11444832","mem_inradio":2,"ag_inradio":2,"sa_inradio":2,"co_inradio":2,"sc_inradio":2,"ag_winloss":"0.0000","sa_winloss":"0.0000","co_winloss":"0.0000","sc_winloss":"0.5000","hall_winloss":"0.5000","currency_name":"CNY","currency_rate":"1.00000000","line":"A","sa_id":"11444831","co_id":"11444830","sc_id":"11444829","hall_id":"10000001","beforememwingold":"0.9400","memwingold":"0.0000","sc_oddsdiff":"0.00","entrance":"0","orderdatetime":"2015-07-21 15:55:45","gamenum":"1","concede_name":"\u7279\u522b\u53f7 \u5c3e\u5927","content":"\u003Cfont color=\u0022red\u0022\u003E\u003C\/font\u003E \u003Cfont class=\u0022show_result\u0022 data-title=\u0022\u0022 data-bingo=\u0022\u0022\u003E\u7b2c1\u671f\u003C\/font\u003E \u003Cfont color=\u0022red\u0022\u003E\u003C\/font\u003E\u003Cfont color=\u0022red\u0022\u003E\u7279\u522b\u53f7 \u5c3e\u5927\u003C\/font\u003E@\u003Cstrong\u003E\u003Cfont color=\u0022red\u0022\u003E1.94\u003C\/font\u003E\u003C\/strong\u003E\u003Cbr\/\u003E:948CC592A913801","params_group_name":"\u7279\u7801 \u5c3e\u5927\u5c0f"},{"order_id":"13","user_id":"11444833","order_ip":"127.0.0.1","game_id":"622","gametype":"GXSF","wtype":"W10001","params_group":"L002","concede":"S:UNDER","odds":"1.94","gold":"1.0000","wingold":"0.0000","status":"0","validation_code":"4F3519450E78606","is_paid":"0","order_timestamp":"1437465345","secure_order_id":"13","ag_id":"11444832","mem_inradio":2,"ag_inradio":2,"sa_inradio":2,"co_inradio":2,"sc_inradio":2,"ag_winloss":"0.0000","sa_winloss":"0.0000","co_winloss":"0.0000","sc_winloss":"0.5000","hall_winloss":"0.5000","currency_name":"CNY","currency_rate":"1.00000000","line":"A","sa_id":"11444831","co_id":"11444830","sc_id":"11444829","hall_id":"10000001","beforememwingold":"0.9400","memwingold":"0.0000","sc_oddsdiff":"0.00","entrance":"0","orderdatetime":"2015-07-21 15:55:45","gamenum":"1","concede_name":"\u7279\u522b\u53f7 \u5c0f","content":"\u003Cfont color=\u0022red\u0022\u003E\u003C\/font\u003E \u003Cfont class=\u0022show_result\u0022 data-title=\u0022\u0022 data-bingo=\u0022\u0022\u003E\u7b2c1\u671f\u003C\/font\u003E \u003Cfont color=\u0022red\u0022\u003E\u003C\/font\u003E\u003Cfont color=\u0022red\u0022\u003E\u7279\u522b\u53f7 \u5c0f\u003C\/font\u003E@\u003Cstrong\u003E\u003Cfont color=\u0022red\u0022\u003E1.94\u003C\/font\u003E\u003C\/strong\u003E\u003Cbr\/\u003E:4F3519450E78606","params_group_name":"\u7279\u7801 \u5927\u5c0f"},{"order_id":"14","user_id":"11444833","order_ip":"127.0.0.1","game_id":"622","gametype":"GXSF","wtype":"W10002","params_group":"L003","concede":"S:EVEN","odds":"1.94","gold":"1.0000","wingold":"0.0000","status":"0","validation_code":"E50F12EE56F5DFA","is_paid":"0","order_timestamp":"1437465345","secure_order_id":"14","ag_id":"11444832","mem_inradio":2,"ag_inradio":2,"sa_inradio":2,"co_inradio":2,"sc_inradio":2,"ag_winloss":"0.0000","sa_winloss":"0.0000","co_winloss":"0.0000","sc_winloss":"0.5000","hall_winloss":"0.5000","currency_name":"CNY","currency_rate":"1.00000000","line":"A","sa_id":"11444831","co_id":"11444830","sc_id":"11444829","hall_id":"10000001","beforememwingold":"0.9400","memwingold":"0.0000","sc_oddsdiff":"0.00","entrance":"0","orderdatetime":"2015-07-21 15:55:45","gamenum":"1","concede_name":"\u7279\u522b\u53f7 \u53cc","content":"\u003Cfont color=\u0022red\u0022\u003E\u003C\/font\u003E \u003Cfont class=\u0022show_result\u0022 data-title=\u0022\u0022 data-bingo=\u0022\u0022\u003E\u7b2c1\u671f\u003C\/font\u003E \u003Cfont color=\u0022red\u0022\u003E\u003C\/font\u003E\u003Cfont color=\u0022red\u0022\u003E\u7279\u522b\u53f7 \u53cc\u003C\/font\u003E@\u003Cstrong\u003E\u003Cfont color=\u0022red\u0022\u003E1.94\u003C\/font\u003E\u003C\/strong\u003E\u003Cbr\/\u003E:E50F12EE56F5DFA","params_group_name":"\u7279\u7801 \u5355\u53cc"},{"order_id":"15","user_id":"11444833","order_ip":"127.0.0.1","game_id":"622","gametype":"GXSF","wtype":"W10004","params_group":"L004","concede":"S:SUM:EVEN","odds":"1.94","gold":"1.0000","wingold":"0.0000","status":"0","validation_code":"DBCC027E2EFD381","is_paid":"0","order_timestamp":"1437465345","secure_order_id":"15","ag_id":"11444832","mem_inradio":2,"ag_inradio":2,"sa_inradio":2,"co_inradio":2,"sc_inradio":2,"ag_winloss":"0.0000","sa_winloss":"0.0000","co_winloss":"0.0000","sc_winloss":"0.5000","hall_winloss":"0.5000","currency_name":"CNY","currency_rate":"1.00000000","line":"A","sa_id":"11444831","co_id":"11444830","sc_id":"11444829","hall_id":"10000001","beforememwingold":"0.9400","memwingold":"0.0000","sc_oddsdiff":"0.00","entrance":"0","orderdatetime":"2015-07-21 15:55:45","gamenum":"1","concede_name":"\u7279\u522b\u53f7 \u548c\u53cc","content":"\u003Cfont color=\u0022red\u0022\u003E\u003C\/font\u003E \u003Cfont class=\u0022show_result\u0022 data-title=\u0022\u0022 data-bingo=\u0022\u0022\u003E\u7b2c1\u671f\u003C\/font\u003E \u003Cfont color=\u0022red\u0022\u003E\u003C\/font\u003E\u003Cfont color=\u0022red\u0022\u003E\u7279\u522b\u53f7 \u548c\u53cc\u003C\/font\u003E@\u003Cstrong\u003E\u003Cfont color=\u0022red\u0022\u003E1.94\u003C\/font\u003E\u003C\/strong\u003E\u003Cbr\/\u003E:DBCC027E2EFD381","params_group_name":"\u7279\u7801 \u548c\u5355\u53cc"},{"order_id":"16","user_id":"11444833","order_ip":"127.0.0.1","game_id":"622","gametype":"GXSF","wtype":"W10011","params_group":"L005","concede":"S:LAST:UNDER","odds":"1.94","gold":"1.0000","wingold":"0.0000","status":"0","validation_code":"62E759A8B3766A0","is_paid":"0","order_timestamp":"1437465345","secure_order_id":"16","ag_id":"11444832","mem_inradio":2,"ag_inradio":2,"sa_inradio":2,"co_inradio":2,"sc_inradio":2,"ag_winloss":"0.0000","sa_winloss":"0.0000","co_winloss":"0.0000","sc_winloss":"0.5000","hall_winloss":"0.5000","currency_name":"CNY","currency_rate":"1.00000000","line":"A","sa_id":"11444831","co_id":"11444830","sc_id":"11444829","hall_id":"10000001","beforememwingold":"0.9400","memwingold":"0.0000","sc_oddsdiff":"0.00","entrance":"0","orderdatetime":"2015-07-21 15:55:45","gamenum":"1","concede_name":"\u7279\u522b\u53f7 \u5c3e\u5c0f","content":"\u003Cfont color=\u0022red\u0022\u003E\u003C\/font\u003E \u003Cfont class=\u0022show_result\u0022 data-title=\u0022\u0022 data-bingo=\u0022\u0022\u003E\u7b2c1\u671f\u003C\/font\u003E \u003Cfont color=\u0022red\u0022\u003E\u003C\/font\u003E\u003Cfont color=\u0022red\u0022\u003E\u7279\u522b\u53f7 \u5c3e\u5c0f\u003C\/font\u003E@\u003Cstrong\u003E\u003Cfont color=\u0022red\u0022\u003E1.94\u003C\/font\u003E\u003C\/strong\u003E\u003Cbr\/\u003E:62E759A8B3766A0","params_group_name":"\u7279\u7801 \u5c3e\u5927\u5c0f"},{"order_id":"17","user_id":"11444833","order_ip":"127.0.0.1","game_id":"622","gametype":"GXSF","wtype":"W10001","params_group":"L002","concede":"S:OVER","odds":"1.94","gold":"4.0000","wingold":"0.0000","status":"0","validation_code":"2EFACE7F57DC102","is_paid":"0","order_timestamp":"1437465367","secure_order_id":"17","ag_id":"11444832","mem_inradio":2,"ag_inradio":2,"sa_inradio":2,"co_inradio":2,"sc_inradio":2,"ag_winloss":"0.0000","sa_winloss":"0.0000","co_winloss":"0.0000","sc_winloss":"0.5000","hall_winloss":"0.5000","currency_name":"CNY","currency_rate":"1.00000000","line":"A","sa_id":"11444831","co_id":"11444830","sc_id":"11444829","hall_id":"10000001","beforememwingold":"3.7600","memwingold":"0.0000","sc_oddsdiff":"0.00","entrance":"0","orderdatetime":"2015-07-21 15:56:07","gamenum":"1","concede_name":"\u7279\u522b\u53f7 \u5927","content":"\u003Cfont color=\u0022red\u0022\u003E\u003C\/font\u003E \u003Cfont class=\u0022show_result\u0022 data-title=\u0022\u0022 data-bingo=\u0022\u0022\u003E\u7b2c1\u671f\u003C\/font\u003E \u003Cfont color=\u0022red\u0022\u003E\u003C\/font\u003E\u003Cfont color=\u0022red\u0022\u003E\u7279\u522b\u53f7 \u5927\u003C\/font\u003E@\u003Cstrong\u003E\u003Cfont color=\u0022red\u0022\u003E1.94\u003C\/font\u003E\u003C\/strong\u003E\u003Cbr\/\u003E:2EFACE7F57DC102","params_group_name":"\u7279\u7801 \u5927\u5c0f"},{"order_id":"18","user_id":"11444833","order_ip":"127.0.0.1","game_id":"622","gametype":"GXSF","wtype":"W10002","params_group":"L003","concede":"S:ODD","odds":"1.94","gold":"5.0000","wingold":"0.0000","status":"0","validation_code":"71E559A5E2B2F27","is_paid":"0","order_timestamp":"1437465367","secure_order_id":"18","ag_id":"11444832","mem_inradio":2,"ag_inradio":2,"sa_inradio":2,"co_inradio":2,"sc_inradio":2,"ag_winloss":"0.0000","sa_winloss":"0.0000","co_winloss":"0.0000","sc_winloss":"0.5000","hall_winloss":"0.5000","currency_name":"CNY","currency_rate":"1.00000000","line":"A","sa_id":"11444831","co_id":"11444830","sc_id":"11444829","hall_id":"10000001","beforememwingold":"4.7000","memwingold":"0.0000","sc_oddsdiff":"0.00","entrance":"0","orderdatetime":"2015-07-21 15:56:07","gamenum":"1","concede_name":"\u7279\u522b\u53f7 \u5355","content":"\u003Cfont color=\u0022red\u0022\u003E\u003C\/font\u003E \u003Cfont class=\u0022show_result\u0022 data-title=\u0022\u0022 data-bingo=\u0022\u0022\u003E\u7b2c1\u671f\u003C\/font\u003E \u003Cfont color=\u0022red\u0022\u003E\u003C\/font\u003E\u003Cfont color=\u0022red\u0022\u003E\u7279\u522b\u53f7 \u5355\u003C\/font\u003E@\u003Cstrong\u003E\u003Cfont color=\u0022red\u0022\u003E1.94\u003C\/font\u003E\u003C\/strong\u003E\u003Cbr\/\u003E:71E559A5E2B2F27","params_group_name":"\u7279\u7801 \u5355\u53cc"},{"order_id":"19","user_id":"11444833","order_ip":"127.0.0.1","game_id":"622","gametype":"GXSF","wtype":"W10004","params_group":"L004","concede":"S:SUM:ODD","odds":"1.94","gold":"6.0000","wingold":"0.0000","status":"0","validation_code":"A1EFB1F75BD7975","is_paid":"0","order_timestamp":"1437465367","secure_order_id":"19","ag_id":"11444832","mem_inradio":2,"ag_inradio":2,"sa_inradio":2,"co_inradio":2,"sc_inradio":2,"ag_winloss":"0.0000","sa_winloss":"0.0000","co_winloss":"0.0000","sc_winloss":"0.5000","hall_winloss":"0.5000","currency_name":"CNY","currency_rate":"1.00000000","line":"A","sa_id":"11444831","co_id":"11444830","sc_id":"11444829","hall_id":"10000001","beforememwingold":"5.6400","memwingold":"0.0000","sc_oddsdiff":"0.00","entrance":"0","orderdatetime":"2015-07-21 15:56:07","gamenum":"1","concede_name":"\u7279\u522b\u53f7 \u548c\u5355","content":"\u003Cfont color=\u0022red\u0022\u003E\u003C\/font\u003E \u003Cfont class=\u0022show_result\u0022 data-title=\u0022\u0022 data-bingo=\u0022\u0022\u003E\u7b2c1\u671f\u003C\/font\u003E \u003Cfont color=\u0022red\u0022\u003E\u003C\/font\u003E\u003Cfont color=\u0022red\u0022\u003E\u7279\u522b\u53f7 \u548c\u5355\u003C\/font\u003E@\u003Cstrong\u003E\u003Cfont color=\u0022red\u0022\u003E1.94\u003C\/font\u003E\u003C\/strong\u003E\u003Cbr\/\u003E:A1EFB1F75BD7975","params_group_name":"\u7279\u7801 \u548c\u5355\u53cc"},{"order_id":"20","user_id":"11444833","order_ip":"127.0.0.1","game_id":"622","gametype":"GXSF","wtype":"W10011","params_group":"L005","concede":"S:LAST:OVER","odds":"1.94","gold":"7.0000","wingold":"0.0000","status":"0","validation_code":"79224B3E97AE5FA","is_paid":"0","order_timestamp":"1437465367","secure_order_id":"20","ag_id":"11444832","mem_inradio":2,"ag_inradio":2,"sa_inradio":2,"co_inradio":2,"sc_inradio":2,"ag_winloss":"0.0000","sa_winloss":"0.0000","co_winloss":"0.0000","sc_winloss":"0.5000","hall_winloss":"0.5000","currency_name":"CNY","currency_rate":"1.00000000","line":"A","sa_id":"11444831","co_id":"11444830","sc_id":"11444829","hall_id":"10000001","beforememwingold":"6.5800","memwingold":"0.0000","sc_oddsdiff":"0.00","entrance":"0","orderdatetime":"2015-07-21 15:56:07","gamenum":"1","concede_name":"\u7279\u522b\u53f7 \u5c3e\u5927","content":"\u003Cfont color=\u0022red\u0022\u003E\u003C\/font\u003E \u003Cfont class=\u0022show_result\u0022 data-title=\u0022\u0022 data-bingo=\u0022\u0022\u003E\u7b2c1\u671f\u003C\/font\u003E \u003Cfont color=\u0022red\u0022\u003E\u003C\/font\u003E\u003Cfont color=\u0022red\u0022\u003E\u7279\u522b\u53f7 \u5c3e\u5927\u003C\/font\u003E@\u003Cstrong\u003E\u003Cfont color=\u0022red\u0022\u003E1.94\u003C\/font\u003E\u003C\/strong\u003E\u003Cbr\/\u003E:79224B3E97AE5FA","params_group_name":"\u7279\u7801 \u5c3e\u5927\u5c0f"},{"order_id":"21","user_id":"11444833","order_ip":"127.0.0.1","game_id":"622","gametype":"GXSF","wtype":"W10001","params_group":"L002","concede":"S:UNDER","odds":"1.94","gold":"8.0000","wingold":"0.0000","status":"0","validation_code":"D139BEF9FE3F8C7","is_paid":"0","order_timestamp":"1437465367","secure_order_id":"21","ag_id":"11444832","mem_inradio":2,"ag_inradio":2,"sa_inradio":2,"co_inradio":2,"sc_inradio":2,"ag_winloss":"0.0000","sa_winloss":"0.0000","co_winloss":"0.0000","sc_winloss":"0.5000","hall_winloss":"0.5000","currency_name":"CNY","currency_rate":"1.00000000","line":"A","sa_id":"11444831","co_id":"11444830","sc_id":"11444829","hall_id":"10000001","beforememwingold":"7.5200","memwingold":"0.0000","sc_oddsdiff":"0.00","entrance":"0","orderdatetime":"2015-07-21 15:56:07","gamenum":"1","concede_name":"\u7279\u522b\u53f7 \u5c0f","content":"\u003Cfont color=\u0022red\u0022\u003E\u003C\/font\u003E \u003Cfont class=\u0022show_result\u0022 data-title=\u0022\u0022 data-bingo=\u0022\u0022\u003E\u7b2c1\u671f\u003C\/font\u003E \u003Cfont color=\u0022red\u0022\u003E\u003C\/font\u003E\u003Cfont color=\u0022red\u0022\u003E\u7279\u522b\u53f7 \u5c0f\u003C\/font\u003E@\u003Cstrong\u003E\u003Cfont color=\u0022red\u0022\u003E1.94\u003C\/font\u003E\u003C\/strong\u003E\u003Cbr\/\u003E:D139BEF9FE3F8C7","params_group_name":"\u7279\u7801 \u5927\u5c0f"},{"order_id":"22","user_id":"11444833","order_ip":"127.0.0.1","game_id":"622","gametype":"GXSF","wtype":"W10002","params_group":"L003","concede":"S:EVEN","odds":"1.94","gold":"9.0000","wingold":"0.0000","status":"0","validation_code":"DE2E218F2A05F67","is_paid":"0","order_timestamp":"1437465367","secure_order_id":"22","ag_id":"11444832","mem_inradio":2,"ag_inradio":2,"sa_inradio":2,"co_inradio":2,"sc_inradio":2,"ag_winloss":"0.0000","sa_winloss":"0.0000","co_winloss":"0.0000","sc_winloss":"0.5000","hall_winloss":"0.5000","currency_name":"CNY","currency_rate":"1.00000000","line":"A","sa_id":"11444831","co_id":"11444830","sc_id":"11444829","hall_id":"10000001","beforememwingold":"8.4600","memwingold":"0.0000","sc_oddsdiff":"0.00","entrance":"0","orderdatetime":"2015-07-21 15:56:07","gamenum":"1","concede_name":"\u7279\u522b\u53f7 \u53cc","content":"\u003Cfont color=\u0022red\u0022\u003E\u003C\/font\u003E \u003Cfont class=\u0022show_result\u0022 data-title=\u0022\u0022 data-bingo=\u0022\u0022\u003E\u7b2c1\u671f\u003C\/font\u003E \u003Cfont color=\u0022red\u0022\u003E\u003C\/font\u003E\u003Cfont color=\u0022red\u0022\u003E\u7279\u522b\u53f7 \u53cc\u003C\/font\u003E@\u003Cstrong\u003E\u003Cfont color=\u0022red\u0022\u003E1.94\u003C\/font\u003E\u003C\/strong\u003E\u003Cbr\/\u003E:DE2E218F2A05F67","params_group_name":"\u7279\u7801 \u5355\u53cc"},{"order_id":"23","user_id":"11444833","order_ip":"127.0.0.1","game_id":"622","gametype":"GXSF","wtype":"W10004","params_group":"L004","concede":"S:SUM:EVEN","odds":"1.94","gold":"9.0000","wingold":"0.0000","status":"0","validation_code":"9815074D71B2643","is_paid":"0","order_timestamp":"1437465367","secure_order_id":"23","ag_id":"11444832","mem_inradio":2,"ag_inradio":2,"sa_inradio":2,"co_inradio":2,"sc_inradio":2,"ag_winloss":"0.0000","sa_winloss":"0.0000","co_winloss":"0.0000","sc_winloss":"0.5000","hall_winloss":"0.5000","currency_name":"CNY","currency_rate":"1.00000000","line":"A","sa_id":"11444831","co_id":"11444830","sc_id":"11444829","hall_id":"10000001","beforememwingold":"8.4600","memwingold":"0.0000","sc_oddsdiff":"0.00","entrance":"0","orderdatetime":"2015-07-21 15:56:07","gamenum":"1","concede_name":"\u7279\u522b\u53f7 \u548c\u53cc","content":"\u003Cfont color=\u0022red\u0022\u003E\u003C\/font\u003E \u003Cfont class=\u0022show_result\u0022 data-title=\u0022\u0022 data-bingo=\u0022\u0022\u003E\u7b2c1\u671f\u003C\/font\u003E \u003Cfont color=\u0022red\u0022\u003E\u003C\/font\u003E\u003Cfont color=\u0022red\u0022\u003E\u7279\u522b\u53f7 \u548c\u53cc\u003C\/font\u003E@\u003Cstrong\u003E\u003Cfont color=\u0022red\u0022\u003E1.94\u003C\/font\u003E\u003C\/strong\u003E\u003Cbr\/\u003E:9815074D71B2643","params_group_name":"\u7279\u7801 \u548c\u5355\u53cc"},{"order_id":"24","user_id":"11444833","order_ip":"127.0.0.1","game_id":"622","gametype":"GXSF","wtype":"W10011","params_group":"L005","concede":"S:LAST:UNDER","odds":"1.94","gold":"2.0000","wingold":"0.0000","status":"0","validation_code":"8A0595FC3E6591C","is_paid":"0","order_timestamp":"1437465367","secure_order_id":"24","ag_id":"11444832","mem_inradio":2,"ag_inradio":2,"sa_inradio":2,"co_inradio":2,"sc_inradio":2,"ag_winloss":"0.0000","sa_winloss":"0.0000","co_winloss":"0.0000","sc_winloss":"0.5000","hall_winloss":"0.5000","currency_name":"CNY","currency_rate":"1.00000000","line":"A","sa_id":"11444831","co_id":"11444830","sc_id":"11444829","hall_id":"10000001","beforememwingold":"1.8800","memwingold":"0.0000","sc_oddsdiff":"0.00","entrance":"0","orderdatetime":"2015-07-21 15:56:07","gamenum":"1","concede_name":"\u7279\u522b\u53f7 \u5c3e\u5c0f","content":"\u003Cfont color=\u0022red\u0022\u003E\u003C\/font\u003E \u003Cfont class=\u0022show_result\u0022 data-title=\u0022\u0022 data-bingo=\u0022\u0022\u003E\u7b2c1\u671f\u003C\/font\u003E \u003Cfont color=\u0022red\u0022\u003E\u003C\/font\u003E\u003Cfont color=\u0022red\u0022\u003E\u7279\u522b\u53f7 \u5c3e\u5c0f\u003C\/font\u003E@\u003Cstrong\u003E\u003Cfont color=\u0022red\u0022\u003E1.94\u003C\/font\u003E\u003C\/strong\u003E\u003Cbr\/\u003E:8A0595FC3E6591C","params_group_name":"\u7279\u7801 \u5c3e\u5927\u5c0f"},{"order_id":"25","user_id":"11444833","order_ip":"127.0.0.1","game_id":"623","gametype":"GXSF","wtype":"W10001","params_group":"L002","concede":"S:OVER","odds":"1.94","gold":"2.0000","wingold":"0.0000","status":"0","validation_code":"1D8EC83CD25B6DE","is_paid":"0","order_timestamp":"1437465449","secure_order_id":"25","ag_id":"11444832","mem_inradio":2,"ag_inradio":2,"sa_inradio":2,"co_inradio":2,"sc_inradio":2,"ag_winloss":"0.0000","sa_winloss":"0.0000","co_winloss":"0.0000","sc_winloss":"0.5000","hall_winloss":"0.5000","currency_name":"CNY","currency_rate":"1.00000000","line":"A","sa_id":"11444831","co_id":"11444830","sc_id":"11444829","hall_id":"10000001","beforememwingold":"1.8800","memwingold":"0.0000","sc_oddsdiff":"0.00","entrance":"0","orderdatetime":"2015-07-21 15:57:29","gamenum":"1","concede_name":"\u7279\u522b\u53f7 \u5927","content":"\u003Cfont color=\u0022red\u0022\u003E\u003C\/font\u003E \u003Cfont class=\u0022show_result\u0022 data-title=\u0022\u0022 data-bingo=\u0022\u0022\u003E\u7b2c1\u671f\u003C\/font\u003E \u003Cfont color=\u0022red\u0022\u003E\u003C\/font\u003E\u003Cfont color=\u0022red\u0022\u003E\u7279\u522b\u53f7 \u5927\u003C\/font\u003E@\u003Cstrong\u003E\u003Cfont color=\u0022red\u0022\u003E1.94\u003C\/font\u003E\u003C\/strong\u003E\u003Cbr\/\u003E:1D8EC83CD25B6DE","params_group_name":"\u7279\u7801 \u5927\u5c0f"},{"order_id":"26","user_id":"11444833","order_ip":"127.0.0.1","game_id":"623","gametype":"GXSF","wtype":"W10002","params_group":"L003","concede":"S:ODD","odds":"1.94","gold":"2.0000","wingold":"0.0000","status":"0","validation_code":"8E3D4A3083D8EBA","is_paid":"0","order_timestamp":"1437465449","secure_order_id":"26","ag_id":"11444832","mem_inradio":2,"ag_inradio":2,"sa_inradio":2,"co_inradio":2,"sc_inradio":2,"ag_winloss":"0.0000","sa_winloss":"0.0000","co_winloss":"0.0000","sc_winloss":"0.5000","hall_winloss":"0.5000","currency_name":"CNY","currency_rate":"1.00000000","line":"A","sa_id":"11444831","co_id":"11444830","sc_id":"11444829","hall_id":"10000001","beforememwingold":"1.8800","memwingold":"0.0000","sc_oddsdiff":"0.00","entrance":"0","orderdatetime":"2015-07-21 15:57:29","gamenum":"1","concede_name":"\u7279\u522b\u53f7 \u5355","content":"\u003Cfont color=\u0022red\u0022\u003E\u003C\/font\u003E \u003Cfont class=\u0022show_result\u0022 data-title=\u0022\u0022 data-bingo=\u0022\u0022\u003E\u7b2c1\u671f\u003C\/font\u003E \u003Cfont color=\u0022red\u0022\u003E\u003C\/font\u003E\u003Cfont color=\u0022red\u0022\u003E\u7279\u522b\u53f7 \u5355\u003C\/font\u003E@\u003Cstrong\u003E\u003Cfont color=\u0022red\u0022\u003E1.94\u003C\/font\u003E\u003C\/strong\u003E\u003Cbr\/\u003E:8E3D4A3083D8EBA","params_group_name":"\u7279\u7801 \u5355\u53cc"},{"order_id":"27","user_id":"11444833","order_ip":"127.0.0.1","game_id":"623","gametype":"GXSF","wtype":"W10004","params_group":"L004","concede":"S:SUM:ODD","odds":"1.94","gold":"2.0000","wingold":"0.0000","status":"0","validation_code":"489EC34AFDB303B","is_paid":"0","order_timestamp":"1437465449","secure_order_id":"27","ag_id":"11444832","mem_inradio":2,"ag_inradio":2,"sa_inradio":2,"co_inradio":2,"sc_inradio":2,"ag_winloss":"0.0000","sa_winloss":"0.0000","co_winloss":"0.0000","sc_winloss":"0.5000","hall_winloss":"0.5000","currency_name":"CNY","currency_rate":"1.00000000","line":"A","sa_id":"11444831","co_id":"11444830","sc_id":"11444829","hall_id":"10000001","beforememwingold":"1.8800","memwingold":"0.0000","sc_oddsdiff":"0.00","entrance":"0","orderdatetime":"2015-07-21 15:57:29","gamenum":"1","concede_name":"\u7279\u522b\u53f7 \u548c\u5355","content":"\u003Cfont color=\u0022red\u0022\u003E\u003C\/font\u003E \u003Cfont class=\u0022show_result\u0022 data-title=\u0022\u0022 data-bingo=\u0022\u0022\u003E\u7b2c1\u671f\u003C\/font\u003E \u003Cfont color=\u0022red\u0022\u003E\u003C\/font\u003E\u003Cfont color=\u0022red\u0022\u003E\u7279\u522b\u53f7 \u548c\u5355\u003C\/font\u003E@\u003Cstrong\u003E\u003Cfont color=\u0022red\u0022\u003E1.94\u003C\/font\u003E\u003C\/strong\u003E\u003Cbr\/\u003E:489EC34AFDB303B","params_group_name":"\u7279\u7801 \u548c\u5355\u53cc"},{"order_id":"28","user_id":"11444833","order_ip":"127.0.0.1","game_id":"623","gametype":"GXSF","wtype":"W10011","params_group":"L005","concede":"S:LAST:OVER","odds":"1.94","gold":"2.0000","wingold":"0.0000","status":"0","validation_code":"FB9D540B4F7A5BF","is_paid":"0","order_timestamp":"1437465449","secure_order_id":"28","ag_id":"11444832","mem_inradio":2,"ag_inradio":2,"sa_inradio":2,"co_inradio":2,"sc_inradio":2,"ag_winloss":"0.0000","sa_winloss":"0.0000","co_winloss":"0.0000","sc_winloss":"0.5000","hall_winloss":"0.5000","currency_name":"CNY","currency_rate":"1.00000000","line":"A","sa_id":"11444831","co_id":"11444830","sc_id":"11444829","hall_id":"10000001","beforememwingold":"1.8800","memwingold":"0.0000","sc_oddsdiff":"0.00","entrance":"0","orderdatetime":"2015-07-21 15:57:29","gamenum":"1","concede_name":"\u7279\u522b\u53f7 \u5c3e\u5927","content":"\u003Cfont color=\u0022red\u0022\u003E\u003C\/font\u003E \u003Cfont class=\u0022show_result\u0022 data-title=\u0022\u0022 data-bingo=\u0022\u0022\u003E\u7b2c1\u671f\u003C\/font\u003E \u003Cfont color=\u0022red\u0022\u003E\u003C\/font\u003E\u003Cfont color=\u0022red\u0022\u003E\u7279\u522b\u53f7 \u5c3e\u5927\u003C\/font\u003E@\u003Cstrong\u003E\u003Cfont color=\u0022red\u0022\u003E1.94\u003C\/font\u003E\u003C\/strong\u003E\u003Cbr\/\u003E:FB9D540B4F7A5BF","params_group_name":"\u7279\u7801 \u5c3e\u5927\u5c0f"},{"order_id":"29","user_id":"11444833","order_ip":"127.0.0.1","game_id":"623","gametype":"GXSF","wtype":"W10001","params_group":"L002","concede":"S:UNDER","odds":"1.94","gold":"2.0000","wingold":"0.0000","status":"0","validation_code":"B533953DADF3F0A","is_paid":"0","order_timestamp":"1437465449","secure_order_id":"29","ag_id":"11444832","mem_inradio":2,"ag_inradio":2,"sa_inradio":2,"co_inradio":2,"sc_inradio":2,"ag_winloss":"0.0000","sa_winloss":"0.0000","co_winloss":"0.0000","sc_winloss":"0.5000","hall_winloss":"0.5000","currency_name":"CNY","currency_rate":"1.00000000","line":"A","sa_id":"11444831","co_id":"11444830","sc_id":"11444829","hall_id":"10000001","beforememwingold":"1.8800","memwingold":"0.0000","sc_oddsdiff":"0.00","entrance":"0","orderdatetime":"2015-07-21 15:57:29","gamenum":"1","concede_name":"\u7279\u522b\u53f7 \u5c0f","content":"\u003Cfont color=\u0022red\u0022\u003E\u003C\/font\u003E \u003Cfont class=\u0022show_result\u0022 data-title=\u0022\u0022 data-bingo=\u0022\u0022\u003E\u7b2c1\u671f\u003C\/font\u003E \u003Cfont color=\u0022red\u0022\u003E\u003C\/font\u003E\u003Cfont color=\u0022red\u0022\u003E\u7279\u522b\u53f7 \u5c0f\u003C\/font\u003E@\u003Cstrong\u003E\u003Cfont color=\u0022red\u0022\u003E1.94\u003C\/font\u003E\u003C\/strong\u003E\u003Cbr\/\u003E:B533953DADF3F0A","params_group_name":"\u7279\u7801 \u5927\u5c0f"},{"order_id":"30","user_id":"11444833","order_ip":"127.0.0.1","game_id":"623","gametype":"GXSF","wtype":"W10002","params_group":"L003","concede":"S:EVEN","odds":"1.94","gold":"2.0000","wingold":"0.0000","status":"0","validation_code":"580097515CAD9AD","is_paid":"0","order_timestamp":"1437465449","secure_order_id":"30","ag_id":"11444832","mem_inradio":2,"ag_inradio":2,"sa_inradio":2,"co_inradio":2,"sc_inradio":2,"ag_winloss":"0.0000","sa_winloss":"0.0000","co_winloss":"0.0000","sc_winloss":"0.5000","hall_winloss":"0.5000","currency_name":"CNY","currency_rate":"1.00000000","line":"A","sa_id":"11444831","co_id":"11444830","sc_id":"11444829","hall_id":"10000001","beforememwingold":"1.8800","memwingold":"0.0000","sc_oddsdiff":"0.00","entrance":"0","orderdatetime":"2015-07-21 15:57:29","gamenum":"1","concede_name":"\u7279\u522b\u53f7 \u53cc","content":"\u003Cfont color=\u0022red\u0022\u003E\u003C\/font\u003E \u003Cfont class=\u0022show_result\u0022 data-title=\u0022\u0022 data-bingo=\u0022\u0022\u003E\u7b2c1\u671f\u003C\/font\u003E \u003Cfont color=\u0022red\u0022\u003E\u003C\/font\u003E\u003Cfont color=\u0022red\u0022\u003E\u7279\u522b\u53f7 \u53cc\u003C\/font\u003E@\u003Cstrong\u003E\u003Cfont color=\u0022red\u0022\u003E1.94\u003C\/font\u003E\u003C\/strong\u003E\u003Cbr\/\u003E:580097515CAD9AD","params_group_name":"\u7279\u7801 \u5355\u53cc"},{"order_id":"31","user_id":"11444833","order_ip":"127.0.0.1","game_id":"623","gametype":"GXSF","wtype":"W10004","params_group":"L004","concede":"S:SUM:EVEN","odds":"1.94","gold":"2.0000","wingold":"0.0000","status":"0","validation_code":"AA98AE7B24FA325","is_paid":"0","order_timestamp":"1437465449","secure_order_id":"31","ag_id":"11444832","mem_inradio":2,"ag_inradio":2,"sa_inradio":2,"co_inradio":2,"sc_inradio":2,"ag_winloss":"0.0000","sa_winloss":"0.0000","co_winloss":"0.0000","sc_winloss":"0.5000","hall_winloss":"0.5000","currency_name":"CNY","currency_rate":"1.00000000","line":"A","sa_id":"11444831","co_id":"11444830","sc_id":"11444829","hall_id":"10000001","beforememwingold":"1.8800","memwingold":"0.0000","sc_oddsdiff":"0.00","entrance":"0","orderdatetime":"2015-07-21 15:57:29","gamenum":"1","concede_name":"\u7279\u522b\u53f7 \u548c\u53cc","content":"\u003Cfont color=\u0022red\u0022\u003E\u003C\/font\u003E \u003Cfont class=\u0022show_result\u0022 data-title=\u0022\u0022 data-bingo=\u0022\u0022\u003E\u7b2c1\u671f\u003C\/font\u003E \u003Cfont color=\u0022red\u0022\u003E\u003C\/font\u003E\u003Cfont color=\u0022red\u0022\u003E\u7279\u522b\u53f7 \u548c\u53cc\u003C\/font\u003E@\u003Cstrong\u003E\u003Cfont color=\u0022red\u0022\u003E1.94\u003C\/font\u003E\u003C\/strong\u003E\u003Cbr\/\u003E:AA98AE7B24FA325","params_group_name":"\u7279\u7801 \u548c\u5355\u53cc"},{"order_id":"32","user_id":"11444833","order_ip":"127.0.0.1","game_id":"623","gametype":"GXSF","wtype":"W10011","params_group":"L005","concede":"S:LAST:UNDER","odds":"1.94","gold":"2.0000","wingold":"0.0000","status":"0","validation_code":"0908F6B54FF593A","is_paid":"0","order_timestamp":"1437465449","secure_order_id":"32","ag_id":"11444832","mem_inradio":2,"ag_inradio":2,"sa_inradio":2,"co_inradio":2,"sc_inradio":2,"ag_winloss":"0.0000","sa_winloss":"0.0000","co_winloss":"0.0000","sc_winloss":"0.5000","hall_winloss":"0.5000","currency_name":"CNY","currency_rate":"1.00000000","line":"A","sa_id":"11444831","co_id":"11444830","sc_id":"11444829","hall_id":"10000001","beforememwingold":"1.8800","memwingold":"0.0000","sc_oddsdiff":"0.00","entrance":"0","orderdatetime":"2015-07-21 15:57:29","gamenum":"1","concede_name":"\u7279\u522b\u53f7 \u5c3e\u5c0f","content":"\u003Cfont color=\u0022red\u0022\u003E\u003C\/font\u003E \u003Cfont class=\u0022show_result\u0022 data-title=\u0022\u0022 data-bingo=\u0022\u0022\u003E\u7b2c1\u671f\u003C\/font\u003E \u003Cfont color=\u0022red\u0022\u003E\u003C\/font\u003E\u003Cfont color=\u0022red\u0022\u003E\u7279\u522b\u53f7 \u5c3e\u5c0f\u003C\/font\u003E@\u003Cstrong\u003E\u003Cfont color=\u0022red\u0022\u003E1.94\u003C\/font\u003E\u003C\/strong\u003E\u003Cbr\/\u003E:0908F6B54FF593A","params_group_name":"\u7279\u7801 \u5c3e\u5927\u5c0f"},{"order_id":"33","user_id":"11444833","order_ip":"127.0.0.1","game_id":"623","gametype":"GXSF","wtype":"W10001","params_group":"L002","concede":"S:OVER","odds":"1.94","gold":"3.0000","wingold":"0.0000","status":"0","validation_code":"1EE368984835E74","is_paid":"0","order_timestamp":"1437465461","secure_order_id":"33","ag_id":"11444832","mem_inradio":2,"ag_inradio":2,"sa_inradio":2,"co_inradio":2,"sc_inradio":2,"ag_winloss":"0.0000","sa_winloss":"0.0000","co_winloss":"0.0000","sc_winloss":"0.5000","hall_winloss":"0.5000","currency_name":"CNY","currency_rate":"1.00000000","line":"A","sa_id":"11444831","co_id":"11444830","sc_id":"11444829","hall_id":"10000001","beforememwingold":"2.8200","memwingold":"0.0000","sc_oddsdiff":"0.00","entrance":"0","orderdatetime":"2015-07-21 15:57:41","gamenum":"1","concede_name":"\u7279\u522b\u53f7 \u5927","content":"\u003Cfont color=\u0022red\u0022\u003E\u003C\/font\u003E \u003Cfont class=\u0022show_result\u0022 data-title=\u0022\u0022 data-bingo=\u0022\u0022\u003E\u7b2c1\u671f\u003C\/font\u003E \u003Cfont color=\u0022red\u0022\u003E\u003C\/font\u003E\u003Cfont color=\u0022red\u0022\u003E\u7279\u522b\u53f7 \u5927\u003C\/font\u003E@\u003Cstrong\u003E\u003Cfont color=\u0022red\u0022\u003E1.94\u003C\/font\u003E\u003C\/strong\u003E\u003Cbr\/\u003E:1EE368984835E74","params_group_name":"\u7279\u7801 \u5927\u5c0f"},{"order_id":"34","user_id":"11444833","order_ip":"127.0.0.1","game_id":"623","gametype":"GXSF","wtype":"W10002","params_group":"L003","concede":"S:ODD","odds":"1.94","gold":"3.0000","wingold":"0.0000","status":"0","validation_code":"DD46D2024BD17FB","is_paid":"0","order_timestamp":"1437465461","secure_order_id":"34","ag_id":"11444832","mem_inradio":2,"ag_inradio":2,"sa_inradio":2,"co_inradio":2,"sc_inradio":2,"ag_winloss":"0.0000","sa_winloss":"0.0000","co_winloss":"0.0000","sc_winloss":"0.5000","hall_winloss":"0.5000","currency_name":"CNY","currency_rate":"1.00000000","line":"A","sa_id":"11444831","co_id":"11444830","sc_id":"11444829","hall_id":"10000001","beforememwingold":"2.8200","memwingold":"0.0000","sc_oddsdiff":"0.00","entrance":"0","orderdatetime":"2015-07-21 15:57:41","gamenum":"1","concede_name":"\u7279\u522b\u53f7 \u5355","content":"\u003Cfont color=\u0022red\u0022\u003E\u003C\/font\u003E \u003Cfont class=\u0022show_result\u0022 data-title=\u0022\u0022 data-bingo=\u0022\u0022\u003E\u7b2c1\u671f\u003C\/font\u003E \u003Cfont color=\u0022red\u0022\u003E\u003C\/font\u003E\u003Cfont color=\u0022red\u0022\u003E\u7279\u522b\u53f7 \u5355\u003C\/font\u003E@\u003Cstrong\u003E\u003Cfont color=\u0022red\u0022\u003E1.94\u003C\/font\u003E\u003C\/strong\u003E\u003Cbr\/\u003E:DD46D2024BD17FB","params_group_name":"\u7279\u7801 \u5355\u53cc"},{"order_id":"35","user_id":"11444833","order_ip":"127.0.0.1","game_id":"623","gametype":"GXSF","wtype":"W10004","params_group":"L004","concede":"S:SUM:ODD","odds":"1.94","gold":"3.0000","wingold":"0.0000","status":"0","validation_code":"039244275A8AB6D","is_paid":"0","order_timestamp":"1437465461","secure_order_id":"35","ag_id":"11444832","mem_inradio":2,"ag_inradio":2,"sa_inradio":2,"co_inradio":2,"sc_inradio":2,"ag_winloss":"0.0000","sa_winloss":"0.0000","co_winloss":"0.0000","sc_winloss":"0.5000","hall_winloss":"0.5000","currency_name":"CNY","currency_rate":"1.00000000","line":"A","sa_id":"11444831","co_id":"11444830","sc_id":"11444829","hall_id":"10000001","beforememwingold":"2.8200","memwingold":"0.0000","sc_oddsdiff":"0.00","entrance":"0","orderdatetime":"2015-07-21 15:57:41","gamenum":"1","concede_name":"\u7279\u522b\u53f7 \u548c\u5355","content":"\u003Cfont color=\u0022red\u0022\u003E\u003C\/font\u003E \u003Cfont class=\u0022show_result\u0022 data-title=\u0022\u0022 data-bingo=\u0022\u0022\u003E\u7b2c1\u671f\u003C\/font\u003E \u003Cfont color=\u0022red\u0022\u003E\u003C\/font\u003E\u003Cfont color=\u0022red\u0022\u003E\u7279\u522b\u53f7 \u548c\u5355\u003C\/font\u003E@\u003Cstrong\u003E\u003Cfont color=\u0022red\u0022\u003E1.94\u003C\/font\u003E\u003C\/strong\u003E\u003Cbr\/\u003E:039244275A8AB6D","params_group_name":"\u7279\u7801 \u548c\u5355\u53cc"},{"order_id":"36","user_id":"11444833","order_ip":"127.0.0.1","game_id":"623","gametype":"GXSF","wtype":"W10011","params_group":"L005","concede":"S:LAST:OVER","odds":"1.94","gold":"3.0000","wingold":"0.0000","status":"0","validation_code":"5B0787DECD01834","is_paid":"0","order_timestamp":"1437465461","secure_order_id":"36","ag_id":"11444832","mem_inradio":2,"ag_inradio":2,"sa_inradio":2,"co_inradio":2,"sc_inradio":2,"ag_winloss":"0.0000","sa_winloss":"0.0000","co_winloss":"0.0000","sc_winloss":"0.5000","hall_winloss":"0.5000","currency_name":"CNY","currency_rate":"1.00000000","line":"A","sa_id":"11444831","co_id":"11444830","sc_id":"11444829","hall_id":"10000001","beforememwingold":"2.8200","memwingold":"0.0000","sc_oddsdiff":"0.00","entrance":"0","orderdatetime":"2015-07-21 15:57:41","gamenum":"1","concede_name":"\u7279\u522b\u53f7 \u5c3e\u5927","content":"\u003Cfont color=\u0022red\u0022\u003E\u003C\/font\u003E \u003Cfont class=\u0022show_result\u0022 data-title=\u0022\u0022 data-bingo=\u0022\u0022\u003E\u7b2c1\u671f\u003C\/font\u003E \u003Cfont color=\u0022red\u0022\u003E\u003C\/font\u003E\u003Cfont color=\u0022red\u0022\u003E\u7279\u522b\u53f7 \u5c3e\u5927\u003C\/font\u003E@\u003Cstrong\u003E\u003Cfont color=\u0022red\u0022\u003E1.94\u003C\/font\u003E\u003C\/strong\u003E\u003Cbr\/\u003E:5B0787DECD01834","params_group_name":"\u7279\u7801 \u5c3e\u5927\u5c0f"},{"order_id":"37","user_id":"11444833","order_ip":"127.0.0.1","game_id":"623","gametype":"GXSF","wtype":"W10001","params_group":"L002","concede":"S:UNDER","odds":"1.94","gold":"3.0000","wingold":"0.0000","status":"0","validation_code":"EAE1457C675612A","is_paid":"0","order_timestamp":"1437465461","secure_order_id":"37","ag_id":"11444832","mem_inradio":2,"ag_inradio":2,"sa_inradio":2,"co_inradio":2,"sc_inradio":2,"ag_winloss":"0.0000","sa_winloss":"0.0000","co_winloss":"0.0000","sc_winloss":"0.5000","hall_winloss":"0.5000","currency_name":"CNY","currency_rate":"1.00000000","line":"A","sa_id":"11444831","co_id":"11444830","sc_id":"11444829","hall_id":"10000001","beforememwingold":"2.8200","memwingold":"0.0000","sc_oddsdiff":"0.00","entrance":"0","orderdatetime":"2015-07-21 15:57:41","gamenum":"1","concede_name":"\u7279\u522b\u53f7 \u5c0f","content":"\u003Cfont color=\u0022red\u0022\u003E\u003C\/font\u003E \u003Cfont class=\u0022show_result\u0022 data-title=\u0022\u0022 data-bingo=\u0022\u0022\u003E\u7b2c1\u671f\u003C\/font\u003E \u003Cfont color=\u0022red\u0022\u003E\u003C\/font\u003E\u003Cfont color=\u0022red\u0022\u003E\u7279\u522b\u53f7 \u5c0f\u003C\/font\u003E@\u003Cstrong\u003E\u003Cfont color=\u0022red\u0022\u003E1.94\u003C\/font\u003E\u003C\/strong\u003E\u003Cbr\/\u003E:EAE1457C675612A","params_group_name":"\u7279\u7801 \u5927\u5c0f"},{"order_id":"38","user_id":"11444833","order_ip":"127.0.0.1","game_id":"623","gametype":"GXSF","wtype":"W10002","params_group":"L003","concede":"S:EVEN","odds":"1.94","gold":"3.0000","wingold":"0.0000","status":"0","validation_code":"7C867F9E2E2FCB8","is_paid":"0","order_timestamp":"1437465461","secure_order_id":"38","ag_id":"11444832","mem_inradio":2,"ag_inradio":2,"sa_inradio":2,"co_inradio":2,"sc_inradio":2,"ag_winloss":"0.0000","sa_winloss":"0.0000","co_winloss":"0.0000","sc_winloss":"0.5000","hall_winloss":"0.5000","currency_name":"CNY","currency_rate":"1.00000000","line":"A","sa_id":"11444831","co_id":"11444830","sc_id":"11444829","hall_id":"10000001","beforememwingold":"2.8200","memwingold":"0.0000","sc_oddsdiff":"0.00","entrance":"0","orderdatetime":"2015-07-21 15:57:41","gamenum":"1","concede_name":"\u7279\u522b\u53f7 \u53cc","content":"\u003Cfont color=\u0022red\u0022\u003E\u003C\/font\u003E \u003Cfont class=\u0022show_result\u0022 data-title=\u0022\u0022 data-bingo=\u0022\u0022\u003E\u7b2c1\u671f\u003C\/font\u003E \u003Cfont color=\u0022red\u0022\u003E\u003C\/font\u003E\u003Cfont color=\u0022red\u0022\u003E\u7279\u522b\u53f7 \u53cc\u003C\/font\u003E@\u003Cstrong\u003E\u003Cfont color=\u0022red\u0022\u003E1.94\u003C\/font\u003E\u003C\/strong\u003E\u003Cbr\/\u003E:7C867F9E2E2FCB8","params_group_name":"\u7279\u7801 \u5355\u53cc"},{"order_id":"39","user_id":"11444833","order_ip":"127.0.0.1","game_id":"623","gametype":"GXSF","wtype":"W10004","params_group":"L004","concede":"S:SUM:EVEN","odds":"1.94","gold":"3.0000","wingold":"0.0000","status":"0","validation_code":"B862A99A9A5A672","is_paid":"0","order_timestamp":"1437465461","secure_order_id":"39","ag_id":"11444832","mem_inradio":2,"ag_inradio":2,"sa_inradio":2,"co_inradio":2,"sc_inradio":2,"ag_winloss":"0.0000","sa_winloss":"0.0000","co_winloss":"0.0000","sc_winloss":"0.5000","hall_winloss":"0.5000","currency_name":"CNY","currency_rate":"1.00000000","line":"A","sa_id":"11444831","co_id":"11444830","sc_id":"11444829","hall_id":"10000001","beforememwingold":"2.8200","memwingold":"0.0000","sc_oddsdiff":"0.00","entrance":"0","orderdatetime":"2015-07-21 15:57:41","gamenum":"1","concede_name":"\u7279\u522b\u53f7 \u548c\u53cc","content":"\u003Cfont color=\u0022red\u0022\u003E\u003C\/font\u003E \u003Cfont class=\u0022show_result\u0022 data-title=\u0022\u0022 data-bingo=\u0022\u0022\u003E\u7b2c1\u671f\u003C\/font\u003E \u003Cfont color=\u0022red\u0022\u003E\u003C\/font\u003E\u003Cfont color=\u0022red\u0022\u003E\u7279\u522b\u53f7 \u548c\u53cc\u003C\/font\u003E@\u003Cstrong\u003E\u003Cfont color=\u0022red\u0022\u003E1.94\u003C\/font\u003E\u003C\/strong\u003E\u003Cbr\/\u003E:B862A99A9A5A672","params_group_name":"\u7279\u7801 \u548c\u5355\u53cc"},{"order_id":"40","user_id":"11444833","order_ip":"127.0.0.1","game_id":"623","gametype":"GXSF","wtype":"W10011","params_group":"L005","concede":"S:LAST:UNDER","odds":"1.94","gold":"3.0000","wingold":"0.0000","status":"0","validation_code":"E605EB150E5FD5D","is_paid":"0","order_timestamp":"1437465461","secure_order_id":"40","ag_id":"11444832","mem_inradio":2,"ag_inradio":2,"sa_inradio":2,"co_inradio":2,"sc_inradio":2,"ag_winloss":"0.0000","sa_winloss":"0.0000","co_winloss":"0.0000","sc_winloss":"0.5000","hall_winloss":"0.5000","currency_name":"CNY","currency_rate":"1.00000000","line":"A","sa_id":"11444831","co_id":"11444830","sc_id":"11444829","hall_id":"10000001","beforememwingold":"2.8200","memwingold":"0.0000","sc_oddsdiff":"0.00","entrance":"0","orderdatetime":"2015-07-21 15:57:41","gamenum":"1","concede_name":"\u7279\u522b\u53f7 \u5c3e\u5c0f","content":"\u003Cfont color=\u0022red\u0022\u003E\u003C\/font\u003E \u003Cfont class=\u0022show_result\u0022 data-title=\u0022\u0022 data-bingo=\u0022\u0022\u003E\u7b2c1\u671f\u003C\/font\u003E \u003Cfont color=\u0022red\u0022\u003E\u003C\/font\u003E\u003Cfont color=\u0022red\u0022\u003E\u7279\u522b\u53f7 \u5c3e\u5c0f\u003C\/font\u003E@\u003Cstrong\u003E\u003Cfont color=\u0022red\u0022\u003E1.94\u003C\/font\u003E\u003C\/strong\u003E\u003Cbr\/\u003E:E605EB150E5FD5D","params_group_name":"\u7279\u7801 \u5c3e\u5927\u5c0f"}]},"error":null,"code":null,"result":true,"profile":{"execute_time":0.18023419380188}}
================================================
active_time: 2015-07-21 15:58:06
SCRIPT_NAME: /member/history/history_count.php
REQUEST_URI: /member/history/history_count.php
REMOTE_ADDR: 127.0.0.1
HTTP_USER_AGENT: Mozilla/5.0 (X11; Linux x86_64) AppleWebKit/537.36 (KHTML, like Gecko) Chrome/43.0.2357.134 Safari/537.36
type: GET
url: http://127.0.0.1:80/pt/api/order/historycount
status: 200
exectime: {"total_time":0.390269,"namelookup_time":8.3e-5,"connect_time":0.000341,"pretransfer_time":0.000411}
headers: ["Host:mem.sk2.lottery"]

    >   /home/disney/company/new-nsk/business_classes/Log/CurlLog.php:63
    >   /home/disney/company/new-nsk/common/pitaya_api/PITAYA.php:100
    >   /home/disney/company/new-nsk/common/pitaya_api/PITAYA.php:66
    >   /home/disney/company/new-nsk/www/inte/Lib/Game/HistoryDataIPL.php:72
    >   /home/disney/company/new-nsk/www/member/history/history_count.php:16

param: {"userid":11444833,"orderdate":["2015-07-14","2015-07-21"]}
POST data: {"userid":11444833,"orderdate":["2015-07-14","2015-07-21"]}
out: {"ret":{"statis":{"rows":8,"sumgold":8,"sumwingold":99989.76,"summemwingold":99989.92,"validgold":8},"data":[{"orderdate":"2015-07-14","rows":0,"sumgold":0,"sumwingold":0,"summemwingold":0,"validgold":0},{"orderdate":"2015-07-15","rows":0,"sumgold":0,"sumwingold":0,"summemwingold":0,"validgold":0},{"orderdate":"2015-07-16","rows":0,"sumgold":0,"sumwingold":0,"summemwingold":0,"validgold":0},{"orderdate":"2015-07-17","rows":0,"sumgold":0,"sumwingold":0,"summemwingold":0,"validgold":0},{"orderdate":"2015-07-18","rows":0,"sumgold":0,"sumwingold":0,"summemwingold":0,"validgold":0},{"orderdate":"2015-07-19","rows":0,"sumgold":0,"sumwingold":0,"summemwingold":0,"validgold":0},{"orderdate":"2015-07-20","rows":"8","sumgold":"8.0000","sumwingold":"99989.7600","summemwingold":"99989.9200","validgold":"8.0000"},{"orderdate":"2015-07-21","rows":0,"sumgold":0,"sumwingold":0,"summemwingold":0,"validgold":0}]},"error":null,"code":null,"result":true,"profile":{"execute_time":0.36745119094849}}
================================================
active_time: 2015-07-21 15:58:21
SCRIPT_NAME: /member/longdragon_ajax.php
REQUEST_URI: /member/longdragon_ajax.php?lang=gb&game=GXSF&tab=opposite&type=win&getmore=false
REMOTE_ADDR: 127.0.0.1
HTTP_USER_AGENT: Mozilla/5.0 (X11; Linux x86_64) AppleWebKit/537.36 (KHTML, like Gecko) Chrome/43.0.2357.134 Safari/537.36
type: GET
url: http://127.0.0.1:80/pt/api/longdragon/data
status: 200
exectime: {"total_time":0.043022,"namelookup_time":2.4e-5,"connect_time":0.000124,"pretransfer_time":0.000152}
headers: ["Host:mem.sk2.lottery"]

    >   /home/disney/company/new-nsk/business_classes/Log/CurlLog.php:63
    >   /home/disney/company/new-nsk/common/pitaya_api/PITAYA.php:100
    >   /home/disney/company/new-nsk/common/pitaya_api/PITAYA.php:66
    >   /home/disney/company/new-nsk/www/member/longdragon_ajax.php:139
    >   /home/disney/company/new-nsk/www/member/longdragon_ajax.php:53

param: {"lang":"gb","game":"GXSF","tab":"opposite","type":"win"}
POST data: {"lang":"gb","game":"GXSF","tab":"opposite","type":"win"}
out: {"ret":[],"error":null,"code":null,"result":true,"profile":{"execute_time":0.026962041854858}}
================================================
active_time: 2015-07-21 15:59:21
SCRIPT_NAME: /member/longdragon_ajax.php
REQUEST_URI: /member/longdragon_ajax.php?lang=gb&game=GXSF&tab=opposite&type=win&getmore=false
REMOTE_ADDR: 127.0.0.1
HTTP_USER_AGENT: Mozilla/5.0 (X11; Linux x86_64) AppleWebKit/537.36 (KHTML, like Gecko) Chrome/43.0.2357.134 Safari/537.36
type: GET
url: http://127.0.0.1:80/pt/api/longdragon/data
status: 200
exectime: {"total_time":0.039891,"namelookup_time":1.8e-5,"connect_time":7.6e-5,"pretransfer_time":9.8e-5}
headers: ["Host:mem.sk2.lottery"]

    >   /home/disney/company/new-nsk/business_classes/Log/CurlLog.php:63
    >   /home/disney/company/new-nsk/common/pitaya_api/PITAYA.php:100
    >   /home/disney/company/new-nsk/common/pitaya_api/PITAYA.php:66
    >   /home/disney/company/new-nsk/www/member/longdragon_ajax.php:139
    >   /home/disney/company/new-nsk/www/member/longdragon_ajax.php:53

param: {"lang":"gb","game":"GXSF","tab":"opposite","type":"win"}
POST data: {"lang":"gb","game":"GXSF","tab":"opposite","type":"win"}
out: {"ret":[],"error":null,"code":null,"result":true,"profile":{"execute_time":0.024420976638794}}
