================================================
active_time: 2015-07-21 17:00:20
SCRIPT_NAME: /member/longdragon_ajax.php
REQUEST_URI: /member/longdragon_ajax.php?lang=gb&game=GXSF&tab=opposite&type=win&getmore=false
REMOTE_ADDR: 127.0.0.1
HTTP_USER_AGENT: Mozilla/5.0 (X11; Linux x86_64) AppleWebKit/537.36 (KHTML, like Gecko) Chrome/43.0.2357.134 Safari/537.36
type: GET
url: http://127.0.0.1:80/pt/api/longdragon/data
status: 200
exectime: {"total_time":0.061123,"namelookup_time":1.8e-5,"connect_time":0.00011,"pretransfer_time":0.000135}
headers: ["Host:mem.sk2.lottery"]

    >   /home/disney/company/new-nsk/business_classes/Log/CurlLog.php:63
    >   /home/disney/company/new-nsk/common/pitaya_api/PITAYA.php:100
    >   /home/disney/company/new-nsk/common/pitaya_api/PITAYA.php:66
    >   /home/disney/company/new-nsk/www/member/longdragon_ajax.php:139
    >   /home/disney/company/new-nsk/www/member/longdragon_ajax.php:53

param: {"lang":"gb","game":"GXSF","tab":"opposite","type":"win"}
POST data: {"lang":"gb","game":"GXSF","tab":"opposite","type":"win"}
out: {"ret":{"game_id":{"GXSF":"1"},"data":[{"gtype":"\u5e7f\u897f\u5341\u5206\u5f69","count":4,"choose":"3:LAST:UNDER","name":"\u6b63\u7801\u4e09 \u5c3e\u5c0f","wagers_type":"\/pt\/mem\/order\/GXSF#\/GXSF\/GENERAL\/3:LAST:UNDER"},{"gtype":"\u5e7f\u897f\u5341\u5206\u5f69","count":4,"choose":"1:SUM:ODD","name":"\u6b63\u7801\u4e00 \u548c\u5355","wagers_type":"\/pt\/mem\/order\/GXSF#\/GXSF\/GENERAL\/1:SUM:ODD"},{"gtype":"\u5e7f\u897f\u5341\u5206\u5f69","count":4,"choose":"1:LAST:UNDER","name":"\u6b63\u7801\u4e00 \u5c3e\u5c0f","wagers_type":"\/pt\/mem\/order\/GXSF#\/GXSF\/GENERAL\/1:LAST:UNDER"},{"gtype":"\u5e7f\u897f\u5341\u5206\u5f69","count":4,"choose":"1:UNDER","name":"\u6b63\u7801\u4e00 \u5c0f","wagers_type":"\/pt\/mem\/order\/GXSF#\/GXSF\/GENERAL\/1:UNDER"},{"gtype":"\u5e7f\u897f\u5341\u5206\u5f69","count":4,"choose":"S:SUM:ODD","name":"\u7279\u522b\u53f7 \u548c\u5355","wagers_type":"\/pt\/mem\/order\/GXSF#\/GXSF\/GENERAL\/S:SUM:ODD"},{"gtype":"\u5e7f\u897f\u5341\u5206\u5f69","count":4,"choose":"4:SUM:EVEN","name":"\u6b63\u7801\u56db \u548c\u53cc","wagers_type":"\/pt\/mem\/order\/GXSF#\/GXSF\/GENERAL\/4:SUM:EVEN"},{"gtype":"\u5e7f\u897f\u5341\u5206\u5f69","count":4,"choose":"2:LAST:UNDER","name":"\u6b63\u7801\u4e8c \u5c3e\u5c0f","wagers_type":"\/pt\/mem\/order\/GXSF#\/GXSF\/GENERAL\/2:LAST:UNDER"},{"gtype":"\u5e7f\u897f\u5341\u5206\u5f69","count":4,"choose":"4:LAST:UNDER","name":"\u6b63\u7801\u56db \u5c3e\u5c0f","wagers_type":"\/pt\/mem\/order\/GXSF#\/GXSF\/GENERAL\/4:LAST:UNDER"},{"gtype":"\u5e7f\u897f\u5341\u5206\u5f69","count":4,"choose":"2:SUM:EVEN","name":"\u6b63\u7801\u4e8c \u548c\u53cc","wagers_type":"\/pt\/mem\/order\/GXSF#\/GXSF\/GENERAL\/2:SUM:EVEN"},{"gtype":"\u5e7f\u897f\u5341\u5206\u5f69","count":4,"choose":"3:SUM:ODD","name":"\u6b63\u7801\u4e09 \u548c\u5355","wagers_type":"\/pt\/mem\/order\/GXSF#\/GXSF\/GENERAL\/3:SUM:ODD"},{"gtype":"\u5e7f\u897f\u5341\u5206\u5f69","count":3,"choose":"3:ODD","name":"\u6b63\u7801\u4e09 \u5355","wagers_type":"\/pt\/mem\/order\/GXSF#\/GXSF\/GENERAL\/3:ODD"},{"gtype":"\u5e7f\u897f\u5341\u5206\u5f69","count":3,"choose":"2:EVEN","name":"\u6b63\u7801\u4e8c \u53cc","wagers_type":"\/pt\/mem\/order\/GXSF#\/GXSF\/GENERAL\/2:EVEN"},{"gtype":"\u5e7f\u897f\u5341\u5206\u5f69","count":3,"choose":"2:UNDER","name":"\u6b63\u7801\u4e8c \u5c0f","wagers_type":"\/pt\/mem\/order\/GXSF#\/GXSF\/GENERAL\/2:UNDER"},{"gtype":"\u5e7f\u897f\u5341\u5206\u5f69","count":3,"choose":"4:UNDER","name":"\u6b63\u7801\u56db \u5c0f","wagers_type":"\/pt\/mem\/order\/GXSF#\/GXSF\/GENERAL\/4:UNDER"},{"gtype":"\u5e7f\u897f\u5341\u5206\u5f69","count":3,"choose":"S:ODD","name":"\u7279\u522b\u53f7 \u5355","wagers_type":"\/pt\/mem\/order\/GXSF#\/GXSF\/GENERAL\/S:ODD"},{"gtype":"\u5e7f\u897f\u5341\u5206\u5f69","count":3,"choose":"S:UNDER","name":"\u7279\u522b\u53f7 \u5c0f","wagers_type":"\/pt\/mem\/order\/GXSF#\/GXSF\/GENERAL\/S:UNDER"},{"gtype":"\u5e7f\u897f\u5341\u5206\u5f69","count":3,"choose":"4:EVEN","name":"\u6b63\u7801\u56db \u53cc","wagers_type":"\/pt\/mem\/order\/GXSF#\/GXSF\/GENERAL\/4:EVEN"},{"gtype":"\u5e7f\u897f\u5341\u5206\u5f69","count":3,"choose":"S:LAST:OVER","name":"\u7279\u522b\u53f7 \u5c3e\u5927","wagers_type":"\/pt\/mem\/order\/GXSF#\/GXSF\/GENERAL\/S:LAST:OVER"},{"gtype":"\u5e7f\u897f\u5341\u5206\u5f69","count":3,"choose":"3:UNDER","name":"\u6b63\u7801\u4e09 \u5c0f","wagers_type":"\/pt\/mem\/order\/GXSF#\/GXSF\/GENERAL\/3:UNDER"},{"gtype":"\u5e7f\u897f\u5341\u5206\u5f69","count":3,"choose":"1:ODD","name":"\u6b63\u7801\u4e00 \u5355","wagers_type":"\/pt\/mem\/order\/GXSF#\/GXSF\/GENERAL\/1:ODD"}]},"error":null,"code":null,"result":true,"profile":{"execute_time":0.045253992080688}}
================================================
active_time: 2015-07-21 17:01:20
SCRIPT_NAME: /member/longdragon_ajax.php
REQUEST_URI: /member/longdragon_ajax.php?lang=gb&game=GXSF&tab=opposite&type=win&getmore=false
REMOTE_ADDR: 127.0.0.1
HTTP_USER_AGENT: Mozilla/5.0 (X11; Linux x86_64) AppleWebKit/537.36 (KHTML, like Gecko) Chrome/43.0.2357.134 Safari/537.36
type: GET
url: http://127.0.0.1:80/pt/api/longdragon/data
status: 200
exectime: {"total_time":0.055931,"namelookup_time":1.2e-5,"connect_time":6.5e-5,"pretransfer_time":8.5e-5}
headers: ["Host:mem.sk2.lottery"]

    >   /home/disney/company/new-nsk/business_classes/Log/CurlLog.php:63
    >   /home/disney/company/new-nsk/common/pitaya_api/PITAYA.php:100
    >   /home/disney/company/new-nsk/common/pitaya_api/PITAYA.php:66
    >   /home/disney/company/new-nsk/www/member/longdragon_ajax.php:139
    >   /home/disney/company/new-nsk/www/member/longdragon_ajax.php:53

param: {"lang":"gb","game":"GXSF","tab":"opposite","type":"win"}
POST data: {"lang":"gb","game":"GXSF","tab":"opposite","type":"win"}
out: {"ret":{"game_id":{"GXSF":"1"},"data":[{"gtype":"\u5e7f\u897f\u5341\u5206\u5f69","count":4,"choose":"3:LAST:UNDER","name":"\u6b63\u7801\u4e09 \u5c3e\u5c0f","wagers_type":"\/pt\/mem\/order\/GXSF#\/GXSF\/GENERAL\/3:LAST:UNDER"},{"gtype":"\u5e7f\u897f\u5341\u5206\u5f69","count":4,"choose":"1:SUM:ODD","name":"\u6b63\u7801\u4e00 \u548c\u5355","wagers_type":"\/pt\/mem\/order\/GXSF#\/GXSF\/GENERAL\/1:SUM:ODD"},{"gtype":"\u5e7f\u897f\u5341\u5206\u5f69","count":4,"choose":"1:LAST:UNDER","name":"\u6b63\u7801\u4e00 \u5c3e\u5c0f","wagers_type":"\/pt\/mem\/order\/GXSF#\/GXSF\/GENERAL\/1:LAST:UNDER"},{"gtype":"\u5e7f\u897f\u5341\u5206\u5f69","count":4,"choose":"1:UNDER","name":"\u6b63\u7801\u4e00 \u5c0f","wagers_type":"\/pt\/mem\/order\/GXSF#\/GXSF\/GENERAL\/1:UNDER"},{"gtype":"\u5e7f\u897f\u5341\u5206\u5f69","count":4,"choose":"S:SUM:ODD","name":"\u7279\u522b\u53f7 \u548c\u5355","wagers_type":"\/pt\/mem\/order\/GXSF#\/GXSF\/GENERAL\/S:SUM:ODD"},{"gtype":"\u5e7f\u897f\u5341\u5206\u5f69","count":4,"choose":"4:SUM:EVEN","name":"\u6b63\u7801\u56db \u548c\u53cc","wagers_type":"\/pt\/mem\/order\/GXSF#\/GXSF\/GENERAL\/4:SUM:EVEN"},{"gtype":"\u5e7f\u897f\u5341\u5206\u5f69","count":4,"choose":"2:LAST:UNDER","name":"\u6b63\u7801\u4e8c \u5c3e\u5c0f","wagers_type":"\/pt\/mem\/order\/GXSF#\/GXSF\/GENERAL\/2:LAST:UNDER"},{"gtype":"\u5e7f\u897f\u5341\u5206\u5f69","count":4,"choose":"4:LAST:UNDER","name":"\u6b63\u7801\u56db \u5c3e\u5c0f","wagers_type":"\/pt\/mem\/order\/GXSF#\/GXSF\/GENERAL\/4:LAST:UNDER"},{"gtype":"\u5e7f\u897f\u5341\u5206\u5f69","count":4,"choose":"2:SUM:EVEN","name":"\u6b63\u7801\u4e8c \u548c\u53cc","wagers_type":"\/pt\/mem\/order\/GXSF#\/GXSF\/GENERAL\/2:SUM:EVEN"},{"gtype":"\u5e7f\u897f\u5341\u5206\u5f69","count":4,"choose":"3:SUM:ODD","name":"\u6b63\u7801\u4e09 \u548c\u5355","wagers_type":"\/pt\/mem\/order\/GXSF#\/GXSF\/GENERAL\/3:SUM:ODD"},{"gtype":"\u5e7f\u897f\u5341\u5206\u5f69","count":3,"choose":"3:ODD","name":"\u6b63\u7801\u4e09 \u5355","wagers_type":"\/pt\/mem\/order\/GXSF#\/GXSF\/GENERAL\/3:ODD"},{"gtype":"\u5e7f\u897f\u5341\u5206\u5f69","count":3,"choose":"2:EVEN","name":"\u6b63\u7801\u4e8c \u53cc","wagers_type":"\/pt\/mem\/order\/GXSF#\/GXSF\/GENERAL\/2:EVEN"},{"gtype":"\u5e7f\u897f\u5341\u5206\u5f69","count":3,"choose":"2:UNDER","name":"\u6b63\u7801\u4e8c \u5c0f","wagers_type":"\/pt\/mem\/order\/GXSF#\/GXSF\/GENERAL\/2:UNDER"},{"gtype":"\u5e7f\u897f\u5341\u5206\u5f69","count":3,"choose":"4:UNDER","name":"\u6b63\u7801\u56db \u5c0f","wagers_type":"\/pt\/mem\/order\/GXSF#\/GXSF\/GENERAL\/4:UNDER"},{"gtype":"\u5e7f\u897f\u5341\u5206\u5f69","count":3,"choose":"S:ODD","name":"\u7279\u522b\u53f7 \u5355","wagers_type":"\/pt\/mem\/order\/GXSF#\/GXSF\/GENERAL\/S:ODD"},{"gtype":"\u5e7f\u897f\u5341\u5206\u5f69","count":3,"choose":"S:UNDER","name":"\u7279\u522b\u53f7 \u5c0f","wagers_type":"\/pt\/mem\/order\/GXSF#\/GXSF\/GENERAL\/S:UNDER"},{"gtype":"\u5e7f\u897f\u5341\u5206\u5f69","count":3,"choose":"4:EVEN","name":"\u6b63\u7801\u56db \u53cc","wagers_type":"\/pt\/mem\/order\/GXSF#\/GXSF\/GENERAL\/4:EVEN"},{"gtype":"\u5e7f\u897f\u5341\u5206\u5f69","count":3,"choose":"S:LAST:OVER","name":"\u7279\u522b\u53f7 \u5c3e\u5927","wagers_type":"\/pt\/mem\/order\/GXSF#\/GXSF\/GENERAL\/S:LAST:OVER"},{"gtype":"\u5e7f\u897f\u5341\u5206\u5f69","count":3,"choose":"3:UNDER","name":"\u6b63\u7801\u4e09 \u5c0f","wagers_type":"\/pt\/mem\/order\/GXSF#\/GXSF\/GENERAL\/3:UNDER"},{"gtype":"\u5e7f\u897f\u5341\u5206\u5f69","count":3,"choose":"1:ODD","name":"\u6b63\u7801\u4e00 \u5355","wagers_type":"\/pt\/mem\/order\/GXSF#\/GXSF\/GENERAL\/1:ODD"}]},"error":null,"code":null,"result":true,"profile":{"execute_time":0.041730880737305}}
================================================
active_time: 2015-07-21 17:02:20
SCRIPT_NAME: /member/longdragon_ajax.php
REQUEST_URI: /member/longdragon_ajax.php?lang=gb&game=GXSF&tab=opposite&type=win&getmore=false
REMOTE_ADDR: 127.0.0.1
HTTP_USER_AGENT: Mozilla/5.0 (X11; Linux x86_64) AppleWebKit/537.36 (KHTML, like Gecko) Chrome/43.0.2357.134 Safari/537.36
type: GET
url: http://127.0.0.1:80/pt/api/longdragon/data
status: 200
exectime: {"total_time":0.1064,"namelookup_time":3.1e-5,"connect_time":0.000112,"pretransfer_time":0.000141}
headers: ["Host:mem.sk2.lottery"]

    >   /home/disney/company/new-nsk/business_classes/Log/CurlLog.php:63
    >   /home/disney/company/new-nsk/common/pitaya_api/PITAYA.php:100
    >   /home/disney/company/new-nsk/common/pitaya_api/PITAYA.php:66
    >   /home/disney/company/new-nsk/www/member/longdragon_ajax.php:139
    >   /home/disney/company/new-nsk/www/member/longdragon_ajax.php:53

param: {"lang":"gb","game":"GXSF","tab":"opposite","type":"win"}
POST data: {"lang":"gb","game":"GXSF","tab":"opposite","type":"win"}
out: {"ret":{"game_id":{"GXSF":"1"},"data":[{"gtype":"\u5e7f\u897f\u5341\u5206\u5f69","count":5,"choose":"2:LAST:UNDER","name":"\u6b63\u7801\u4e8c \u5c3e\u5c0f","wagers_type":"\/pt\/mem\/order\/GXSF#\/GXSF\/GENERAL\/2:LAST:UNDER"},{"gtype":"\u5e7f\u897f\u5341\u5206\u5f69","count":5,"choose":"1:UNDER","name":"\u6b63\u7801\u4e00 \u5c0f","wagers_type":"\/pt\/mem\/order\/GXSF#\/GXSF\/GENERAL\/1:UNDER"},{"gtype":"\u5e7f\u897f\u5341\u5206\u5f69","count":5,"choose":"1:SUM:ODD","name":"\u6b63\u7801\u4e00 \u548c\u5355","wagers_type":"\/pt\/mem\/order\/GXSF#\/GXSF\/GENERAL\/1:SUM:ODD"},{"gtype":"\u5e7f\u897f\u5341\u5206\u5f69","count":5,"choose":"2:SUM:EVEN","name":"\u6b63\u7801\u4e8c \u548c\u53cc","wagers_type":"\/pt\/mem\/order\/GXSF#\/GXSF\/GENERAL\/2:SUM:EVEN"},{"gtype":"\u5e7f\u897f\u5341\u5206\u5f69","count":5,"choose":"1:LAST:UNDER","name":"\u6b63\u7801\u4e00 \u5c3e\u5c0f","wagers_type":"\/pt\/mem\/order\/GXSF#\/GXSF\/GENERAL\/1:LAST:UNDER"},{"gtype":"\u5e7f\u897f\u5341\u5206\u5f69","count":5,"choose":"3:LAST:UNDER","name":"\u6b63\u7801\u4e09 \u5c3e\u5c0f","wagers_type":"\/pt\/mem\/order\/GXSF#\/GXSF\/GENERAL\/3:LAST:UNDER"},{"gtype":"\u5e7f\u897f\u5341\u5206\u5f69","count":5,"choose":"3:SUM:ODD","name":"\u6b63\u7801\u4e09 \u548c\u5355","wagers_type":"\/pt\/mem\/order\/GXSF#\/GXSF\/GENERAL\/3:SUM:ODD"},{"gtype":"\u5e7f\u897f\u5341\u5206\u5f69","count":5,"choose":"4:SUM:EVEN","name":"\u6b63\u7801\u56db \u548c\u53cc","wagers_type":"\/pt\/mem\/order\/GXSF#\/GXSF\/GENERAL\/4:SUM:EVEN"},{"gtype":"\u5e7f\u897f\u5341\u5206\u5f69","count":5,"choose":"S:SUM:ODD","name":"\u7279\u522b\u53f7 \u548c\u5355","wagers_type":"\/pt\/mem\/order\/GXSF#\/GXSF\/GENERAL\/S:SUM:ODD"},{"gtype":"\u5e7f\u897f\u5341\u5206\u5f69","count":5,"choose":"4:LAST:UNDER","name":"\u6b63\u7801\u56db \u5c3e\u5c0f","wagers_type":"\/pt\/mem\/order\/GXSF#\/GXSF\/GENERAL\/4:LAST:UNDER"},{"gtype":"\u5e7f\u897f\u5341\u5206\u5f69","count":1,"choose":"S:OVER","name":"\u7279\u522b\u53f7 \u5927","wagers_type":"\/pt\/mem\/order\/GXSF#\/GXSF\/GENERAL\/S:OVER"},{"gtype":"\u5e7f\u897f\u5341\u5206\u5f69","count":1,"choose":"4:ODD","name":"\u6b63\u7801\u56db \u5355","wagers_type":"\/pt\/mem\/order\/GXSF#\/GXSF\/GENERAL\/4:ODD"},{"gtype":"\u5e7f\u897f\u5341\u5206\u5f69","count":1,"choose":"4:OVER","name":"\u6b63\u7801\u56db \u5927","wagers_type":"\/pt\/mem\/order\/GXSF#\/GXSF\/GENERAL\/4:OVER"},{"gtype":"\u5e7f\u897f\u5341\u5206\u5f69","count":1,"choose":"3:EVEN","name":"\u6b63\u7801\u4e09 \u53cc","wagers_type":"\/pt\/mem\/order\/GXSF#\/GXSF\/GENERAL\/3:EVEN"},{"gtype":"\u5e7f\u897f\u5341\u5206\u5f69","count":1,"choose":"3:OVER","name":"\u6b63\u7801\u4e09 \u5927","wagers_type":"\/pt\/mem\/order\/GXSF#\/GXSF\/GENERAL\/3:OVER"},{"gtype":"\u5e7f\u897f\u5341\u5206\u5f69","count":1,"choose":"2:OVER","name":"\u6b63\u7801\u4e8c \u5927","wagers_type":"\/pt\/mem\/order\/GXSF#\/GXSF\/GENERAL\/2:OVER"},{"gtype":"\u5e7f\u897f\u5341\u5206\u5f69","count":1,"choose":"2:ODD","name":"\u6b63\u7801\u4e8c \u5355","wagers_type":"\/pt\/mem\/order\/GXSF#\/GXSF\/GENERAL\/2:ODD"},{"gtype":"\u5e7f\u897f\u5341\u5206\u5f69","count":1,"choose":"S:LAST:UNDER","name":"\u7279\u522b\u53f7 \u5c3e\u5c0f","wagers_type":"\/pt\/mem\/order\/GXSF#\/GXSF\/GENERAL\/S:LAST:UNDER"},{"gtype":"\u5e7f\u897f\u5341\u5206\u5f69","count":1,"choose":"S:EVEN","name":"\u7279\u522b\u53f7 \u53cc","wagers_type":"\/pt\/mem\/order\/GXSF#\/GXSF\/GENERAL\/S:EVEN"},{"gtype":"\u5e7f\u897f\u5341\u5206\u5f69","count":1,"choose":"1:EVEN","name":"\u6b63\u7801\u4e00 \u53cc","wagers_type":"\/pt\/mem\/order\/GXSF#\/GXSF\/GENERAL\/1:EVEN"}]},"error":null,"code":null,"result":true,"profile":{"execute_time":0.07489013671875}}
================================================
active_time: 2015-07-21 17:03:21
SCRIPT_NAME: /member/longdragon_ajax.php
REQUEST_URI: /member/longdragon_ajax.php?lang=gb&game=GXSF&tab=opposite&type=win&getmore=false
REMOTE_ADDR: 127.0.0.1
HTTP_USER_AGENT: Mozilla/5.0 (X11; Linux x86_64) AppleWebKit/537.36 (KHTML, like Gecko) Chrome/43.0.2357.134 Safari/537.36
type: GET
url: http://127.0.0.1:80/pt/api/longdragon/data
status: 200
exectime: {"total_time":0.058668,"namelookup_time":1.6e-5,"connect_time":8.1e-5,"pretransfer_time":0.000104}
headers: ["Host:mem.sk2.lottery"]

    >   /home/disney/company/new-nsk/business_classes/Log/CurlLog.php:63
    >   /home/disney/company/new-nsk/common/pitaya_api/PITAYA.php:100
    >   /home/disney/company/new-nsk/common/pitaya_api/PITAYA.php:66
    >   /home/disney/company/new-nsk/www/member/longdragon_ajax.php:139
    >   /home/disney/company/new-nsk/www/member/longdragon_ajax.php:53

param: {"lang":"gb","game":"GXSF","tab":"opposite","type":"win"}
POST data: {"lang":"gb","game":"GXSF","tab":"opposite","type":"win"}
out: {"ret":{"game_id":{"GXSF":"1"},"data":[{"gtype":"\u5e7f\u897f\u5341\u5206\u5f69","count":5,"choose":"2:LAST:UNDER","name":"\u6b63\u7801\u4e8c \u5c3e\u5c0f","wagers_type":"\/pt\/mem\/order\/GXSF#\/GXSF\/GENERAL\/2:LAST:UNDER"},{"gtype":"\u5e7f\u897f\u5341\u5206\u5f69","count":5,"choose":"1:UNDER","name":"\u6b63\u7801\u4e00 \u5c0f","wagers_type":"\/pt\/mem\/order\/GXSF#\/GXSF\/GENERAL\/1:UNDER"},{"gtype":"\u5e7f\u897f\u5341\u5206\u5f69","count":5,"choose":"1:SUM:ODD","name":"\u6b63\u7801\u4e00 \u548c\u5355","wagers_type":"\/pt\/mem\/order\/GXSF#\/GXSF\/GENERAL\/1:SUM:ODD"},{"gtype":"\u5e7f\u897f\u5341\u5206\u5f69","count":5,"choose":"2:SUM:EVEN","name":"\u6b63\u7801\u4e8c \u548c\u53cc","wagers_type":"\/pt\/mem\/order\/GXSF#\/GXSF\/GENERAL\/2:SUM:EVEN"},{"gtype":"\u5e7f\u897f\u5341\u5206\u5f69","count":5,"choose":"1:LAST:UNDER","name":"\u6b63\u7801\u4e00 \u5c3e\u5c0f","wagers_type":"\/pt\/mem\/order\/GXSF#\/GXSF\/GENERAL\/1:LAST:UNDER"},{"gtype":"\u5e7f\u897f\u5341\u5206\u5f69","count":5,"choose":"3:LAST:UNDER","name":"\u6b63\u7801\u4e09 \u5c3e\u5c0f","wagers_type":"\/pt\/mem\/order\/GXSF#\/GXSF\/GENERAL\/3:LAST:UNDER"},{"gtype":"\u5e7f\u897f\u5341\u5206\u5f69","count":5,"choose":"3:SUM:ODD","name":"\u6b63\u7801\u4e09 \u548c\u5355","wagers_type":"\/pt\/mem\/order\/GXSF#\/GXSF\/GENERAL\/3:SUM:ODD"},{"gtype":"\u5e7f\u897f\u5341\u5206\u5f69","count":5,"choose":"4:SUM:EVEN","name":"\u6b63\u7801\u56db \u548c\u53cc","wagers_type":"\/pt\/mem\/order\/GXSF#\/GXSF\/GENERAL\/4:SUM:EVEN"},{"gtype":"\u5e7f\u897f\u5341\u5206\u5f69","count":5,"choose":"S:SUM:ODD","name":"\u7279\u522b\u53f7 \u548c\u5355","wagers_type":"\/pt\/mem\/order\/GXSF#\/GXSF\/GENERAL\/S:SUM:ODD"},{"gtype":"\u5e7f\u897f\u5341\u5206\u5f69","count":5,"choose":"4:LAST:UNDER","name":"\u6b63\u7801\u56db \u5c3e\u5c0f","wagers_type":"\/pt\/mem\/order\/GXSF#\/GXSF\/GENERAL\/4:LAST:UNDER"},{"gtype":"\u5e7f\u897f\u5341\u5206\u5f69","count":1,"choose":"S:OVER","name":"\u7279\u522b\u53f7 \u5927","wagers_type":"\/pt\/mem\/order\/GXSF#\/GXSF\/GENERAL\/S:OVER"},{"gtype":"\u5e7f\u897f\u5341\u5206\u5f69","count":1,"choose":"4:ODD","name":"\u6b63\u7801\u56db \u5355","wagers_type":"\/pt\/mem\/order\/GXSF#\/GXSF\/GENERAL\/4:ODD"},{"gtype":"\u5e7f\u897f\u5341\u5206\u5f69","count":1,"choose":"4:OVER","name":"\u6b63\u7801\u56db \u5927","wagers_type":"\/pt\/mem\/order\/GXSF#\/GXSF\/GENERAL\/4:OVER"},{"gtype":"\u5e7f\u897f\u5341\u5206\u5f69","count":1,"choose":"3:EVEN","name":"\u6b63\u7801\u4e09 \u53cc","wagers_type":"\/pt\/mem\/order\/GXSF#\/GXSF\/GENERAL\/3:EVEN"},{"gtype":"\u5e7f\u897f\u5341\u5206\u5f69","count":1,"choose":"3:OVER","name":"\u6b63\u7801\u4e09 \u5927","wagers_type":"\/pt\/mem\/order\/GXSF#\/GXSF\/GENERAL\/3:OVER"},{"gtype":"\u5e7f\u897f\u5341\u5206\u5f69","count":1,"choose":"2:OVER","name":"\u6b63\u7801\u4e8c \u5927","wagers_type":"\/pt\/mem\/order\/GXSF#\/GXSF\/GENERAL\/2:OVER"},{"gtype":"\u5e7f\u897f\u5341\u5206\u5f69","count":1,"choose":"2:ODD","name":"\u6b63\u7801\u4e8c \u5355","wagers_type":"\/pt\/mem\/order\/GXSF#\/GXSF\/GENERAL\/2:ODD"},{"gtype":"\u5e7f\u897f\u5341\u5206\u5f69","count":1,"choose":"S:LAST:UNDER","name":"\u7279\u522b\u53f7 \u5c3e\u5c0f","wagers_type":"\/pt\/mem\/order\/GXSF#\/GXSF\/GENERAL\/S:LAST:UNDER"},{"gtype":"\u5e7f\u897f\u5341\u5206\u5f69","count":1,"choose":"S:EVEN","name":"\u7279\u522b\u53f7 \u53cc","wagers_type":"\/pt\/mem\/order\/GXSF#\/GXSF\/GENERAL\/S:EVEN"},{"gtype":"\u5e7f\u897f\u5341\u5206\u5f69","count":1,"choose":"1:EVEN","name":"\u6b63\u7801\u4e00 \u53cc","wagers_type":"\/pt\/mem\/order\/GXSF#\/GXSF\/GENERAL\/1:EVEN"}]},"error":null,"code":null,"result":true,"profile":{"execute_time":0.043760061264038}}
================================================
active_time: 2015-07-21 17:04:21
SCRIPT_NAME: /member/longdragon_ajax.php
REQUEST_URI: /member/longdragon_ajax.php?lang=gb&game=GXSF&tab=opposite&type=win&getmore=false
REMOTE_ADDR: 127.0.0.1
HTTP_USER_AGENT: Mozilla/5.0 (X11; Linux x86_64) AppleWebKit/537.36 (KHTML, like Gecko) Chrome/43.0.2357.134 Safari/537.36
type: GET
url: http://127.0.0.1:80/pt/api/longdragon/data
status: 200
exectime: {"total_time":0.055822,"namelookup_time":1.1e-5,"connect_time":6.0e-5,"pretransfer_time":8.0e-5}
headers: ["Host:mem.sk2.lottery"]

    >   /home/disney/company/new-nsk/business_classes/Log/CurlLog.php:63
    >   /home/disney/company/new-nsk/common/pitaya_api/PITAYA.php:100
    >   /home/disney/company/new-nsk/common/pitaya_api/PITAYA.php:66
    >   /home/disney/company/new-nsk/www/member/longdragon_ajax.php:139
    >   /home/disney/company/new-nsk/www/member/longdragon_ajax.php:53

param: {"lang":"gb","game":"GXSF","tab":"opposite","type":"win"}
POST data: {"lang":"gb","game":"GXSF","tab":"opposite","type":"win"}
out: {"ret":{"game_id":{"GXSF":"1"},"data":[{"gtype":"\u5e7f\u897f\u5341\u5206\u5f69","count":5,"choose":"2:LAST:UNDER","name":"\u6b63\u7801\u4e8c \u5c3e\u5c0f","wagers_type":"\/pt\/mem\/order\/GXSF#\/GXSF\/GENERAL\/2:LAST:UNDER"},{"gtype":"\u5e7f\u897f\u5341\u5206\u5f69","count":5,"choose":"1:UNDER","name":"\u6b63\u7801\u4e00 \u5c0f","wagers_type":"\/pt\/mem\/order\/GXSF#\/GXSF\/GENERAL\/1:UNDER"},{"gtype":"\u5e7f\u897f\u5341\u5206\u5f69","count":5,"choose":"1:SUM:ODD","name":"\u6b63\u7801\u4e00 \u548c\u5355","wagers_type":"\/pt\/mem\/order\/GXSF#\/GXSF\/GENERAL\/1:SUM:ODD"},{"gtype":"\u5e7f\u897f\u5341\u5206\u5f69","count":5,"choose":"2:SUM:EVEN","name":"\u6b63\u7801\u4e8c \u548c\u53cc","wagers_type":"\/pt\/mem\/order\/GXSF#\/GXSF\/GENERAL\/2:SUM:EVEN"},{"gtype":"\u5e7f\u897f\u5341\u5206\u5f69","count":5,"choose":"1:LAST:UNDER","name":"\u6b63\u7801\u4e00 \u5c3e\u5c0f","wagers_type":"\/pt\/mem\/order\/GXSF#\/GXSF\/GENERAL\/1:LAST:UNDER"},{"gtype":"\u5e7f\u897f\u5341\u5206\u5f69","count":5,"choose":"3:LAST:UNDER","name":"\u6b63\u7801\u4e09 \u5c3e\u5c0f","wagers_type":"\/pt\/mem\/order\/GXSF#\/GXSF\/GENERAL\/3:LAST:UNDER"},{"gtype":"\u5e7f\u897f\u5341\u5206\u5f69","count":5,"choose":"3:SUM:ODD","name":"\u6b63\u7801\u4e09 \u548c\u5355","wagers_type":"\/pt\/mem\/order\/GXSF#\/GXSF\/GENERAL\/3:SUM:ODD"},{"gtype":"\u5e7f\u897f\u5341\u5206\u5f69","count":5,"choose":"4:SUM:EVEN","name":"\u6b63\u7801\u56db \u548c\u53cc","wagers_type":"\/pt\/mem\/order\/GXSF#\/GXSF\/GENERAL\/4:SUM:EVEN"},{"gtype":"\u5e7f\u897f\u5341\u5206\u5f69","count":5,"choose":"S:SUM:ODD","name":"\u7279\u522b\u53f7 \u548c\u5355","wagers_type":"\/pt\/mem\/order\/GXSF#\/GXSF\/GENERAL\/S:SUM:ODD"},{"gtype":"\u5e7f\u897f\u5341\u5206\u5f69","count":5,"choose":"4:LAST:UNDER","name":"\u6b63\u7801\u56db \u5c3e\u5c0f","wagers_type":"\/pt\/mem\/order\/GXSF#\/GXSF\/GENERAL\/4:LAST:UNDER"},{"gtype":"\u5e7f\u897f\u5341\u5206\u5f69","count":1,"choose":"S:OVER","name":"\u7279\u522b\u53f7 \u5927","wagers_type":"\/pt\/mem\/order\/GXSF#\/GXSF\/GENERAL\/S:OVER"},{"gtype":"\u5e7f\u897f\u5341\u5206\u5f69","count":1,"choose":"4:ODD","name":"\u6b63\u7801\u56db \u5355","wagers_type":"\/pt\/mem\/order\/GXSF#\/GXSF\/GENERAL\/4:ODD"},{"gtype":"\u5e7f\u897f\u5341\u5206\u5f69","count":1,"choose":"4:OVER","name":"\u6b63\u7801\u56db \u5927","wagers_type":"\/pt\/mem\/order\/GXSF#\/GXSF\/GENERAL\/4:OVER"},{"gtype":"\u5e7f\u897f\u5341\u5206\u5f69","count":1,"choose":"3:EVEN","name":"\u6b63\u7801\u4e09 \u53cc","wagers_type":"\/pt\/mem\/order\/GXSF#\/GXSF\/GENERAL\/3:EVEN"},{"gtype":"\u5e7f\u897f\u5341\u5206\u5f69","count":1,"choose":"3:OVER","name":"\u6b63\u7801\u4e09 \u5927","wagers_type":"\/pt\/mem\/order\/GXSF#\/GXSF\/GENERAL\/3:OVER"},{"gtype":"\u5e7f\u897f\u5341\u5206\u5f69","count":1,"choose":"2:OVER","name":"\u6b63\u7801\u4e8c \u5927","wagers_type":"\/pt\/mem\/order\/GXSF#\/GXSF\/GENERAL\/2:OVER"},{"gtype":"\u5e7f\u897f\u5341\u5206\u5f69","count":1,"choose":"2:ODD","name":"\u6b63\u7801\u4e8c \u5355","wagers_type":"\/pt\/mem\/order\/GXSF#\/GXSF\/GENERAL\/2:ODD"},{"gtype":"\u5e7f\u897f\u5341\u5206\u5f69","count":1,"choose":"S:LAST:UNDER","name":"\u7279\u522b\u53f7 \u5c3e\u5c0f","wagers_type":"\/pt\/mem\/order\/GXSF#\/GXSF\/GENERAL\/S:LAST:UNDER"},{"gtype":"\u5e7f\u897f\u5341\u5206\u5f69","count":1,"choose":"S:EVEN","name":"\u7279\u522b\u53f7 \u53cc","wagers_type":"\/pt\/mem\/order\/GXSF#\/GXSF\/GENERAL\/S:EVEN"},{"gtype":"\u5e7f\u897f\u5341\u5206\u5f69","count":1,"choose":"1:EVEN","name":"\u6b63\u7801\u4e00 \u53cc","wagers_type":"\/pt\/mem\/order\/GXSF#\/GXSF\/GENERAL\/1:EVEN"}]},"error":null,"code":null,"result":true,"profile":{"execute_time":0.041840076446533}}
