================================================
active_time: 2015-07-10 10:39:58
SCRIPT_NAME: /chk_rule.php
REQUEST_URI: /chk_rule.php
REMOTE_ADDR: 127.0.0.1
HTTP_USER_AGENT: Mozilla/5.0 (X11; Linux x86_64) AppleWebKit/537.36 (KHTML, like Gecko) Chrome/43.0.2357.132 Safari/537.36
type: PUT
url: http://10.251.11.169:80/api/login
status: 0
exectime: {"total_time":0.022765,"namelookup_time":0.022085,"connect_time":0,"pretransfer_time":0}
DEBUG trace: file:/home/disney/company/new-nsk/common/acc_api/ACC.php(275) Call:GetDebug
file:/home/disney/company/new-nsk/common/acc_api/ACC.php(253) Call:LogRunTimeError
file:/home/disney/company/new-nsk/common/acc_api/ACC/User.php(243) Call:__callStatic
file:/home/disney/company/new-nsk/common/acc_api/ACC/User.php(243) Call:login
file:/home/disney/company/new-nsk/www/inte/Lib/AGUser.php(202) Call:Login
file:/home/disney/company/new-nsk/www/lib/login_mem.php(162) Call:Login
file:/home/disney/company/new-nsk/www/chk_rule.php(2) Call:include
headers: ["Sensitive-Data: entrance=3&client_ip=127.0.0.1&run_php=%2Fhome%2Fdisney%2Fcompany%2Fnew-nsk%2Fwww%2Fchk_rule.php+line+%3A2&operator_id=&vendor=rde","Host: sk.dev.d2"]
param: {"username":"qq6699","password":"qwe123","ip":"127.0.0.1","domain":10000001,"entrance":3}
POST data: {"action":"login","check_id":"","CQ":"17","SS":"97600","SR":"32598400","TS":"1468996789","loginname":"qq6699","password":"qwe123","rmNum":"2037"}
out: 
================================================
active_time: 2015-07-10 10:39:58
SCRIPT_NAME: /chk_rule.php
REQUEST_URI: /chk_rule.php
REMOTE_ADDR: 127.0.0.1
HTTP_USER_AGENT: Mozilla/5.0 (X11; Linux x86_64) AppleWebKit/537.36 (KHTML, like Gecko) Chrome/43.0.2357.132 Safari/537.36
type: PUT
url: http://10.251.11.169:80/api/login
status: 0
exectime: {"total_time":0.022765,"namelookup_time":0.022085,"connect_time":0,"pretransfer_time":0}
DEBUG trace: file:/home/disney/company/new-nsk/common/acc_api/ACC.php(275) Call:GetDebug
file:/home/disney/company/new-nsk/common/acc_api/ACC.php(253) Call:LogRunTimeError
file:/home/disney/company/new-nsk/common/acc_api/ACC/User.php(243) Call:__callStatic
file:/home/disney/company/new-nsk/common/acc_api/ACC/User.php(243) Call:login
file:/home/disney/company/new-nsk/www/inte/Lib/AGUser.php(202) Call:Login
file:/home/disney/company/new-nsk/www/lib/login_mem.php(162) Call:Login
file:/home/disney/company/new-nsk/www/chk_rule.php(2) Call:include
headers: ["Sensitive-Data: entrance=3&client_ip=127.0.0.1&run_php=%2Fhome%2Fdisney%2Fcompany%2Fnew-nsk%2Fwww%2Fchk_rule.php+line+%3A2&operator_id=&vendor=rde","Host: sk.dev.d2"]
param: {"username":"qq6699","password":"qwe123","ip":"127.0.0.1","domain":10000001,"entrance":3}
POST data: {"action":"login","check_id":"","CQ":"17","SS":"97600","SR":"32598400","TS":"1468996789","loginname":"qq6699","password":"qwe123","rmNum":"2037"}
out: 
================================================
active_time: 2015-07-10 10:42:05
SCRIPT_NAME: /chk_rule.php
REQUEST_URI: /chk_rule.php
REMOTE_ADDR: 127.0.0.1
HTTP_USER_AGENT: Mozilla/5.0 (X11; Linux x86_64) AppleWebKit/537.36 (KHTML, like Gecko) Chrome/43.0.2357.132 Safari/537.36
type: PUT
url: http://10.251.11.169:80/api/login
status: 200
exectime: {"total_time":7.534731,"namelookup_time":4.2e-5,"connect_time":7.017896,"pretransfer_time":7.017947}
DEBUG trace: file:/home/disney/company/new-nsk/common/acc_api/ACC.php(238) Call:GetDebug
file:/home/disney/company/new-nsk/common/acc_api/ACC/User.php(243) Call:__callStatic
file:/home/disney/company/new-nsk/common/acc_api/ACC/User.php(243) Call:login
file:/home/disney/company/new-nsk/www/inte/Lib/AGUser.php(202) Call:Login
file:/home/disney/company/new-nsk/www/lib/login_mem.php(162) Call:Login
file:/home/disney/company/new-nsk/www/chk_rule.php(2) Call:include
headers: ["Sensitive-Data: entrance=3&operator=&client_ip=127.0.0.1&run_php=%2Fhome%2Fdisney%2Fcompany%2Fnew-nsk%2Fwww%2Fchk_rule.php+line+%3A2&operator_id=&vendor=rde","Host: sk.dev.d2"]
param: {"username":"qq6699","password":"qwe123","ip":"127.0.0.1","domain":10000001,"entrance":3}
POST data: {"action":"login","check_id":"","CQ":"17","SS":"97600","SR":"58755200","TS":"1495153711","loginname":"qq6699","password":"qwe123","rmNum":"3672"}
out: {"ret":{"login_user":{"id":11444833,"username":"qq6699","domain":10000001,"alias":"\u8a79\u59c6\u58eb","sub":false,"enable":true,"block":false,"bankrupt":false,"test":false,"hidden_test":false,"size":0,"err_num":0,"currency":"CNY","created_at":"2014-11-04T14:59:48+0800","modified_at":"2015-07-03T12:04:44+0800","last_login":"2015-07-10T10:42:05+0800","password_expire_at":"2015-08-02T12:04:44+0800","password_reset":false,"last_bank":null,"role":1,"parent":11444832,"all_parents":[11444832,11444831,11444830,11444829,10000001,10000000],"session_id":"63b40b79b316f30c42daacd91573e760718e8240"},"login_result":1},"result":"ok","profile":{"execution_time":435,"server_number":"95"}}
================================================
active_time: 2015-07-10 10:42:05
SCRIPT_NAME: /chk_rule.php
REQUEST_URI: /chk_rule.php
REMOTE_ADDR: 127.0.0.1
HTTP_USER_AGENT: Mozilla/5.0 (X11; Linux x86_64) AppleWebKit/537.36 (KHTML, like Gecko) Chrome/43.0.2357.132 Safari/537.36
type: GET
url: http://10.251.11.169:80/api/currency/CNY/exchange
status: 200
exectime: {"total_time":0.036691,"namelookup_time":2.1e-5,"connect_time":0.008985,"pretransfer_time":0.009022}
DEBUG trace: file:/home/disney/company/new-nsk/common/acc_api/ACC.php(238) Call:GetDebug
file:/home/disney/company/new-nsk/common/acc_api/ACC/Exchange.php(146) Call:__callStatic
file:/home/disney/company/new-nsk/common/acc_api/ACC/Exchange.php(146) Call:currency__CNY__exchange
file:/home/disney/company/new-nsk/www/inte/Lib/AGUser.php(211) Call:GetExchange
file:/home/disney/company/new-nsk/www/lib/login_mem.php(162) Call:Login
file:/home/disney/company/new-nsk/www/chk_rule.php(2) Call:include
headers: ["Sensitive-Data: entrance=3&operator=&client_ip=127.0.0.1&run_php=%2Fhome%2Fdisney%2Fcompany%2Fnew-nsk%2Fwww%2Fchk_rule.php+line+%3A2&operator_id=11444833&vendor=rde","Host: sk.dev.d2"]
param: {"currency":"CNY","active_at":"2015-07-10T10:42:05+0800"}
POST data: {"action":"login","check_id":"","CQ":"17","SS":"97600","SR":"58755200","TS":"1495153711","loginname":"qq6699","password":"qwe123","rmNum":"3672"}
out: {"ret":{"id":1,"currency":"CNY","buy":"1.00000000","sell":"1.00000000","basic":"1.00000000","active_at":"2010-12-01T12:00:00+0800"},"result":"ok","profile":{"execution_time":11,"server_number":"96"}}
================================================
active_time: 2015-07-10 10:42:07
SCRIPT_NAME: /api/router.php
REQUEST_URI: /api/router.php?user_id=11444833&handle=isBetEnable&class=User
REMOTE_ADDR: 127.0.0.1
HTTP_USER_AGENT: 
type: GET
url: http://10.251.11.169:80/api/user/11444833
status: 200
exectime: {"total_time":0.060091,"namelookup_time":3.1e-5,"connect_time":0.01088,"pretransfer_time":0.010931}
DEBUG trace: file:/home/disney/company/new-nsk/common/acc_api/ACC.php(238) Call:GetDebug
file:/home/disney/company/new-nsk/common/acc_api/ACC/User.php(419) Call:__callStatic
file:/home/disney/company/new-nsk/common/acc_api/ACC/User.php(419) Call:user__11444833
file:/home/disney/company/new-nsk/common/acc_api/ACC/User.php(444) Call:BufferSinglSeting
file:/home/disney/company/new-nsk/business_classes/User/UserManager.php(211) Call:GetSinglSeting
file:/home/disney/company/new-nsk/business_classes/User/UserManager.php(31) Call:getParentsIdById
file:/home/disney/company/new-nsk/api_controller/User.php(30) Call:instance
file:/home/disney/company/new-nsk/ClassLibrary/lib_php/model/Router/Router.php(91) Call:isBetEnable
file:/home/disney/company/new-nsk/www/api/router.php(42) Call:execute
headers: ["Sensitive-Data: entrance=1&client_ip=127.0.0.1&run_php=%2Fhome%2Fdisney%2Fcompany%2Fnew-nsk%2Fwww%2Fapi%2Frouter.php+line+%3A42&vendor=rde","Host: sk.dev.d2"]
param: {"fields":{"id":"id","username":"username","alias":"alias","sub":"sub","enable":"enable","block":"block","size":"size","err_num":"err_num","created_at":"created_at","modified_at":"modified_at","password_expire_at":"password_expire_at","last_login":"last_login","currency":"currency","parent":"parent","all_parents":"all_parents"}}
POST data: ["\u900f\u904eAPI\u6240\u4ee5$_POST\u88ab\u79fb\u9664\u4e86,\u539f\u59cbPOST\u8cc7\u6599\u70baArray\n(\n)\n"]
out: {"ret":[{"id":11444833,"parent":11444832,"all_parents":[11444832,11444831,11444830,11444829,10000001,10000000],"alias":"\u8a79\u59c6\u58eb","created_at":"2014-11-04T14:59:48+0800","modified_at":"2015-07-03T12:04:44+0800","last_login":"2015-07-10T10:42:05+0800","currency":"CNY","password_expire_at":"2015-08-02T12:04:44+0800","username":"qq6699","enable":true,"block":false,"sub":false,"size":0,"err_num":0}],"result":"ok","profile":{"execution_time":31,"server_number":"95"}}
================================================
active_time: 2015-07-10 10:42:08
SCRIPT_NAME: /api/router.php
REQUEST_URI: /api/router.php?user_id=11444833&handle=getLines&class=User
REMOTE_ADDR: 127.0.0.1
HTTP_USER_AGENT: 
type: GET
url: http://10.251.11.169:80/api/user/11444833
status: 200
exectime: {"total_time":0.061841,"namelookup_time":3.3e-5,"connect_time":0.009558,"pretransfer_time":0.009693}
DEBUG trace: file:/home/disney/company/new-nsk/common/acc_api/ACC.php(238) Call:GetDebug
file:/home/disney/company/new-nsk/common/acc_api/ACC/User.php(419) Call:__callStatic
file:/home/disney/company/new-nsk/common/acc_api/ACC/User.php(419) Call:user__11444833
file:/home/disney/company/new-nsk/common/acc_api/ACC/User.php(444) Call:BufferSinglSeting
file:/home/disney/company/new-nsk/business_classes/User/UserManager.php(211) Call:GetSinglSeting
file:/home/disney/company/new-nsk/business_classes/User/UserManager.php(31) Call:getParentsIdById
file:/home/disney/company/new-nsk/api_controller/User.php(12) Call:instance
file:/home/disney/company/new-nsk/ClassLibrary/lib_php/model/Router/Router.php(91) Call:getLines
file:/home/disney/company/new-nsk/www/api/router.php(42) Call:execute
headers: ["Sensitive-Data: entrance=1&client_ip=127.0.0.1&run_php=%2Fhome%2Fdisney%2Fcompany%2Fnew-nsk%2Fwww%2Fapi%2Frouter.php+line+%3A42&vendor=rde","Host: sk.dev.d2"]
param: {"fields":{"id":"id","username":"username","alias":"alias","sub":"sub","enable":"enable","block":"block","size":"size","err_num":"err_num","created_at":"created_at","modified_at":"modified_at","password_expire_at":"password_expire_at","last_login":"last_login","currency":"currency","parent":"parent","all_parents":"all_parents"}}
POST data: ["\u900f\u904eAPI\u6240\u4ee5$_POST\u88ab\u79fb\u9664\u4e86,\u539f\u59cbPOST\u8cc7\u6599\u70baArray\n(\n)\n"]
out: {"ret":[{"id":11444833,"parent":11444832,"all_parents":[11444832,11444831,11444830,11444829,10000001,10000000],"alias":"\u8a79\u59c6\u58eb","created_at":"2014-11-04T14:59:48+0800","modified_at":"2015-07-03T12:04:44+0800","last_login":"2015-07-10T10:42:05+0800","currency":"CNY","password_expire_at":"2015-08-02T12:04:44+0800","username":"qq6699","enable":true,"block":false,"sub":false,"size":0,"err_num":0}],"result":"ok","profile":{"execution_time":33,"server_number":"95"}}
================================================
active_time: 2015-07-10 10:42:08
SCRIPT_NAME: /api/router.php
REQUEST_URI: /api/router.php?user_id=11444833&handle=getLines&class=User
REMOTE_ADDR: 127.0.0.1
HTTP_USER_AGENT: 
type: GET
url: http://10.251.11.169:80/api/user/11444829
status: 200
exectime: {"total_time":0.039172,"namelookup_time":2.8e-5,"connect_time":0.009614,"pretransfer_time":0.009681}
DEBUG trace: file:/home/disney/company/new-nsk/common/acc_api/ACC.php(238) Call:GetDebug
file:/home/disney/company/new-nsk/common/acc_api/ACC/User.php(419) Call:__callStatic
file:/home/disney/company/new-nsk/common/acc_api/ACC/User.php(419) Call:user__11444829
file:/home/disney/company/new-nsk/common/acc_api/ACC/User.php(444) Call:BufferSinglSeting
file:/home/disney/company/new-nsk/business_classes/User/UserManager.php(211) Call:GetSinglSeting
file:/home/disney/company/new-nsk/business_classes/User/UserManager.php(31) Call:getParentsIdById
file:/home/disney/company/new-nsk/business_classes/User/abstractUser.php(412) Call:instance
file:/home/disney/company/new-nsk/business_classes/User/UserMEM.php(44) Call:getLine
file:/home/disney/company/new-nsk/business_classes/User/UserPitaya.php(122) Call:getLine
file:/home/disney/company/new-nsk/api_controller/User.php(17) Call:getLine
file:/home/disney/company/new-nsk/ClassLibrary/lib_php/model/Router/Router.php(91) Call:getLines
file:/home/disney/company/new-nsk/www/api/router.php(42) Call:execute
headers: ["Sensitive-Data: entrance=1&client_ip=127.0.0.1&run_php=%2Fhome%2Fdisney%2Fcompany%2Fnew-nsk%2Fwww%2Fapi%2Frouter.php+line+%3A42&vendor=rde","Host: sk.dev.d2"]
param: {"fields":{"id":"id","username":"username","alias":"alias","sub":"sub","enable":"enable","block":"block","size":"size","err_num":"err_num","created_at":"created_at","modified_at":"modified_at","password_expire_at":"password_expire_at","last_login":"last_login","currency":"currency","parent":"parent","all_parents":"all_parents"}}
POST data: ["\u900f\u904eAPI\u6240\u4ee5$_POST\u88ab\u79fb\u9664\u4e86,\u539f\u59cbPOST\u8cc7\u6599\u70baArray\n(\n)\n"]
out: {"ret":[{"id":11444829,"parent":10000001,"all_parents":[10000001,10000000],"alias":"\u8a79\u59c6\u58eb","created_at":"2014-11-04T14:28:08+0800","modified_at":"2015-07-03T17:26:41+0800","last_login":"2015-07-06T09:18:08+0800","currency":"CNY","password_expire_at":"2015-08-02T15:31:25+0800","username":"ff6699","enable":true,"block":false,"sub":false,"size":4,"err_num":0}],"result":"ok","profile":{"execution_time":13,"server_number":"95"}}
================================================
active_time: 2015-07-10 10:42:08
SCRIPT_NAME: /api/router.php
REQUEST_URI: /api/router.php?user_id=11444833&handle=getLines&class=User
REMOTE_ADDR: 127.0.0.1
HTTP_USER_AGENT: 
type: GET
url: http://10.251.11.169:80/api/user/10000001
status: 200
exectime: {"total_time":0.051522,"namelookup_time":2.3e-5,"connect_time":0.009952,"pretransfer_time":0.010067}
DEBUG trace: file:/home/disney/company/new-nsk/common/acc_api/ACC.php(238) Call:GetDebug
file:/home/disney/company/new-nsk/common/acc_api/ACC/User.php(419) Call:__callStatic
file:/home/disney/company/new-nsk/common/acc_api/ACC/User.php(419) Call:user__10000001
file:/home/disney/company/new-nsk/common/acc_api/ACC/User.php(444) Call:BufferSinglSeting
file:/home/disney/company/new-nsk/business_classes/User/UserManager.php(211) Call:GetSinglSeting
file:/home/disney/company/new-nsk/business_classes/User/UserManager.php(31) Call:getParentsIdById
file:/home/disney/company/new-nsk/business_classes/User/abstractUser.php(270) Call:instance
file:/home/disney/company/new-nsk/business_classes/User/UserMEM.php(56) Call:isEnableGame
file:/home/disney/company/new-nsk/business_classes/User/UserPitaya.php(122) Call:getLine
file:/home/disney/company/new-nsk/api_controller/User.php(17) Call:getLine
file:/home/disney/company/new-nsk/ClassLibrary/lib_php/model/Router/Router.php(91) Call:getLines
file:/home/disney/company/new-nsk/www/api/router.php(42) Call:execute
headers: ["Sensitive-Data: entrance=1&client_ip=127.0.0.1&run_php=%2Fhome%2Fdisney%2Fcompany%2Fnew-nsk%2Fwww%2Fapi%2Frouter.php+line+%3A42&vendor=rde","Host: sk.dev.d2"]
param: {"fields":{"id":"id","username":"username","alias":"alias","sub":"sub","enable":"enable","block":"block","size":"size","err_num":"err_num","created_at":"created_at","modified_at":"modified_at","password_expire_at":"password_expire_at","last_login":"last_login","currency":"currency","parent":"parent","all_parents":"all_parents"}}
POST data: ["\u900f\u904eAPI\u6240\u4ee5$_POST\u88ab\u79fb\u9664\u4e86,\u539f\u59cbPOST\u8cc7\u6599\u70baArray\n(\n)\n"]
out: {"ret":[{"id":10000001,"parent":10000000,"all_parents":[10000000],"alias":"SK2\u5ef3\u4e3b","created_at":"2009-04-07T18:28:35+0800","modified_at":"2015-07-03T15:51:08+0800","last_login":"2015-07-03T15:50:36+0800","currency":"CNY","password_expire_at":"2015-08-02T15:51:08+0800","username":"esk2","enable":true,"block":false,"sub":false,"size":128,"err_num":0}],"result":"ok","profile":{"execution_time":17,"server_number":"96"}}
================================================
active_time: 2015-07-10 10:43:14
SCRIPT_NAME: /chk_rule.php
REQUEST_URI: /chk_rule.php
REMOTE_ADDR: 127.0.0.1
HTTP_USER_AGENT: Mozilla/5.0 (X11; Linux x86_64) AppleWebKit/537.36 (KHTML, like Gecko) Chrome/43.0.2357.132 Safari/537.36
type: GET
url: http://10.251.11.169:80/api/session/63b40b79b316f30c42daacd91573e760718e8240
status: 200
exectime: {"total_time":63.135869,"namelookup_time":7.8e-5,"connect_time":63.121752,"pretransfer_time":63.121831}
DEBUG trace: file:/home/disney/company/new-nsk/common/acc_api/ACC.php(238) Call:GetDebug
file:/home/disney/company/new-nsk/common/acc_api/ACC/Session.php(78) Call:__callStatic
file:/home/disney/company/new-nsk/common/acc_api/ACC/Session.php(78) Call:session__63b40b79b316f30c42daacd91573e760718e8240
file:/home/disney/company/new-nsk/business_classes/Auth.php(60) Call:get
file:/home/disney/company/new-nsk/business_classes/Auth.php(88) Call:get_session
file:/home/disney/company/new-nsk/www/lib/login_mem.php(470) Call:check
file:/home/disney/company/new-nsk/www/chk_rule.php(2) Call:include
headers: ["Sensitive-Data: entrance=3&operator=qq6699&client_ip=127.0.0.1&run_php=%2Fhome%2Fdisney%2Fcompany%2Fnew-nsk%2Fwww%2Fchk_rule.php+line+%3A2&operator_id=11444833&vendor=rde","Host: sk.dev.d2"]
param: []
POST data: {"action":"login","check_id":"","CQ":"17","SS":"97600","SR":"58755200","TS":"1495153711","loginname":"qq6699","password":"qwe123","rmNum":"3672"}
out: {"result":"ok","ret":{"session":{"id":"63b40b79b316f30c42daacd91573e760718e8240","created_at":"2015-07-10T10:42:05+0800","modified_at":""},"user":{"id":"11444833","username":"qq6699","domain":"10000001","alias":"詹姆士","sub":"","enable":"1","block":"","bankrupt":"","test":"","hidden_test":"","size":"0","currency":"CNY","created_at":"2014-11-04T14:59:48+0800","modified_at":"2015-07-03T12:04:44+0800","last_login":"2015-07-10T10:42:05+0800","last_bank":"","role":"1","all_parents":["11444832","11444831","11444830","11444829","10000001","10000000"]}}}
================================================
active_time: 2015-07-10 10:43:15
SCRIPT_NAME: /chk_rule.php
REQUEST_URI: /chk_rule.php
REMOTE_ADDR: 127.0.0.1
HTTP_USER_AGENT: Mozilla/5.0 (X11; Linux x86_64) AppleWebKit/537.36 (KHTML, like Gecko) Chrome/43.0.2357.132 Safari/537.36
type: GET
url: http://10.251.11.169:80/api/user/11444833
status: 200
exectime: {"total_time":0.041975,"namelookup_time":4.5e-5,"connect_time":0.011776,"pretransfer_time":0.011857}
DEBUG trace: file:/home/disney/company/new-nsk/common/acc_api/ACC.php(238) Call:GetDebug
file:/home/disney/company/new-nsk/common/acc_api/ACC/User.php(419) Call:__callStatic
file:/home/disney/company/new-nsk/common/acc_api/ACC/User.php(419) Call:user__11444833
file:/home/disney/company/new-nsk/common/acc_api/ACC/User.php(444) Call:BufferSinglSeting
file:/home/disney/company/new-nsk/www/inte/Lib/User/Credit.php(104) Call:GetSinglSeting
file:/home/disney/company/new-nsk/www/inte/Lib/User/Balance.php(137) Call:GetCurrency
file:/home/disney/company/new-nsk/www/lib/login_mem.php(536) Call:GetCurrency
file:/home/disney/company/new-nsk/www/chk_rule.php(2) Call:include
headers: ["Sensitive-Data: entrance=3&operator=qq6699&client_ip=127.0.0.1&run_php=%2Fhome%2Fdisney%2Fcompany%2Fnew-nsk%2Fwww%2Fchk_rule.php+line+%3A2&operator_id=11444833&vendor=rde","Host: sk.dev.d2"]
param: {"fields":{"id":"id","username":"username","alias":"alias","sub":"sub","enable":"enable","block":"block","size":"size","err_num":"err_num","created_at":"created_at","modified_at":"modified_at","password_expire_at":"password_expire_at","last_login":"last_login","currency":"currency","parent":"parent","all_parents":"all_parents"}}
POST data: {"action":"login","check_id":"","CQ":"17","SS":"97600","SR":"58755200","TS":"1495153711","loginname":"qq6699","password":"qwe123","rmNum":"3672"}
out: {"ret":[{"id":11444833,"parent":11444832,"all_parents":[11444832,11444831,11444830,11444829,10000001,10000000],"alias":"\u8a79\u59c6\u58eb","created_at":"2014-11-04T14:59:48+0800","modified_at":"2015-07-03T12:04:44+0800","last_login":"2015-07-10T10:42:05+0800","currency":"CNY","password_expire_at":"2015-08-02T12:04:44+0800","username":"qq6699","enable":true,"block":false,"sub":false,"size":0,"err_num":0}],"result":"ok","profile":{"execution_time":11,"server_number":"94"}}
================================================
active_time: 2015-07-10 10:43:15
SCRIPT_NAME: /chk_rule.php
REQUEST_URI: /chk_rule.php
REMOTE_ADDR: 127.0.0.1
HTTP_USER_AGENT: Mozilla/5.0 (X11; Linux x86_64) AppleWebKit/537.36 (KHTML, like Gecko) Chrome/43.0.2357.132 Safari/537.36
type: GET
url: http://10.251.11.169:80/api/users
status: 200
exectime: {"total_time":0.038238,"namelookup_time":3.0e-5,"connect_time":0.008639,"pretransfer_time":0.008673}
DEBUG trace: file:/home/disney/company/new-nsk/common/acc_api/ACC.php(238) Call:GetDebug
file:/home/disney/company/new-nsk/common/acc_api/ACC/User.php(457) Call:__callStatic
file:/home/disney/company/new-nsk/common/acc_api/ACC/User.php(457) Call:users
file:/home/disney/company/new-nsk/www/chk_rule.php(13) Call:GetSeting
headers: ["Sensitive-Data: entrance=3&operator=qq6699&client_ip=127.0.0.1&run_php=%2Fhome%2Fdisney%2Fcompany%2Fnew-nsk%2Fwww%2Fchk_rule.php+line+%3A13&operator_id=11444833&vendor=rde","Host: sk.dev.d2"]
param: {"users":[11444833],"fields":["username","password_reset"]}
POST data: {"action":"login","check_id":"","CQ":"17","SS":"97600","SR":"58755200","TS":"1495153711","loginname":"qq6699","password":"qwe123","rmNum":"3672"}
out: {"ret":[{"username":"qq6699","password_reset":false}],"result":"ok","profile":{"execution_time":13,"server_number":"95"}}
================================================
active_time: 2015-07-10 10:43:15
SCRIPT_NAME: /chk_rule.php
REQUEST_URI: /chk_rule.php
REMOTE_ADDR: 127.0.0.1
HTTP_USER_AGENT: Mozilla/5.0 (X11; Linux x86_64) AppleWebKit/537.36 (KHTML, like Gecko) Chrome/43.0.2357.132 Safari/537.36
type: GET
url: http://10.251.11.169:80/api/user/11444833/password
status: 200
exectime: {"total_time":0.039744,"namelookup_time":1.7e-5,"connect_time":0.008859,"pretransfer_time":0.008891}
DEBUG trace: file:/home/disney/company/new-nsk/common/acc_api/ACC.php(238) Call:GetDebug
file:/home/disney/company/new-nsk/common/acc_api/ACC/User.php(320) Call:__callStatic
file:/home/disney/company/new-nsk/common/acc_api/ACC/User.php(320) Call:user__11444833__password
file:/home/disney/company/new-nsk/www/lib/values.php(231) Call:GetPassword
file:/home/disney/company/new-nsk/www/chk_rule.php(23) Call:chk_ag_passwd
headers: ["Sensitive-Data: entrance=3&operator=qq6699&client_ip=127.0.0.1&run_php=%2Fhome%2Fdisney%2Fcompany%2Fnew-nsk%2Fwww%2Fchk_rule.php+line+%3A23&operator_id=11444833&vendor=rde","Host: sk.dev.d2"]
param: []
POST data: {"action":"login","check_id":"","CQ":"17","SS":"97600","SR":"58755200","TS":"1495153711","loginname":"qq6699","password":"qwe123","rmNum":"3672"}
out: {"ret":"qwe123","result":"ok","profile":{"execution_time":12,"server_number":"96"}}
================================================
active_time: 2015-07-10 10:43:22
SCRIPT_NAME: /chk_rule.php
REQUEST_URI: /chk_rule.php
REMOTE_ADDR: 127.0.0.1
HTTP_USER_AGENT: Mozilla/5.0 (X11; Linux x86_64) AppleWebKit/537.36 (KHTML, like Gecko) Chrome/43.0.2357.132 Safari/537.36
type: PUT
url: http://10.251.11.169:80/api/login
status: 200
exectime: {"total_time":0.131552,"namelookup_time":2.3e-5,"connect_time":0.009241,"pretransfer_time":0.009275}
DEBUG trace: file:/home/disney/company/new-nsk/common/acc_api/ACC.php(238) Call:GetDebug
file:/home/disney/company/new-nsk/common/acc_api/ACC/User.php(243) Call:__callStatic
file:/home/disney/company/new-nsk/common/acc_api/ACC/User.php(243) Call:login
file:/home/disney/company/new-nsk/www/inte/Lib/AGUser.php(202) Call:Login
file:/home/disney/company/new-nsk/www/lib/login_mem.php(162) Call:Login
file:/home/disney/company/new-nsk/www/chk_rule.php(2) Call:include
headers: ["Sensitive-Data: entrance=3&operator=qq6699&client_ip=127.0.0.1&run_php=%2Fhome%2Fdisney%2Fcompany%2Fnew-nsk%2Fwww%2Fchk_rule.php+line+%3A2&operator_id=&vendor=rde","Host: sk.dev.d2"]
param: {"username":"qq6699","password":"qwe123","ip":"127.0.0.1","domain":10000001,"entrance":3}
POST data: {"action":"login","check_id":"","CQ":"17","SS":"97600","SR":"88620800","TS":"1525019395","loginname":"qq6699","password":"qwe123","rmNum":"5539"}
out: {"ret":{"login_user":{"id":11444833,"username":"qq6699","domain":10000001,"alias":"\u8a79\u59c6\u58eb","sub":false,"enable":true,"block":false,"bankrupt":false,"test":false,"hidden_test":false,"size":0,"err_num":0,"currency":"CNY","created_at":"2014-11-04T14:59:48+0800","modified_at":"2015-07-03T12:04:44+0800","last_login":"2015-07-10T10:43:22+0800","password_expire_at":"2015-08-02T12:04:44+0800","password_reset":false,"last_bank":null,"role":1,"parent":11444832,"all_parents":[11444832,11444831,11444830,11444829,10000001,10000000],"session_id":"0d1a91716d2f04e8d801291e74cb1fe9a500ee53"},"login_result":1},"result":"ok","profile":{"execution_time":105,"server_number":"95"}}
================================================
active_time: 2015-07-10 10:43:22
SCRIPT_NAME: /chk_rule.php
REQUEST_URI: /chk_rule.php
REMOTE_ADDR: 127.0.0.1
HTTP_USER_AGENT: Mozilla/5.0 (X11; Linux x86_64) AppleWebKit/537.36 (KHTML, like Gecko) Chrome/43.0.2357.132 Safari/537.36
type: GET
url: http://10.251.11.169:80/api/currency/CNY/exchange
status: 200
exectime: {"total_time":0.032072,"namelookup_time":2.5e-5,"connect_time":0.01027,"pretransfer_time":0.010326}
DEBUG trace: file:/home/disney/company/new-nsk/common/acc_api/ACC.php(238) Call:GetDebug
file:/home/disney/company/new-nsk/common/acc_api/ACC/Exchange.php(146) Call:__callStatic
file:/home/disney/company/new-nsk/common/acc_api/ACC/Exchange.php(146) Call:currency__CNY__exchange
file:/home/disney/company/new-nsk/www/inte/Lib/AGUser.php(211) Call:GetExchange
file:/home/disney/company/new-nsk/www/lib/login_mem.php(162) Call:Login
file:/home/disney/company/new-nsk/www/chk_rule.php(2) Call:include
headers: ["Sensitive-Data: entrance=3&operator=qq6699&client_ip=127.0.0.1&run_php=%2Fhome%2Fdisney%2Fcompany%2Fnew-nsk%2Fwww%2Fchk_rule.php+line+%3A2&operator_id=11444833&vendor=rde","Host: sk.dev.d2"]
param: {"currency":"CNY","active_at":"2015-07-10T10:43:22+0800"}
POST data: {"action":"login","check_id":"","CQ":"17","SS":"97600","SR":"88620800","TS":"1525019395","loginname":"qq6699","password":"qwe123","rmNum":"5539"}
out: {"ret":{"id":1,"currency":"CNY","buy":"1.00000000","sell":"1.00000000","basic":"1.00000000","active_at":"2010-12-01T12:00:00+0800"},"result":"ok","profile":{"execution_time":6,"server_number":"96"}}
================================================
active_time: 2015-07-10 10:43:22
SCRIPT_NAME: /api/router.php
REQUEST_URI: /api/router.php?user_id=11444833&handle=isBetEnable&class=User
REMOTE_ADDR: 127.0.0.1
HTTP_USER_AGENT: 
type: GET
url: http://10.251.11.169:80/api/user/11444833
status: 200
exectime: {"total_time":0.037126,"namelookup_time":2.6e-5,"connect_time":0.008893,"pretransfer_time":0.008959}
DEBUG trace: file:/home/disney/company/new-nsk/common/acc_api/ACC.php(238) Call:GetDebug
file:/home/disney/company/new-nsk/common/acc_api/ACC/User.php(419) Call:__callStatic
file:/home/disney/company/new-nsk/common/acc_api/ACC/User.php(419) Call:user__11444833
file:/home/disney/company/new-nsk/common/acc_api/ACC/User.php(444) Call:BufferSinglSeting
file:/home/disney/company/new-nsk/business_classes/User/UserManager.php(211) Call:GetSinglSeting
file:/home/disney/company/new-nsk/business_classes/User/UserManager.php(31) Call:getParentsIdById
file:/home/disney/company/new-nsk/api_controller/User.php(30) Call:instance
file:/home/disney/company/new-nsk/ClassLibrary/lib_php/model/Router/Router.php(91) Call:isBetEnable
file:/home/disney/company/new-nsk/www/api/router.php(42) Call:execute
headers: ["Sensitive-Data: entrance=1&client_ip=127.0.0.1&run_php=%2Fhome%2Fdisney%2Fcompany%2Fnew-nsk%2Fwww%2Fapi%2Frouter.php+line+%3A42&vendor=rde","Host: sk.dev.d2"]
param: {"fields":{"id":"id","username":"username","alias":"alias","sub":"sub","enable":"enable","block":"block","size":"size","err_num":"err_num","created_at":"created_at","modified_at":"modified_at","password_expire_at":"password_expire_at","last_login":"last_login","currency":"currency","parent":"parent","all_parents":"all_parents"}}
POST data: ["\u900f\u904eAPI\u6240\u4ee5$_POST\u88ab\u79fb\u9664\u4e86,\u539f\u59cbPOST\u8cc7\u6599\u70baArray\n(\n)\n"]
out: {"ret":[{"id":11444833,"parent":11444832,"all_parents":[11444832,11444831,11444830,11444829,10000001,10000000],"alias":"\u8a79\u59c6\u58eb","created_at":"2014-11-04T14:59:48+0800","modified_at":"2015-07-03T12:04:44+0800","last_login":"2015-07-10T10:43:22+0800","currency":"CNY","password_expire_at":"2015-08-02T12:04:44+0800","username":"qq6699","enable":true,"block":false,"sub":false,"size":0,"err_num":0}],"result":"ok","profile":{"execution_time":12,"server_number":"95"}}
================================================
active_time: 2015-07-10 10:43:22
SCRIPT_NAME: /api/router.php
REQUEST_URI: /api/router.php?user_id=11444833&handle=getLines&class=User
REMOTE_ADDR: 127.0.0.1
HTTP_USER_AGENT: 
type: GET
url: http://10.251.11.169:80/api/user/11444833
status: 200
exectime: {"total_time":0.033855,"namelookup_time":3.7e-5,"connect_time":0.007954,"pretransfer_time":0.008056}
DEBUG trace: file:/home/disney/company/new-nsk/common/acc_api/ACC.php(238) Call:GetDebug
file:/home/disney/company/new-nsk/common/acc_api/ACC/User.php(419) Call:__callStatic
file:/home/disney/company/new-nsk/common/acc_api/ACC/User.php(419) Call:user__11444833
file:/home/disney/company/new-nsk/common/acc_api/ACC/User.php(444) Call:BufferSinglSeting
file:/home/disney/company/new-nsk/business_classes/User/UserManager.php(211) Call:GetSinglSeting
file:/home/disney/company/new-nsk/business_classes/User/UserManager.php(31) Call:getParentsIdById
file:/home/disney/company/new-nsk/api_controller/User.php(12) Call:instance
file:/home/disney/company/new-nsk/ClassLibrary/lib_php/model/Router/Router.php(91) Call:getLines
file:/home/disney/company/new-nsk/www/api/router.php(42) Call:execute
headers: ["Sensitive-Data: entrance=1&client_ip=127.0.0.1&run_php=%2Fhome%2Fdisney%2Fcompany%2Fnew-nsk%2Fwww%2Fapi%2Frouter.php+line+%3A42&vendor=rde","Host: sk.dev.d2"]
param: {"fields":{"id":"id","username":"username","alias":"alias","sub":"sub","enable":"enable","block":"block","size":"size","err_num":"err_num","created_at":"created_at","modified_at":"modified_at","password_expire_at":"password_expire_at","last_login":"last_login","currency":"currency","parent":"parent","all_parents":"all_parents"}}
POST data: ["\u900f\u904eAPI\u6240\u4ee5$_POST\u88ab\u79fb\u9664\u4e86,\u539f\u59cbPOST\u8cc7\u6599\u70baArray\n(\n)\n"]
out: {"ret":[{"id":11444833,"parent":11444832,"all_parents":[11444832,11444831,11444830,11444829,10000001,10000000],"alias":"\u8a79\u59c6\u58eb","created_at":"2014-11-04T14:59:48+0800","modified_at":"2015-07-03T12:04:44+0800","last_login":"2015-07-10T10:43:22+0800","currency":"CNY","password_expire_at":"2015-08-02T12:04:44+0800","username":"qq6699","enable":true,"block":false,"sub":false,"size":0,"err_num":0}],"result":"ok","profile":{"execution_time":11,"server_number":"96"}}
================================================
active_time: 2015-07-10 10:43:22
SCRIPT_NAME: /api/router.php
REQUEST_URI: /api/router.php?user_id=11444833&handle=getLines&class=User
REMOTE_ADDR: 127.0.0.1
HTTP_USER_AGENT: 
type: GET
url: http://10.251.11.169:80/api/user/11444829
status: 200
exectime: {"total_time":0.037748,"namelookup_time":3.1e-5,"connect_time":0.00868,"pretransfer_time":0.008785}
DEBUG trace: file:/home/disney/company/new-nsk/common/acc_api/ACC.php(238) Call:GetDebug
file:/home/disney/company/new-nsk/common/acc_api/ACC/User.php(419) Call:__callStatic
file:/home/disney/company/new-nsk/common/acc_api/ACC/User.php(419) Call:user__11444829
file:/home/disney/company/new-nsk/common/acc_api/ACC/User.php(444) Call:BufferSinglSeting
file:/home/disney/company/new-nsk/business_classes/User/UserManager.php(211) Call:GetSinglSeting
file:/home/disney/company/new-nsk/business_classes/User/UserManager.php(31) Call:getParentsIdById
file:/home/disney/company/new-nsk/business_classes/User/abstractUser.php(412) Call:instance
file:/home/disney/company/new-nsk/business_classes/User/UserMEM.php(44) Call:getLine
file:/home/disney/company/new-nsk/business_classes/User/UserPitaya.php(122) Call:getLine
file:/home/disney/company/new-nsk/api_controller/User.php(17) Call:getLine
file:/home/disney/company/new-nsk/ClassLibrary/lib_php/model/Router/Router.php(91) Call:getLines
file:/home/disney/company/new-nsk/www/api/router.php(42) Call:execute
headers: ["Sensitive-Data: entrance=1&client_ip=127.0.0.1&run_php=%2Fhome%2Fdisney%2Fcompany%2Fnew-nsk%2Fwww%2Fapi%2Frouter.php+line+%3A42&vendor=rde","Host: sk.dev.d2"]
param: {"fields":{"id":"id","username":"username","alias":"alias","sub":"sub","enable":"enable","block":"block","size":"size","err_num":"err_num","created_at":"created_at","modified_at":"modified_at","password_expire_at":"password_expire_at","last_login":"last_login","currency":"currency","parent":"parent","all_parents":"all_parents"}}
POST data: ["\u900f\u904eAPI\u6240\u4ee5$_POST\u88ab\u79fb\u9664\u4e86,\u539f\u59cbPOST\u8cc7\u6599\u70baArray\n(\n)\n"]
out: {"ret":[{"id":11444829,"parent":10000001,"all_parents":[10000001,10000000],"alias":"\u8a79\u59c6\u58eb","created_at":"2014-11-04T14:28:08+0800","modified_at":"2015-07-03T17:26:41+0800","last_login":"2015-07-06T09:18:08+0800","currency":"CNY","password_expire_at":"2015-08-02T15:31:25+0800","username":"ff6699","enable":true,"block":false,"sub":false,"size":4,"err_num":0}],"result":"ok","profile":{"execution_time":10,"server_number":"94"}}
================================================
active_time: 2015-07-10 10:43:22
SCRIPT_NAME: /api/router.php
REQUEST_URI: /api/router.php?user_id=11444833&handle=getLines&class=User
REMOTE_ADDR: 127.0.0.1
HTTP_USER_AGENT: 
type: GET
url: http://10.251.11.169:80/api/user/10000001
status: 200
exectime: {"total_time":0.034688,"namelookup_time":2.5e-5,"connect_time":0.008882,"pretransfer_time":0.008927}
DEBUG trace: file:/home/disney/company/new-nsk/common/acc_api/ACC.php(238) Call:GetDebug
file:/home/disney/company/new-nsk/common/acc_api/ACC/User.php(419) Call:__callStatic
file:/home/disney/company/new-nsk/common/acc_api/ACC/User.php(419) Call:user__10000001
file:/home/disney/company/new-nsk/common/acc_api/ACC/User.php(444) Call:BufferSinglSeting
file:/home/disney/company/new-nsk/business_classes/User/UserManager.php(211) Call:GetSinglSeting
file:/home/disney/company/new-nsk/business_classes/User/UserManager.php(31) Call:getParentsIdById
file:/home/disney/company/new-nsk/business_classes/User/abstractUser.php(270) Call:instance
file:/home/disney/company/new-nsk/business_classes/User/UserMEM.php(56) Call:isEnableGame
file:/home/disney/company/new-nsk/business_classes/User/UserPitaya.php(122) Call:getLine
file:/home/disney/company/new-nsk/api_controller/User.php(17) Call:getLine
file:/home/disney/company/new-nsk/ClassLibrary/lib_php/model/Router/Router.php(91) Call:getLines
file:/home/disney/company/new-nsk/www/api/router.php(42) Call:execute
headers: ["Sensitive-Data: entrance=1&client_ip=127.0.0.1&run_php=%2Fhome%2Fdisney%2Fcompany%2Fnew-nsk%2Fwww%2Fapi%2Frouter.php+line+%3A42&vendor=rde","Host: sk.dev.d2"]
param: {"fields":{"id":"id","username":"username","alias":"alias","sub":"sub","enable":"enable","block":"block","size":"size","err_num":"err_num","created_at":"created_at","modified_at":"modified_at","password_expire_at":"password_expire_at","last_login":"last_login","currency":"currency","parent":"parent","all_parents":"all_parents"}}
POST data: ["\u900f\u904eAPI\u6240\u4ee5$_POST\u88ab\u79fb\u9664\u4e86,\u539f\u59cbPOST\u8cc7\u6599\u70baArray\n(\n)\n"]
out: {"ret":[{"id":10000001,"parent":10000000,"all_parents":[10000000],"alias":"SK2\u5ef3\u4e3b","created_at":"2009-04-07T18:28:35+0800","modified_at":"2015-07-03T15:51:08+0800","last_login":"2015-07-03T15:50:36+0800","currency":"CNY","password_expire_at":"2015-08-02T15:51:08+0800","username":"esk2","enable":true,"block":false,"sub":false,"size":128,"err_num":0}],"result":"ok","profile":{"execution_time":9,"server_number":"95"}}
================================================
active_time: 2015-07-10 10:43:23
SCRIPT_NAME: /chk_rule.php
REQUEST_URI: /chk_rule.php
REMOTE_ADDR: 127.0.0.1
HTTP_USER_AGENT: Mozilla/5.0 (X11; Linux x86_64) AppleWebKit/537.36 (KHTML, like Gecko) Chrome/43.0.2357.132 Safari/537.36
type: GET
url: http://10.251.11.169:80/api/session/0d1a91716d2f04e8d801291e74cb1fe9a500ee53
status: 200
exectime: {"total_time":0.021351,"namelookup_time":2.3e-5,"connect_time":0.008733,"pretransfer_time":0.008798}
DEBUG trace: file:/home/disney/company/new-nsk/common/acc_api/ACC.php(238) Call:GetDebug
file:/home/disney/company/new-nsk/common/acc_api/ACC/Session.php(78) Call:__callStatic
file:/home/disney/company/new-nsk/common/acc_api/ACC/Session.php(78) Call:session__0d1a91716d2f04e8d801291e74cb1fe9a500ee53
file:/home/disney/company/new-nsk/business_classes/Auth.php(60) Call:get
file:/home/disney/company/new-nsk/business_classes/Auth.php(88) Call:get_session
file:/home/disney/company/new-nsk/www/lib/login_mem.php(470) Call:check
file:/home/disney/company/new-nsk/www/chk_rule.php(2) Call:include
headers: ["Sensitive-Data: entrance=3&operator=qq6699&client_ip=127.0.0.1&run_php=%2Fhome%2Fdisney%2Fcompany%2Fnew-nsk%2Fwww%2Fchk_rule.php+line+%3A2&operator_id=11444833&vendor=rde","Host: sk.dev.d2"]
param: []
POST data: {"action":"login","check_id":"","CQ":"17","SS":"97600","SR":"88620800","TS":"1525019395","loginname":"qq6699","password":"qwe123","rmNum":"5539"}
out: {"result":"ok","ret":{"session":{"id":"0d1a91716d2f04e8d801291e74cb1fe9a500ee53","created_at":"2015-07-10T10:43:22+0800","modified_at":""},"user":{"id":"11444833","username":"qq6699","domain":"10000001","alias":"詹姆士","sub":"","enable":"1","block":"","bankrupt":"","test":"","hidden_test":"","size":"0","currency":"CNY","created_at":"2014-11-04T14:59:48+0800","modified_at":"2015-07-03T12:04:44+0800","last_login":"2015-07-10T10:43:22+0800","last_bank":"","role":"1","all_parents":["11444832","11444831","11444830","11444829","10000001","10000000"]}}}
================================================
active_time: 2015-07-10 10:43:23
SCRIPT_NAME: /chk_rule.php
REQUEST_URI: /chk_rule.php
REMOTE_ADDR: 127.0.0.1
HTTP_USER_AGENT: Mozilla/5.0 (X11; Linux x86_64) AppleWebKit/537.36 (KHTML, like Gecko) Chrome/43.0.2357.132 Safari/537.36
type: GET
url: http://10.251.11.169:80/api/user/11444833
status: 200
exectime: {"total_time":0.036628,"namelookup_time":2.2e-5,"connect_time":0.008697,"pretransfer_time":0.008752}
DEBUG trace: file:/home/disney/company/new-nsk/common/acc_api/ACC.php(238) Call:GetDebug
file:/home/disney/company/new-nsk/common/acc_api/ACC/User.php(419) Call:__callStatic
file:/home/disney/company/new-nsk/common/acc_api/ACC/User.php(419) Call:user__11444833
file:/home/disney/company/new-nsk/common/acc_api/ACC/User.php(444) Call:BufferSinglSeting
file:/home/disney/company/new-nsk/www/inte/Lib/User/Credit.php(104) Call:GetSinglSeting
file:/home/disney/company/new-nsk/www/inte/Lib/User/Balance.php(137) Call:GetCurrency
file:/home/disney/company/new-nsk/www/lib/login_mem.php(536) Call:GetCurrency
file:/home/disney/company/new-nsk/www/chk_rule.php(2) Call:include
headers: ["Sensitive-Data: entrance=3&operator=qq6699&client_ip=127.0.0.1&run_php=%2Fhome%2Fdisney%2Fcompany%2Fnew-nsk%2Fwww%2Fchk_rule.php+line+%3A2&operator_id=11444833&vendor=rde","Host: sk.dev.d2"]
param: {"fields":{"id":"id","username":"username","alias":"alias","sub":"sub","enable":"enable","block":"block","size":"size","err_num":"err_num","created_at":"created_at","modified_at":"modified_at","password_expire_at":"password_expire_at","last_login":"last_login","currency":"currency","parent":"parent","all_parents":"all_parents"}}
POST data: {"action":"login","check_id":"","CQ":"17","SS":"97600","SR":"88620800","TS":"1525019395","loginname":"qq6699","password":"qwe123","rmNum":"5539"}
out: {"ret":[{"id":11444833,"parent":11444832,"all_parents":[11444832,11444831,11444830,11444829,10000001,10000000],"alias":"\u8a79\u59c6\u58eb","created_at":"2014-11-04T14:59:48+0800","modified_at":"2015-07-03T12:04:44+0800","last_login":"2015-07-10T10:43:22+0800","currency":"CNY","password_expire_at":"2015-08-02T12:04:44+0800","username":"qq6699","enable":true,"block":false,"sub":false,"size":0,"err_num":0}],"result":"ok","profile":{"execution_time":11,"server_number":"96"}}
================================================
active_time: 2015-07-10 10:43:23
SCRIPT_NAME: /chk_rule.php
REQUEST_URI: /chk_rule.php
REMOTE_ADDR: 127.0.0.1
HTTP_USER_AGENT: Mozilla/5.0 (X11; Linux x86_64) AppleWebKit/537.36 (KHTML, like Gecko) Chrome/43.0.2357.132 Safari/537.36
type: GET
url: http://10.251.11.169:80/api/users
status: 200
exectime: {"total_time":0.034953,"namelookup_time":6.1e-5,"connect_time":0.009111,"pretransfer_time":0.009151}
DEBUG trace: file:/home/disney/company/new-nsk/common/acc_api/ACC.php(238) Call:GetDebug
file:/home/disney/company/new-nsk/common/acc_api/ACC/User.php(457) Call:__callStatic
file:/home/disney/company/new-nsk/common/acc_api/ACC/User.php(457) Call:users
file:/home/disney/company/new-nsk/www/chk_rule.php(13) Call:GetSeting
headers: ["Sensitive-Data: entrance=3&operator=qq6699&client_ip=127.0.0.1&run_php=%2Fhome%2Fdisney%2Fcompany%2Fnew-nsk%2Fwww%2Fchk_rule.php+line+%3A13&operator_id=11444833&vendor=rde","Host: sk.dev.d2"]
param: {"users":[11444833],"fields":["username","password_reset"]}
POST data: {"action":"login","check_id":"","CQ":"17","SS":"97600","SR":"88620800","TS":"1525019395","loginname":"qq6699","password":"qwe123","rmNum":"5539"}
out: {"ret":[{"username":"qq6699","password_reset":false}],"result":"ok","profile":{"execution_time":10,"server_number":"94"}}
================================================
active_time: 2015-07-10 10:43:23
SCRIPT_NAME: /chk_rule.php
REQUEST_URI: /chk_rule.php
REMOTE_ADDR: 127.0.0.1
HTTP_USER_AGENT: Mozilla/5.0 (X11; Linux x86_64) AppleWebKit/537.36 (KHTML, like Gecko) Chrome/43.0.2357.132 Safari/537.36
type: GET
url: http://10.251.11.169:80/api/user/11444833/password
status: 200
exectime: {"total_time":0.037949,"namelookup_time":2.6e-5,"connect_time":0.008163,"pretransfer_time":0.008193}
DEBUG trace: file:/home/disney/company/new-nsk/common/acc_api/ACC.php(238) Call:GetDebug
file:/home/disney/company/new-nsk/common/acc_api/ACC/User.php(320) Call:__callStatic
file:/home/disney/company/new-nsk/common/acc_api/ACC/User.php(320) Call:user__11444833__password
file:/home/disney/company/new-nsk/www/lib/values.php(231) Call:GetPassword
file:/home/disney/company/new-nsk/www/chk_rule.php(23) Call:chk_ag_passwd
headers: ["Sensitive-Data: entrance=3&operator=qq6699&client_ip=127.0.0.1&run_php=%2Fhome%2Fdisney%2Fcompany%2Fnew-nsk%2Fwww%2Fchk_rule.php+line+%3A23&operator_id=11444833&vendor=rde","Host: sk.dev.d2"]
param: []
POST data: {"action":"login","check_id":"","CQ":"17","SS":"97600","SR":"88620800","TS":"1525019395","loginname":"qq6699","password":"qwe123","rmNum":"5539"}
out: {"ret":"qwe123","result":"ok","profile":{"execution_time":12,"server_number":"95"}}
================================================
active_time: 2015-07-10 10:43:27
SCRIPT_NAME: /member/index.php
REQUEST_URI: /member/
REMOTE_ADDR: 127.0.0.1
HTTP_USER_AGENT: Mozilla/5.0 (X11; Linux x86_64) AppleWebKit/537.36 (KHTML, like Gecko) Chrome/43.0.2357.132 Safari/537.36
type: GET
url: http://10.251.11.169:80/api/session/0d1a91716d2f04e8d801291e74cb1fe9a500ee53
status: 200
exectime: {"total_time":0.022667,"namelookup_time":2.6e-5,"connect_time":0.00858,"pretransfer_time":0.008612}
DEBUG trace: file:/home/disney/company/new-nsk/common/acc_api/ACC.php(238) Call:GetDebug
file:/home/disney/company/new-nsk/common/acc_api/ACC/Session.php(78) Call:__callStatic
file:/home/disney/company/new-nsk/common/acc_api/ACC/Session.php(78) Call:session__0d1a91716d2f04e8d801291e74cb1fe9a500ee53
file:/home/disney/company/new-nsk/business_classes/Auth.php(60) Call:get
file:/home/disney/company/new-nsk/business_classes/Auth.php(88) Call:get_session
file:/home/disney/company/new-nsk/www/lib/login_mem.php(470) Call:check
file:/home/disney/company/new-nsk/www/member/index.php(2) Call:include
headers: ["Sensitive-Data: entrance=3&operator=qq6699&client_ip=127.0.0.1&run_php=%2Fhome%2Fdisney%2Fcompany%2Fnew-nsk%2Fwww%2Fmember%2Findex.php+line+%3A2&operator_id=11444833&vendor=rde","Host: sk.dev.d2"]
param: []
POST data: []
out: {"result":"ok","ret":{"session":{"id":"0d1a91716d2f04e8d801291e74cb1fe9a500ee53","created_at":"2015-07-10T10:43:22+0800","modified_at":""},"user":{"id":"11444833","username":"qq6699","domain":"10000001","alias":"詹姆士","sub":"","enable":"1","block":"","bankrupt":"","test":"","hidden_test":"","size":"0","currency":"CNY","created_at":"2014-11-04T14:59:48+0800","modified_at":"2015-07-03T12:04:44+0800","last_login":"2015-07-10T10:43:22+0800","last_bank":"","role":"1","all_parents":["11444832","11444831","11444830","11444829","10000001","10000000"]}}}
================================================
active_time: 2015-07-10 10:43:27
SCRIPT_NAME: /member/lt_header.php
REQUEST_URI: /member/lt_header.php
REMOTE_ADDR: 127.0.0.1
HTTP_USER_AGENT: Mozilla/5.0 (X11; Linux x86_64) AppleWebKit/537.36 (KHTML, like Gecko) Chrome/43.0.2357.132 Safari/537.36
type: GET
url: http://10.251.11.169:80/api/session/0d1a91716d2f04e8d801291e74cb1fe9a500ee53
status: 200
exectime: {"total_time":0.021517,"namelookup_time":2.2e-5,"connect_time":0.008735,"pretransfer_time":0.008812}
DEBUG trace: file:/home/disney/company/new-nsk/common/acc_api/ACC.php(238) Call:GetDebug
file:/home/disney/company/new-nsk/common/acc_api/ACC/Session.php(78) Call:__callStatic
file:/home/disney/company/new-nsk/common/acc_api/ACC/Session.php(78) Call:session__0d1a91716d2f04e8d801291e74cb1fe9a500ee53
file:/home/disney/company/new-nsk/business_classes/Auth.php(60) Call:get
file:/home/disney/company/new-nsk/business_classes/Auth.php(88) Call:get_session
file:/home/disney/company/new-nsk/www/lib/login_mem.php(470) Call:check
file:/home/disney/company/new-nsk/www/member/lt_header.php(2) Call:include
headers: ["Sensitive-Data: entrance=3&operator=qq6699&client_ip=127.0.0.1&run_php=%2Fhome%2Fdisney%2Fcompany%2Fnew-nsk%2Fwww%2Fmember%2Flt_header.php+line+%3A2&operator_id=11444833&vendor=rde","Host: sk.dev.d2"]
param: []
POST data: []
out: {"result":"ok","ret":{"session":{"id":"0d1a91716d2f04e8d801291e74cb1fe9a500ee53","created_at":"2015-07-10T10:43:22+0800","modified_at":""},"user":{"id":"11444833","username":"qq6699","domain":"10000001","alias":"詹姆士","sub":"","enable":"1","block":"","bankrupt":"","test":"","hidden_test":"","size":"0","currency":"CNY","created_at":"2014-11-04T14:59:48+0800","modified_at":"2015-07-03T12:04:44+0800","last_login":"2015-07-10T10:43:22+0800","last_bank":"","role":"1","all_parents":["11444832","11444831","11444830","11444829","10000001","10000000"]}}}
================================================
active_time: 2015-07-10 10:43:31
SCRIPT_NAME: /api/router.php
REQUEST_URI: /api/router.php?user_id=11444833&handle=getLines&class=User
REMOTE_ADDR: 127.0.0.1
HTTP_USER_AGENT: 
type: GET
url: http://10.251.11.169:80/api/user/11444833
status: 200
exectime: {"total_time":0.040654,"namelookup_time":5.9e-5,"connect_time":0.01354,"pretransfer_time":0.013609}
DEBUG trace: file:/home/disney/company/new-nsk/common/acc_api/ACC.php(238) Call:GetDebug
file:/home/disney/company/new-nsk/common/acc_api/ACC/User.php(419) Call:__callStatic
file:/home/disney/company/new-nsk/common/acc_api/ACC/User.php(419) Call:user__11444833
file:/home/disney/company/new-nsk/common/acc_api/ACC/User.php(444) Call:BufferSinglSeting
file:/home/disney/company/new-nsk/business_classes/User/UserManager.php(211) Call:GetSinglSeting
file:/home/disney/company/new-nsk/business_classes/User/UserManager.php(31) Call:getParentsIdById
file:/home/disney/company/new-nsk/api_controller/User.php(12) Call:instance
file:/home/disney/company/new-nsk/ClassLibrary/lib_php/model/Router/Router.php(91) Call:getLines
file:/home/disney/company/new-nsk/www/api/router.php(42) Call:execute
headers: ["Sensitive-Data: entrance=1&client_ip=127.0.0.1&run_php=%2Fhome%2Fdisney%2Fcompany%2Fnew-nsk%2Fwww%2Fapi%2Frouter.php+line+%3A42&vendor=rde","Host: sk.dev.d2"]
param: {"fields":{"id":"id","username":"username","alias":"alias","sub":"sub","enable":"enable","block":"block","size":"size","err_num":"err_num","created_at":"created_at","modified_at":"modified_at","password_expire_at":"password_expire_at","last_login":"last_login","currency":"currency","parent":"parent","all_parents":"all_parents"}}
POST data: ["\u900f\u904eAPI\u6240\u4ee5$_POST\u88ab\u79fb\u9664\u4e86,\u539f\u59cbPOST\u8cc7\u6599\u70baArray\n(\n)\n"]
out: {"ret":[{"id":11444833,"parent":11444832,"all_parents":[11444832,11444831,11444830,11444829,10000001,10000000],"alias":"\u8a79\u59c6\u58eb","created_at":"2014-11-04T14:59:48+0800","modified_at":"2015-07-03T12:04:44+0800","last_login":"2015-07-10T10:43:22+0800","currency":"CNY","password_expire_at":"2015-08-02T12:04:44+0800","username":"qq6699","enable":true,"block":false,"sub":false,"size":0,"err_num":0}],"result":"ok","profile":{"execution_time":10,"server_number":"94"}}
================================================
active_time: 2015-07-10 10:43:31
SCRIPT_NAME: /api/router.php
REQUEST_URI: /api/router.php?user_id=11444833&handle=getLines&class=User
REMOTE_ADDR: 127.0.0.1
HTTP_USER_AGENT: 
type: GET
url: http://10.251.11.169:80/api/user/11444829
status: 200
exectime: {"total_time":0.036997,"namelookup_time":2.5e-5,"connect_time":0.011615,"pretransfer_time":0.011653}
DEBUG trace: file:/home/disney/company/new-nsk/common/acc_api/ACC.php(238) Call:GetDebug
file:/home/disney/company/new-nsk/common/acc_api/ACC/User.php(419) Call:__callStatic
file:/home/disney/company/new-nsk/common/acc_api/ACC/User.php(419) Call:user__11444829
file:/home/disney/company/new-nsk/common/acc_api/ACC/User.php(444) Call:BufferSinglSeting
file:/home/disney/company/new-nsk/business_classes/User/UserManager.php(211) Call:GetSinglSeting
file:/home/disney/company/new-nsk/business_classes/User/UserManager.php(31) Call:getParentsIdById
file:/home/disney/company/new-nsk/business_classes/User/abstractUser.php(412) Call:instance
file:/home/disney/company/new-nsk/business_classes/User/UserMEM.php(44) Call:getLine
file:/home/disney/company/new-nsk/business_classes/User/UserPitaya.php(122) Call:getLine
file:/home/disney/company/new-nsk/api_controller/User.php(17) Call:getLine
file:/home/disney/company/new-nsk/ClassLibrary/lib_php/model/Router/Router.php(91) Call:getLines
file:/home/disney/company/new-nsk/www/api/router.php(42) Call:execute
headers: ["Sensitive-Data: entrance=1&client_ip=127.0.0.1&run_php=%2Fhome%2Fdisney%2Fcompany%2Fnew-nsk%2Fwww%2Fapi%2Frouter.php+line+%3A42&vendor=rde","Host: sk.dev.d2"]
param: {"fields":{"id":"id","username":"username","alias":"alias","sub":"sub","enable":"enable","block":"block","size":"size","err_num":"err_num","created_at":"created_at","modified_at":"modified_at","password_expire_at":"password_expire_at","last_login":"last_login","currency":"currency","parent":"parent","all_parents":"all_parents"}}
POST data: ["\u900f\u904eAPI\u6240\u4ee5$_POST\u88ab\u79fb\u9664\u4e86,\u539f\u59cbPOST\u8cc7\u6599\u70baArray\n(\n)\n"]
out: {"ret":[{"id":11444829,"parent":10000001,"all_parents":[10000001,10000000],"alias":"\u8a79\u59c6\u58eb","created_at":"2014-11-04T14:28:08+0800","modified_at":"2015-07-03T17:26:41+0800","last_login":"2015-07-06T09:18:08+0800","currency":"CNY","password_expire_at":"2015-08-02T15:31:25+0800","username":"ff6699","enable":true,"block":false,"sub":false,"size":4,"err_num":0}],"result":"ok","profile":{"execution_time":9,"server_number":"95"}}
================================================
active_time: 2015-07-10 10:43:31
SCRIPT_NAME: /api/router.php
REQUEST_URI: /api/router.php?user_id=11444833&handle=getLines&class=User
REMOTE_ADDR: 127.0.0.1
HTTP_USER_AGENT: 
type: GET
url: http://10.251.11.169:80/api/user/10000001
status: 200
exectime: {"total_time":0.038385,"namelookup_time":2.4e-5,"connect_time":0.010992,"pretransfer_time":0.011051}
DEBUG trace: file:/home/disney/company/new-nsk/common/acc_api/ACC.php(238) Call:GetDebug
file:/home/disney/company/new-nsk/common/acc_api/ACC/User.php(419) Call:__callStatic
file:/home/disney/company/new-nsk/common/acc_api/ACC/User.php(419) Call:user__10000001
file:/home/disney/company/new-nsk/common/acc_api/ACC/User.php(444) Call:BufferSinglSeting
file:/home/disney/company/new-nsk/business_classes/User/UserManager.php(211) Call:GetSinglSeting
file:/home/disney/company/new-nsk/business_classes/User/UserManager.php(31) Call:getParentsIdById
file:/home/disney/company/new-nsk/business_classes/User/abstractUser.php(270) Call:instance
file:/home/disney/company/new-nsk/business_classes/User/UserMEM.php(56) Call:isEnableGame
file:/home/disney/company/new-nsk/business_classes/User/UserPitaya.php(122) Call:getLine
file:/home/disney/company/new-nsk/api_controller/User.php(17) Call:getLine
file:/home/disney/company/new-nsk/ClassLibrary/lib_php/model/Router/Router.php(91) Call:getLines
file:/home/disney/company/new-nsk/www/api/router.php(42) Call:execute
headers: ["Sensitive-Data: entrance=1&client_ip=127.0.0.1&run_php=%2Fhome%2Fdisney%2Fcompany%2Fnew-nsk%2Fwww%2Fapi%2Frouter.php+line+%3A42&vendor=rde","Host: sk.dev.d2"]
param: {"fields":{"id":"id","username":"username","alias":"alias","sub":"sub","enable":"enable","block":"block","size":"size","err_num":"err_num","created_at":"created_at","modified_at":"modified_at","password_expire_at":"password_expire_at","last_login":"last_login","currency":"currency","parent":"parent","all_parents":"all_parents"}}
POST data: ["\u900f\u904eAPI\u6240\u4ee5$_POST\u88ab\u79fb\u9664\u4e86,\u539f\u59cbPOST\u8cc7\u6599\u70baArray\n(\n)\n"]
out: {"ret":[{"id":10000001,"parent":10000000,"all_parents":[10000000],"alias":"SK2\u5ef3\u4e3b","created_at":"2009-04-07T18:28:35+0800","modified_at":"2015-07-03T15:51:08+0800","last_login":"2015-07-03T15:50:36+0800","currency":"CNY","password_expire_at":"2015-08-02T15:51:08+0800","username":"esk2","enable":true,"block":false,"sub":false,"size":128,"err_num":0}],"result":"ok","profile":{"execution_time":10,"server_number":"96"}}
================================================
active_time: 2015-07-10 10:43:32
SCRIPT_NAME: /api/router.php
REQUEST_URI: /api/router.php?id=11444833&hallid=10000001&lang=gb&handle=Marquee&class=MemberMsg
REMOTE_ADDR: 127.0.0.1
HTTP_USER_AGENT: 
type: GET
url: http://10.251.11.169:80/api/user/11444833
status: 200
exectime: {"total_time":0.040923,"namelookup_time":2.5e-5,"connect_time":0.009379,"pretransfer_time":0.009448}
DEBUG trace: file:/home/disney/company/new-nsk/common/acc_api/ACC.php(238) Call:GetDebug
file:/home/disney/company/new-nsk/common/acc_api/ACC/User.php(419) Call:__callStatic
file:/home/disney/company/new-nsk/common/acc_api/ACC/User.php(419) Call:user__11444833
file:/home/disney/company/new-nsk/common/acc_api/ACC/User.php(444) Call:BufferSinglSeting
file:/home/disney/company/new-nsk/www/inte/Lib/AGUser.php(481) Call:GetSinglSeting
file:/home/disney/company/new-nsk/api_controller/MemberMsg.php(269) Call:GetLevel
file:/home/disney/company/new-nsk/ClassLibrary/lib_php/model/Router/Router.php(91) Call:Marquee
file:/home/disney/company/new-nsk/www/api/router.php(42) Call:execute
headers: ["Sensitive-Data: entrance=1&client_ip=127.0.0.1&run_php=%2Fhome%2Fdisney%2Fcompany%2Fnew-nsk%2Fwww%2Fapi%2Frouter.php+line+%3A42&vendor=rde","Host: sk.dev.d2"]
param: {"fields":{"id":"id","username":"username","alias":"alias","sub":"sub","enable":"enable","block":"block","size":"size","err_num":"err_num","created_at":"created_at","modified_at":"modified_at","password_expire_at":"password_expire_at","last_login":"last_login","currency":"currency","parent":"parent","all_parents":"all_parents"}}
POST data: ["\u900f\u904eAPI\u6240\u4ee5$_POST\u88ab\u79fb\u9664\u4e86,\u539f\u59cbPOST\u8cc7\u6599\u70baArray\n(\n)\n"]
out: {"ret":[{"id":11444833,"parent":11444832,"all_parents":[11444832,11444831,11444830,11444829,10000001,10000000],"alias":"\u8a79\u59c6\u58eb","created_at":"2014-11-04T14:59:48+0800","modified_at":"2015-07-03T12:04:44+0800","last_login":"2015-07-10T10:43:22+0800","currency":"CNY","password_expire_at":"2015-08-02T12:04:44+0800","username":"qq6699","enable":true,"block":false,"sub":false,"size":0,"err_num":0}],"result":"ok","profile":{"execution_time":14,"server_number":"96"}}
