================================================
active_time: 2015-08-17 13:00:50
SCRIPT_NAME: /member/longdragon_ajax.php
REQUEST_URI: /member/longdragon_ajax.php?lang=gb&game=SH3D&tab=opposite&type=win&getmore=false
REMOTE_ADDR: 127.0.0.1
HTTP_USER_AGENT: Mozilla/5.0 (X11; Linux x86_64) AppleWebKit/537.36 (KHTML, like Gecko) Chrome/44.0.2403.155 Safari/537.36
type: GET
url: http://127.0.0.1:80/pt/api/longdragon/data
status: 200
exectime: {"total_time":0.034407,"namelookup_time":2.3e-5,"connect_time":0.000107,"pretransfer_time":0.000135}
headers: ["Host:mem.sk2.lottery"]

    >   /home/disney/company/new-nsk/business_classes/Log/CurlLog.php:63
    >   /home/disney/company/new-nsk/common/pitaya_api/PITAYA.php:100
    >   /home/disney/company/new-nsk/common/pitaya_api/PITAYA.php:66
    >   /home/disney/company/new-nsk/www/member/longdragon_ajax.php:139
    >   /home/disney/company/new-nsk/www/member/longdragon_ajax.php:53

param: {"lang":"gb","game":"SH3D","tab":"opposite","type":"win"}
POST data: {"lang":"gb","game":"SH3D","tab":"opposite","type":"win"}
out: {"ret":[],"error":null,"code":null,"result":true,"profile":{"execute_time":0.020622968673706}}
================================================
active_time: 2015-08-17 13:01:50
SCRIPT_NAME: /member/longdragon_ajax.php
REQUEST_URI: /member/longdragon_ajax.php?lang=gb&game=SH3D&tab=opposite&type=win&getmore=false
REMOTE_ADDR: 127.0.0.1
HTTP_USER_AGENT: Mozilla/5.0 (X11; Linux x86_64) AppleWebKit/537.36 (KHTML, like Gecko) Chrome/44.0.2403.155 Safari/537.36
type: GET
url: http://127.0.0.1:80/pt/api/longdragon/data
status: 200
exectime: {"total_time":0.033535,"namelookup_time":2.2e-5,"connect_time":0.000114,"pretransfer_time":0.000145}
headers: ["Host:mem.sk2.lottery"]

    >   /home/disney/company/new-nsk/business_classes/Log/CurlLog.php:63
    >   /home/disney/company/new-nsk/common/pitaya_api/PITAYA.php:100
    >   /home/disney/company/new-nsk/common/pitaya_api/PITAYA.php:66
    >   /home/disney/company/new-nsk/www/member/longdragon_ajax.php:139
    >   /home/disney/company/new-nsk/www/member/longdragon_ajax.php:53

param: {"lang":"gb","game":"SH3D","tab":"opposite","type":"win"}
POST data: {"lang":"gb","game":"SH3D","tab":"opposite","type":"win"}
out: {"ret":[],"error":null,"code":null,"result":true,"profile":{"execute_time":0.020630121231079}}
================================================
active_time: 2015-08-17 13:02:50
SCRIPT_NAME: /member/longdragon_ajax.php
REQUEST_URI: /member/longdragon_ajax.php?lang=gb&game=SH3D&tab=opposite&type=win&getmore=false
REMOTE_ADDR: 127.0.0.1
HTTP_USER_AGENT: Mozilla/5.0 (X11; Linux x86_64) AppleWebKit/537.36 (KHTML, like Gecko) Chrome/44.0.2403.155 Safari/537.36
type: GET
url: http://127.0.0.1:80/pt/api/longdragon/data
status: 200
exectime: {"total_time":0.032706,"namelookup_time":2.4e-5,"connect_time":0.000206,"pretransfer_time":0.000256}
headers: ["Host:mem.sk2.lottery"]

    >   /home/disney/company/new-nsk/business_classes/Log/CurlLog.php:63
    >   /home/disney/company/new-nsk/common/pitaya_api/PITAYA.php:100
    >   /home/disney/company/new-nsk/common/pitaya_api/PITAYA.php:66
    >   /home/disney/company/new-nsk/www/member/longdragon_ajax.php:139
    >   /home/disney/company/new-nsk/www/member/longdragon_ajax.php:53

param: {"lang":"gb","game":"SH3D","tab":"opposite","type":"win"}
POST data: {"lang":"gb","game":"SH3D","tab":"opposite","type":"win"}
out: {"ret":[],"error":null,"code":null,"result":true,"profile":{"execute_time":0.019811868667603}}
================================================
active_time: 2015-08-17 13:03:50
SCRIPT_NAME: /member/longdragon_ajax.php
REQUEST_URI: /member/longdragon_ajax.php?lang=gb&game=SH3D&tab=opposite&type=win&getmore=false
REMOTE_ADDR: 127.0.0.1
HTTP_USER_AGENT: Mozilla/5.0 (X11; Linux x86_64) AppleWebKit/537.36 (KHTML, like Gecko) Chrome/44.0.2403.155 Safari/537.36
type: GET
url: http://127.0.0.1:80/pt/api/longdragon/data
status: 200
exectime: {"total_time":0.03303,"namelookup_time":2.3e-5,"connect_time":0.000104,"pretransfer_time":0.000132}
headers: ["Host:mem.sk2.lottery"]

    >   /home/disney/company/new-nsk/business_classes/Log/CurlLog.php:63
    >   /home/disney/company/new-nsk/common/pitaya_api/PITAYA.php:100
    >   /home/disney/company/new-nsk/common/pitaya_api/PITAYA.php:66
    >   /home/disney/company/new-nsk/www/member/longdragon_ajax.php:139
    >   /home/disney/company/new-nsk/www/member/longdragon_ajax.php:53

param: {"lang":"gb","game":"SH3D","tab":"opposite","type":"win"}
POST data: {"lang":"gb","game":"SH3D","tab":"opposite","type":"win"}
out: {"ret":[],"error":null,"code":null,"result":true,"profile":{"execute_time":0.020259141921997}}
================================================
active_time: 2015-08-17 13:04:50
SCRIPT_NAME: /member/longdragon_ajax.php
REQUEST_URI: /member/longdragon_ajax.php?lang=gb&game=SH3D&tab=opposite&type=win&getmore=false
REMOTE_ADDR: 127.0.0.1
HTTP_USER_AGENT: Mozilla/5.0 (X11; Linux x86_64) AppleWebKit/537.36 (KHTML, like Gecko) Chrome/44.0.2403.155 Safari/537.36
type: GET
url: http://127.0.0.1:80/pt/api/longdragon/data
status: 200
exectime: {"total_time":0.0325,"namelookup_time":2.2e-5,"connect_time":0.000118,"pretransfer_time":0.000155}
headers: ["Host:mem.sk2.lottery"]

    >   /home/disney/company/new-nsk/business_classes/Log/CurlLog.php:63
    >   /home/disney/company/new-nsk/common/pitaya_api/PITAYA.php:100
    >   /home/disney/company/new-nsk/common/pitaya_api/PITAYA.php:66
    >   /home/disney/company/new-nsk/www/member/longdragon_ajax.php:139
    >   /home/disney/company/new-nsk/www/member/longdragon_ajax.php:53

param: {"lang":"gb","game":"SH3D","tab":"opposite","type":"win"}
POST data: {"lang":"gb","game":"SH3D","tab":"opposite","type":"win"}
out: {"ret":[],"error":null,"code":null,"result":true,"profile":{"execute_time":0.019892930984497}}
================================================
active_time: 2015-08-17 13:05:50
SCRIPT_NAME: /member/longdragon_ajax.php
REQUEST_URI: /member/longdragon_ajax.php?lang=gb&game=SH3D&tab=opposite&type=win&getmore=false
REMOTE_ADDR: 127.0.0.1
HTTP_USER_AGENT: Mozilla/5.0 (X11; Linux x86_64) AppleWebKit/537.36 (KHTML, like Gecko) Chrome/44.0.2403.155 Safari/537.36
type: GET
url: http://127.0.0.1:80/pt/api/longdragon/data
status: 200
exectime: {"total_time":0.032601,"namelookup_time":2.5e-5,"connect_time":0.000144,"pretransfer_time":0.000175}
headers: ["Host:mem.sk2.lottery"]

    >   /home/disney/company/new-nsk/business_classes/Log/CurlLog.php:63
    >   /home/disney/company/new-nsk/common/pitaya_api/PITAYA.php:100
    >   /home/disney/company/new-nsk/common/pitaya_api/PITAYA.php:66
    >   /home/disney/company/new-nsk/www/member/longdragon_ajax.php:139
    >   /home/disney/company/new-nsk/www/member/longdragon_ajax.php:53

param: {"lang":"gb","game":"SH3D","tab":"opposite","type":"win"}
POST data: {"lang":"gb","game":"SH3D","tab":"opposite","type":"win"}
out: {"ret":[],"error":null,"code":null,"result":true,"profile":{"execute_time":0.020061016082764}}
================================================
active_time: 2015-08-17 13:06:50
SCRIPT_NAME: /member/longdragon_ajax.php
REQUEST_URI: /member/longdragon_ajax.php?lang=gb&game=SH3D&tab=opposite&type=win&getmore=false
REMOTE_ADDR: 127.0.0.1
HTTP_USER_AGENT: Mozilla/5.0 (X11; Linux x86_64) AppleWebKit/537.36 (KHTML, like Gecko) Chrome/44.0.2403.155 Safari/537.36
type: GET
url: http://127.0.0.1:80/pt/api/longdragon/data
status: 200
exectime: {"total_time":0.033195,"namelookup_time":2.5e-5,"connect_time":0.000126,"pretransfer_time":0.000155}
headers: ["Host:mem.sk2.lottery"]

    >   /home/disney/company/new-nsk/business_classes/Log/CurlLog.php:63
    >   /home/disney/company/new-nsk/common/pitaya_api/PITAYA.php:100
    >   /home/disney/company/new-nsk/common/pitaya_api/PITAYA.php:66
    >   /home/disney/company/new-nsk/www/member/longdragon_ajax.php:139
    >   /home/disney/company/new-nsk/www/member/longdragon_ajax.php:53

param: {"lang":"gb","game":"SH3D","tab":"opposite","type":"win"}
POST data: {"lang":"gb","game":"SH3D","tab":"opposite","type":"win"}
out: {"ret":[],"error":null,"code":null,"result":true,"profile":{"execute_time":0.020066976547241}}
================================================
active_time: 2015-08-17 13:07:50
SCRIPT_NAME: /member/longdragon_ajax.php
REQUEST_URI: /member/longdragon_ajax.php?lang=gb&game=SH3D&tab=opposite&type=win&getmore=false
REMOTE_ADDR: 127.0.0.1
HTTP_USER_AGENT: Mozilla/5.0 (X11; Linux x86_64) AppleWebKit/537.36 (KHTML, like Gecko) Chrome/44.0.2403.155 Safari/537.36
type: GET
url: http://127.0.0.1:80/pt/api/longdragon/data
status: 200
exectime: {"total_time":0.034521,"namelookup_time":2.4e-5,"connect_time":9.9e-5,"pretransfer_time":0.000124}
headers: ["Host:mem.sk2.lottery"]

    >   /home/disney/company/new-nsk/business_classes/Log/CurlLog.php:63
    >   /home/disney/company/new-nsk/common/pitaya_api/PITAYA.php:100
    >   /home/disney/company/new-nsk/common/pitaya_api/PITAYA.php:66
    >   /home/disney/company/new-nsk/www/member/longdragon_ajax.php:139
    >   /home/disney/company/new-nsk/www/member/longdragon_ajax.php:53

param: {"lang":"gb","game":"SH3D","tab":"opposite","type":"win"}
POST data: {"lang":"gb","game":"SH3D","tab":"opposite","type":"win"}
out: {"ret":[],"error":null,"code":null,"result":true,"profile":{"execute_time":0.020514965057373}}
================================================
active_time: 2015-08-17 13:08:50
SCRIPT_NAME: /member/longdragon_ajax.php
REQUEST_URI: /member/longdragon_ajax.php?lang=gb&game=SH3D&tab=opposite&type=win&getmore=false
REMOTE_ADDR: 127.0.0.1
HTTP_USER_AGENT: Mozilla/5.0 (X11; Linux x86_64) AppleWebKit/537.36 (KHTML, like Gecko) Chrome/44.0.2403.155 Safari/537.36
type: GET
url: http://127.0.0.1:80/pt/api/longdragon/data
status: 200
exectime: {"total_time":0.033186,"namelookup_time":2.4e-5,"connect_time":0.000108,"pretransfer_time":0.000137}
headers: ["Host:mem.sk2.lottery"]

    >   /home/disney/company/new-nsk/business_classes/Log/CurlLog.php:63
    >   /home/disney/company/new-nsk/common/pitaya_api/PITAYA.php:100
    >   /home/disney/company/new-nsk/common/pitaya_api/PITAYA.php:66
    >   /home/disney/company/new-nsk/www/member/longdragon_ajax.php:139
    >   /home/disney/company/new-nsk/www/member/longdragon_ajax.php:53

param: {"lang":"gb","game":"SH3D","tab":"opposite","type":"win"}
POST data: {"lang":"gb","game":"SH3D","tab":"opposite","type":"win"}
out: {"ret":[],"error":null,"code":null,"result":true,"profile":{"execute_time":0.020427942276001}}
================================================
active_time: 2015-08-17 13:09:50
SCRIPT_NAME: /member/longdragon_ajax.php
REQUEST_URI: /member/longdragon_ajax.php?lang=gb&game=SH3D&tab=opposite&type=win&getmore=false
REMOTE_ADDR: 127.0.0.1
HTTP_USER_AGENT: Mozilla/5.0 (X11; Linux x86_64) AppleWebKit/537.36 (KHTML, like Gecko) Chrome/44.0.2403.155 Safari/537.36
type: GET
url: http://127.0.0.1:80/pt/api/longdragon/data
status: 200
exectime: {"total_time":0.034177,"namelookup_time":2.5e-5,"connect_time":0.00011,"pretransfer_time":0.000138}
headers: ["Host:mem.sk2.lottery"]

    >   /home/disney/company/new-nsk/business_classes/Log/CurlLog.php:63
    >   /home/disney/company/new-nsk/common/pitaya_api/PITAYA.php:100
    >   /home/disney/company/new-nsk/common/pitaya_api/PITAYA.php:66
    >   /home/disney/company/new-nsk/www/member/longdragon_ajax.php:139
    >   /home/disney/company/new-nsk/www/member/longdragon_ajax.php:53

param: {"lang":"gb","game":"SH3D","tab":"opposite","type":"win"}
POST data: {"lang":"gb","game":"SH3D","tab":"opposite","type":"win"}
out: {"ret":[],"error":null,"code":null,"result":true,"profile":{"execute_time":0.020982027053833}}
================================================
active_time: 2015-08-17 13:10:50
SCRIPT_NAME: /member/longdragon_ajax.php
REQUEST_URI: /member/longdragon_ajax.php?lang=gb&game=SH3D&tab=opposite&type=win&getmore=false
REMOTE_ADDR: 127.0.0.1
HTTP_USER_AGENT: Mozilla/5.0 (X11; Linux x86_64) AppleWebKit/537.36 (KHTML, like Gecko) Chrome/44.0.2403.155 Safari/537.36
type: GET
url: http://127.0.0.1:80/pt/api/longdragon/data
status: 200
exectime: {"total_time":0.032678,"namelookup_time":3.3e-5,"connect_time":0.00011,"pretransfer_time":0.000139}
headers: ["Host:mem.sk2.lottery"]

    >   /home/disney/company/new-nsk/business_classes/Log/CurlLog.php:63
    >   /home/disney/company/new-nsk/common/pitaya_api/PITAYA.php:100
    >   /home/disney/company/new-nsk/common/pitaya_api/PITAYA.php:66
    >   /home/disney/company/new-nsk/www/member/longdragon_ajax.php:139
    >   /home/disney/company/new-nsk/www/member/longdragon_ajax.php:53

param: {"lang":"gb","game":"SH3D","tab":"opposite","type":"win"}
POST data: {"lang":"gb","game":"SH3D","tab":"opposite","type":"win"}
out: {"ret":[],"error":null,"code":null,"result":true,"profile":{"execute_time":0.019719839096069}}
================================================
active_time: 2015-08-17 13:11:50
SCRIPT_NAME: /member/longdragon_ajax.php
REQUEST_URI: /member/longdragon_ajax.php?lang=gb&game=SH3D&tab=opposite&type=win&getmore=false
REMOTE_ADDR: 127.0.0.1
HTTP_USER_AGENT: Mozilla/5.0 (X11; Linux x86_64) AppleWebKit/537.36 (KHTML, like Gecko) Chrome/44.0.2403.155 Safari/537.36
type: GET
url: http://127.0.0.1:80/pt/api/longdragon/data
status: 200
exectime: {"total_time":0.033344,"namelookup_time":2.8e-5,"connect_time":0.000125,"pretransfer_time":0.000153}
headers: ["Host:mem.sk2.lottery"]

    >   /home/disney/company/new-nsk/business_classes/Log/CurlLog.php:63
    >   /home/disney/company/new-nsk/common/pitaya_api/PITAYA.php:100
    >   /home/disney/company/new-nsk/common/pitaya_api/PITAYA.php:66
    >   /home/disney/company/new-nsk/www/member/longdragon_ajax.php:139
    >   /home/disney/company/new-nsk/www/member/longdragon_ajax.php:53

param: {"lang":"gb","game":"SH3D","tab":"opposite","type":"win"}
POST data: {"lang":"gb","game":"SH3D","tab":"opposite","type":"win"}
out: {"ret":[],"error":null,"code":null,"result":true,"profile":{"execute_time":0.020335912704468}}
================================================
active_time: 2015-08-17 13:12:50
SCRIPT_NAME: /member/longdragon_ajax.php
REQUEST_URI: /member/longdragon_ajax.php?lang=gb&game=SH3D&tab=opposite&type=win&getmore=false
REMOTE_ADDR: 127.0.0.1
HTTP_USER_AGENT: Mozilla/5.0 (X11; Linux x86_64) AppleWebKit/537.36 (KHTML, like Gecko) Chrome/44.0.2403.155 Safari/537.36
type: GET
url: http://127.0.0.1:80/pt/api/longdragon/data
status: 200
exectime: {"total_time":0.033249,"namelookup_time":2.6e-5,"connect_time":0.000108,"pretransfer_time":0.000136}
headers: ["Host:mem.sk2.lottery"]

    >   /home/disney/company/new-nsk/business_classes/Log/CurlLog.php:63
    >   /home/disney/company/new-nsk/common/pitaya_api/PITAYA.php:100
    >   /home/disney/company/new-nsk/common/pitaya_api/PITAYA.php:66
    >   /home/disney/company/new-nsk/www/member/longdragon_ajax.php:139
    >   /home/disney/company/new-nsk/www/member/longdragon_ajax.php:53

param: {"lang":"gb","game":"SH3D","tab":"opposite","type":"win"}
POST data: {"lang":"gb","game":"SH3D","tab":"opposite","type":"win"}
out: {"ret":[],"error":null,"code":null,"result":true,"profile":{"execute_time":0.020101070404053}}
================================================
active_time: 2015-08-17 13:13:50
SCRIPT_NAME: /member/longdragon_ajax.php
REQUEST_URI: /member/longdragon_ajax.php?lang=gb&game=SH3D&tab=opposite&type=win&getmore=false
REMOTE_ADDR: 127.0.0.1
HTTP_USER_AGENT: Mozilla/5.0 (X11; Linux x86_64) AppleWebKit/537.36 (KHTML, like Gecko) Chrome/44.0.2403.155 Safari/537.36
type: GET
url: http://127.0.0.1:80/pt/api/longdragon/data
status: 200
exectime: {"total_time":0.033144,"namelookup_time":2.6e-5,"connect_time":0.000112,"pretransfer_time":0.000143}
headers: ["Host:mem.sk2.lottery"]

    >   /home/disney/company/new-nsk/business_classes/Log/CurlLog.php:63
    >   /home/disney/company/new-nsk/common/pitaya_api/PITAYA.php:100
    >   /home/disney/company/new-nsk/common/pitaya_api/PITAYA.php:66
    >   /home/disney/company/new-nsk/www/member/longdragon_ajax.php:139
    >   /home/disney/company/new-nsk/www/member/longdragon_ajax.php:53

param: {"lang":"gb","game":"SH3D","tab":"opposite","type":"win"}
POST data: {"lang":"gb","game":"SH3D","tab":"opposite","type":"win"}
out: {"ret":[],"error":null,"code":null,"result":true,"profile":{"execute_time":0.019877910614014}}
================================================
active_time: 2015-08-17 13:14:50
SCRIPT_NAME: /member/longdragon_ajax.php
REQUEST_URI: /member/longdragon_ajax.php?lang=gb&game=SH3D&tab=opposite&type=win&getmore=false
REMOTE_ADDR: 127.0.0.1
HTTP_USER_AGENT: Mozilla/5.0 (X11; Linux x86_64) AppleWebKit/537.36 (KHTML, like Gecko) Chrome/44.0.2403.155 Safari/537.36
type: GET
url: http://127.0.0.1:80/pt/api/longdragon/data
status: 200
exectime: {"total_time":0.034369,"namelookup_time":2.4e-5,"connect_time":0.000163,"pretransfer_time":0.000206}
headers: ["Host:mem.sk2.lottery"]

    >   /home/disney/company/new-nsk/business_classes/Log/CurlLog.php:63
    >   /home/disney/company/new-nsk/common/pitaya_api/PITAYA.php:100
    >   /home/disney/company/new-nsk/common/pitaya_api/PITAYA.php:66
    >   /home/disney/company/new-nsk/www/member/longdragon_ajax.php:139
    >   /home/disney/company/new-nsk/www/member/longdragon_ajax.php:53

param: {"lang":"gb","game":"SH3D","tab":"opposite","type":"win"}
POST data: {"lang":"gb","game":"SH3D","tab":"opposite","type":"win"}
out: {"ret":[],"error":null,"code":null,"result":true,"profile":{"execute_time":0.020846128463745}}
================================================
active_time: 2015-08-17 13:15:50
SCRIPT_NAME: /member/longdragon_ajax.php
REQUEST_URI: /member/longdragon_ajax.php?lang=gb&game=SH3D&tab=opposite&type=win&getmore=false
REMOTE_ADDR: 127.0.0.1
HTTP_USER_AGENT: Mozilla/5.0 (X11; Linux x86_64) AppleWebKit/537.36 (KHTML, like Gecko) Chrome/44.0.2403.155 Safari/537.36
type: GET
url: http://127.0.0.1:80/pt/api/longdragon/data
status: 200
exectime: {"total_time":0.033489,"namelookup_time":2.6e-5,"connect_time":0.000109,"pretransfer_time":0.000138}
headers: ["Host:mem.sk2.lottery"]

    >   /home/disney/company/new-nsk/business_classes/Log/CurlLog.php:63
    >   /home/disney/company/new-nsk/common/pitaya_api/PITAYA.php:100
    >   /home/disney/company/new-nsk/common/pitaya_api/PITAYA.php:66
    >   /home/disney/company/new-nsk/www/member/longdragon_ajax.php:139
    >   /home/disney/company/new-nsk/www/member/longdragon_ajax.php:53

param: {"lang":"gb","game":"SH3D","tab":"opposite","type":"win"}
POST data: {"lang":"gb","game":"SH3D","tab":"opposite","type":"win"}
out: {"ret":[],"error":null,"code":null,"result":true,"profile":{"execute_time":0.020051002502441}}
================================================
active_time: 2015-08-17 13:16:50
SCRIPT_NAME: /member/longdragon_ajax.php
REQUEST_URI: /member/longdragon_ajax.php?lang=gb&game=SH3D&tab=opposite&type=win&getmore=false
REMOTE_ADDR: 127.0.0.1
HTTP_USER_AGENT: Mozilla/5.0 (X11; Linux x86_64) AppleWebKit/537.36 (KHTML, like Gecko) Chrome/44.0.2403.155 Safari/537.36
type: GET
url: http://127.0.0.1:80/pt/api/longdragon/data
status: 200
exectime: {"total_time":0.032379,"namelookup_time":2.5e-5,"connect_time":0.000117,"pretransfer_time":0.000146}
headers: ["Host:mem.sk2.lottery"]

    >   /home/disney/company/new-nsk/business_classes/Log/CurlLog.php:63
    >   /home/disney/company/new-nsk/common/pitaya_api/PITAYA.php:100
    >   /home/disney/company/new-nsk/common/pitaya_api/PITAYA.php:66
    >   /home/disney/company/new-nsk/www/member/longdragon_ajax.php:139
    >   /home/disney/company/new-nsk/www/member/longdragon_ajax.php:53

param: {"lang":"gb","game":"SH3D","tab":"opposite","type":"win"}
POST data: {"lang":"gb","game":"SH3D","tab":"opposite","type":"win"}
out: {"ret":[],"error":null,"code":null,"result":true,"profile":{"execute_time":0.019977807998657}}
================================================
active_time: 2015-08-17 13:17:50
SCRIPT_NAME: /member/longdragon_ajax.php
REQUEST_URI: /member/longdragon_ajax.php?lang=gb&game=SH3D&tab=opposite&type=win&getmore=false
REMOTE_ADDR: 127.0.0.1
HTTP_USER_AGENT: Mozilla/5.0 (X11; Linux x86_64) AppleWebKit/537.36 (KHTML, like Gecko) Chrome/44.0.2403.155 Safari/537.36
type: GET
url: http://127.0.0.1:80/pt/api/longdragon/data
status: 200
exectime: {"total_time":0.03256,"namelookup_time":2.1e-5,"connect_time":0.000115,"pretransfer_time":0.000156}
headers: ["Host:mem.sk2.lottery"]

    >   /home/disney/company/new-nsk/business_classes/Log/CurlLog.php:63
    >   /home/disney/company/new-nsk/common/pitaya_api/PITAYA.php:100
    >   /home/disney/company/new-nsk/common/pitaya_api/PITAYA.php:66
    >   /home/disney/company/new-nsk/www/member/longdragon_ajax.php:139
    >   /home/disney/company/new-nsk/www/member/longdragon_ajax.php:53

param: {"lang":"gb","game":"SH3D","tab":"opposite","type":"win"}
POST data: {"lang":"gb","game":"SH3D","tab":"opposite","type":"win"}
out: {"ret":[],"error":null,"code":null,"result":true,"profile":{"execute_time":0.019505023956299}}
================================================
active_time: 2015-08-17 13:18:51
SCRIPT_NAME: /member/longdragon_ajax.php
REQUEST_URI: /member/longdragon_ajax.php?lang=gb&game=SH3D&tab=opposite&type=win&getmore=false
REMOTE_ADDR: 127.0.0.1
HTTP_USER_AGENT: Mozilla/5.0 (X11; Linux x86_64) AppleWebKit/537.36 (KHTML, like Gecko) Chrome/44.0.2403.155 Safari/537.36
type: GET
url: http://127.0.0.1:80/pt/api/longdragon/data
status: 200
exectime: {"total_time":0.03326,"namelookup_time":2.4e-5,"connect_time":0.000109,"pretransfer_time":0.000139}
headers: ["Host:mem.sk2.lottery"]

    >   /home/disney/company/new-nsk/business_classes/Log/CurlLog.php:63
    >   /home/disney/company/new-nsk/common/pitaya_api/PITAYA.php:100
    >   /home/disney/company/new-nsk/common/pitaya_api/PITAYA.php:66
    >   /home/disney/company/new-nsk/www/member/longdragon_ajax.php:139
    >   /home/disney/company/new-nsk/www/member/longdragon_ajax.php:53

param: {"lang":"gb","game":"SH3D","tab":"opposite","type":"win"}
POST data: {"lang":"gb","game":"SH3D","tab":"opposite","type":"win"}
out: {"ret":[],"error":null,"code":null,"result":true,"profile":{"execute_time":0.020563840866089}}
================================================
active_time: 2015-08-17 13:19:50
SCRIPT_NAME: /member/longdragon_ajax.php
REQUEST_URI: /member/longdragon_ajax.php?lang=gb&game=SH3D&tab=opposite&type=win&getmore=false
REMOTE_ADDR: 127.0.0.1
HTTP_USER_AGENT: Mozilla/5.0 (X11; Linux x86_64) AppleWebKit/537.36 (KHTML, like Gecko) Chrome/44.0.2403.155 Safari/537.36
type: GET
url: http://127.0.0.1:80/pt/api/longdragon/data
status: 200
exectime: {"total_time":0.033313,"namelookup_time":3.4e-5,"connect_time":0.000121,"pretransfer_time":0.000149}
headers: ["Host:mem.sk2.lottery"]

    >   /home/disney/company/new-nsk/business_classes/Log/CurlLog.php:63
    >   /home/disney/company/new-nsk/common/pitaya_api/PITAYA.php:100
    >   /home/disney/company/new-nsk/common/pitaya_api/PITAYA.php:66
    >   /home/disney/company/new-nsk/www/member/longdragon_ajax.php:139
    >   /home/disney/company/new-nsk/www/member/longdragon_ajax.php:53

param: {"lang":"gb","game":"SH3D","tab":"opposite","type":"win"}
POST data: {"lang":"gb","game":"SH3D","tab":"opposite","type":"win"}
out: {"ret":[],"error":null,"code":null,"result":true,"profile":{"execute_time":0.020269870758057}}
================================================
active_time: 2015-08-17 13:20:50
SCRIPT_NAME: /member/longdragon_ajax.php
REQUEST_URI: /member/longdragon_ajax.php?lang=gb&game=SH3D&tab=opposite&type=win&getmore=false
REMOTE_ADDR: 127.0.0.1
HTTP_USER_AGENT: Mozilla/5.0 (X11; Linux x86_64) AppleWebKit/537.36 (KHTML, like Gecko) Chrome/44.0.2403.155 Safari/537.36
type: GET
url: http://127.0.0.1:80/pt/api/longdragon/data
status: 200
exectime: {"total_time":0.033814,"namelookup_time":3.4e-5,"connect_time":0.000121,"pretransfer_time":0.000149}
headers: ["Host:mem.sk2.lottery"]

    >   /home/disney/company/new-nsk/business_classes/Log/CurlLog.php:63
    >   /home/disney/company/new-nsk/common/pitaya_api/PITAYA.php:100
    >   /home/disney/company/new-nsk/common/pitaya_api/PITAYA.php:66
    >   /home/disney/company/new-nsk/www/member/longdragon_ajax.php:139
    >   /home/disney/company/new-nsk/www/member/longdragon_ajax.php:53

param: {"lang":"gb","game":"SH3D","tab":"opposite","type":"win"}
POST data: {"lang":"gb","game":"SH3D","tab":"opposite","type":"win"}
out: {"ret":[],"error":null,"code":null,"result":true,"profile":{"execute_time":0.020832061767578}}
================================================
active_time: 2015-08-17 13:21:50
SCRIPT_NAME: /member/longdragon_ajax.php
REQUEST_URI: /member/longdragon_ajax.php?lang=gb&game=SH3D&tab=opposite&type=win&getmore=false
REMOTE_ADDR: 127.0.0.1
HTTP_USER_AGENT: Mozilla/5.0 (X11; Linux x86_64) AppleWebKit/537.36 (KHTML, like Gecko) Chrome/44.0.2403.155 Safari/537.36
type: GET
url: http://127.0.0.1:80/pt/api/longdragon/data
status: 200
exectime: {"total_time":0.033062,"namelookup_time":3.1e-5,"connect_time":0.000239,"pretransfer_time":0.000285}
headers: ["Host:mem.sk2.lottery"]

    >   /home/disney/company/new-nsk/business_classes/Log/CurlLog.php:63
    >   /home/disney/company/new-nsk/common/pitaya_api/PITAYA.php:100
    >   /home/disney/company/new-nsk/common/pitaya_api/PITAYA.php:66
    >   /home/disney/company/new-nsk/www/member/longdragon_ajax.php:139
    >   /home/disney/company/new-nsk/www/member/longdragon_ajax.php:53

param: {"lang":"gb","game":"SH3D","tab":"opposite","type":"win"}
POST data: {"lang":"gb","game":"SH3D","tab":"opposite","type":"win"}
out: {"ret":[],"error":null,"code":null,"result":true,"profile":{"execute_time":0.01998496055603}}
================================================
active_time: 2015-08-17 13:22:50
SCRIPT_NAME: /member/longdragon_ajax.php
REQUEST_URI: /member/longdragon_ajax.php?lang=gb&game=SH3D&tab=opposite&type=win&getmore=false
REMOTE_ADDR: 127.0.0.1
HTTP_USER_AGENT: Mozilla/5.0 (X11; Linux x86_64) AppleWebKit/537.36 (KHTML, like Gecko) Chrome/44.0.2403.155 Safari/537.36
type: GET
url: http://127.0.0.1:80/pt/api/longdragon/data
status: 200
exectime: {"total_time":0.036077,"namelookup_time":2.3e-5,"connect_time":0.000107,"pretransfer_time":0.000138}
headers: ["Host:mem.sk2.lottery"]

    >   /home/disney/company/new-nsk/business_classes/Log/CurlLog.php:63
    >   /home/disney/company/new-nsk/common/pitaya_api/PITAYA.php:100
    >   /home/disney/company/new-nsk/common/pitaya_api/PITAYA.php:66
    >   /home/disney/company/new-nsk/www/member/longdragon_ajax.php:139
    >   /home/disney/company/new-nsk/www/member/longdragon_ajax.php:53

param: {"lang":"gb","game":"SH3D","tab":"opposite","type":"win"}
POST data: {"lang":"gb","game":"SH3D","tab":"opposite","type":"win"}
out: {"ret":[],"error":null,"code":null,"result":true,"profile":{"execute_time":0.021931886672974}}
================================================
active_time: 2015-08-17 13:23:51
SCRIPT_NAME: /member/longdragon_ajax.php
REQUEST_URI: /member/longdragon_ajax.php?lang=gb&game=SH3D&tab=opposite&type=win&getmore=false
REMOTE_ADDR: 127.0.0.1
HTTP_USER_AGENT: Mozilla/5.0 (X11; Linux x86_64) AppleWebKit/537.36 (KHTML, like Gecko) Chrome/44.0.2403.155 Safari/537.36
type: GET
url: http://127.0.0.1:80/pt/api/longdragon/data
status: 200
exectime: {"total_time":0.034535,"namelookup_time":2.1e-5,"connect_time":0.000102,"pretransfer_time":0.000131}
headers: ["Host:mem.sk2.lottery"]

    >   /home/disney/company/new-nsk/business_classes/Log/CurlLog.php:63
    >   /home/disney/company/new-nsk/common/pitaya_api/PITAYA.php:100
    >   /home/disney/company/new-nsk/common/pitaya_api/PITAYA.php:66
    >   /home/disney/company/new-nsk/www/member/longdragon_ajax.php:139
    >   /home/disney/company/new-nsk/www/member/longdragon_ajax.php:53

param: {"lang":"gb","game":"SH3D","tab":"opposite","type":"win"}
POST data: {"lang":"gb","game":"SH3D","tab":"opposite","type":"win"}
out: {"ret":[],"error":null,"code":null,"result":true,"profile":{"execute_time":0.021217823028564}}
================================================
active_time: 2015-08-17 13:24:50
SCRIPT_NAME: /member/longdragon_ajax.php
REQUEST_URI: /member/longdragon_ajax.php?lang=gb&game=SH3D&tab=opposite&type=win&getmore=false
REMOTE_ADDR: 127.0.0.1
HTTP_USER_AGENT: Mozilla/5.0 (X11; Linux x86_64) AppleWebKit/537.36 (KHTML, like Gecko) Chrome/44.0.2403.155 Safari/537.36
type: GET
url: http://127.0.0.1:80/pt/api/longdragon/data
status: 200
exectime: {"total_time":0.035137,"namelookup_time":2.1e-5,"connect_time":0.000104,"pretransfer_time":0.000131}
headers: ["Host:mem.sk2.lottery"]

    >   /home/disney/company/new-nsk/business_classes/Log/CurlLog.php:63
    >   /home/disney/company/new-nsk/common/pitaya_api/PITAYA.php:100
    >   /home/disney/company/new-nsk/common/pitaya_api/PITAYA.php:66
    >   /home/disney/company/new-nsk/www/member/longdragon_ajax.php:139
    >   /home/disney/company/new-nsk/www/member/longdragon_ajax.php:53

param: {"lang":"gb","game":"SH3D","tab":"opposite","type":"win"}
POST data: {"lang":"gb","game":"SH3D","tab":"opposite","type":"win"}
out: {"ret":[],"error":null,"code":null,"result":true,"profile":{"execute_time":0.021347045898438}}
================================================
active_time: 2015-08-17 13:25:50
SCRIPT_NAME: /member/longdragon_ajax.php
REQUEST_URI: /member/longdragon_ajax.php?lang=gb&game=SH3D&tab=opposite&type=win&getmore=false
REMOTE_ADDR: 127.0.0.1
HTTP_USER_AGENT: Mozilla/5.0 (X11; Linux x86_64) AppleWebKit/537.36 (KHTML, like Gecko) Chrome/44.0.2403.155 Safari/537.36
type: GET
url: http://127.0.0.1:80/pt/api/longdragon/data
status: 200
exectime: {"total_time":0.032957,"namelookup_time":2.2e-5,"connect_time":0.000103,"pretransfer_time":0.00013}
headers: ["Host:mem.sk2.lottery"]

    >   /home/disney/company/new-nsk/business_classes/Log/CurlLog.php:63
    >   /home/disney/company/new-nsk/common/pitaya_api/PITAYA.php:100
    >   /home/disney/company/new-nsk/common/pitaya_api/PITAYA.php:66
    >   /home/disney/company/new-nsk/www/member/longdragon_ajax.php:139
    >   /home/disney/company/new-nsk/www/member/longdragon_ajax.php:53

param: {"lang":"gb","game":"SH3D","tab":"opposite","type":"win"}
POST data: {"lang":"gb","game":"SH3D","tab":"opposite","type":"win"}
out: {"ret":[],"error":null,"code":null,"result":true,"profile":{"execute_time":0.020283937454224}}
================================================
active_time: 2015-08-17 13:26:50
SCRIPT_NAME: /member/longdragon_ajax.php
REQUEST_URI: /member/longdragon_ajax.php?lang=gb&game=SH3D&tab=opposite&type=win&getmore=false
REMOTE_ADDR: 127.0.0.1
HTTP_USER_AGENT: Mozilla/5.0 (X11; Linux x86_64) AppleWebKit/537.36 (KHTML, like Gecko) Chrome/44.0.2403.155 Safari/537.36
type: GET
url: http://127.0.0.1:80/pt/api/longdragon/data
status: 200
exectime: {"total_time":0.035283,"namelookup_time":2.3e-5,"connect_time":0.000127,"pretransfer_time":0.000156}
headers: ["Host:mem.sk2.lottery"]

    >   /home/disney/company/new-nsk/business_classes/Log/CurlLog.php:63
    >   /home/disney/company/new-nsk/common/pitaya_api/PITAYA.php:100
    >   /home/disney/company/new-nsk/common/pitaya_api/PITAYA.php:66
    >   /home/disney/company/new-nsk/www/member/longdragon_ajax.php:139
    >   /home/disney/company/new-nsk/www/member/longdragon_ajax.php:53

param: {"lang":"gb","game":"SH3D","tab":"opposite","type":"win"}
POST data: {"lang":"gb","game":"SH3D","tab":"opposite","type":"win"}
out: {"ret":[],"error":null,"code":null,"result":true,"profile":{"execute_time":0.021457195281982}}
================================================
active_time: 2015-08-17 13:27:50
SCRIPT_NAME: /member/longdragon_ajax.php
REQUEST_URI: /member/longdragon_ajax.php?lang=gb&game=SH3D&tab=opposite&type=win&getmore=false
REMOTE_ADDR: 127.0.0.1
HTTP_USER_AGENT: Mozilla/5.0 (X11; Linux x86_64) AppleWebKit/537.36 (KHTML, like Gecko) Chrome/44.0.2403.155 Safari/537.36
type: GET
url: http://127.0.0.1:80/pt/api/longdragon/data
status: 200
exectime: {"total_time":0.033201,"namelookup_time":1.9e-5,"connect_time":0.000119,"pretransfer_time":0.000148}
headers: ["Host:mem.sk2.lottery"]

    >   /home/disney/company/new-nsk/business_classes/Log/CurlLog.php:63
    >   /home/disney/company/new-nsk/common/pitaya_api/PITAYA.php:100
    >   /home/disney/company/new-nsk/common/pitaya_api/PITAYA.php:66
    >   /home/disney/company/new-nsk/www/member/longdragon_ajax.php:139
    >   /home/disney/company/new-nsk/www/member/longdragon_ajax.php:53

param: {"lang":"gb","game":"SH3D","tab":"opposite","type":"win"}
POST data: {"lang":"gb","game":"SH3D","tab":"opposite","type":"win"}
out: {"ret":[],"error":null,"code":null,"result":true,"profile":{"execute_time":0.020257949829102}}
================================================
active_time: 2015-08-17 13:28:50
SCRIPT_NAME: /member/longdragon_ajax.php
REQUEST_URI: /member/longdragon_ajax.php?lang=gb&game=SH3D&tab=opposite&type=win&getmore=false
REMOTE_ADDR: 127.0.0.1
HTTP_USER_AGENT: Mozilla/5.0 (X11; Linux x86_64) AppleWebKit/537.36 (KHTML, like Gecko) Chrome/44.0.2403.155 Safari/537.36
type: GET
url: http://127.0.0.1:80/pt/api/longdragon/data
status: 200
exectime: {"total_time":0.033147,"namelookup_time":2.1e-5,"connect_time":0.000101,"pretransfer_time":0.000128}
headers: ["Host:mem.sk2.lottery"]

    >   /home/disney/company/new-nsk/business_classes/Log/CurlLog.php:63
    >   /home/disney/company/new-nsk/common/pitaya_api/PITAYA.php:100
    >   /home/disney/company/new-nsk/common/pitaya_api/PITAYA.php:66
    >   /home/disney/company/new-nsk/www/member/longdragon_ajax.php:139
    >   /home/disney/company/new-nsk/www/member/longdragon_ajax.php:53

param: {"lang":"gb","game":"SH3D","tab":"opposite","type":"win"}
POST data: {"lang":"gb","game":"SH3D","tab":"opposite","type":"win"}
out: {"ret":[],"error":null,"code":null,"result":true,"profile":{"execute_time":0.020315170288086}}
================================================
active_time: 2015-08-17 13:29:50
SCRIPT_NAME: /member/longdragon_ajax.php
REQUEST_URI: /member/longdragon_ajax.php?lang=gb&game=SH3D&tab=opposite&type=win&getmore=false
REMOTE_ADDR: 127.0.0.1
HTTP_USER_AGENT: Mozilla/5.0 (X11; Linux x86_64) AppleWebKit/537.36 (KHTML, like Gecko) Chrome/44.0.2403.155 Safari/537.36
type: GET
url: http://127.0.0.1:80/pt/api/longdragon/data
status: 200
exectime: {"total_time":0.137867,"namelookup_time":3.0e-5,"connect_time":0.000125,"pretransfer_time":0.000152}
headers: ["Host:mem.sk2.lottery"]

    >   /home/disney/company/new-nsk/business_classes/Log/CurlLog.php:63
    >   /home/disney/company/new-nsk/common/pitaya_api/PITAYA.php:100
    >   /home/disney/company/new-nsk/common/pitaya_api/PITAYA.php:66
    >   /home/disney/company/new-nsk/www/member/longdragon_ajax.php:139
    >   /home/disney/company/new-nsk/www/member/longdragon_ajax.php:53

param: {"lang":"gb","game":"SH3D","tab":"opposite","type":"win"}
POST data: {"lang":"gb","game":"SH3D","tab":"opposite","type":"win"}
out: {"ret":[],"error":null,"code":null,"result":true,"profile":{"execute_time":0.021219968795776}}
================================================
active_time: 2015-08-17 13:30:50
SCRIPT_NAME: /member/longdragon_ajax.php
REQUEST_URI: /member/longdragon_ajax.php?lang=gb&game=SH3D&tab=opposite&type=win&getmore=false
REMOTE_ADDR: 127.0.0.1
HTTP_USER_AGENT: Mozilla/5.0 (X11; Linux x86_64) AppleWebKit/537.36 (KHTML, like Gecko) Chrome/44.0.2403.155 Safari/537.36
type: GET
url: http://127.0.0.1:80/pt/api/longdragon/data
status: 200
exectime: {"total_time":0.034074,"namelookup_time":2.2e-5,"connect_time":0.000114,"pretransfer_time":0.000141}
headers: ["Host:mem.sk2.lottery"]

    >   /home/disney/company/new-nsk/business_classes/Log/CurlLog.php:63
    >   /home/disney/company/new-nsk/common/pitaya_api/PITAYA.php:100
    >   /home/disney/company/new-nsk/common/pitaya_api/PITAYA.php:66
    >   /home/disney/company/new-nsk/www/member/longdragon_ajax.php:139
    >   /home/disney/company/new-nsk/www/member/longdragon_ajax.php:53

param: {"lang":"gb","game":"SH3D","tab":"opposite","type":"win"}
POST data: {"lang":"gb","game":"SH3D","tab":"opposite","type":"win"}
out: {"ret":[],"error":null,"code":null,"result":true,"profile":{"execute_time":0.021574020385742}}
================================================
active_time: 2015-08-17 13:31:50
SCRIPT_NAME: /member/longdragon_ajax.php
REQUEST_URI: /member/longdragon_ajax.php?lang=gb&game=SH3D&tab=opposite&type=win&getmore=false
REMOTE_ADDR: 127.0.0.1
HTTP_USER_AGENT: Mozilla/5.0 (X11; Linux x86_64) AppleWebKit/537.36 (KHTML, like Gecko) Chrome/44.0.2403.155 Safari/537.36
type: GET
url: http://127.0.0.1:80/pt/api/longdragon/data
status: 200
exectime: {"total_time":0.034267,"namelookup_time":2.4e-5,"connect_time":0.000112,"pretransfer_time":0.000152}
headers: ["Host:mem.sk2.lottery"]

    >   /home/disney/company/new-nsk/business_classes/Log/CurlLog.php:63
    >   /home/disney/company/new-nsk/common/pitaya_api/PITAYA.php:100
    >   /home/disney/company/new-nsk/common/pitaya_api/PITAYA.php:66
    >   /home/disney/company/new-nsk/www/member/longdragon_ajax.php:139
    >   /home/disney/company/new-nsk/www/member/longdragon_ajax.php:53

param: {"lang":"gb","game":"SH3D","tab":"opposite","type":"win"}
POST data: {"lang":"gb","game":"SH3D","tab":"opposite","type":"win"}
out: {"ret":[],"error":null,"code":null,"result":true,"profile":{"execute_time":0.020859003067017}}
================================================
active_time: 2015-08-17 13:32:29
SCRIPT_NAME: /logout.php
REQUEST_URI: /logout.php
REMOTE_ADDR: 127.0.0.1
HTTP_USER_AGENT: Mozilla/5.0 (X11; Linux x86_64) AppleWebKit/537.36 (KHTML, like Gecko) Chrome/44.0.2403.155 Safari/537.36
type: POST
url: http://127.0.0.1:80/pt/api/user/logout
status: 200
exectime: {"total_time":0.022451,"namelookup_time":2.3e-5,"connect_time":0.000151,"pretransfer_time":0.000185}
headers: ["Host:mem.sk2.lottery"]

    >   /home/disney/company/new-nsk/business_classes/Log/CurlLog.php:63
    >   /home/disney/company/new-nsk/common/pitaya_api/PITAYA.php:100
    >   /home/disney/company/new-nsk/common/pitaya_api/PITAYA.php:72
    >   /home/disney/company/new-nsk/business_classes/Pitaya.php:340
    >   /home/disney/company/new-nsk/www/logout.php:21

param: {"sid":"1us1va5rq0aqfdum3tnl0borv2"}
POST data: {"sid":"1us1va5rq0aqfdum3tnl0borv2"}
out: {"ret":[2],"error":null,"code":null,"result":true,"profile":{"execute_time":0.0017809867858887}}
