###############################################################################
Datetime: 2015-07-21 10:21:45
LoginData: -
REMOTE_ADDR: 127.0.0.1:45819
HTTP_X_FORWARDED_FOR: 
HTTP_CLIENT_IP: 
HTTP_REFERER: http://mem.sk2.lottery/home.php
REQUEST_URI: /chk_rule.php
HTTP_HOST: mem.sk2.lottery
HTTP_USER_AGENT: Mozilla/5.0 (X11; Linux x86_64) AppleWebKit/537.36 (KHTML, like Gecko) Chrome/43.0.2357.134 Safari/537.36
HTTP_COOKIE: {"GoldCatch":"Array(10,20,50,100)","EnableGold":"0","PHPSESSID":"1us1va5rq0aqfdum3tnl0borv2","bbinwin":"true","nsk_webver":"3b4bc10","_ga":"GA1.2.2065421330.1436412210","mfid":"ktpOIdm0iAwTBtNa7OrRaW7eZMRnQJoKdjc7JKr7YPGaKYwHaRN-7Dbudjt6z38dXaojJy4J0_mB1MS0DJyCRDVKLXdfSjZEYWloNWlicUN3RnJsQ1FYM296RFJqLUU4V1BkSlI0NWFSMkU","charset":"gb","__utma":"1.2065421330.1436412210.1437385375.1437441595.6","__utmc":"1","__utmz":"1.1436412210.1.1.utmcsr=(direct)|utmccn=(direct)|utmcmd=(none)"}
HTTP_POST: {"action":"login","check_id":"","CQ":"168","SS":"1018700","SR":"383031200","TS":"1819454093","loginname":"qq6699","password":"qwe123","rmNum":"2293"}
###############################################################################
Datetime: 2015-07-21 10:21:51
LoginData: member-
REMOTE_ADDR: 127.0.0.1:45819
HTTP_X_FORWARDED_FOR: 
HTTP_CLIENT_IP: 
HTTP_REFERER: http://mem.sk2.lottery/home.php
REQUEST_URI: /chk_rule.php
HTTP_HOST: mem.sk2.lottery
HTTP_USER_AGENT: Mozilla/5.0 (X11; Linux x86_64) AppleWebKit/537.36 (KHTML, like Gecko) Chrome/43.0.2357.134 Safari/537.36
HTTP_COOKIE: {"GoldCatch":"Array(10,20,50,100)","EnableGold":"0","PHPSESSID":"1us1va5rq0aqfdum3tnl0borv2","bbinwin":"true","nsk_webver":"3b4bc10","_ga":"GA1.2.2065421330.1436412210","mfid":"ktpOIdm0iAwTBtNa7OrRaW7eZMRnQJoKdjc7JKr7YPGaKYwHaRN-7Dbudjt6z38dXaojJy4J0_mB1MS0DJyCRDVKLXdfSjZEYWloNWlicUN3RnJsQ1FYM296RFJqLUU4V1BkSlI0NWFSMkU","charset":"gb","__utmt":"1","__utma":"1.2065421330.1436412210.1437441595.1437445308.7","__utmb":"1.1.10.1437445308","__utmc":"1","__utmz":"1.1436412210.1.1.utmcsr=(direct)|utmccn=(direct)|utmcmd=(none)"}
HTTP_POST: {"action":"login","check_id":"","CQ":"168","SS":"1018700","SR":"345339300","TS":"1781765907","loginname":"qq6699","password":"qwe123","rmNum":"2068"}
