###############################################################################
Datetime: 2015-07-21 17:06:21
LoginData: member-
REMOTE_ADDR: 127.0.0.1:46277
HTTP_X_FORWARDED_FOR: 
HTTP_CLIENT_IP: 
HTTP_REFERER: http://mem.sk2.lottery/pt/mem/order/GXSF
REQUEST_URI: /member/longdragon_ajax.php?lang=gb&game=GXSF&tab=opposite&type=win&getmore=false
HTTP_HOST: mem.sk2.lottery
HTTP_USER_AGENT: Mozilla/5.0 (X11; Linux x86_64) AppleWebKit/537.36 (KHTML, like Gecko) Chrome/43.0.2357.134 Safari/537.36
HTTP_REQUEST: {"lang":"gb","game":"GXSF","tab":"opposite","type":"win","getmore":"false"}
Message: Login Status: No User.
###############################################################################
Datetime: 2015-07-21 17:07:21
LoginData: member-
REMOTE_ADDR: 127.0.0.1:46277
HTTP_X_FORWARDED_FOR: 
HTTP_CLIENT_IP: 
HTTP_REFERER: http://mem.sk2.lottery/pt/mem/order/GXSF
REQUEST_URI: /member/longdragon_ajax.php?lang=gb&game=GXSF&tab=opposite&type=win&getmore=false
HTTP_HOST: mem.sk2.lottery
HTTP_USER_AGENT: Mozilla/5.0 (X11; Linux x86_64) AppleWebKit/537.36 (KHTML, like Gecko) Chrome/43.0.2357.134 Safari/537.36
HTTP_REQUEST: {"lang":"gb","game":"GXSF","tab":"opposite","type":"win","getmore":"false"}
Message: Login Status: No User.
###############################################################################
Datetime: 2015-07-21 17:08:21
LoginData: member-
REMOTE_ADDR: 127.0.0.1:46277
HTTP_X_FORWARDED_FOR: 
HTTP_CLIENT_IP: 
HTTP_REFERER: http://mem.sk2.lottery/pt/mem/order/GXSF
REQUEST_URI: /member/longdragon_ajax.php?lang=gb&game=GXSF&tab=opposite&type=win&getmore=false
HTTP_HOST: mem.sk2.lottery
HTTP_USER_AGENT: Mozilla/5.0 (X11; Linux x86_64) AppleWebKit/537.36 (KHTML, like Gecko) Chrome/43.0.2357.134 Safari/537.36
HTTP_REQUEST: {"lang":"gb","game":"GXSF","tab":"opposite","type":"win","getmore":"false"}
Message: Login Status: No User.
###############################################################################
Datetime: 2015-07-21 17:09:23
LoginData: member-
REMOTE_ADDR: 127.0.0.1:46277
HTTP_X_FORWARDED_FOR: 
HTTP_CLIENT_IP: 
HTTP_REFERER: http://mem.sk2.lottery/pt/mem/order/GXSF
REQUEST_URI: /member/longdragon_ajax.php?lang=gb&game=GXSF&tab=opposite&type=win&getmore=false
HTTP_HOST: mem.sk2.lottery
HTTP_USER_AGENT: Mozilla/5.0 (X11; Linux x86_64) AppleWebKit/537.36 (KHTML, like Gecko) Chrome/43.0.2357.134 Safari/537.36
HTTP_REQUEST: {"lang":"gb","game":"GXSF","tab":"opposite","type":"win","getmore":"false"}
Message: Login Status: No User.
###############################################################################
Datetime: 2015-07-21 17:10:21
LoginData: member-
REMOTE_ADDR: 127.0.0.1:46277
HTTP_X_FORWARDED_FOR: 
HTTP_CLIENT_IP: 
HTTP_REFERER: http://mem.sk2.lottery/pt/mem/order/GXSF
REQUEST_URI: /member/longdragon_ajax.php?lang=gb&game=GXSF&tab=opposite&type=win&getmore=false
HTTP_HOST: mem.sk2.lottery
HTTP_USER_AGENT: Mozilla/5.0 (X11; Linux x86_64) AppleWebKit/537.36 (KHTML, like Gecko) Chrome/43.0.2357.134 Safari/537.36
HTTP_REQUEST: {"lang":"gb","game":"GXSF","tab":"opposite","type":"win","getmore":"false"}
Message: Login Status: No User.
###############################################################################
Datetime: 2015-07-21 17:11:22
LoginData: member-
REMOTE_ADDR: 127.0.0.1:46277
HTTP_X_FORWARDED_FOR: 
HTTP_CLIENT_IP: 
HTTP_REFERER: http://mem.sk2.lottery/pt/mem/order/GXSF
REQUEST_URI: /member/longdragon_ajax.php?lang=gb&game=GXSF&tab=opposite&type=win&getmore=false
HTTP_HOST: mem.sk2.lottery
HTTP_USER_AGENT: Mozilla/5.0 (X11; Linux x86_64) AppleWebKit/537.36 (KHTML, like Gecko) Chrome/43.0.2357.134 Safari/537.36
HTTP_REQUEST: {"lang":"gb","game":"GXSF","tab":"opposite","type":"win","getmore":"false"}
Message: Login Status: No User.
###############################################################################
Datetime: 2015-07-21 17:12:23
LoginData: member-
REMOTE_ADDR: 127.0.0.1:46277
HTTP_X_FORWARDED_FOR: 
HTTP_CLIENT_IP: 
HTTP_REFERER: http://mem.sk2.lottery/pt/mem/order/GXSF
REQUEST_URI: /member/longdragon_ajax.php?lang=gb&game=GXSF&tab=opposite&type=win&getmore=false
HTTP_HOST: mem.sk2.lottery
HTTP_USER_AGENT: Mozilla/5.0 (X11; Linux x86_64) AppleWebKit/537.36 (KHTML, like Gecko) Chrome/43.0.2357.134 Safari/537.36
HTTP_REQUEST: {"lang":"gb","game":"GXSF","tab":"opposite","type":"win","getmore":"false"}
Message: Login Status: No User.
###############################################################################
Datetime: 2015-07-21 17:13:22
LoginData: member-
REMOTE_ADDR: 127.0.0.1:46277
HTTP_X_FORWARDED_FOR: 
HTTP_CLIENT_IP: 
HTTP_REFERER: http://mem.sk2.lottery/pt/mem/order/GXSF
REQUEST_URI: /member/longdragon_ajax.php?lang=gb&game=GXSF&tab=opposite&type=win&getmore=false
HTTP_HOST: mem.sk2.lottery
HTTP_USER_AGENT: Mozilla/5.0 (X11; Linux x86_64) AppleWebKit/537.36 (KHTML, like Gecko) Chrome/43.0.2357.134 Safari/537.36
HTTP_REQUEST: {"lang":"gb","game":"GXSF","tab":"opposite","type":"win","getmore":"false"}
Message: Login Status: No User.
###############################################################################
Datetime: 2015-07-21 17:14:23
LoginData: member-
REMOTE_ADDR: 127.0.0.1:46277
HTTP_X_FORWARDED_FOR: 
HTTP_CLIENT_IP: 
HTTP_REFERER: http://mem.sk2.lottery/pt/mem/order/GXSF
REQUEST_URI: /member/longdragon_ajax.php?lang=gb&game=GXSF&tab=opposite&type=win&getmore=false
HTTP_HOST: mem.sk2.lottery
HTTP_USER_AGENT: Mozilla/5.0 (X11; Linux x86_64) AppleWebKit/537.36 (KHTML, like Gecko) Chrome/43.0.2357.134 Safari/537.36
HTTP_REQUEST: {"lang":"gb","game":"GXSF","tab":"opposite","type":"win","getmore":"false"}
Message: Login Status: No User.
###############################################################################
Datetime: 2015-07-21 17:15:22
LoginData: member-
REMOTE_ADDR: 127.0.0.1:46277
HTTP_X_FORWARDED_FOR: 
HTTP_CLIENT_IP: 
HTTP_REFERER: http://mem.sk2.lottery/pt/mem/order/GXSF
REQUEST_URI: /member/longdragon_ajax.php?lang=gb&game=GXSF&tab=opposite&type=win&getmore=false
HTTP_HOST: mem.sk2.lottery
HTTP_USER_AGENT: Mozilla/5.0 (X11; Linux x86_64) AppleWebKit/537.36 (KHTML, like Gecko) Chrome/43.0.2357.134 Safari/537.36
HTTP_REQUEST: {"lang":"gb","game":"GXSF","tab":"opposite","type":"win","getmore":"false"}
Message: Login Status: No User.
###############################################################################
Datetime: 2015-07-21 17:16:22
LoginData: member-
REMOTE_ADDR: 127.0.0.1:46277
HTTP_X_FORWARDED_FOR: 
HTTP_CLIENT_IP: 
HTTP_REFERER: http://mem.sk2.lottery/pt/mem/order/GXSF
REQUEST_URI: /member/longdragon_ajax.php?lang=gb&game=GXSF&tab=opposite&type=win&getmore=false
HTTP_HOST: mem.sk2.lottery
HTTP_USER_AGENT: Mozilla/5.0 (X11; Linux x86_64) AppleWebKit/537.36 (KHTML, like Gecko) Chrome/43.0.2357.134 Safari/537.36
HTTP_REQUEST: {"lang":"gb","game":"GXSF","tab":"opposite","type":"win","getmore":"false"}
Message: Login Status: No User.
###############################################################################
Datetime: 2015-07-21 17:17:25
LoginData: member-
REMOTE_ADDR: 127.0.0.1:46277
HTTP_X_FORWARDED_FOR: 
HTTP_CLIENT_IP: 
HTTP_REFERER: http://mem.sk2.lottery/pt/mem/order/GXSF
REQUEST_URI: /member/longdragon_ajax.php?lang=gb&game=GXSF&tab=opposite&type=win&getmore=false
HTTP_HOST: mem.sk2.lottery
HTTP_USER_AGENT: Mozilla/5.0 (X11; Linux x86_64) AppleWebKit/537.36 (KHTML, like Gecko) Chrome/43.0.2357.134 Safari/537.36
HTTP_REQUEST: {"lang":"gb","game":"GXSF","tab":"opposite","type":"win","getmore":"false"}
Message: Login Status: No User.
###############################################################################
Datetime: 2015-07-21 17:18:23
LoginData: member-
REMOTE_ADDR: 127.0.0.1:46277
HTTP_X_FORWARDED_FOR: 
HTTP_CLIENT_IP: 
HTTP_REFERER: http://mem.sk2.lottery/pt/mem/order/GXSF
REQUEST_URI: /member/longdragon_ajax.php?lang=gb&game=GXSF&tab=opposite&type=win&getmore=false
HTTP_HOST: mem.sk2.lottery
HTTP_USER_AGENT: Mozilla/5.0 (X11; Linux x86_64) AppleWebKit/537.36 (KHTML, like Gecko) Chrome/43.0.2357.134 Safari/537.36
HTTP_REQUEST: {"lang":"gb","game":"GXSF","tab":"opposite","type":"win","getmore":"false"}
Message: Login Status: No User.
###############################################################################
Datetime: 2015-07-21 17:19:24
LoginData: member-
REMOTE_ADDR: 127.0.0.1:47305
HTTP_X_FORWARDED_FOR: 
HTTP_CLIENT_IP: 
HTTP_REFERER: http://mem.sk2.lottery/pt/mem/order/GXSF
REQUEST_URI: /member/longdragon_ajax.php?lang=gb&game=GXSF&tab=opposite&type=win&getmore=false
HTTP_HOST: mem.sk2.lottery
HTTP_USER_AGENT: Mozilla/5.0 (X11; Linux x86_64) AppleWebKit/537.36 (KHTML, like Gecko) Chrome/43.0.2357.134 Safari/537.36
HTTP_REQUEST: {"lang":"gb","game":"GXSF","tab":"opposite","type":"win","getmore":"false"}
Message: Login Status: No User.
###############################################################################
Datetime: 2015-07-21 17:20:23
LoginData: member-
REMOTE_ADDR: 127.0.0.1:47305
HTTP_X_FORWARDED_FOR: 
HTTP_CLIENT_IP: 
HTTP_REFERER: http://mem.sk2.lottery/pt/mem/order/GXSF
REQUEST_URI: /member/longdragon_ajax.php?lang=gb&game=GXSF&tab=opposite&type=win&getmore=false
HTTP_HOST: mem.sk2.lottery
HTTP_USER_AGENT: Mozilla/5.0 (X11; Linux x86_64) AppleWebKit/537.36 (KHTML, like Gecko) Chrome/43.0.2357.134 Safari/537.36
HTTP_REQUEST: {"lang":"gb","game":"GXSF","tab":"opposite","type":"win","getmore":"false"}
Message: Login Status: No User.
###############################################################################
Datetime: 2015-07-21 17:21:23
LoginData: member-
REMOTE_ADDR: 127.0.0.1:47305
HTTP_X_FORWARDED_FOR: 
HTTP_CLIENT_IP: 
HTTP_REFERER: http://mem.sk2.lottery/pt/mem/order/GXSF
REQUEST_URI: /member/longdragon_ajax.php?lang=gb&game=GXSF&tab=opposite&type=win&getmore=false
HTTP_HOST: mem.sk2.lottery
HTTP_USER_AGENT: Mozilla/5.0 (X11; Linux x86_64) AppleWebKit/537.36 (KHTML, like Gecko) Chrome/43.0.2357.134 Safari/537.36
HTTP_REQUEST: {"lang":"gb","game":"GXSF","tab":"opposite","type":"win","getmore":"false"}
Message: Login Status: No User.
###############################################################################
Datetime: 2015-07-21 17:22:23
LoginData: member-
REMOTE_ADDR: 127.0.0.1:47305
HTTP_X_FORWARDED_FOR: 
HTTP_CLIENT_IP: 
HTTP_REFERER: http://mem.sk2.lottery/pt/mem/order/GXSF
REQUEST_URI: /member/longdragon_ajax.php?lang=gb&game=GXSF&tab=opposite&type=win&getmore=false
HTTP_HOST: mem.sk2.lottery
HTTP_USER_AGENT: Mozilla/5.0 (X11; Linux x86_64) AppleWebKit/537.36 (KHTML, like Gecko) Chrome/43.0.2357.134 Safari/537.36
HTTP_REQUEST: {"lang":"gb","game":"GXSF","tab":"opposite","type":"win","getmore":"false"}
Message: Login Status: No User.
###############################################################################
Datetime: 2015-07-21 17:23:23
LoginData: member-
REMOTE_ADDR: 127.0.0.1:47305
HTTP_X_FORWARDED_FOR: 
HTTP_CLIENT_IP: 
HTTP_REFERER: http://mem.sk2.lottery/pt/mem/order/GXSF
REQUEST_URI: /member/longdragon_ajax.php?lang=gb&game=GXSF&tab=opposite&type=win&getmore=false
HTTP_HOST: mem.sk2.lottery
HTTP_USER_AGENT: Mozilla/5.0 (X11; Linux x86_64) AppleWebKit/537.36 (KHTML, like Gecko) Chrome/43.0.2357.134 Safari/537.36
HTTP_REQUEST: {"lang":"gb","game":"GXSF","tab":"opposite","type":"win","getmore":"false"}
Message: Login Status: No User.
###############################################################################
Datetime: 2015-07-21 17:24:23
LoginData: member-
REMOTE_ADDR: 127.0.0.1:47305
HTTP_X_FORWARDED_FOR: 
HTTP_CLIENT_IP: 
HTTP_REFERER: http://mem.sk2.lottery/pt/mem/order/GXSF
REQUEST_URI: /member/longdragon_ajax.php?lang=gb&game=GXSF&tab=opposite&type=win&getmore=false
HTTP_HOST: mem.sk2.lottery
HTTP_USER_AGENT: Mozilla/5.0 (X11; Linux x86_64) AppleWebKit/537.36 (KHTML, like Gecko) Chrome/43.0.2357.134 Safari/537.36
HTTP_REQUEST: {"lang":"gb","game":"GXSF","tab":"opposite","type":"win","getmore":"false"}
Message: Login Status: No User.
###############################################################################
Datetime: 2015-07-21 17:25:25
LoginData: member-
REMOTE_ADDR: 127.0.0.1:47305
HTTP_X_FORWARDED_FOR: 
HTTP_CLIENT_IP: 
HTTP_REFERER: http://mem.sk2.lottery/pt/mem/order/GXSF
REQUEST_URI: /member/longdragon_ajax.php?lang=gb&game=GXSF&tab=opposite&type=win&getmore=false
HTTP_HOST: mem.sk2.lottery
HTTP_USER_AGENT: Mozilla/5.0 (X11; Linux x86_64) AppleWebKit/537.36 (KHTML, like Gecko) Chrome/43.0.2357.134 Safari/537.36
HTTP_REQUEST: {"lang":"gb","game":"GXSF","tab":"opposite","type":"win","getmore":"false"}
Message: Login Status: No User.
###############################################################################
Datetime: 2015-07-21 17:26:23
LoginData: member-
REMOTE_ADDR: 127.0.0.1:47305
HTTP_X_FORWARDED_FOR: 
HTTP_CLIENT_IP: 
HTTP_REFERER: http://mem.sk2.lottery/pt/mem/order/GXSF
REQUEST_URI: /member/longdragon_ajax.php?lang=gb&game=GXSF&tab=opposite&type=win&getmore=false
HTTP_HOST: mem.sk2.lottery
HTTP_USER_AGENT: Mozilla/5.0 (X11; Linux x86_64) AppleWebKit/537.36 (KHTML, like Gecko) Chrome/43.0.2357.134 Safari/537.36
HTTP_REQUEST: {"lang":"gb","game":"GXSF","tab":"opposite","type":"win","getmore":"false"}
Message: Login Status: No User.
###############################################################################
Datetime: 2015-07-21 17:27:23
LoginData: member-
REMOTE_ADDR: 127.0.0.1:47305
HTTP_X_FORWARDED_FOR: 
HTTP_CLIENT_IP: 
HTTP_REFERER: http://mem.sk2.lottery/pt/mem/order/GXSF
REQUEST_URI: /member/longdragon_ajax.php?lang=gb&game=GXSF&tab=opposite&type=win&getmore=false
HTTP_HOST: mem.sk2.lottery
HTTP_USER_AGENT: Mozilla/5.0 (X11; Linux x86_64) AppleWebKit/537.36 (KHTML, like Gecko) Chrome/43.0.2357.134 Safari/537.36
HTTP_REQUEST: {"lang":"gb","game":"GXSF","tab":"opposite","type":"win","getmore":"false"}
Message: Login Status: No User.
###############################################################################
Datetime: 2015-07-21 17:28:23
LoginData: member-
REMOTE_ADDR: 127.0.0.1:47305
HTTP_X_FORWARDED_FOR: 
HTTP_CLIENT_IP: 
HTTP_REFERER: http://mem.sk2.lottery/pt/mem/order/GXSF
REQUEST_URI: /member/longdragon_ajax.php?lang=gb&game=GXSF&tab=opposite&type=win&getmore=false
HTTP_HOST: mem.sk2.lottery
HTTP_USER_AGENT: Mozilla/5.0 (X11; Linux x86_64) AppleWebKit/537.36 (KHTML, like Gecko) Chrome/43.0.2357.134 Safari/537.36
HTTP_REQUEST: {"lang":"gb","game":"GXSF","tab":"opposite","type":"win","getmore":"false"}
Message: Login Status: No User.
###############################################################################
Datetime: 2015-07-21 17:29:23
LoginData: member-
REMOTE_ADDR: 127.0.0.1:47305
HTTP_X_FORWARDED_FOR: 
HTTP_CLIENT_IP: 
HTTP_REFERER: http://mem.sk2.lottery/pt/mem/order/GXSF
REQUEST_URI: /member/longdragon_ajax.php?lang=gb&game=GXSF&tab=opposite&type=win&getmore=false
HTTP_HOST: mem.sk2.lottery
HTTP_USER_AGENT: Mozilla/5.0 (X11; Linux x86_64) AppleWebKit/537.36 (KHTML, like Gecko) Chrome/43.0.2357.134 Safari/537.36
HTTP_REQUEST: {"lang":"gb","game":"GXSF","tab":"opposite","type":"win","getmore":"false"}
Message: Login Status: No User.
###############################################################################
Datetime: 2015-07-21 17:30:23
LoginData: member-
REMOTE_ADDR: 127.0.0.1:47305
HTTP_X_FORWARDED_FOR: 
HTTP_CLIENT_IP: 
HTTP_REFERER: http://mem.sk2.lottery/pt/mem/order/GXSF
REQUEST_URI: /member/longdragon_ajax.php?lang=gb&game=GXSF&tab=opposite&type=win&getmore=false
HTTP_HOST: mem.sk2.lottery
HTTP_USER_AGENT: Mozilla/5.0 (X11; Linux x86_64) AppleWebKit/537.36 (KHTML, like Gecko) Chrome/43.0.2357.134 Safari/537.36
HTTP_REQUEST: {"lang":"gb","game":"GXSF","tab":"opposite","type":"win","getmore":"false"}
Message: Login Status: No User.
###############################################################################
Datetime: 2015-07-21 17:31:25
LoginData: member-
REMOTE_ADDR: 127.0.0.1:47305
HTTP_X_FORWARDED_FOR: 
HTTP_CLIENT_IP: 
HTTP_REFERER: http://mem.sk2.lottery/pt/mem/order/GXSF
REQUEST_URI: /member/longdragon_ajax.php?lang=gb&game=GXSF&tab=opposite&type=win&getmore=false
HTTP_HOST: mem.sk2.lottery
HTTP_USER_AGENT: Mozilla/5.0 (X11; Linux x86_64) AppleWebKit/537.36 (KHTML, like Gecko) Chrome/43.0.2357.134 Safari/537.36
HTTP_REQUEST: {"lang":"gb","game":"GXSF","tab":"opposite","type":"win","getmore":"false"}
Message: Login Status: No User.
###############################################################################
Datetime: 2015-07-21 17:32:23
LoginData: member-
REMOTE_ADDR: 127.0.0.1:47305
HTTP_X_FORWARDED_FOR: 
HTTP_CLIENT_IP: 
HTTP_REFERER: http://mem.sk2.lottery/pt/mem/order/GXSF
REQUEST_URI: /member/longdragon_ajax.php?lang=gb&game=GXSF&tab=opposite&type=win&getmore=false
HTTP_HOST: mem.sk2.lottery
HTTP_USER_AGENT: Mozilla/5.0 (X11; Linux x86_64) AppleWebKit/537.36 (KHTML, like Gecko) Chrome/43.0.2357.134 Safari/537.36
HTTP_REQUEST: {"lang":"gb","game":"GXSF","tab":"opposite","type":"win","getmore":"false"}
Message: Login Status: No User.
###############################################################################
Datetime: 2015-07-21 17:33:23
LoginData: member-
REMOTE_ADDR: 127.0.0.1:47305
HTTP_X_FORWARDED_FOR: 
HTTP_CLIENT_IP: 
HTTP_REFERER: http://mem.sk2.lottery/pt/mem/order/GXSF
REQUEST_URI: /member/longdragon_ajax.php?lang=gb&game=GXSF&tab=opposite&type=win&getmore=false
HTTP_HOST: mem.sk2.lottery
HTTP_USER_AGENT: Mozilla/5.0 (X11; Linux x86_64) AppleWebKit/537.36 (KHTML, like Gecko) Chrome/43.0.2357.134 Safari/537.36
HTTP_REQUEST: {"lang":"gb","game":"GXSF","tab":"opposite","type":"win","getmore":"false"}
Message: Login Status: No User.
###############################################################################
Datetime: 2015-07-21 17:34:23
LoginData: member-
REMOTE_ADDR: 127.0.0.1:47305
HTTP_X_FORWARDED_FOR: 
HTTP_CLIENT_IP: 
HTTP_REFERER: http://mem.sk2.lottery/pt/mem/order/GXSF
REQUEST_URI: /member/longdragon_ajax.php?lang=gb&game=GXSF&tab=opposite&type=win&getmore=false
HTTP_HOST: mem.sk2.lottery
HTTP_USER_AGENT: Mozilla/5.0 (X11; Linux x86_64) AppleWebKit/537.36 (KHTML, like Gecko) Chrome/43.0.2357.134 Safari/537.36
HTTP_REQUEST: {"lang":"gb","game":"GXSF","tab":"opposite","type":"win","getmore":"false"}
Message: Login Status: No User.
###############################################################################
Datetime: 2015-07-21 17:35:23
LoginData: member-
REMOTE_ADDR: 127.0.0.1:47305
HTTP_X_FORWARDED_FOR: 
HTTP_CLIENT_IP: 
HTTP_REFERER: http://mem.sk2.lottery/pt/mem/order/GXSF
REQUEST_URI: /member/longdragon_ajax.php?lang=gb&game=GXSF&tab=opposite&type=win&getmore=false
HTTP_HOST: mem.sk2.lottery
HTTP_USER_AGENT: Mozilla/5.0 (X11; Linux x86_64) AppleWebKit/537.36 (KHTML, like Gecko) Chrome/43.0.2357.134 Safari/537.36
HTTP_REQUEST: {"lang":"gb","game":"GXSF","tab":"opposite","type":"win","getmore":"false"}
Message: Login Status: No User.
###############################################################################
Datetime: 2015-07-21 17:36:23
LoginData: member-
REMOTE_ADDR: 127.0.0.1:47305
HTTP_X_FORWARDED_FOR: 
HTTP_CLIENT_IP: 
HTTP_REFERER: http://mem.sk2.lottery/pt/mem/order/GXSF
REQUEST_URI: /member/longdragon_ajax.php?lang=gb&game=GXSF&tab=opposite&type=win&getmore=false
HTTP_HOST: mem.sk2.lottery
HTTP_USER_AGENT: Mozilla/5.0 (X11; Linux x86_64) AppleWebKit/537.36 (KHTML, like Gecko) Chrome/43.0.2357.134 Safari/537.36
HTTP_REQUEST: {"lang":"gb","game":"GXSF","tab":"opposite","type":"win","getmore":"false"}
Message: Login Status: No User.
###############################################################################
Datetime: 2015-07-21 17:37:25
LoginData: member-
REMOTE_ADDR: 127.0.0.1:47305
HTTP_X_FORWARDED_FOR: 
HTTP_CLIENT_IP: 
HTTP_REFERER: http://mem.sk2.lottery/pt/mem/order/GXSF
REQUEST_URI: /member/longdragon_ajax.php?lang=gb&game=GXSF&tab=opposite&type=win&getmore=false
HTTP_HOST: mem.sk2.lottery
HTTP_USER_AGENT: Mozilla/5.0 (X11; Linux x86_64) AppleWebKit/537.36 (KHTML, like Gecko) Chrome/43.0.2357.134 Safari/537.36
HTTP_REQUEST: {"lang":"gb","game":"GXSF","tab":"opposite","type":"win","getmore":"false"}
Message: Login Status: No User.
###############################################################################
Datetime: 2015-07-21 17:38:23
LoginData: member-
REMOTE_ADDR: 127.0.0.1:47305
HTTP_X_FORWARDED_FOR: 
HTTP_CLIENT_IP: 
HTTP_REFERER: http://mem.sk2.lottery/pt/mem/order/GXSF
REQUEST_URI: /member/longdragon_ajax.php?lang=gb&game=GXSF&tab=opposite&type=win&getmore=false
HTTP_HOST: mem.sk2.lottery
HTTP_USER_AGENT: Mozilla/5.0 (X11; Linux x86_64) AppleWebKit/537.36 (KHTML, like Gecko) Chrome/43.0.2357.134 Safari/537.36
HTTP_REQUEST: {"lang":"gb","game":"GXSF","tab":"opposite","type":"win","getmore":"false"}
Message: Login Status: No User.
###############################################################################
Datetime: 2015-07-21 17:39:23
LoginData: member-
REMOTE_ADDR: 127.0.0.1:47305
HTTP_X_FORWARDED_FOR: 
HTTP_CLIENT_IP: 
HTTP_REFERER: http://mem.sk2.lottery/pt/mem/order/GXSF
REQUEST_URI: /member/longdragon_ajax.php?lang=gb&game=GXSF&tab=opposite&type=win&getmore=false
HTTP_HOST: mem.sk2.lottery
HTTP_USER_AGENT: Mozilla/5.0 (X11; Linux x86_64) AppleWebKit/537.36 (KHTML, like Gecko) Chrome/43.0.2357.134 Safari/537.36
HTTP_REQUEST: {"lang":"gb","game":"GXSF","tab":"opposite","type":"win","getmore":"false"}
Message: Login Status: No User.
###############################################################################
Datetime: 2015-07-21 17:40:23
LoginData: member-
REMOTE_ADDR: 127.0.0.1:47305
HTTP_X_FORWARDED_FOR: 
HTTP_CLIENT_IP: 
HTTP_REFERER: http://mem.sk2.lottery/pt/mem/order/GXSF
REQUEST_URI: /member/longdragon_ajax.php?lang=gb&game=GXSF&tab=opposite&type=win&getmore=false
HTTP_HOST: mem.sk2.lottery
HTTP_USER_AGENT: Mozilla/5.0 (X11; Linux x86_64) AppleWebKit/537.36 (KHTML, like Gecko) Chrome/43.0.2357.134 Safari/537.36
HTTP_REQUEST: {"lang":"gb","game":"GXSF","tab":"opposite","type":"win","getmore":"false"}
Message: Login Status: No User.
###############################################################################
Datetime: 2015-07-21 17:41:23
LoginData: member-
REMOTE_ADDR: 127.0.0.1:47305
HTTP_X_FORWARDED_FOR: 
HTTP_CLIENT_IP: 
HTTP_REFERER: http://mem.sk2.lottery/pt/mem/order/GXSF
REQUEST_URI: /member/longdragon_ajax.php?lang=gb&game=GXSF&tab=opposite&type=win&getmore=false
HTTP_HOST: mem.sk2.lottery
HTTP_USER_AGENT: Mozilla/5.0 (X11; Linux x86_64) AppleWebKit/537.36 (KHTML, like Gecko) Chrome/43.0.2357.134 Safari/537.36
HTTP_REQUEST: {"lang":"gb","game":"GXSF","tab":"opposite","type":"win","getmore":"false"}
Message: Login Status: No User.
###############################################################################
Datetime: 2015-07-21 17:42:23
LoginData: member-
REMOTE_ADDR: 127.0.0.1:47305
HTTP_X_FORWARDED_FOR: 
HTTP_CLIENT_IP: 
HTTP_REFERER: http://mem.sk2.lottery/pt/mem/order/GXSF
REQUEST_URI: /member/longdragon_ajax.php?lang=gb&game=GXSF&tab=opposite&type=win&getmore=false
HTTP_HOST: mem.sk2.lottery
HTTP_USER_AGENT: Mozilla/5.0 (X11; Linux x86_64) AppleWebKit/537.36 (KHTML, like Gecko) Chrome/43.0.2357.134 Safari/537.36
HTTP_REQUEST: {"lang":"gb","game":"GXSF","tab":"opposite","type":"win","getmore":"false"}
Message: Login Status: No User.
###############################################################################
Datetime: 2015-07-21 17:43:23
LoginData: member-
REMOTE_ADDR: 127.0.0.1:47305
HTTP_X_FORWARDED_FOR: 
HTTP_CLIENT_IP: 
HTTP_REFERER: http://mem.sk2.lottery/pt/mem/order/GXSF
REQUEST_URI: /member/longdragon_ajax.php?lang=gb&game=GXSF&tab=opposite&type=win&getmore=false
HTTP_HOST: mem.sk2.lottery
HTTP_USER_AGENT: Mozilla/5.0 (X11; Linux x86_64) AppleWebKit/537.36 (KHTML, like Gecko) Chrome/43.0.2357.134 Safari/537.36
HTTP_REQUEST: {"lang":"gb","game":"GXSF","tab":"opposite","type":"win","getmore":"false"}
Message: Login Status: No User.
###############################################################################
Datetime: 2015-07-21 17:44:25
LoginData: member-
REMOTE_ADDR: 127.0.0.1:47305
HTTP_X_FORWARDED_FOR: 
HTTP_CLIENT_IP: 
HTTP_REFERER: http://mem.sk2.lottery/pt/mem/order/GXSF
REQUEST_URI: /member/longdragon_ajax.php?lang=gb&game=GXSF&tab=opposite&type=win&getmore=false
HTTP_HOST: mem.sk2.lottery
HTTP_USER_AGENT: Mozilla/5.0 (X11; Linux x86_64) AppleWebKit/537.36 (KHTML, like Gecko) Chrome/43.0.2357.134 Safari/537.36
HTTP_REQUEST: {"lang":"gb","game":"GXSF","tab":"opposite","type":"win","getmore":"false"}
Message: Login Status: No User.
###############################################################################
Datetime: 2015-07-21 17:45:23
LoginData: member-
REMOTE_ADDR: 127.0.0.1:47305
HTTP_X_FORWARDED_FOR: 
HTTP_CLIENT_IP: 
HTTP_REFERER: http://mem.sk2.lottery/pt/mem/order/GXSF
REQUEST_URI: /member/longdragon_ajax.php?lang=gb&game=GXSF&tab=opposite&type=win&getmore=false
HTTP_HOST: mem.sk2.lottery
HTTP_USER_AGENT: Mozilla/5.0 (X11; Linux x86_64) AppleWebKit/537.36 (KHTML, like Gecko) Chrome/43.0.2357.134 Safari/537.36
HTTP_REQUEST: {"lang":"gb","game":"GXSF","tab":"opposite","type":"win","getmore":"false"}
Message: Login Status: No User.
###############################################################################
Datetime: 2015-07-21 17:46:23
LoginData: member-
REMOTE_ADDR: 127.0.0.1:47305
HTTP_X_FORWARDED_FOR: 
HTTP_CLIENT_IP: 
HTTP_REFERER: http://mem.sk2.lottery/pt/mem/order/GXSF
REQUEST_URI: /member/longdragon_ajax.php?lang=gb&game=GXSF&tab=opposite&type=win&getmore=false
HTTP_HOST: mem.sk2.lottery
HTTP_USER_AGENT: Mozilla/5.0 (X11; Linux x86_64) AppleWebKit/537.36 (KHTML, like Gecko) Chrome/43.0.2357.134 Safari/537.36
HTTP_REQUEST: {"lang":"gb","game":"GXSF","tab":"opposite","type":"win","getmore":"false"}
Message: Login Status: No User.
###############################################################################
Datetime: 2015-07-21 17:47:23
LoginData: member-
REMOTE_ADDR: 127.0.0.1:47305
HTTP_X_FORWARDED_FOR: 
HTTP_CLIENT_IP: 
HTTP_REFERER: http://mem.sk2.lottery/pt/mem/order/GXSF
REQUEST_URI: /member/longdragon_ajax.php?lang=gb&game=GXSF&tab=opposite&type=win&getmore=false
HTTP_HOST: mem.sk2.lottery
HTTP_USER_AGENT: Mozilla/5.0 (X11; Linux x86_64) AppleWebKit/537.36 (KHTML, like Gecko) Chrome/43.0.2357.134 Safari/537.36
HTTP_REQUEST: {"lang":"gb","game":"GXSF","tab":"opposite","type":"win","getmore":"false"}
Message: Login Status: No User.
###############################################################################
Datetime: 2015-07-21 17:48:23
LoginData: member-
REMOTE_ADDR: 127.0.0.1:48057
HTTP_X_FORWARDED_FOR: 
HTTP_CLIENT_IP: 
HTTP_REFERER: http://mem.sk2.lottery/pt/mem/order/GXSF
REQUEST_URI: /member/longdragon_ajax.php?lang=gb&game=GXSF&tab=opposite&type=win&getmore=false
HTTP_HOST: mem.sk2.lottery
HTTP_USER_AGENT: Mozilla/5.0 (X11; Linux x86_64) AppleWebKit/537.36 (KHTML, like Gecko) Chrome/43.0.2357.134 Safari/537.36
HTTP_REQUEST: {"lang":"gb","game":"GXSF","tab":"opposite","type":"win","getmore":"false"}
Message: Login Status: No User.
###############################################################################
Datetime: 2015-07-21 17:49:23
LoginData: member-
REMOTE_ADDR: 127.0.0.1:48057
HTTP_X_FORWARDED_FOR: 
HTTP_CLIENT_IP: 
HTTP_REFERER: http://mem.sk2.lottery/pt/mem/order/GXSF
REQUEST_URI: /member/longdragon_ajax.php?lang=gb&game=GXSF&tab=opposite&type=win&getmore=false
HTTP_HOST: mem.sk2.lottery
HTTP_USER_AGENT: Mozilla/5.0 (X11; Linux x86_64) AppleWebKit/537.36 (KHTML, like Gecko) Chrome/43.0.2357.134 Safari/537.36
HTTP_REQUEST: {"lang":"gb","game":"GXSF","tab":"opposite","type":"win","getmore":"false"}
Message: Login Status: No User.
###############################################################################
Datetime: 2015-07-21 17:50:23
LoginData: member-
REMOTE_ADDR: 127.0.0.1:48057
HTTP_X_FORWARDED_FOR: 
HTTP_CLIENT_IP: 
HTTP_REFERER: http://mem.sk2.lottery/pt/mem/order/GXSF
REQUEST_URI: /member/longdragon_ajax.php?lang=gb&game=GXSF&tab=opposite&type=win&getmore=false
HTTP_HOST: mem.sk2.lottery
HTTP_USER_AGENT: Mozilla/5.0 (X11; Linux x86_64) AppleWebKit/537.36 (KHTML, like Gecko) Chrome/43.0.2357.134 Safari/537.36
HTTP_REQUEST: {"lang":"gb","game":"GXSF","tab":"opposite","type":"win","getmore":"false"}
Message: Login Status: No User.
###############################################################################
Datetime: 2015-07-21 17:51:23
LoginData: member-
REMOTE_ADDR: 127.0.0.1:48057
HTTP_X_FORWARDED_FOR: 
HTTP_CLIENT_IP: 
HTTP_REFERER: http://mem.sk2.lottery/pt/mem/order/GXSF
REQUEST_URI: /member/longdragon_ajax.php?lang=gb&game=GXSF&tab=opposite&type=win&getmore=false
HTTP_HOST: mem.sk2.lottery
HTTP_USER_AGENT: Mozilla/5.0 (X11; Linux x86_64) AppleWebKit/537.36 (KHTML, like Gecko) Chrome/43.0.2357.134 Safari/537.36
HTTP_REQUEST: {"lang":"gb","game":"GXSF","tab":"opposite","type":"win","getmore":"false"}
Message: Login Status: No User.
###############################################################################
Datetime: 2015-07-21 17:52:23
LoginData: member-
REMOTE_ADDR: 127.0.0.1:48057
HTTP_X_FORWARDED_FOR: 
HTTP_CLIENT_IP: 
HTTP_REFERER: http://mem.sk2.lottery/pt/mem/order/GXSF
REQUEST_URI: /member/longdragon_ajax.php?lang=gb&game=GXSF&tab=opposite&type=win&getmore=false
HTTP_HOST: mem.sk2.lottery
HTTP_USER_AGENT: Mozilla/5.0 (X11; Linux x86_64) AppleWebKit/537.36 (KHTML, like Gecko) Chrome/43.0.2357.134 Safari/537.36
HTTP_REQUEST: {"lang":"gb","game":"GXSF","tab":"opposite","type":"win","getmore":"false"}
Message: Login Status: No User.
###############################################################################
Datetime: 2015-07-21 17:53:24
LoginData: member-
REMOTE_ADDR: 127.0.0.1:48057
HTTP_X_FORWARDED_FOR: 
HTTP_CLIENT_IP: 
HTTP_REFERER: http://mem.sk2.lottery/pt/mem/order/GXSF
REQUEST_URI: /member/longdragon_ajax.php?lang=gb&game=GXSF&tab=opposite&type=win&getmore=false
HTTP_HOST: mem.sk2.lottery
HTTP_USER_AGENT: Mozilla/5.0 (X11; Linux x86_64) AppleWebKit/537.36 (KHTML, like Gecko) Chrome/43.0.2357.134 Safari/537.36
HTTP_REQUEST: {"lang":"gb","game":"GXSF","tab":"opposite","type":"win","getmore":"false"}
Message: Login Status: No User.
###############################################################################
Datetime: 2015-07-21 17:54:24
LoginData: member-
REMOTE_ADDR: 127.0.0.1:48057
HTTP_X_FORWARDED_FOR: 
HTTP_CLIENT_IP: 
HTTP_REFERER: http://mem.sk2.lottery/pt/mem/order/GXSF
REQUEST_URI: /member/longdragon_ajax.php?lang=gb&game=GXSF&tab=opposite&type=win&getmore=false
HTTP_HOST: mem.sk2.lottery
HTTP_USER_AGENT: Mozilla/5.0 (X11; Linux x86_64) AppleWebKit/537.36 (KHTML, like Gecko) Chrome/43.0.2357.134 Safari/537.36
HTTP_REQUEST: {"lang":"gb","game":"GXSF","tab":"opposite","type":"win","getmore":"false"}
Message: Login Status: No User.
###############################################################################
Datetime: 2015-07-21 17:55:25
LoginData: member-
REMOTE_ADDR: 127.0.0.1:48057
HTTP_X_FORWARDED_FOR: 
HTTP_CLIENT_IP: 
HTTP_REFERER: http://mem.sk2.lottery/pt/mem/order/GXSF
REQUEST_URI: /member/longdragon_ajax.php?lang=gb&game=GXSF&tab=opposite&type=win&getmore=false
HTTP_HOST: mem.sk2.lottery
HTTP_USER_AGENT: Mozilla/5.0 (X11; Linux x86_64) AppleWebKit/537.36 (KHTML, like Gecko) Chrome/43.0.2357.134 Safari/537.36
HTTP_REQUEST: {"lang":"gb","game":"GXSF","tab":"opposite","type":"win","getmore":"false"}
Message: Login Status: No User.
###############################################################################
Datetime: 2015-07-21 17:56:24
LoginData: member-
REMOTE_ADDR: 127.0.0.1:48057
HTTP_X_FORWARDED_FOR: 
HTTP_CLIENT_IP: 
HTTP_REFERER: http://mem.sk2.lottery/pt/mem/order/GXSF
REQUEST_URI: /member/longdragon_ajax.php?lang=gb&game=GXSF&tab=opposite&type=win&getmore=false
HTTP_HOST: mem.sk2.lottery
HTTP_USER_AGENT: Mozilla/5.0 (X11; Linux x86_64) AppleWebKit/537.36 (KHTML, like Gecko) Chrome/43.0.2357.134 Safari/537.36
HTTP_REQUEST: {"lang":"gb","game":"GXSF","tab":"opposite","type":"win","getmore":"false"}
Message: Login Status: No User.
###############################################################################
Datetime: 2015-07-21 17:57:24
LoginData: member-
REMOTE_ADDR: 127.0.0.1:48057
HTTP_X_FORWARDED_FOR: 
HTTP_CLIENT_IP: 
HTTP_REFERER: http://mem.sk2.lottery/pt/mem/order/GXSF
REQUEST_URI: /member/longdragon_ajax.php?lang=gb&game=GXSF&tab=opposite&type=win&getmore=false
HTTP_HOST: mem.sk2.lottery
HTTP_USER_AGENT: Mozilla/5.0 (X11; Linux x86_64) AppleWebKit/537.36 (KHTML, like Gecko) Chrome/43.0.2357.134 Safari/537.36
HTTP_REQUEST: {"lang":"gb","game":"GXSF","tab":"opposite","type":"win","getmore":"false"}
Message: Login Status: No User.
###############################################################################
Datetime: 2015-07-21 17:58:25
LoginData: member-
REMOTE_ADDR: 127.0.0.1:48057
HTTP_X_FORWARDED_FOR: 
HTTP_CLIENT_IP: 
HTTP_REFERER: http://mem.sk2.lottery/pt/mem/order/GXSF
REQUEST_URI: /member/longdragon_ajax.php?lang=gb&game=GXSF&tab=opposite&type=win&getmore=false
HTTP_HOST: mem.sk2.lottery
HTTP_USER_AGENT: Mozilla/5.0 (X11; Linux x86_64) AppleWebKit/537.36 (KHTML, like Gecko) Chrome/43.0.2357.134 Safari/537.36
HTTP_REQUEST: {"lang":"gb","game":"GXSF","tab":"opposite","type":"win","getmore":"false"}
Message: Login Status: No User.
###############################################################################
Datetime: 2015-07-21 17:59:24
LoginData: member-
REMOTE_ADDR: 127.0.0.1:48057
HTTP_X_FORWARDED_FOR: 
HTTP_CLIENT_IP: 
HTTP_REFERER: http://mem.sk2.lottery/pt/mem/order/GXSF
REQUEST_URI: /member/longdragon_ajax.php?lang=gb&game=GXSF&tab=opposite&type=win&getmore=false
HTTP_HOST: mem.sk2.lottery
HTTP_USER_AGENT: Mozilla/5.0 (X11; Linux x86_64) AppleWebKit/537.36 (KHTML, like Gecko) Chrome/43.0.2357.134 Safari/537.36
HTTP_REQUEST: {"lang":"gb","game":"GXSF","tab":"opposite","type":"win","getmore":"false"}
Message: Login Status: No User.
