###############################################################################
Datetime: 2015-07-22 15:20:36
LoginData: -
REMOTE_ADDR: 127.0.0.1:54158
HTTP_X_FORWARDED_FOR: 
HTTP_CLIENT_IP: 
HTTP_REFERER: http://mem.sk2.lottery/home.php
REQUEST_URI: /chk_rule.php
HTTP_HOST: mem.sk2.lottery
HTTP_USER_AGENT: Mozilla/5.0 (X11; Linux x86_64) AppleWebKit/537.36 (KHTML, like Gecko) Chrome/44.0.2403.89 Safari/537.36
HTTP_COOKIE: {"bbpkflash":"false","GoldCatch":"Array(10,20,50,100)","EnableGold":"1","nsk_webver":"3b4bc10","PHPSESSID":"1us1va5rq0aqfdum3tnl0borv2","bbinwin":"true","_ga":"GA1.2.2065421330.1436412210","mfid":"fK9G3I8tx8VjGVtWJB-1Z2rPaeNhK7vkziDO3h08E_xJHTqdL4dggPPa4ele70vVCEiYQ4V7Pj4UrguZ8rcC10poRW5qUTV5dzRjOWhDbFBBZGREN1BOZktaWkktNEFmVnJCMm1pTWJpX1U","gsScrollPos":"","charset":"gb","__utmt":"1","__utma":"1.2065421330.1436412210.1437543859.1437547835.14","__utmb":"1.3.10.1437547835","__utmc":"1","__utmz":"1.1436412210.1.1.utmcsr=(direct)|utmccn=(direct)|utmcmd=(none)"}
HTTP_POST: {"action":"login","check_id":"","CQ":"15","SS":"85400","SR":"73700200","TS":"1511164433","loginname":"qq6699","password":"qwe123","rmNum":"5262"}
###############################################################################
Datetime: 2015-07-22 15:20:40
LoginData: member-
REMOTE_ADDR: 127.0.0.1:54158
HTTP_X_FORWARDED_FOR: 
HTTP_CLIENT_IP: 
HTTP_REFERER: http://mem.sk2.lottery/home.php
REQUEST_URI: /chk_rule.php
HTTP_HOST: mem.sk2.lottery
HTTP_USER_AGENT: Mozilla/5.0 (X11; Linux x86_64) AppleWebKit/537.36 (KHTML, like Gecko) Chrome/44.0.2403.89 Safari/537.36
HTTP_COOKIE: {"bbpkflash":"false","GoldCatch":"Array(10,20,50,100)","EnableGold":"1","nsk_webver":"3b4bc10","PHPSESSID":"1us1va5rq0aqfdum3tnl0borv2","bbinwin":"true","_ga":"GA1.2.2065421330.1436412210","mfid":"fK9G3I8tx8VjGVtWJB-1Z2rPaeNhK7vkziDO3h08E_xJHTqdL4dggPPa4ele70vVCEiYQ4V7Pj4UrguZ8rcC10poRW5qUTV5dzRjOWhDbFBBZGREN1BOZktaWkktNEFmVnJCMm1pTWJpX1U","gsScrollPos":"","__utmt":"1","charset":"gb","__utma":"1.2065421330.1436412210.1437543859.1437547835.14","__utmb":"1.4.10.1437547835","__utmc":"1","__utmz":"1.1436412210.1.1.utmcsr=(direct)|utmccn=(direct)|utmcmd=(none)"}
HTTP_POST: {"action":"login","check_id":"","CQ":"15","SS":"85400","SR":"70455000","TS":"1507919238","loginname":"qq6699","password":"qwe123","rmNum":"5033"}
